ARM GAS  C:\Users\bamcg3\AppData\Local\Temp\cckqtzDQ.s 			page 1


   1              		.syntax unified
   2              		.cpu cortex-m3
   3              		.fpu softvfp
   4              		.eabi_attribute 20, 1
   5              		.eabi_attribute 21, 1
   6              		.eabi_attribute 23, 3
   7              		.eabi_attribute 24, 1
   8              		.eabi_attribute 25, 1
   9              		.eabi_attribute 26, 1
  10              		.eabi_attribute 30, 1
  11              		.eabi_attribute 34, 1
  12              		.eabi_attribute 18, 4
  13              		.thumb
  14              		.syntax unified
  15              		.file	"colour.c"
  16              		.text
  17              	.Ltext0:
  18              		.cfi_sections	.debug_frame
  19              		.global	__aeabi_i2f
  20              		.section	.text.ColourSensingInitialise,"ax",%progbits
  21              		.align	2
  22              		.global	ColourSensingInitialise
  23              		.thumb
  24              		.thumb_func
  25              		.type	ColourSensingInitialise, %function
  26              	ColourSensingInitialise:
  27              	.LFB64:
  28              		.file 1 "colour.c"
   1:colour.c      **** /* ========================================
   2:colour.c      ****  *
   3:colour.c      ****  * Copyright YOUR COMPANY, THE YEAR
   4:colour.c      ****  * All Rights Reserved
   5:colour.c      ****  * UNPUBLISHED, LICENSED SOFTWARE.
   6:colour.c      ****  *
   7:colour.c      ****  * CONFIDENTIAL AND PROPRIETARY INFORMATION
   8:colour.c      ****  * WHICH IS THE PROPERTY OF your company.
   9:colour.c      ****  *
  10:colour.c      ****  * ========================================
  11:colour.c      **** */
  12:colour.c      **** 
  13:colour.c      **** #include "colour.h"
  14:colour.c      **** #include "project.h"
  15:colour.c      **** 
  16:colour.c      **** // * C LIBRARIES * // 
  17:colour.c      **** #include <stdio.h>
  18:colour.c      **** #include <math.h>
  19:colour.c      **** 
  20:colour.c      **** 
  21:colour.c      **** 
  22:colour.c      **** // * CONSTANT VALUES * //
  23:colour.c      ****                                             // Note: make sure to update these values, if you chang
  24:colour.c      **** const float trans = 120000;    // 20k ogms
  25:colour.c      **** 
  26:colour.c      ****                     
  27:colour.c      **** // * VARIABLES * //
  28:colour.c      **** 
  29:colour.c      **** // Colour Sensing: 
ARM GAS  C:\Users\bamcg3\AppData\Local\Temp\cckqtzDQ.s 			page 2


  30:colour.c      **** float pd_voltage;
  31:colour.c      **** float input_current;
  32:colour.c      **** float stored[9];            
  33:colour.c      **** float sum = 0;
  34:colour.c      **** extern char output[32];
  35:colour.c      **** float ambient_current;      // used to remove the ambient light from the photo diode measurements 
  36:colour.c      **** 
  37:colour.c      **** 
  38:colour.c      **** float ambient_white;        // ambient values when white LED on (no puck)
  39:colour.c      **** float ambient_red;          // ambient values when red LED on   (no puck)
  40:colour.c      **** float ambient_green;        // ambient values when green LED on (no puck)
  41:colour.c      **** float ambient_blue;         // ambient values when blue LED on  (no puck)
  42:colour.c      **** 
  43:colour.c      **** float test_white;           
  44:colour.c      **** float test_red;
  45:colour.c      **** float test_green;
  46:colour.c      **** float test_blue;
  47:colour.c      **** 
  48:colour.c      **** extern int colour_flag;                 // determines which PHOTODIODE is being used 
  49:colour.c      **** extern int ColourSensingAlgorithm;      // determines which coloursensing algorithm to use 
  50:colour.c      **** 
  51:colour.c      **** int puck_all[4] = {0,0,0,0};          
  52:colour.c      ****                             // no puck detection = puck_all[0]
  53:colour.c      ****                             // red puck detection = puck_all[1]
  54:colour.c      ****                             // green puck detection = puck_all[2]
  55:colour.c      ****                             // blue puck detection = puck_all[3]
  56:colour.c      **** int puck_output = 0;        // detects the overall amount of times a puck has been detected
  57:colour.c      **** 
  58:colour.c      **** float colour_output;
  59:colour.c      **** 
  60:colour.c      **** // LOGICAL STEPS OF COLOUR SENSING: 
  61:colour.c      **** /*
  62:colour.c      **** 1. Initialise against the black wall, or white ground.
  63:colour.c      **** 2. perhaps initialise both sensors initially. 
  64:colour.c      **** 
  65:colour.c      **** 
  66:colour.c      **** 3. Need some failsafe to determine if the colours have been initialised correctly? 
  67:colour.c      **** 4. Can we determine somehow that the colour sensing isn't working as intended? 
  68:colour.c      **** 
  69:colour.c      **** Writing these values to control_led_Write(x):
  70:colour.c      ****     x = 0: BLANK
  71:colour.c      ****     x = 1: RED
  72:colour.c      ****     x = 2: GREEN
  73:colour.c      ****     x = 3: BLUE
  74:colour.c      **** 
  75:colour.c      **** */
  76:colour.c      **** 
  77:colour.c      **** 
  78:colour.c      **** void ColourSensingInitialise (void)
  79:colour.c      **** {
  29              		.loc 1 79 0
  30              		.cfi_startproc
  31              		@ args = 0, pretend = 0, frame = 16
  32              		@ frame_needed = 0, uses_anonymous_args = 0
  33 0000 30B5     		push	{r4, r5, lr}
  34              		.cfi_def_cfa_offset 12
  35              		.cfi_offset 4, -12
ARM GAS  C:\Users\bamcg3\AppData\Local\Temp\cckqtzDQ.s 			page 3


  36              		.cfi_offset 5, -8
  37              		.cfi_offset 14, -4
  38 0002 85B0     		sub	sp, sp, #20
  39              		.cfi_def_cfa_offset 32
  80:colour.c      ****     float test[4] = {0, 0, 0, 0};           // resets the test array to 
  40              		.loc 1 80 0
  41 0004 0024     		movs	r4, #0
  42 0006 0094     		str	r4, [sp]
  43 0008 0194     		str	r4, [sp, #4]
  44 000a 0294     		str	r4, [sp, #8]
  45 000c 0394     		str	r4, [sp, #12]
  46              	.LVL0:
  47              	.LBB2:
  81:colour.c      ****     
  82:colour.c      ****     for (int i = 0; i < 4; i++) 
  48              		.loc 1 82 0
  49 000e 0FE0     		b	.L2
  50              	.LVL1:
  51              	.L3:
  83:colour.c      ****     {
  84:colour.c      ****         control_led_Write(i);
  52              		.loc 1 84 0 discriminator 3
  53 0010 E0B2     		uxtb	r0, r4
  54 0012 FFF7FEFF 		bl	control_led_Write
  55              	.LVL2:
  85:colour.c      ****         CyDelay(10);
  56              		.loc 1 85 0 discriminator 3
  57 0016 0A20     		movs	r0, #10
  58 0018 FFF7FEFF 		bl	CyDelay
  59              	.LVL3:
  86:colour.c      ****         test[i] = ADC_Read32();             // Grabs the value and places it in the test array
  60              		.loc 1 86 0 discriminator 3
  61 001c FFF7FEFF 		bl	ADC_Read32
  62              	.LVL4:
  63 0020 04AB     		add	r3, sp, #16
  64 0022 03EB8405 		add	r5, r3, r4, lsl #2
  65 0026 FFF7FEFF 		bl	__aeabi_i2f
  66              	.LVL5:
  67 002a 45F8100C 		str	r0, [r5, #-16]	@ float
  82:colour.c      ****     {
  68              		.loc 1 82 0 discriminator 3
  69 002e 0134     		adds	r4, r4, #1
  70              	.LVL6:
  71              	.L2:
  82:colour.c      ****     {
  72              		.loc 1 82 0 is_stmt 0 discriminator 1
  73 0030 032C     		cmp	r4, #3
  74 0032 EDDD     		ble	.L3
  75              	.LBE2:
  87:colour.c      ****     }
  88:colour.c      ****     
  89:colour.c      ****     control_led_Write(0);                   // Turns LED off
  76              		.loc 1 89 0 is_stmt 1
  77 0034 0020     		movs	r0, #0
  78 0036 FFF7FEFF 		bl	control_led_Write
  79              	.LVL7:
  90:colour.c      ****     
ARM GAS  C:\Users\bamcg3\AppData\Local\Temp\cckqtzDQ.s 			page 4


  91:colour.c      ****     ambient_white = test[0];   
  80              		.loc 1 91 0
  81 003a 074B     		ldr	r3, .L5
  82 003c 009A     		ldr	r2, [sp]	@ float
  83 003e 1A60     		str	r2, [r3]	@ float
  92:colour.c      ****     ambient_red = test[1];     
  84              		.loc 1 92 0
  85 0040 064B     		ldr	r3, .L5+4
  86 0042 019A     		ldr	r2, [sp, #4]	@ float
  87 0044 1A60     		str	r2, [r3]	@ float
  93:colour.c      ****     ambient_green = test[2];   
  88              		.loc 1 93 0
  89 0046 064B     		ldr	r3, .L5+8
  90 0048 029A     		ldr	r2, [sp, #8]	@ float
  91 004a 1A60     		str	r2, [r3]	@ float
  94:colour.c      ****     ambient_blue = test[3];    
  92              		.loc 1 94 0
  93 004c 054B     		ldr	r3, .L5+12
  94 004e 039A     		ldr	r2, [sp, #12]	@ float
  95 0050 1A60     		str	r2, [r3]	@ float
  95:colour.c      **** }
  96              		.loc 1 95 0
  97 0052 05B0     		add	sp, sp, #20
  98              		.cfi_def_cfa_offset 12
  99              		@ sp needed
 100 0054 30BD     		pop	{r4, r5, pc}
 101              	.LVL8:
 102              	.L6:
 103 0056 00BF     		.align	2
 104              	.L5:
 105 0058 00000000 		.word	ambient_white
 106 005c 00000000 		.word	ambient_red
 107 0060 00000000 		.word	ambient_green
 108 0064 00000000 		.word	ambient_blue
 109              		.cfi_endproc
 110              	.LFE64:
 111              		.size	ColourSensingInitialise, .-ColourSensingInitialise
 112              		.global	__aeabi_fadd
 113              		.global	__aeabi_fcmplt
 114              		.global	__aeabi_fcmpgt
 115              		.section	.text.ColourSensingDebug,"ax",%progbits
 116              		.align	2
 117              		.global	ColourSensingDebug
 118              		.thumb
 119              		.thumb_func
 120              		.type	ColourSensingDebug, %function
 121              	ColourSensingDebug:
 122              	.LFB65:
  96:colour.c      **** 
  97:colour.c      **** 
  98:colour.c      **** void ColourSensingDebug(void)
  99:colour.c      **** {
 123              		.loc 1 99 0
 124              		.cfi_startproc
 125              		@ args = 0, pretend = 0, frame = 16
 126              		@ frame_needed = 0, uses_anonymous_args = 0
 127 0000 70B5     		push	{r4, r5, r6, lr}
ARM GAS  C:\Users\bamcg3\AppData\Local\Temp\cckqtzDQ.s 			page 5


 128              		.cfi_def_cfa_offset 16
 129              		.cfi_offset 4, -16
 130              		.cfi_offset 5, -12
 131              		.cfi_offset 6, -8
 132              		.cfi_offset 14, -4
 133 0002 84B0     		sub	sp, sp, #16
 134              		.cfi_def_cfa_offset 32
 100:colour.c      ****     float test[4] = {0, 0, 0, 0};           // resets the test array to 0
 135              		.loc 1 100 0
 136 0004 0024     		movs	r4, #0
 137 0006 0094     		str	r4, [sp]
 138 0008 0194     		str	r4, [sp, #4]
 139 000a 0294     		str	r4, [sp, #8]
 140 000c 0394     		str	r4, [sp, #12]
 141              	.LVL9:
 142              	.LBB3:
 101:colour.c      ****     
 102:colour.c      ****     for (int i = 0; i < 4; i++) 
 143              		.loc 1 102 0
 144 000e 0FE0     		b	.L8
 145              	.LVL10:
 146              	.L9:
 103:colour.c      ****     {
 104:colour.c      ****         CyDelay(10);
 147              		.loc 1 104 0 discriminator 3
 148 0010 0A20     		movs	r0, #10
 149 0012 FFF7FEFF 		bl	CyDelay
 150              	.LVL11:
 105:colour.c      ****         control_led_Write(i);
 151              		.loc 1 105 0 discriminator 3
 152 0016 E0B2     		uxtb	r0, r4
 153 0018 FFF7FEFF 		bl	control_led_Write
 154              	.LVL12:
 106:colour.c      ****         test[i] = ADC_Read32();             // Grabs the value and places it in the test array
 155              		.loc 1 106 0 discriminator 3
 156 001c FFF7FEFF 		bl	ADC_Read32
 157              	.LVL13:
 158 0020 04AB     		add	r3, sp, #16
 159 0022 03EB8405 		add	r5, r3, r4, lsl #2
 160 0026 FFF7FEFF 		bl	__aeabi_i2f
 161              	.LVL14:
 162 002a 45F8100C 		str	r0, [r5, #-16]	@ float
 102:colour.c      ****     {
 163              		.loc 1 102 0 discriminator 3
 164 002e 0134     		adds	r4, r4, #1
 165              	.LVL15:
 166              	.L8:
 102:colour.c      ****     {
 167              		.loc 1 102 0 is_stmt 0 discriminator 1
 168 0030 032C     		cmp	r4, #3
 169 0032 EDDD     		ble	.L9
 170              	.LBE3:
 107:colour.c      ****     }
 108:colour.c      ****     
 109:colour.c      ****     control_led_Write(0);            // Turns the LED off
 171              		.loc 1 109 0 is_stmt 1
 172 0034 0020     		movs	r0, #0
ARM GAS  C:\Users\bamcg3\AppData\Local\Temp\cckqtzDQ.s 			page 6


 173 0036 FFF7FEFF 		bl	control_led_Write
 174              	.LVL16:
 110:colour.c      ****     
 111:colour.c      ****     test_white = test[0];   
 175              		.loc 1 111 0
 176 003a 314B     		ldr	r3, .L36
 177 003c 009A     		ldr	r2, [sp]	@ float
 178 003e 1A60     		str	r2, [r3]	@ float
 112:colour.c      ****     test_red = test[1];     
 179              		.loc 1 112 0
 180 0040 019D     		ldr	r5, [sp, #4]	@ float
 181 0042 304B     		ldr	r3, .L36+4
 182 0044 1D60     		str	r5, [r3]	@ float
 113:colour.c      ****     test_green = test[2];   
 183              		.loc 1 113 0
 184 0046 029C     		ldr	r4, [sp, #8]	@ float
 185              	.LVL17:
 186 0048 2F4B     		ldr	r3, .L36+8
 187 004a 1C60     		str	r4, [r3]	@ float
 114:colour.c      ****     test_blue = test[3];    
 188              		.loc 1 114 0
 189 004c 039E     		ldr	r6, [sp, #12]	@ float
 190 004e 2F4B     		ldr	r3, .L36+12
 191 0050 1E60     		str	r6, [r3]	@ float
 115:colour.c      ****     
 116:colour.c      ****     switch(ColourSensingAlgorithm) 
 192              		.loc 1 116 0
 193 0052 2F4B     		ldr	r3, .L36+16
 194 0054 1B68     		ldr	r3, [r3]
 195 0056 002B     		cmp	r3, #0
 196 0058 4FD1     		bne	.L7
 117:colour.c      ****     {
 118:colour.c      ****         case 0:                         // WALL ALGORITHM
 119:colour.c      ****             if (test_red < (ambient_red + 2000) && test_green < (ambient_green + 2000) && test_blue
 197              		.loc 1 119 0
 198 005a 2E49     		ldr	r1, .L36+20
 199 005c 2E4B     		ldr	r3, .L36+24
 200 005e 1868     		ldr	r0, [r3]	@ float
 201 0060 FFF7FEFF 		bl	__aeabi_fadd
 202              	.LVL18:
 203 0064 0146     		mov	r1, r0
 204 0066 2846     		mov	r0, r5
 205 0068 FFF7FEFF 		bl	__aeabi_fcmplt
 206              	.LVL19:
 207 006c B8B1     		cbz	r0, .L12
 208              		.loc 1 119 0 is_stmt 0 discriminator 1
 209 006e 2949     		ldr	r1, .L36+20
 210 0070 2A4B     		ldr	r3, .L36+28
 211 0072 1868     		ldr	r0, [r3]	@ float
 212 0074 FFF7FEFF 		bl	__aeabi_fadd
 213              	.LVL20:
 214 0078 0146     		mov	r1, r0
 215 007a 2046     		mov	r0, r4
 216 007c FFF7FEFF 		bl	__aeabi_fcmplt
 217              	.LVL21:
 218 0080 68B1     		cbz	r0, .L12
 219              		.loc 1 119 0 discriminator 2
ARM GAS  C:\Users\bamcg3\AppData\Local\Temp\cckqtzDQ.s 			page 7


 220 0082 2449     		ldr	r1, .L36+20
 221 0084 264B     		ldr	r3, .L36+32
 222 0086 1868     		ldr	r0, [r3]	@ float
 223 0088 FFF7FEFF 		bl	__aeabi_fadd
 224              	.LVL22:
 225 008c 0146     		mov	r1, r0
 226 008e 3046     		mov	r0, r6
 227 0090 FFF7FEFF 		bl	__aeabi_fcmplt
 228              	.LVL23:
 229 0094 18B1     		cbz	r0, .L12
 120:colour.c      ****             {
 121:colour.c      ****                 UART_1_PutString("N");      // No puck detected
 230              		.loc 1 121 0 is_stmt 1
 231 0096 2348     		ldr	r0, .L36+36
 232 0098 FFF7FEFF 		bl	UART_1_PutString
 233              	.LVL24:
 234 009c 2DE0     		b	.L7
 235              	.L12:
 122:colour.c      ****             }
 123:colour.c      ****             else if (test_red > test_green && test_red > test_blue)
 236              		.loc 1 123 0
 237 009e 2146     		mov	r1, r4
 238 00a0 2846     		mov	r0, r5
 239 00a2 FFF7FEFF 		bl	__aeabi_fcmpgt
 240              	.LVL25:
 241 00a6 40B1     		cbz	r0, .L16
 242              		.loc 1 123 0 is_stmt 0 discriminator 1
 243 00a8 3146     		mov	r1, r6
 244 00aa 2846     		mov	r0, r5
 245 00ac FFF7FEFF 		bl	__aeabi_fcmpgt
 246              	.LVL26:
 247 00b0 18B1     		cbz	r0, .L16
 124:colour.c      ****             {
 125:colour.c      ****                 UART_1_PutString("R");      // Red puck detected 
 248              		.loc 1 125 0 is_stmt 1
 249 00b2 1D48     		ldr	r0, .L36+40
 250 00b4 FFF7FEFF 		bl	UART_1_PutString
 251              	.LVL27:
 252 00b8 1FE0     		b	.L7
 253              	.L16:
 126:colour.c      ****             }
 127:colour.c      ****              else if (test_green > test_blue && test_green > test_red)
 254              		.loc 1 127 0
 255 00ba 3146     		mov	r1, r6
 256 00bc 2046     		mov	r0, r4
 257 00be FFF7FEFF 		bl	__aeabi_fcmpgt
 258              	.LVL28:
 259 00c2 40B1     		cbz	r0, .L19
 260              		.loc 1 127 0 is_stmt 0 discriminator 1
 261 00c4 2146     		mov	r1, r4
 262 00c6 2846     		mov	r0, r5
 263 00c8 FFF7FEFF 		bl	__aeabi_fcmplt
 264              	.LVL29:
 265 00cc 18B1     		cbz	r0, .L19
 128:colour.c      ****             {
 129:colour.c      ****                 UART_1_PutString("G");      // Green puck detected 
 266              		.loc 1 129 0 is_stmt 1
ARM GAS  C:\Users\bamcg3\AppData\Local\Temp\cckqtzDQ.s 			page 8


 267 00ce 1748     		ldr	r0, .L36+44
 268 00d0 FFF7FEFF 		bl	UART_1_PutString
 269              	.LVL30:
 270 00d4 11E0     		b	.L7
 271              	.L19:
 130:colour.c      ****             }
 131:colour.c      ****              else if (test_blue > test_green && test_blue > test_red && test_green > test_red)
 272              		.loc 1 131 0
 273 00d6 3146     		mov	r1, r6
 274 00d8 2046     		mov	r0, r4
 275 00da FFF7FEFF 		bl	__aeabi_fcmplt
 276              	.LVL31:
 277 00de 60B1     		cbz	r0, .L7
 278              		.loc 1 131 0 is_stmt 0 discriminator 1
 279 00e0 3146     		mov	r1, r6
 280 00e2 2846     		mov	r0, r5
 281 00e4 FFF7FEFF 		bl	__aeabi_fcmplt
 282              	.LVL32:
 283 00e8 38B1     		cbz	r0, .L7
 284              		.loc 1 131 0 discriminator 2
 285 00ea 2146     		mov	r1, r4
 286 00ec 2846     		mov	r0, r5
 287 00ee FFF7FEFF 		bl	__aeabi_fcmplt
 288              	.LVL33:
 289 00f2 10B1     		cbz	r0, .L7
 132:colour.c      ****             {
 133:colour.c      ****                 UART_1_PutString("B");      // Blue puck detected
 290              		.loc 1 133 0 is_stmt 1
 291 00f4 0E48     		ldr	r0, .L36+48
 292 00f6 FFF7FEFF 		bl	UART_1_PutString
 293              	.LVL34:
 294              	.L7:
 134:colour.c      ****             }   
 135:colour.c      ****             break;
 136:colour.c      ****         case 1:
 137:colour.c      ****             break;
 138:colour.c      ****         case 2:
 139:colour.c      ****             break;
 140:colour.c      ****     }    
 141:colour.c      **** 
 142:colour.c      **** }
 295              		.loc 1 142 0
 296 00fa 04B0     		add	sp, sp, #16
 297              		.cfi_def_cfa_offset 16
 298              		@ sp needed
 299 00fc 70BD     		pop	{r4, r5, r6, pc}
 300              	.L37:
 301 00fe 00BF     		.align	2
 302              	.L36:
 303 0100 00000000 		.word	test_white
 304 0104 00000000 		.word	test_red
 305 0108 00000000 		.word	test_green
 306 010c 00000000 		.word	test_blue
 307 0110 00000000 		.word	ColourSensingAlgorithm
 308 0114 0000FA44 		.word	1157234688
 309 0118 00000000 		.word	ambient_red
 310 011c 00000000 		.word	ambient_green
ARM GAS  C:\Users\bamcg3\AppData\Local\Temp\cckqtzDQ.s 			page 9


 311 0120 00000000 		.word	ambient_blue
 312 0124 00000000 		.word	.LC0
 313 0128 04000000 		.word	.LC1
 314 012c 08000000 		.word	.LC2
 315 0130 0C000000 		.word	.LC3
 316              		.cfi_endproc
 317              	.LFE65:
 318              		.size	ColourSensingDebug, .-ColourSensingDebug
 319              		.section	.text.takeColourMeasurement,"ax",%progbits
 320              		.align	2
 321              		.global	takeColourMeasurement
 322              		.thumb
 323              		.thumb_func
 324              		.type	takeColourMeasurement, %function
 325              	takeColourMeasurement:
 326              	.LFB66:
 143:colour.c      **** 
 144:colour.c      **** 
 145:colour.c      **** int takeColourMeasurement(void)
 146:colour.c      **** {
 327              		.loc 1 146 0
 328              		.cfi_startproc
 329              		@ args = 0, pretend = 0, frame = 16
 330              		@ frame_needed = 0, uses_anonymous_args = 0
 331 0000 70B5     		push	{r4, r5, r6, lr}
 332              		.cfi_def_cfa_offset 16
 333              		.cfi_offset 4, -16
 334              		.cfi_offset 5, -12
 335              		.cfi_offset 6, -8
 336              		.cfi_offset 14, -4
 337 0002 84B0     		sub	sp, sp, #16
 338              		.cfi_def_cfa_offset 32
 339              	.LVL35:
 147:colour.c      ****     int value = 0;
 148:colour.c      ****     
 149:colour.c      ****         float test[4] = {0, 0, 0, 0};           // resets the test array to 0
 340              		.loc 1 149 0
 341 0004 0024     		movs	r4, #0
 342 0006 0094     		str	r4, [sp]
 343 0008 0194     		str	r4, [sp, #4]
 344 000a 0294     		str	r4, [sp, #8]
 345 000c 0394     		str	r4, [sp, #12]
 346              	.LVL36:
 347              	.LBB4:
 150:colour.c      ****     
 151:colour.c      ****     for (int i = 0; i < 4; i++) 
 348              		.loc 1 151 0
 349 000e 0FE0     		b	.L39
 350              	.LVL37:
 351              	.L40:
 152:colour.c      ****     {
 153:colour.c      ****         control_led_Write(i);
 352              		.loc 1 153 0 discriminator 3
 353 0010 E0B2     		uxtb	r0, r4
 354 0012 FFF7FEFF 		bl	control_led_Write
 355              	.LVL38:
 154:colour.c      ****         CyDelay(10);
ARM GAS  C:\Users\bamcg3\AppData\Local\Temp\cckqtzDQ.s 			page 10


 356              		.loc 1 154 0 discriminator 3
 357 0016 0A20     		movs	r0, #10
 358 0018 FFF7FEFF 		bl	CyDelay
 359              	.LVL39:
 155:colour.c      ****         test[i] = ADC_Read32();             // Grabs the value and places it in the test array
 360              		.loc 1 155 0 discriminator 3
 361 001c FFF7FEFF 		bl	ADC_Read32
 362              	.LVL40:
 363 0020 04AB     		add	r3, sp, #16
 364 0022 03EB8405 		add	r5, r3, r4, lsl #2
 365 0026 FFF7FEFF 		bl	__aeabi_i2f
 366              	.LVL41:
 367 002a 45F8100C 		str	r0, [r5, #-16]	@ float
 151:colour.c      ****     {
 368              		.loc 1 151 0 discriminator 3
 369 002e 0134     		adds	r4, r4, #1
 370              	.LVL42:
 371              	.L39:
 151:colour.c      ****     {
 372              		.loc 1 151 0 is_stmt 0 discriminator 1
 373 0030 032C     		cmp	r4, #3
 374 0032 EDDD     		ble	.L40
 375              	.LBE4:
 156:colour.c      ****     }
 157:colour.c      ****     
 158:colour.c      ****     control_led_Write(0);            // Turns the LED off
 376              		.loc 1 158 0 is_stmt 1
 377 0034 0020     		movs	r0, #0
 378 0036 FFF7FEFF 		bl	control_led_Write
 379              	.LVL43:
 159:colour.c      ****     
 160:colour.c      ****     test_white = test[0];   
 380              		.loc 1 160 0
 381 003a 304B     		ldr	r3, .L69
 382 003c 009A     		ldr	r2, [sp]	@ float
 383 003e 1A60     		str	r2, [r3]	@ float
 161:colour.c      ****     test_red = test[1];     
 384              		.loc 1 161 0
 385 0040 019C     		ldr	r4, [sp, #4]	@ float
 386              	.LVL44:
 387 0042 2F4B     		ldr	r3, .L69+4
 388 0044 1C60     		str	r4, [r3]	@ float
 162:colour.c      ****     test_green = test[2];   
 389              		.loc 1 162 0
 390 0046 029D     		ldr	r5, [sp, #8]	@ float
 391 0048 2E4B     		ldr	r3, .L69+8
 392 004a 1D60     		str	r5, [r3]	@ float
 163:colour.c      ****     test_blue = test[3];    
 393              		.loc 1 163 0
 394 004c 039E     		ldr	r6, [sp, #12]	@ float
 395 004e 2E4B     		ldr	r3, .L69+12
 396 0050 1E60     		str	r6, [r3]	@ float
 164:colour.c      ****     
 165:colour.c      ****     
 166:colour.c      ****     switch(ColourSensingAlgorithm) 
 397              		.loc 1 166 0
 398 0052 2E4B     		ldr	r3, .L69+16
ARM GAS  C:\Users\bamcg3\AppData\Local\Temp\cckqtzDQ.s 			page 11


 399 0054 1B68     		ldr	r3, [r3]
 400 0056 002B     		cmp	r3, #0
 401 0058 41D1     		bne	.L65
 167:colour.c      ****     {
 168:colour.c      ****         case 0:                         // WALL ALGORITHM
 169:colour.c      ****             if (test_red < (ambient_red + 2000) && test_green < (ambient_green + 2000) && test_blue
 402              		.loc 1 169 0
 403 005a 2D49     		ldr	r1, .L69+20
 404 005c 2D4B     		ldr	r3, .L69+24
 405 005e 1868     		ldr	r0, [r3]	@ float
 406 0060 FFF7FEFF 		bl	__aeabi_fadd
 407              	.LVL45:
 408 0064 0146     		mov	r1, r0
 409 0066 2046     		mov	r0, r4
 410 0068 FFF7FEFF 		bl	__aeabi_fcmplt
 411              	.LVL46:
 412 006c 98B1     		cbz	r0, .L43
 413              		.loc 1 169 0 is_stmt 0 discriminator 1
 414 006e 2849     		ldr	r1, .L69+20
 415 0070 294B     		ldr	r3, .L69+28
 416 0072 1868     		ldr	r0, [r3]	@ float
 417 0074 FFF7FEFF 		bl	__aeabi_fadd
 418              	.LVL47:
 419 0078 0146     		mov	r1, r0
 420 007a 2846     		mov	r0, r5
 421 007c FFF7FEFF 		bl	__aeabi_fcmplt
 422              	.LVL48:
 423 0080 48B1     		cbz	r0, .L43
 424              		.loc 1 169 0 discriminator 2
 425 0082 2349     		ldr	r1, .L69+20
 426 0084 254B     		ldr	r3, .L69+32
 427 0086 1868     		ldr	r0, [r3]	@ float
 428 0088 FFF7FEFF 		bl	__aeabi_fadd
 429              	.LVL49:
 430 008c 0146     		mov	r1, r0
 431 008e 3046     		mov	r0, r6
 432 0090 FFF7FEFF 		bl	__aeabi_fcmplt
 433              	.LVL50:
 434 0094 28BB     		cbnz	r0, .L53
 435              	.L43:
 170:colour.c      ****             {
 171:colour.c      ****                 value = BLANK;      // No puck detected
 172:colour.c      ****             }
 173:colour.c      ****             else if (test_red > test_green && test_red > test_blue)
 436              		.loc 1 173 0 is_stmt 1
 437 0096 2946     		mov	r1, r5
 438 0098 2046     		mov	r0, r4
 439 009a FFF7FEFF 		bl	__aeabi_fcmpgt
 440              	.LVL51:
 441 009e 20B1     		cbz	r0, .L46
 442              		.loc 1 173 0 is_stmt 0 discriminator 1
 443 00a0 3146     		mov	r1, r6
 444 00a2 2046     		mov	r0, r4
 445 00a4 FFF7FEFF 		bl	__aeabi_fcmpgt
 446              	.LVL52:
 447 00a8 E8B9     		cbnz	r0, .L54
 448              	.L46:
ARM GAS  C:\Users\bamcg3\AppData\Local\Temp\cckqtzDQ.s 			page 12


 174:colour.c      ****             {
 175:colour.c      ****                 value = RED;      // Red puck detected 
 176:colour.c      ****             }
 177:colour.c      ****              else if (test_green > test_blue && test_green > test_red)
 449              		.loc 1 177 0 is_stmt 1
 450 00aa 3146     		mov	r1, r6
 451 00ac 2846     		mov	r0, r5
 452 00ae FFF7FEFF 		bl	__aeabi_fcmpgt
 453              	.LVL53:
 454 00b2 20B1     		cbz	r0, .L48
 455              		.loc 1 177 0 is_stmt 0 discriminator 1
 456 00b4 2946     		mov	r1, r5
 457 00b6 2046     		mov	r0, r4
 458 00b8 FFF7FEFF 		bl	__aeabi_fcmplt
 459              	.LVL54:
 460 00bc A8B9     		cbnz	r0, .L55
 461              	.L48:
 178:colour.c      ****             {
 179:colour.c      ****                 value = GREEN;      // Green puck detected 
 180:colour.c      ****             }
 181:colour.c      ****              else if (test_blue > test_green && test_blue > test_red && test_green > test_red)
 462              		.loc 1 181 0 is_stmt 1
 463 00be 3146     		mov	r1, r6
 464 00c0 2846     		mov	r0, r5
 465 00c2 FFF7FEFF 		bl	__aeabi_fcmplt
 466              	.LVL55:
 467 00c6 90B1     		cbz	r0, .L66
 468              		.loc 1 181 0 is_stmt 0 discriminator 1
 469 00c8 3146     		mov	r1, r6
 470 00ca 2046     		mov	r0, r4
 471 00cc FFF7FEFF 		bl	__aeabi_fcmplt
 472              	.LVL56:
 473 00d0 78B1     		cbz	r0, .L67
 474              		.loc 1 181 0 discriminator 2
 475 00d2 2946     		mov	r1, r5
 476 00d4 2046     		mov	r0, r4
 477 00d6 FFF7FEFF 		bl	__aeabi_fcmplt
 478              	.LVL57:
 479 00da 60B9     		cbnz	r0, .L58
 480 00dc 0CE0     		b	.L41
 481              	.L65:
 147:colour.c      ****     
 482              		.loc 1 147 0 is_stmt 1
 483 00de 0020     		movs	r0, #0
 484 00e0 0AE0     		b	.L41
 485              	.L53:
 171:colour.c      ****             }
 486              		.loc 1 171 0
 487 00e2 0020     		movs	r0, #0
 488 00e4 08E0     		b	.L41
 489              	.L54:
 175:colour.c      ****             }
 490              		.loc 1 175 0
 491 00e6 0120     		movs	r0, #1
 492 00e8 06E0     		b	.L41
 493              	.L55:
 179:colour.c      ****             }
ARM GAS  C:\Users\bamcg3\AppData\Local\Temp\cckqtzDQ.s 			page 13


 494              		.loc 1 179 0
 495 00ea 0220     		movs	r0, #2
 496 00ec 04E0     		b	.L41
 497              	.L66:
 147:colour.c      ****     
 498              		.loc 1 147 0
 499 00ee 0020     		movs	r0, #0
 500 00f0 02E0     		b	.L41
 501              	.L67:
 502 00f2 0020     		movs	r0, #0
 503 00f4 00E0     		b	.L41
 504              	.L58:
 182:colour.c      ****             {
 183:colour.c      ****                 value = BLUE;      // Blue puck detected
 505              		.loc 1 183 0
 506 00f6 0320     		movs	r0, #3
 507              	.L41:
 508              	.LVL58:
 184:colour.c      ****             }   
 185:colour.c      ****             break;
 186:colour.c      ****         case 1:
 187:colour.c      ****             break;
 188:colour.c      ****         case 2:
 189:colour.c      ****             break;    
 190:colour.c      ****     }
 191:colour.c      ****     
 192:colour.c      ****     
 193:colour.c      ****     return value;
 194:colour.c      **** }
 509              		.loc 1 194 0
 510 00f8 04B0     		add	sp, sp, #16
 511              		.cfi_def_cfa_offset 16
 512              		@ sp needed
 513 00fa 70BD     		pop	{r4, r5, r6, pc}
 514              	.L70:
 515              		.align	2
 516              	.L69:
 517 00fc 00000000 		.word	test_white
 518 0100 00000000 		.word	test_red
 519 0104 00000000 		.word	test_green
 520 0108 00000000 		.word	test_blue
 521 010c 00000000 		.word	ColourSensingAlgorithm
 522 0110 0000FA44 		.word	1157234688
 523 0114 00000000 		.word	ambient_red
 524 0118 00000000 		.word	ambient_green
 525 011c 00000000 		.word	ambient_blue
 526              		.cfi_endproc
 527              	.LFE66:
 528              		.size	takeColourMeasurement, .-takeColourMeasurement
 529              		.global	__aeabi_f2d
 530              		.section	.text.ColourSensingCalibration,"ax",%progbits
 531              		.align	2
 532              		.global	ColourSensingCalibration
 533              		.thumb
 534              		.thumb_func
 535              		.type	ColourSensingCalibration, %function
 536              	ColourSensingCalibration:
ARM GAS  C:\Users\bamcg3\AppData\Local\Temp\cckqtzDQ.s 			page 14


 537              	.LFB67:
 195:colour.c      **** 
 196:colour.c      **** 
 197:colour.c      **** void ColourSensingCalibration(void)
 198:colour.c      **** {
 538              		.loc 1 198 0
 539              		.cfi_startproc
 540              		@ args = 0, pretend = 0, frame = 16
 541              		@ frame_needed = 0, uses_anonymous_args = 0
 542 0000 30B5     		push	{r4, r5, lr}
 543              		.cfi_def_cfa_offset 12
 544              		.cfi_offset 4, -12
 545              		.cfi_offset 5, -8
 546              		.cfi_offset 14, -4
 547 0002 85B0     		sub	sp, sp, #20
 548              		.cfi_def_cfa_offset 32
 199:colour.c      ****     float calibrate[4] = {0, 0, 0, 0};           // resets the test array to 0
 549              		.loc 1 199 0
 550 0004 0024     		movs	r4, #0
 551 0006 0094     		str	r4, [sp]
 552 0008 0194     		str	r4, [sp, #4]
 553 000a 0294     		str	r4, [sp, #8]
 554 000c 0394     		str	r4, [sp, #12]
 555              	.LVL59:
 556              	.LBB5:
 200:colour.c      ****                                             // this may not be necessary 
 201:colour.c      ****    
 202:colour.c      ****     for (int i = 0; i < 4; i++) 
 557              		.loc 1 202 0
 558 000e 0FE0     		b	.L72
 559              	.LVL60:
 560              	.L73:
 203:colour.c      ****     {
 204:colour.c      ****         control_led_Write(i);
 561              		.loc 1 204 0 discriminator 3
 562 0010 E0B2     		uxtb	r0, r4
 563 0012 FFF7FEFF 		bl	control_led_Write
 564              	.LVL61:
 205:colour.c      ****         CyDelay(10);
 565              		.loc 1 205 0 discriminator 3
 566 0016 0A20     		movs	r0, #10
 567 0018 FFF7FEFF 		bl	CyDelay
 568              	.LVL62:
 206:colour.c      ****         calibrate[i] = ADC_Read32();             // Grabs the value and places it in the test array
 569              		.loc 1 206 0 discriminator 3
 570 001c FFF7FEFF 		bl	ADC_Read32
 571              	.LVL63:
 572 0020 04AB     		add	r3, sp, #16
 573 0022 03EB8405 		add	r5, r3, r4, lsl #2
 574 0026 FFF7FEFF 		bl	__aeabi_i2f
 575              	.LVL64:
 576 002a 45F8100C 		str	r0, [r5, #-16]	@ float
 202:colour.c      ****     {
 577              		.loc 1 202 0 discriminator 3
 578 002e 0134     		adds	r4, r4, #1
 579              	.LVL65:
 580              	.L72:
ARM GAS  C:\Users\bamcg3\AppData\Local\Temp\cckqtzDQ.s 			page 15


 202:colour.c      ****     {
 581              		.loc 1 202 0 is_stmt 0 discriminator 1
 582 0030 032C     		cmp	r4, #3
 583 0032 EDDD     		ble	.L73
 584              	.LBE5:
 207:colour.c      ****     }
 208:colour.c      ****     
 209:colour.c      ****     control_led_Write(0);            // Turns the LED off
 585              		.loc 1 209 0 is_stmt 1
 586 0034 0020     		movs	r0, #0
 587 0036 FFF7FEFF 		bl	control_led_Write
 588              	.LVL66:
 589              	.LBB6:
 210:colour.c      ****         
 211:colour.c      ****     for (int i = 0; i < 4; i++) 
 590              		.loc 1 211 0
 591 003a 0024     		movs	r4, #0
 592              	.LVL67:
 593 003c 13E0     		b	.L74
 594              	.LVL68:
 595              	.L75:
 212:colour.c      ****     {
 213:colour.c      ****         sprintf(output, "%f \t", round(calibrate[i]));       
 596              		.loc 1 213 0 discriminator 3
 597 003e 04AB     		add	r3, sp, #16
 598 0040 03EB8403 		add	r3, r3, r4, lsl #2
 599 0044 53F8100C 		ldr	r0, [r3, #-16]	@ float
 600 0048 FFF7FEFF 		bl	__aeabi_f2d
 601              	.LVL69:
 602 004c FFF7FEFF 		bl	round
 603              	.LVL70:
 604 0050 074D     		ldr	r5, .L77
 605 0052 0246     		mov	r2, r0
 606 0054 0B46     		mov	r3, r1
 607 0056 0749     		ldr	r1, .L77+4
 608 0058 2846     		mov	r0, r5
 609 005a FFF7FEFF 		bl	sprintf
 610              	.LVL71:
 214:colour.c      ****         UART_1_PutString(output);
 611              		.loc 1 214 0 discriminator 3
 612 005e 2846     		mov	r0, r5
 613 0060 FFF7FEFF 		bl	UART_1_PutString
 614              	.LVL72:
 211:colour.c      ****     {
 615              		.loc 1 211 0 discriminator 3
 616 0064 0134     		adds	r4, r4, #1
 617              	.LVL73:
 618              	.L74:
 211:colour.c      ****     {
 619              		.loc 1 211 0 is_stmt 0 discriminator 1
 620 0066 032C     		cmp	r4, #3
 621 0068 E9DD     		ble	.L75
 622              	.LBE6:
 215:colour.c      ****     }
 216:colour.c      ****     
 217:colour.c      **** }
 623              		.loc 1 217 0 is_stmt 1
ARM GAS  C:\Users\bamcg3\AppData\Local\Temp\cckqtzDQ.s 			page 16


 624 006a 05B0     		add	sp, sp, #20
 625              		.cfi_def_cfa_offset 12
 626              		@ sp needed
 627 006c 30BD     		pop	{r4, r5, pc}
 628              	.LVL74:
 629              	.L78:
 630 006e 00BF     		.align	2
 631              	.L77:
 632 0070 00000000 		.word	output
 633 0074 10000000 		.word	.LC4
 634              		.cfi_endproc
 635              	.LFE67:
 636              		.size	ColourSensingCalibration, .-ColourSensingCalibration
 637              		.comm	colour_output,4,4
 638              		.global	puck_output
 639              		.global	puck_all
 640              		.comm	test_blue,4,4
 641              		.comm	test_green,4,4
 642              		.comm	test_red,4,4
 643              		.comm	test_white,4,4
 644              		.comm	ambient_blue,4,4
 645              		.comm	ambient_green,4,4
 646              		.comm	ambient_red,4,4
 647              		.comm	ambient_white,4,4
 648              		.comm	ambient_current,4,4
 649              		.global	sum
 650              		.comm	stored,36,4
 651              		.comm	input_current,4,4
 652              		.comm	pd_voltage,4,4
 653              		.global	trans
 654              		.section	.rodata
 655              		.align	2
 656              		.type	trans, %object
 657              		.size	trans, 4
 658              	trans:
 659 0000 0060EA47 		.word	1206542336
 660              		.section	.rodata.str1.4,"aMS",%progbits,1
 661              		.align	2
 662              	.LC0:
 663 0000 4E00     		.ascii	"N\000"
 664 0002 0000     		.space	2
 665              	.LC1:
 666 0004 5200     		.ascii	"R\000"
 667 0006 0000     		.space	2
 668              	.LC2:
 669 0008 4700     		.ascii	"G\000"
 670 000a 0000     		.space	2
 671              	.LC3:
 672 000c 4200     		.ascii	"B\000"
 673 000e 0000     		.space	2
 674              	.LC4:
 675 0010 25662009 		.ascii	"%f \011\000"
 675      00
 676              		.bss
 677              		.align	2
 678              		.type	puck_output, %object
 679              		.size	puck_output, 4
ARM GAS  C:\Users\bamcg3\AppData\Local\Temp\cckqtzDQ.s 			page 17


 680              	puck_output:
 681 0000 00000000 		.space	4
 682              		.type	puck_all, %object
 683              		.size	puck_all, 16
 684              	puck_all:
 685 0004 00000000 		.space	16
 685      00000000 
 685      00000000 
 685      00000000 
 686              		.type	sum, %object
 687              		.size	sum, 4
 688              	sum:
 689 0014 00000000 		.space	4
 690              		.text
 691              	.Letext0:
 692              		.file 2 "c:\\program files (x86)\\cypress\\psoc creator\\4.2\\psoc creator\\import\\gnu\\arm\\5.4.
 693              		.file 3 "c:\\program files (x86)\\cypress\\psoc creator\\4.2\\psoc creator\\import\\gnu\\arm\\5.4.
 694              		.file 4 "Generated_Source\\PSoC5/core_cm3.h"
 695              		.file 5 "Generated_Source\\PSoC5/control_led.h"
 696              		.file 6 "Generated_Source\\PSoC5/CyLib.h"
 697              		.file 7 "Generated_Source\\PSoC5/ADC.h"
 698              		.file 8 "Generated_Source\\PSoC5/UART_1.h"
 699              		.file 9 "c:\\program files (x86)\\cypress\\psoc creator\\4.2\\psoc creator\\import\\gnu\\arm\\5.4.
 700              		.file 10 "c:\\program files (x86)\\cypress\\psoc creator\\4.2\\psoc creator\\import\\gnu\\arm\\5.4
 701              		.section	.debug_info,"",%progbits
 702              	.Ldebug_info0:
 703 0000 29050000 		.4byte	0x529
 704 0004 0400     		.2byte	0x4
 705 0006 00000000 		.4byte	.Ldebug_abbrev0
 706 000a 04       		.byte	0x4
 707 000b 01       		.uleb128 0x1
 708 000c 70010000 		.4byte	.LASF47
 709 0010 0C       		.byte	0xc
 710 0011 6B000000 		.4byte	.LASF48
 711 0015 FE010000 		.4byte	.LASF49
 712 0019 00000000 		.4byte	.Ldebug_ranges0+0
 713 001d 00000000 		.4byte	0
 714 0021 00000000 		.4byte	.Ldebug_line0
 715 0025 02       		.uleb128 0x2
 716 0026 01       		.byte	0x1
 717 0027 06       		.byte	0x6
 718 0028 05030000 		.4byte	.LASF0
 719 002c 02       		.uleb128 0x2
 720 002d 01       		.byte	0x1
 721 002e 08       		.byte	0x8
 722 002f 82000000 		.4byte	.LASF1
 723 0033 02       		.uleb128 0x2
 724 0034 02       		.byte	0x2
 725 0035 05       		.byte	0x5
 726 0036 97020000 		.4byte	.LASF2
 727 003a 02       		.uleb128 0x2
 728 003b 02       		.byte	0x2
 729 003c 07       		.byte	0x7
 730 003d D3000000 		.4byte	.LASF3
 731 0041 03       		.uleb128 0x3
 732 0042 57000000 		.4byte	.LASF9
 733 0046 02       		.byte	0x2
ARM GAS  C:\Users\bamcg3\AppData\Local\Temp\cckqtzDQ.s 			page 18


 734 0047 3F       		.byte	0x3f
 735 0048 4C000000 		.4byte	0x4c
 736 004c 02       		.uleb128 0x2
 737 004d 04       		.byte	0x4
 738 004e 05       		.byte	0x5
 739 004f E0020000 		.4byte	.LASF4
 740 0053 02       		.uleb128 0x2
 741 0054 04       		.byte	0x4
 742 0055 07       		.byte	0x7
 743 0056 B3000000 		.4byte	.LASF5
 744 005a 02       		.uleb128 0x2
 745 005b 08       		.byte	0x8
 746 005c 05       		.byte	0x5
 747 005d 84020000 		.4byte	.LASF6
 748 0061 02       		.uleb128 0x2
 749 0062 08       		.byte	0x8
 750 0063 07       		.byte	0x7
 751 0064 4D010000 		.4byte	.LASF7
 752 0068 04       		.uleb128 0x4
 753 0069 04       		.byte	0x4
 754 006a 05       		.byte	0x5
 755 006b 696E7400 		.ascii	"int\000"
 756 006f 02       		.uleb128 0x2
 757 0070 04       		.byte	0x4
 758 0071 07       		.byte	0x7
 759 0072 40010000 		.4byte	.LASF8
 760 0076 03       		.uleb128 0x3
 761 0077 74000000 		.4byte	.LASF10
 762 007b 03       		.byte	0x3
 763 007c 2C       		.byte	0x2c
 764 007d 41000000 		.4byte	0x41
 765 0081 02       		.uleb128 0x2
 766 0082 04       		.byte	0x4
 767 0083 04       		.byte	0x4
 768 0084 7C000000 		.4byte	.LASF11
 769 0088 02       		.uleb128 0x2
 770 0089 08       		.byte	0x8
 771 008a 04       		.byte	0x4
 772 008b F3000000 		.4byte	.LASF12
 773 008f 02       		.uleb128 0x2
 774 0090 01       		.byte	0x1
 775 0091 08       		.byte	0x8
 776 0092 92020000 		.4byte	.LASF13
 777 0096 02       		.uleb128 0x2
 778 0097 08       		.byte	0x8
 779 0098 04       		.byte	0x4
 780 0099 FA000000 		.4byte	.LASF14
 781 009d 02       		.uleb128 0x2
 782 009e 04       		.byte	0x4
 783 009f 07       		.byte	0x7
 784 00a0 67020000 		.4byte	.LASF15
 785 00a4 05       		.uleb128 0x5
 786 00a5 90000000 		.4byte	.LASF17
 787 00a9 01       		.byte	0x1
 788 00aa 4E       		.byte	0x4e
 789 00ab 00000000 		.4byte	.LFB64
 790 00af 68000000 		.4byte	.LFE64-.LFB64
ARM GAS  C:\Users\bamcg3\AppData\Local\Temp\cckqtzDQ.s 			page 19


 791 00b3 01       		.uleb128 0x1
 792 00b4 9C       		.byte	0x9c
 793 00b5 22010000 		.4byte	0x122
 794 00b9 06       		.uleb128 0x6
 795 00ba 3B010000 		.4byte	.LASF16
 796 00be 01       		.byte	0x1
 797 00bf 50       		.byte	0x50
 798 00c0 22010000 		.4byte	0x122
 799 00c4 02       		.uleb128 0x2
 800 00c5 91       		.byte	0x91
 801 00c6 60       		.sleb128 -32
 802 00c7 07       		.uleb128 0x7
 803 00c8 0E000000 		.4byte	.LBB2
 804 00cc 26000000 		.4byte	.LBE2-.LBB2
 805 00d0 12010000 		.4byte	0x112
 806 00d4 08       		.uleb128 0x8
 807 00d5 6900     		.ascii	"i\000"
 808 00d7 01       		.byte	0x1
 809 00d8 52       		.byte	0x52
 810 00d9 68000000 		.4byte	0x68
 811 00dd 00000000 		.4byte	.LLST0
 812 00e1 09       		.uleb128 0x9
 813 00e2 16000000 		.4byte	.LVL2
 814 00e6 E9040000 		.4byte	0x4e9
 815 00ea F5000000 		.4byte	0xf5
 816 00ee 0A       		.uleb128 0xa
 817 00ef 01       		.uleb128 0x1
 818 00f0 50       		.byte	0x50
 819 00f1 02       		.uleb128 0x2
 820 00f2 74       		.byte	0x74
 821 00f3 00       		.sleb128 0
 822 00f4 00       		.byte	0
 823 00f5 09       		.uleb128 0x9
 824 00f6 1C000000 		.4byte	.LVL3
 825 00fa F4040000 		.4byte	0x4f4
 826 00fe 08010000 		.4byte	0x108
 827 0102 0A       		.uleb128 0xa
 828 0103 01       		.uleb128 0x1
 829 0104 50       		.byte	0x50
 830 0105 01       		.uleb128 0x1
 831 0106 3A       		.byte	0x3a
 832 0107 00       		.byte	0
 833 0108 0B       		.uleb128 0xb
 834 0109 20000000 		.4byte	.LVL4
 835 010d FF040000 		.4byte	0x4ff
 836 0111 00       		.byte	0
 837 0112 0C       		.uleb128 0xc
 838 0113 3A000000 		.4byte	.LVL7
 839 0117 E9040000 		.4byte	0x4e9
 840 011b 0A       		.uleb128 0xa
 841 011c 01       		.uleb128 0x1
 842 011d 50       		.byte	0x50
 843 011e 01       		.uleb128 0x1
 844 011f 30       		.byte	0x30
 845 0120 00       		.byte	0
 846 0121 00       		.byte	0
 847 0122 0D       		.uleb128 0xd
ARM GAS  C:\Users\bamcg3\AppData\Local\Temp\cckqtzDQ.s 			page 20


 848 0123 81000000 		.4byte	0x81
 849 0127 32010000 		.4byte	0x132
 850 012b 0E       		.uleb128 0xe
 851 012c 9D000000 		.4byte	0x9d
 852 0130 03       		.byte	0x3
 853 0131 00       		.byte	0
 854 0132 05       		.uleb128 0x5
 855 0133 AE020000 		.4byte	.LASF18
 856 0137 01       		.byte	0x1
 857 0138 62       		.byte	0x62
 858 0139 00000000 		.4byte	.LFB65
 859 013d 34010000 		.4byte	.LFE65-.LFB65
 860 0141 01       		.uleb128 0x1
 861 0142 9C       		.byte	0x9c
 862 0143 0C020000 		.4byte	0x20c
 863 0147 06       		.uleb128 0x6
 864 0148 3B010000 		.4byte	.LASF16
 865 014c 01       		.byte	0x1
 866 014d 64       		.byte	0x64
 867 014e 22010000 		.4byte	0x122
 868 0152 02       		.uleb128 0x2
 869 0153 91       		.byte	0x91
 870 0154 60       		.sleb128 -32
 871 0155 07       		.uleb128 0x7
 872 0156 0E000000 		.4byte	.LBB3
 873 015a 26000000 		.4byte	.LBE3-.LBB3
 874 015e A0010000 		.4byte	0x1a0
 875 0162 08       		.uleb128 0x8
 876 0163 6900     		.ascii	"i\000"
 877 0165 01       		.byte	0x1
 878 0166 66       		.byte	0x66
 879 0167 68000000 		.4byte	0x68
 880 016b 1F000000 		.4byte	.LLST1
 881 016f 09       		.uleb128 0x9
 882 0170 16000000 		.4byte	.LVL11
 883 0174 F4040000 		.4byte	0x4f4
 884 0178 82010000 		.4byte	0x182
 885 017c 0A       		.uleb128 0xa
 886 017d 01       		.uleb128 0x1
 887 017e 50       		.byte	0x50
 888 017f 01       		.uleb128 0x1
 889 0180 3A       		.byte	0x3a
 890 0181 00       		.byte	0
 891 0182 09       		.uleb128 0x9
 892 0183 1C000000 		.4byte	.LVL12
 893 0187 E9040000 		.4byte	0x4e9
 894 018b 96010000 		.4byte	0x196
 895 018f 0A       		.uleb128 0xa
 896 0190 01       		.uleb128 0x1
 897 0191 50       		.byte	0x50
 898 0192 02       		.uleb128 0x2
 899 0193 74       		.byte	0x74
 900 0194 00       		.sleb128 0
 901 0195 00       		.byte	0
 902 0196 0B       		.uleb128 0xb
 903 0197 20000000 		.4byte	.LVL13
 904 019b FF040000 		.4byte	0x4ff
ARM GAS  C:\Users\bamcg3\AppData\Local\Temp\cckqtzDQ.s 			page 21


 905 019f 00       		.byte	0
 906 01a0 09       		.uleb128 0x9
 907 01a1 3A000000 		.4byte	.LVL16
 908 01a5 E9040000 		.4byte	0x4e9
 909 01a9 B3010000 		.4byte	0x1b3
 910 01ad 0A       		.uleb128 0xa
 911 01ae 01       		.uleb128 0x1
 912 01af 50       		.byte	0x50
 913 01b0 01       		.uleb128 0x1
 914 01b1 30       		.byte	0x30
 915 01b2 00       		.byte	0
 916 01b3 09       		.uleb128 0x9
 917 01b4 9C000000 		.4byte	.LVL24
 918 01b8 0A050000 		.4byte	0x50a
 919 01bc CA010000 		.4byte	0x1ca
 920 01c0 0A       		.uleb128 0xa
 921 01c1 01       		.uleb128 0x1
 922 01c2 50       		.byte	0x50
 923 01c3 05       		.uleb128 0x5
 924 01c4 03       		.byte	0x3
 925 01c5 00000000 		.4byte	.LC0
 926 01c9 00       		.byte	0
 927 01ca 09       		.uleb128 0x9
 928 01cb B8000000 		.4byte	.LVL27
 929 01cf 0A050000 		.4byte	0x50a
 930 01d3 E1010000 		.4byte	0x1e1
 931 01d7 0A       		.uleb128 0xa
 932 01d8 01       		.uleb128 0x1
 933 01d9 50       		.byte	0x50
 934 01da 05       		.uleb128 0x5
 935 01db 03       		.byte	0x3
 936 01dc 04000000 		.4byte	.LC1
 937 01e0 00       		.byte	0
 938 01e1 09       		.uleb128 0x9
 939 01e2 D4000000 		.4byte	.LVL30
 940 01e6 0A050000 		.4byte	0x50a
 941 01ea F8010000 		.4byte	0x1f8
 942 01ee 0A       		.uleb128 0xa
 943 01ef 01       		.uleb128 0x1
 944 01f0 50       		.byte	0x50
 945 01f1 05       		.uleb128 0x5
 946 01f2 03       		.byte	0x3
 947 01f3 08000000 		.4byte	.LC2
 948 01f7 00       		.byte	0
 949 01f8 0C       		.uleb128 0xc
 950 01f9 FA000000 		.4byte	.LVL34
 951 01fd 0A050000 		.4byte	0x50a
 952 0201 0A       		.uleb128 0xa
 953 0202 01       		.uleb128 0x1
 954 0203 50       		.byte	0x50
 955 0204 05       		.uleb128 0x5
 956 0205 03       		.byte	0x3
 957 0206 0C000000 		.4byte	.LC3
 958 020a 00       		.byte	0
 959 020b 00       		.byte	0
 960 020c 0F       		.uleb128 0xf
 961 020d 00000000 		.4byte	.LASF50
ARM GAS  C:\Users\bamcg3\AppData\Local\Temp\cckqtzDQ.s 			page 22


 962 0211 01       		.byte	0x1
 963 0212 91       		.byte	0x91
 964 0213 68000000 		.4byte	0x68
 965 0217 00000000 		.4byte	.LFB66
 966 021b 20010000 		.4byte	.LFE66-.LFB66
 967 021f 01       		.uleb128 0x1
 968 0220 9C       		.byte	0x9c
 969 0221 9D020000 		.4byte	0x29d
 970 0225 10       		.uleb128 0x10
 971 0226 51000000 		.4byte	.LASF19
 972 022a 01       		.byte	0x1
 973 022b 93       		.byte	0x93
 974 022c 68000000 		.4byte	0x68
 975 0230 3E000000 		.4byte	.LLST2
 976 0234 06       		.uleb128 0x6
 977 0235 3B010000 		.4byte	.LASF16
 978 0239 01       		.byte	0x1
 979 023a 95       		.byte	0x95
 980 023b 22010000 		.4byte	0x122
 981 023f 02       		.uleb128 0x2
 982 0240 91       		.byte	0x91
 983 0241 60       		.sleb128 -32
 984 0242 07       		.uleb128 0x7
 985 0243 0E000000 		.4byte	.LBB4
 986 0247 26000000 		.4byte	.LBE4-.LBB4
 987 024b 8D020000 		.4byte	0x28d
 988 024f 08       		.uleb128 0x8
 989 0250 6900     		.ascii	"i\000"
 990 0252 01       		.byte	0x1
 991 0253 97       		.byte	0x97
 992 0254 68000000 		.4byte	0x68
 993 0258 5D000000 		.4byte	.LLST3
 994 025c 09       		.uleb128 0x9
 995 025d 16000000 		.4byte	.LVL38
 996 0261 E9040000 		.4byte	0x4e9
 997 0265 70020000 		.4byte	0x270
 998 0269 0A       		.uleb128 0xa
 999 026a 01       		.uleb128 0x1
 1000 026b 50       		.byte	0x50
 1001 026c 02       		.uleb128 0x2
 1002 026d 74       		.byte	0x74
 1003 026e 00       		.sleb128 0
 1004 026f 00       		.byte	0
 1005 0270 09       		.uleb128 0x9
 1006 0271 1C000000 		.4byte	.LVL39
 1007 0275 F4040000 		.4byte	0x4f4
 1008 0279 83020000 		.4byte	0x283
 1009 027d 0A       		.uleb128 0xa
 1010 027e 01       		.uleb128 0x1
 1011 027f 50       		.byte	0x50
 1012 0280 01       		.uleb128 0x1
 1013 0281 3A       		.byte	0x3a
 1014 0282 00       		.byte	0
 1015 0283 0B       		.uleb128 0xb
 1016 0284 20000000 		.4byte	.LVL40
 1017 0288 FF040000 		.4byte	0x4ff
 1018 028c 00       		.byte	0
ARM GAS  C:\Users\bamcg3\AppData\Local\Temp\cckqtzDQ.s 			page 23


 1019 028d 0C       		.uleb128 0xc
 1020 028e 3A000000 		.4byte	.LVL43
 1021 0292 E9040000 		.4byte	0x4e9
 1022 0296 0A       		.uleb128 0xa
 1023 0297 01       		.uleb128 0x1
 1024 0298 50       		.byte	0x50
 1025 0299 01       		.uleb128 0x1
 1026 029a 30       		.byte	0x30
 1027 029b 00       		.byte	0
 1028 029c 00       		.byte	0
 1029 029d 05       		.uleb128 0x5
 1030 029e 39030000 		.4byte	.LASF20
 1031 02a2 01       		.byte	0x1
 1032 02a3 C5       		.byte	0xc5
 1033 02a4 00000000 		.4byte	.LFB67
 1034 02a8 78000000 		.4byte	.LFE67-.LFB67
 1035 02ac 01       		.uleb128 0x1
 1036 02ad 9C       		.byte	0x9c
 1037 02ae 6C030000 		.4byte	0x36c
 1038 02b2 06       		.uleb128 0x6
 1039 02b3 61000000 		.4byte	.LASF21
 1040 02b7 01       		.byte	0x1
 1041 02b8 C7       		.byte	0xc7
 1042 02b9 22010000 		.4byte	0x122
 1043 02bd 02       		.uleb128 0x2
 1044 02be 91       		.byte	0x91
 1045 02bf 60       		.sleb128 -32
 1046 02c0 07       		.uleb128 0x7
 1047 02c1 0E000000 		.4byte	.LBB5
 1048 02c5 26000000 		.4byte	.LBE5-.LBB5
 1049 02c9 0B030000 		.4byte	0x30b
 1050 02cd 08       		.uleb128 0x8
 1051 02ce 6900     		.ascii	"i\000"
 1052 02d0 01       		.byte	0x1
 1053 02d1 CA       		.byte	0xca
 1054 02d2 68000000 		.4byte	0x68
 1055 02d6 7C000000 		.4byte	.LLST4
 1056 02da 09       		.uleb128 0x9
 1057 02db 16000000 		.4byte	.LVL61
 1058 02df E9040000 		.4byte	0x4e9
 1059 02e3 EE020000 		.4byte	0x2ee
 1060 02e7 0A       		.uleb128 0xa
 1061 02e8 01       		.uleb128 0x1
 1062 02e9 50       		.byte	0x50
 1063 02ea 02       		.uleb128 0x2
 1064 02eb 74       		.byte	0x74
 1065 02ec 00       		.sleb128 0
 1066 02ed 00       		.byte	0
 1067 02ee 09       		.uleb128 0x9
 1068 02ef 1C000000 		.4byte	.LVL62
 1069 02f3 F4040000 		.4byte	0x4f4
 1070 02f7 01030000 		.4byte	0x301
 1071 02fb 0A       		.uleb128 0xa
 1072 02fc 01       		.uleb128 0x1
 1073 02fd 50       		.byte	0x50
 1074 02fe 01       		.uleb128 0x1
 1075 02ff 3A       		.byte	0x3a
ARM GAS  C:\Users\bamcg3\AppData\Local\Temp\cckqtzDQ.s 			page 24


 1076 0300 00       		.byte	0
 1077 0301 0B       		.uleb128 0xb
 1078 0302 20000000 		.4byte	.LVL63
 1079 0306 FF040000 		.4byte	0x4ff
 1080 030a 00       		.byte	0
 1081 030b 07       		.uleb128 0x7
 1082 030c 3A000000 		.4byte	.LBB6
 1083 0310 30000000 		.4byte	.LBE6-.LBB6
 1084 0314 5C030000 		.4byte	0x35c
 1085 0318 08       		.uleb128 0x8
 1086 0319 6900     		.ascii	"i\000"
 1087 031b 01       		.byte	0x1
 1088 031c D3       		.byte	0xd3
 1089 031d 68000000 		.4byte	0x68
 1090 0321 9B000000 		.4byte	.LLST5
 1091 0325 0B       		.uleb128 0xb
 1092 0326 50000000 		.4byte	.LVL70
 1093 032a 15050000 		.4byte	0x515
 1094 032e 09       		.uleb128 0x9
 1095 032f 5E000000 		.4byte	.LVL71
 1096 0333 21050000 		.4byte	0x521
 1097 0337 4B030000 		.4byte	0x34b
 1098 033b 0A       		.uleb128 0xa
 1099 033c 01       		.uleb128 0x1
 1100 033d 50       		.byte	0x50
 1101 033e 02       		.uleb128 0x2
 1102 033f 75       		.byte	0x75
 1103 0340 00       		.sleb128 0
 1104 0341 0A       		.uleb128 0xa
 1105 0342 01       		.uleb128 0x1
 1106 0343 51       		.byte	0x51
 1107 0344 05       		.uleb128 0x5
 1108 0345 03       		.byte	0x3
 1109 0346 10000000 		.4byte	.LC4
 1110 034a 00       		.byte	0
 1111 034b 0C       		.uleb128 0xc
 1112 034c 64000000 		.4byte	.LVL72
 1113 0350 0A050000 		.4byte	0x50a
 1114 0354 0A       		.uleb128 0xa
 1115 0355 01       		.uleb128 0x1
 1116 0356 50       		.byte	0x50
 1117 0357 02       		.uleb128 0x2
 1118 0358 75       		.byte	0x75
 1119 0359 00       		.sleb128 0
 1120 035a 00       		.byte	0
 1121 035b 00       		.byte	0
 1122 035c 0C       		.uleb128 0xc
 1123 035d 3A000000 		.4byte	.LVL66
 1124 0361 E9040000 		.4byte	0x4e9
 1125 0365 0A       		.uleb128 0xa
 1126 0366 01       		.uleb128 0x1
 1127 0367 50       		.byte	0x50
 1128 0368 01       		.uleb128 0x1
 1129 0369 30       		.byte	0x30
 1130 036a 00       		.byte	0
 1131 036b 00       		.byte	0
 1132 036c 11       		.uleb128 0x11
ARM GAS  C:\Users\bamcg3\AppData\Local\Temp\cckqtzDQ.s 			page 25


 1133 036d E6000000 		.4byte	.LASF22
 1134 0371 04       		.byte	0x4
 1135 0372 1207     		.2byte	0x712
 1136 0374 78030000 		.4byte	0x378
 1137 0378 12       		.uleb128 0x12
 1138 0379 76000000 		.4byte	0x76
 1139 037d 13       		.uleb128 0x13
 1140 037e A8020000 		.4byte	.LASF23
 1141 0382 01       		.byte	0x1
 1142 0383 18       		.byte	0x18
 1143 0384 8E030000 		.4byte	0x38e
 1144 0388 05       		.uleb128 0x5
 1145 0389 03       		.byte	0x3
 1146 038a 00000000 		.4byte	trans
 1147 038e 14       		.uleb128 0x14
 1148 038f 81000000 		.4byte	0x81
 1149 0393 13       		.uleb128 0x13
 1150 0394 A8000000 		.4byte	.LASF24
 1151 0398 01       		.byte	0x1
 1152 0399 1E       		.byte	0x1e
 1153 039a 81000000 		.4byte	0x81
 1154 039e 05       		.uleb128 0x5
 1155 039f 03       		.byte	0x3
 1156 03a0 00000000 		.4byte	pd_voltage
 1157 03a4 13       		.uleb128 0x13
 1158 03a5 C5000000 		.4byte	.LASF25
 1159 03a9 01       		.byte	0x1
 1160 03aa 1F       		.byte	0x1f
 1161 03ab 81000000 		.4byte	0x81
 1162 03af 05       		.uleb128 0x5
 1163 03b0 03       		.byte	0x3
 1164 03b1 00000000 		.4byte	input_current
 1165 03b5 0D       		.uleb128 0xd
 1166 03b6 81000000 		.4byte	0x81
 1167 03ba C5030000 		.4byte	0x3c5
 1168 03be 0E       		.uleb128 0xe
 1169 03bf 9D000000 		.4byte	0x9d
 1170 03c3 08       		.byte	0x8
 1171 03c4 00       		.byte	0
 1172 03c5 13       		.uleb128 0x13
 1173 03c6 11030000 		.4byte	.LASF26
 1174 03ca 01       		.byte	0x1
 1175 03cb 20       		.byte	0x20
 1176 03cc B5030000 		.4byte	0x3b5
 1177 03d0 05       		.uleb128 0x5
 1178 03d1 03       		.byte	0x3
 1179 03d2 00000000 		.4byte	stored
 1180 03d6 15       		.uleb128 0x15
 1181 03d7 73756D00 		.ascii	"sum\000"
 1182 03db 01       		.byte	0x1
 1183 03dc 21       		.byte	0x21
 1184 03dd 81000000 		.4byte	0x81
 1185 03e1 05       		.uleb128 0x5
 1186 03e2 03       		.byte	0x3
 1187 03e3 00000000 		.4byte	sum
 1188 03e7 0D       		.uleb128 0xd
 1189 03e8 8F000000 		.4byte	0x8f
ARM GAS  C:\Users\bamcg3\AppData\Local\Temp\cckqtzDQ.s 			page 26


 1190 03ec F7030000 		.4byte	0x3f7
 1191 03f0 0E       		.uleb128 0xe
 1192 03f1 9D000000 		.4byte	0x9d
 1193 03f5 1F       		.byte	0x1f
 1194 03f6 00       		.byte	0
 1195 03f7 16       		.uleb128 0x16
 1196 03f8 A1020000 		.4byte	.LASF27
 1197 03fc 01       		.byte	0x1
 1198 03fd 22       		.byte	0x22
 1199 03fe E7030000 		.4byte	0x3e7
 1200 0402 13       		.uleb128 0x13
 1201 0403 2B010000 		.4byte	.LASF28
 1202 0407 01       		.byte	0x1
 1203 0408 23       		.byte	0x23
 1204 0409 81000000 		.4byte	0x81
 1205 040d 05       		.uleb128 0x5
 1206 040e 03       		.byte	0x3
 1207 040f 00000000 		.4byte	ambient_current
 1208 0413 13       		.uleb128 0x13
 1209 0414 F7020000 		.4byte	.LASF29
 1210 0418 01       		.byte	0x1
 1211 0419 26       		.byte	0x26
 1212 041a 81000000 		.4byte	0x81
 1213 041e 05       		.uleb128 0x5
 1214 041f 03       		.byte	0x3
 1215 0420 00000000 		.4byte	ambient_white
 1216 0424 13       		.uleb128 0x13
 1217 0425 64010000 		.4byte	.LASF30
 1218 0429 01       		.byte	0x1
 1219 042a 27       		.byte	0x27
 1220 042b 81000000 		.4byte	0x81
 1221 042f 05       		.uleb128 0x5
 1222 0430 03       		.byte	0x3
 1223 0431 00000000 		.4byte	ambient_red
 1224 0435 13       		.uleb128 0x13
 1225 0436 E9020000 		.4byte	.LASF31
 1226 043a 01       		.byte	0x1
 1227 043b 28       		.byte	0x28
 1228 043c 81000000 		.4byte	0x81
 1229 0440 05       		.uleb128 0x5
 1230 0441 03       		.byte	0x3
 1231 0442 00000000 		.4byte	ambient_green
 1232 0446 13       		.uleb128 0x13
 1233 0447 C1020000 		.4byte	.LASF32
 1234 044b 01       		.byte	0x1
 1235 044c 29       		.byte	0x29
 1236 044d 81000000 		.4byte	0x81
 1237 0451 05       		.uleb128 0x5
 1238 0452 03       		.byte	0x3
 1239 0453 00000000 		.4byte	ambient_blue
 1240 0457 13       		.uleb128 0x13
 1241 0458 11010000 		.4byte	.LASF33
 1242 045c 01       		.byte	0x1
 1243 045d 2B       		.byte	0x2b
 1244 045e 81000000 		.4byte	0x81
 1245 0462 05       		.uleb128 0x5
 1246 0463 03       		.byte	0x3
ARM GAS  C:\Users\bamcg3\AppData\Local\Temp\cckqtzDQ.s 			page 27


 1247 0464 00000000 		.4byte	test_white
 1248 0468 13       		.uleb128 0x13
 1249 0469 1C010000 		.4byte	.LASF34
 1250 046d 01       		.byte	0x1
 1251 046e 2C       		.byte	0x2c
 1252 046f 81000000 		.4byte	0x81
 1253 0473 05       		.uleb128 0x5
 1254 0474 03       		.byte	0x3
 1255 0475 00000000 		.4byte	test_red
 1256 0479 13       		.uleb128 0x13
 1257 047a 06010000 		.4byte	.LASF35
 1258 047e 01       		.byte	0x1
 1259 047f 2D       		.byte	0x2d
 1260 0480 81000000 		.4byte	0x81
 1261 0484 05       		.uleb128 0x5
 1262 0485 03       		.byte	0x3
 1263 0486 00000000 		.4byte	test_green
 1264 048a 13       		.uleb128 0x13
 1265 048b 24000000 		.4byte	.LASF36
 1266 048f 01       		.byte	0x1
 1267 0490 2E       		.byte	0x2e
 1268 0491 81000000 		.4byte	0x81
 1269 0495 05       		.uleb128 0x5
 1270 0496 03       		.byte	0x3
 1271 0497 00000000 		.4byte	test_blue
 1272 049b 16       		.uleb128 0x16
 1273 049c 3A000000 		.4byte	.LASF37
 1274 04a0 01       		.byte	0x1
 1275 04a1 31       		.byte	0x31
 1276 04a2 68000000 		.4byte	0x68
 1277 04a6 0D       		.uleb128 0xd
 1278 04a7 68000000 		.4byte	0x68
 1279 04ab B6040000 		.4byte	0x4b6
 1280 04af 0E       		.uleb128 0xe
 1281 04b0 9D000000 		.4byte	0x9d
 1282 04b4 03       		.byte	0x3
 1283 04b5 00       		.byte	0
 1284 04b6 13       		.uleb128 0x13
 1285 04b7 7B020000 		.4byte	.LASF38
 1286 04bb 01       		.byte	0x1
 1287 04bc 33       		.byte	0x33
 1288 04bd A6040000 		.4byte	0x4a6
 1289 04c1 05       		.uleb128 0x5
 1290 04c2 03       		.byte	0x3
 1291 04c3 00000000 		.4byte	puck_all
 1292 04c7 13       		.uleb128 0x13
 1293 04c8 2E000000 		.4byte	.LASF39
 1294 04cc 01       		.byte	0x1
 1295 04cd 38       		.byte	0x38
 1296 04ce 68000000 		.4byte	0x68
 1297 04d2 05       		.uleb128 0x5
 1298 04d3 03       		.byte	0x3
 1299 04d4 00000000 		.4byte	puck_output
 1300 04d8 13       		.uleb128 0x13
 1301 04d9 16000000 		.4byte	.LASF40
 1302 04dd 01       		.byte	0x1
 1303 04de 3A       		.byte	0x3a
ARM GAS  C:\Users\bamcg3\AppData\Local\Temp\cckqtzDQ.s 			page 28


 1304 04df 81000000 		.4byte	0x81
 1305 04e3 05       		.uleb128 0x5
 1306 04e4 03       		.byte	0x3
 1307 04e5 00000000 		.4byte	colour_output
 1308 04e9 17       		.uleb128 0x17
 1309 04ea CE020000 		.4byte	.LASF41
 1310 04ee CE020000 		.4byte	.LASF41
 1311 04f2 05       		.byte	0x5
 1312 04f3 2F       		.byte	0x2f
 1313 04f4 17       		.uleb128 0x17
 1314 04f5 31030000 		.4byte	.LASF42
 1315 04f9 31030000 		.4byte	.LASF42
 1316 04fd 06       		.byte	0x6
 1317 04fe 76       		.byte	0x76
 1318 04ff 17       		.uleb128 0x17
 1319 0500 70020000 		.4byte	.LASF43
 1320 0504 70020000 		.4byte	.LASF43
 1321 0508 07       		.byte	0x7
 1322 0509 56       		.byte	0x56
 1323 050a 17       		.uleb128 0x17
 1324 050b 18030000 		.4byte	.LASF44
 1325 050f 18030000 		.4byte	.LASF44
 1326 0513 08       		.byte	0x8
 1327 0514 8B       		.byte	0x8b
 1328 0515 18       		.uleb128 0x18
 1329 0516 25010000 		.4byte	.LASF45
 1330 051a 25010000 		.4byte	.LASF45
 1331 051e 09       		.byte	0x9
 1332 051f 4B01     		.2byte	0x14b
 1333 0521 17       		.uleb128 0x17
 1334 0522 29030000 		.4byte	.LASF46
 1335 0526 29030000 		.4byte	.LASF46
 1336 052a 0A       		.byte	0xa
 1337 052b E7       		.byte	0xe7
 1338 052c 00       		.byte	0
 1339              		.section	.debug_abbrev,"",%progbits
 1340              	.Ldebug_abbrev0:
 1341 0000 01       		.uleb128 0x1
 1342 0001 11       		.uleb128 0x11
 1343 0002 01       		.byte	0x1
 1344 0003 25       		.uleb128 0x25
 1345 0004 0E       		.uleb128 0xe
 1346 0005 13       		.uleb128 0x13
 1347 0006 0B       		.uleb128 0xb
 1348 0007 03       		.uleb128 0x3
 1349 0008 0E       		.uleb128 0xe
 1350 0009 1B       		.uleb128 0x1b
 1351 000a 0E       		.uleb128 0xe
 1352 000b 55       		.uleb128 0x55
 1353 000c 17       		.uleb128 0x17
 1354 000d 11       		.uleb128 0x11
 1355 000e 01       		.uleb128 0x1
 1356 000f 10       		.uleb128 0x10
 1357 0010 17       		.uleb128 0x17
 1358 0011 00       		.byte	0
 1359 0012 00       		.byte	0
 1360 0013 02       		.uleb128 0x2
ARM GAS  C:\Users\bamcg3\AppData\Local\Temp\cckqtzDQ.s 			page 29


 1361 0014 24       		.uleb128 0x24
 1362 0015 00       		.byte	0
 1363 0016 0B       		.uleb128 0xb
 1364 0017 0B       		.uleb128 0xb
 1365 0018 3E       		.uleb128 0x3e
 1366 0019 0B       		.uleb128 0xb
 1367 001a 03       		.uleb128 0x3
 1368 001b 0E       		.uleb128 0xe
 1369 001c 00       		.byte	0
 1370 001d 00       		.byte	0
 1371 001e 03       		.uleb128 0x3
 1372 001f 16       		.uleb128 0x16
 1373 0020 00       		.byte	0
 1374 0021 03       		.uleb128 0x3
 1375 0022 0E       		.uleb128 0xe
 1376 0023 3A       		.uleb128 0x3a
 1377 0024 0B       		.uleb128 0xb
 1378 0025 3B       		.uleb128 0x3b
 1379 0026 0B       		.uleb128 0xb
 1380 0027 49       		.uleb128 0x49
 1381 0028 13       		.uleb128 0x13
 1382 0029 00       		.byte	0
 1383 002a 00       		.byte	0
 1384 002b 04       		.uleb128 0x4
 1385 002c 24       		.uleb128 0x24
 1386 002d 00       		.byte	0
 1387 002e 0B       		.uleb128 0xb
 1388 002f 0B       		.uleb128 0xb
 1389 0030 3E       		.uleb128 0x3e
 1390 0031 0B       		.uleb128 0xb
 1391 0032 03       		.uleb128 0x3
 1392 0033 08       		.uleb128 0x8
 1393 0034 00       		.byte	0
 1394 0035 00       		.byte	0
 1395 0036 05       		.uleb128 0x5
 1396 0037 2E       		.uleb128 0x2e
 1397 0038 01       		.byte	0x1
 1398 0039 3F       		.uleb128 0x3f
 1399 003a 19       		.uleb128 0x19
 1400 003b 03       		.uleb128 0x3
 1401 003c 0E       		.uleb128 0xe
 1402 003d 3A       		.uleb128 0x3a
 1403 003e 0B       		.uleb128 0xb
 1404 003f 3B       		.uleb128 0x3b
 1405 0040 0B       		.uleb128 0xb
 1406 0041 27       		.uleb128 0x27
 1407 0042 19       		.uleb128 0x19
 1408 0043 11       		.uleb128 0x11
 1409 0044 01       		.uleb128 0x1
 1410 0045 12       		.uleb128 0x12
 1411 0046 06       		.uleb128 0x6
 1412 0047 40       		.uleb128 0x40
 1413 0048 18       		.uleb128 0x18
 1414 0049 9642     		.uleb128 0x2116
 1415 004b 19       		.uleb128 0x19
 1416 004c 01       		.uleb128 0x1
 1417 004d 13       		.uleb128 0x13
ARM GAS  C:\Users\bamcg3\AppData\Local\Temp\cckqtzDQ.s 			page 30


 1418 004e 00       		.byte	0
 1419 004f 00       		.byte	0
 1420 0050 06       		.uleb128 0x6
 1421 0051 34       		.uleb128 0x34
 1422 0052 00       		.byte	0
 1423 0053 03       		.uleb128 0x3
 1424 0054 0E       		.uleb128 0xe
 1425 0055 3A       		.uleb128 0x3a
 1426 0056 0B       		.uleb128 0xb
 1427 0057 3B       		.uleb128 0x3b
 1428 0058 0B       		.uleb128 0xb
 1429 0059 49       		.uleb128 0x49
 1430 005a 13       		.uleb128 0x13
 1431 005b 02       		.uleb128 0x2
 1432 005c 18       		.uleb128 0x18
 1433 005d 00       		.byte	0
 1434 005e 00       		.byte	0
 1435 005f 07       		.uleb128 0x7
 1436 0060 0B       		.uleb128 0xb
 1437 0061 01       		.byte	0x1
 1438 0062 11       		.uleb128 0x11
 1439 0063 01       		.uleb128 0x1
 1440 0064 12       		.uleb128 0x12
 1441 0065 06       		.uleb128 0x6
 1442 0066 01       		.uleb128 0x1
 1443 0067 13       		.uleb128 0x13
 1444 0068 00       		.byte	0
 1445 0069 00       		.byte	0
 1446 006a 08       		.uleb128 0x8
 1447 006b 34       		.uleb128 0x34
 1448 006c 00       		.byte	0
 1449 006d 03       		.uleb128 0x3
 1450 006e 08       		.uleb128 0x8
 1451 006f 3A       		.uleb128 0x3a
 1452 0070 0B       		.uleb128 0xb
 1453 0071 3B       		.uleb128 0x3b
 1454 0072 0B       		.uleb128 0xb
 1455 0073 49       		.uleb128 0x49
 1456 0074 13       		.uleb128 0x13
 1457 0075 02       		.uleb128 0x2
 1458 0076 17       		.uleb128 0x17
 1459 0077 00       		.byte	0
 1460 0078 00       		.byte	0
 1461 0079 09       		.uleb128 0x9
 1462 007a 898201   		.uleb128 0x4109
 1463 007d 01       		.byte	0x1
 1464 007e 11       		.uleb128 0x11
 1465 007f 01       		.uleb128 0x1
 1466 0080 31       		.uleb128 0x31
 1467 0081 13       		.uleb128 0x13
 1468 0082 01       		.uleb128 0x1
 1469 0083 13       		.uleb128 0x13
 1470 0084 00       		.byte	0
 1471 0085 00       		.byte	0
 1472 0086 0A       		.uleb128 0xa
 1473 0087 8A8201   		.uleb128 0x410a
 1474 008a 00       		.byte	0
ARM GAS  C:\Users\bamcg3\AppData\Local\Temp\cckqtzDQ.s 			page 31


 1475 008b 02       		.uleb128 0x2
 1476 008c 18       		.uleb128 0x18
 1477 008d 9142     		.uleb128 0x2111
 1478 008f 18       		.uleb128 0x18
 1479 0090 00       		.byte	0
 1480 0091 00       		.byte	0
 1481 0092 0B       		.uleb128 0xb
 1482 0093 898201   		.uleb128 0x4109
 1483 0096 00       		.byte	0
 1484 0097 11       		.uleb128 0x11
 1485 0098 01       		.uleb128 0x1
 1486 0099 31       		.uleb128 0x31
 1487 009a 13       		.uleb128 0x13
 1488 009b 00       		.byte	0
 1489 009c 00       		.byte	0
 1490 009d 0C       		.uleb128 0xc
 1491 009e 898201   		.uleb128 0x4109
 1492 00a1 01       		.byte	0x1
 1493 00a2 11       		.uleb128 0x11
 1494 00a3 01       		.uleb128 0x1
 1495 00a4 31       		.uleb128 0x31
 1496 00a5 13       		.uleb128 0x13
 1497 00a6 00       		.byte	0
 1498 00a7 00       		.byte	0
 1499 00a8 0D       		.uleb128 0xd
 1500 00a9 01       		.uleb128 0x1
 1501 00aa 01       		.byte	0x1
 1502 00ab 49       		.uleb128 0x49
 1503 00ac 13       		.uleb128 0x13
 1504 00ad 01       		.uleb128 0x1
 1505 00ae 13       		.uleb128 0x13
 1506 00af 00       		.byte	0
 1507 00b0 00       		.byte	0
 1508 00b1 0E       		.uleb128 0xe
 1509 00b2 21       		.uleb128 0x21
 1510 00b3 00       		.byte	0
 1511 00b4 49       		.uleb128 0x49
 1512 00b5 13       		.uleb128 0x13
 1513 00b6 2F       		.uleb128 0x2f
 1514 00b7 0B       		.uleb128 0xb
 1515 00b8 00       		.byte	0
 1516 00b9 00       		.byte	0
 1517 00ba 0F       		.uleb128 0xf
 1518 00bb 2E       		.uleb128 0x2e
 1519 00bc 01       		.byte	0x1
 1520 00bd 3F       		.uleb128 0x3f
 1521 00be 19       		.uleb128 0x19
 1522 00bf 03       		.uleb128 0x3
 1523 00c0 0E       		.uleb128 0xe
 1524 00c1 3A       		.uleb128 0x3a
 1525 00c2 0B       		.uleb128 0xb
 1526 00c3 3B       		.uleb128 0x3b
 1527 00c4 0B       		.uleb128 0xb
 1528 00c5 27       		.uleb128 0x27
 1529 00c6 19       		.uleb128 0x19
 1530 00c7 49       		.uleb128 0x49
 1531 00c8 13       		.uleb128 0x13
ARM GAS  C:\Users\bamcg3\AppData\Local\Temp\cckqtzDQ.s 			page 32


 1532 00c9 11       		.uleb128 0x11
 1533 00ca 01       		.uleb128 0x1
 1534 00cb 12       		.uleb128 0x12
 1535 00cc 06       		.uleb128 0x6
 1536 00cd 40       		.uleb128 0x40
 1537 00ce 18       		.uleb128 0x18
 1538 00cf 9642     		.uleb128 0x2116
 1539 00d1 19       		.uleb128 0x19
 1540 00d2 01       		.uleb128 0x1
 1541 00d3 13       		.uleb128 0x13
 1542 00d4 00       		.byte	0
 1543 00d5 00       		.byte	0
 1544 00d6 10       		.uleb128 0x10
 1545 00d7 34       		.uleb128 0x34
 1546 00d8 00       		.byte	0
 1547 00d9 03       		.uleb128 0x3
 1548 00da 0E       		.uleb128 0xe
 1549 00db 3A       		.uleb128 0x3a
 1550 00dc 0B       		.uleb128 0xb
 1551 00dd 3B       		.uleb128 0x3b
 1552 00de 0B       		.uleb128 0xb
 1553 00df 49       		.uleb128 0x49
 1554 00e0 13       		.uleb128 0x13
 1555 00e1 02       		.uleb128 0x2
 1556 00e2 17       		.uleb128 0x17
 1557 00e3 00       		.byte	0
 1558 00e4 00       		.byte	0
 1559 00e5 11       		.uleb128 0x11
 1560 00e6 34       		.uleb128 0x34
 1561 00e7 00       		.byte	0
 1562 00e8 03       		.uleb128 0x3
 1563 00e9 0E       		.uleb128 0xe
 1564 00ea 3A       		.uleb128 0x3a
 1565 00eb 0B       		.uleb128 0xb
 1566 00ec 3B       		.uleb128 0x3b
 1567 00ed 05       		.uleb128 0x5
 1568 00ee 49       		.uleb128 0x49
 1569 00ef 13       		.uleb128 0x13
 1570 00f0 3F       		.uleb128 0x3f
 1571 00f1 19       		.uleb128 0x19
 1572 00f2 3C       		.uleb128 0x3c
 1573 00f3 19       		.uleb128 0x19
 1574 00f4 00       		.byte	0
 1575 00f5 00       		.byte	0
 1576 00f6 12       		.uleb128 0x12
 1577 00f7 35       		.uleb128 0x35
 1578 00f8 00       		.byte	0
 1579 00f9 49       		.uleb128 0x49
 1580 00fa 13       		.uleb128 0x13
 1581 00fb 00       		.byte	0
 1582 00fc 00       		.byte	0
 1583 00fd 13       		.uleb128 0x13
 1584 00fe 34       		.uleb128 0x34
 1585 00ff 00       		.byte	0
 1586 0100 03       		.uleb128 0x3
 1587 0101 0E       		.uleb128 0xe
 1588 0102 3A       		.uleb128 0x3a
ARM GAS  C:\Users\bamcg3\AppData\Local\Temp\cckqtzDQ.s 			page 33


 1589 0103 0B       		.uleb128 0xb
 1590 0104 3B       		.uleb128 0x3b
 1591 0105 0B       		.uleb128 0xb
 1592 0106 49       		.uleb128 0x49
 1593 0107 13       		.uleb128 0x13
 1594 0108 3F       		.uleb128 0x3f
 1595 0109 19       		.uleb128 0x19
 1596 010a 02       		.uleb128 0x2
 1597 010b 18       		.uleb128 0x18
 1598 010c 00       		.byte	0
 1599 010d 00       		.byte	0
 1600 010e 14       		.uleb128 0x14
 1601 010f 26       		.uleb128 0x26
 1602 0110 00       		.byte	0
 1603 0111 49       		.uleb128 0x49
 1604 0112 13       		.uleb128 0x13
 1605 0113 00       		.byte	0
 1606 0114 00       		.byte	0
 1607 0115 15       		.uleb128 0x15
 1608 0116 34       		.uleb128 0x34
 1609 0117 00       		.byte	0
 1610 0118 03       		.uleb128 0x3
 1611 0119 08       		.uleb128 0x8
 1612 011a 3A       		.uleb128 0x3a
 1613 011b 0B       		.uleb128 0xb
 1614 011c 3B       		.uleb128 0x3b
 1615 011d 0B       		.uleb128 0xb
 1616 011e 49       		.uleb128 0x49
 1617 011f 13       		.uleb128 0x13
 1618 0120 3F       		.uleb128 0x3f
 1619 0121 19       		.uleb128 0x19
 1620 0122 02       		.uleb128 0x2
 1621 0123 18       		.uleb128 0x18
 1622 0124 00       		.byte	0
 1623 0125 00       		.byte	0
 1624 0126 16       		.uleb128 0x16
 1625 0127 34       		.uleb128 0x34
 1626 0128 00       		.byte	0
 1627 0129 03       		.uleb128 0x3
 1628 012a 0E       		.uleb128 0xe
 1629 012b 3A       		.uleb128 0x3a
 1630 012c 0B       		.uleb128 0xb
 1631 012d 3B       		.uleb128 0x3b
 1632 012e 0B       		.uleb128 0xb
 1633 012f 49       		.uleb128 0x49
 1634 0130 13       		.uleb128 0x13
 1635 0131 3F       		.uleb128 0x3f
 1636 0132 19       		.uleb128 0x19
 1637 0133 3C       		.uleb128 0x3c
 1638 0134 19       		.uleb128 0x19
 1639 0135 00       		.byte	0
 1640 0136 00       		.byte	0
 1641 0137 17       		.uleb128 0x17
 1642 0138 2E       		.uleb128 0x2e
 1643 0139 00       		.byte	0
 1644 013a 3F       		.uleb128 0x3f
 1645 013b 19       		.uleb128 0x19
ARM GAS  C:\Users\bamcg3\AppData\Local\Temp\cckqtzDQ.s 			page 34


 1646 013c 3C       		.uleb128 0x3c
 1647 013d 19       		.uleb128 0x19
 1648 013e 6E       		.uleb128 0x6e
 1649 013f 0E       		.uleb128 0xe
 1650 0140 03       		.uleb128 0x3
 1651 0141 0E       		.uleb128 0xe
 1652 0142 3A       		.uleb128 0x3a
 1653 0143 0B       		.uleb128 0xb
 1654 0144 3B       		.uleb128 0x3b
 1655 0145 0B       		.uleb128 0xb
 1656 0146 00       		.byte	0
 1657 0147 00       		.byte	0
 1658 0148 18       		.uleb128 0x18
 1659 0149 2E       		.uleb128 0x2e
 1660 014a 00       		.byte	0
 1661 014b 3F       		.uleb128 0x3f
 1662 014c 19       		.uleb128 0x19
 1663 014d 3C       		.uleb128 0x3c
 1664 014e 19       		.uleb128 0x19
 1665 014f 6E       		.uleb128 0x6e
 1666 0150 0E       		.uleb128 0xe
 1667 0151 03       		.uleb128 0x3
 1668 0152 0E       		.uleb128 0xe
 1669 0153 3A       		.uleb128 0x3a
 1670 0154 0B       		.uleb128 0xb
 1671 0155 3B       		.uleb128 0x3b
 1672 0156 05       		.uleb128 0x5
 1673 0157 00       		.byte	0
 1674 0158 00       		.byte	0
 1675 0159 00       		.byte	0
 1676              		.section	.debug_loc,"",%progbits
 1677              	.Ldebug_loc0:
 1678              	.LLST0:
 1679 0000 0E000000 		.4byte	.LVL0
 1680 0004 10000000 		.4byte	.LVL1
 1681 0008 0200     		.2byte	0x2
 1682 000a 30       		.byte	0x30
 1683 000b 9F       		.byte	0x9f
 1684 000c 10000000 		.4byte	.LVL1
 1685 0010 56000000 		.4byte	.LVL8
 1686 0014 0100     		.2byte	0x1
 1687 0016 54       		.byte	0x54
 1688 0017 00000000 		.4byte	0
 1689 001b 00000000 		.4byte	0
 1690              	.LLST1:
 1691 001f 0E000000 		.4byte	.LVL9
 1692 0023 10000000 		.4byte	.LVL10
 1693 0027 0200     		.2byte	0x2
 1694 0029 30       		.byte	0x30
 1695 002a 9F       		.byte	0x9f
 1696 002b 10000000 		.4byte	.LVL10
 1697 002f 48000000 		.4byte	.LVL17
 1698 0033 0100     		.2byte	0x1
 1699 0035 54       		.byte	0x54
 1700 0036 00000000 		.4byte	0
 1701 003a 00000000 		.4byte	0
 1702              	.LLST2:
ARM GAS  C:\Users\bamcg3\AppData\Local\Temp\cckqtzDQ.s 			page 35


 1703 003e 04000000 		.4byte	.LVL35
 1704 0042 F8000000 		.4byte	.LVL58
 1705 0046 0200     		.2byte	0x2
 1706 0048 30       		.byte	0x30
 1707 0049 9F       		.byte	0x9f
 1708 004a F8000000 		.4byte	.LVL58
 1709 004e 20010000 		.4byte	.LFE66
 1710 0052 0100     		.2byte	0x1
 1711 0054 50       		.byte	0x50
 1712 0055 00000000 		.4byte	0
 1713 0059 00000000 		.4byte	0
 1714              	.LLST3:
 1715 005d 0E000000 		.4byte	.LVL36
 1716 0061 10000000 		.4byte	.LVL37
 1717 0065 0200     		.2byte	0x2
 1718 0067 30       		.byte	0x30
 1719 0068 9F       		.byte	0x9f
 1720 0069 10000000 		.4byte	.LVL37
 1721 006d 42000000 		.4byte	.LVL44
 1722 0071 0100     		.2byte	0x1
 1723 0073 54       		.byte	0x54
 1724 0074 00000000 		.4byte	0
 1725 0078 00000000 		.4byte	0
 1726              	.LLST4:
 1727 007c 0E000000 		.4byte	.LVL59
 1728 0080 10000000 		.4byte	.LVL60
 1729 0084 0200     		.2byte	0x2
 1730 0086 30       		.byte	0x30
 1731 0087 9F       		.byte	0x9f
 1732 0088 10000000 		.4byte	.LVL60
 1733 008c 3C000000 		.4byte	.LVL67
 1734 0090 0100     		.2byte	0x1
 1735 0092 54       		.byte	0x54
 1736 0093 00000000 		.4byte	0
 1737 0097 00000000 		.4byte	0
 1738              	.LLST5:
 1739 009b 3A000000 		.4byte	.LVL66
 1740 009f 3E000000 		.4byte	.LVL68
 1741 00a3 0200     		.2byte	0x2
 1742 00a5 30       		.byte	0x30
 1743 00a6 9F       		.byte	0x9f
 1744 00a7 3E000000 		.4byte	.LVL68
 1745 00ab 6E000000 		.4byte	.LVL74
 1746 00af 0100     		.2byte	0x1
 1747 00b1 54       		.byte	0x54
 1748 00b2 00000000 		.4byte	0
 1749 00b6 00000000 		.4byte	0
 1750              		.section	.debug_aranges,"",%progbits
 1751 0000 34000000 		.4byte	0x34
 1752 0004 0200     		.2byte	0x2
 1753 0006 00000000 		.4byte	.Ldebug_info0
 1754 000a 04       		.byte	0x4
 1755 000b 00       		.byte	0
 1756 000c 0000     		.2byte	0
 1757 000e 0000     		.2byte	0
 1758 0010 00000000 		.4byte	.LFB64
 1759 0014 68000000 		.4byte	.LFE64-.LFB64
ARM GAS  C:\Users\bamcg3\AppData\Local\Temp\cckqtzDQ.s 			page 36


 1760 0018 00000000 		.4byte	.LFB65
 1761 001c 34010000 		.4byte	.LFE65-.LFB65
 1762 0020 00000000 		.4byte	.LFB66
 1763 0024 20010000 		.4byte	.LFE66-.LFB66
 1764 0028 00000000 		.4byte	.LFB67
 1765 002c 78000000 		.4byte	.LFE67-.LFB67
 1766 0030 00000000 		.4byte	0
 1767 0034 00000000 		.4byte	0
 1768              		.section	.debug_ranges,"",%progbits
 1769              	.Ldebug_ranges0:
 1770 0000 00000000 		.4byte	.LFB64
 1771 0004 68000000 		.4byte	.LFE64
 1772 0008 00000000 		.4byte	.LFB65
 1773 000c 34010000 		.4byte	.LFE65
 1774 0010 00000000 		.4byte	.LFB66
 1775 0014 20010000 		.4byte	.LFE66
 1776 0018 00000000 		.4byte	.LFB67
 1777 001c 78000000 		.4byte	.LFE67
 1778 0020 00000000 		.4byte	0
 1779 0024 00000000 		.4byte	0
 1780              		.section	.debug_line,"",%progbits
 1781              	.Ldebug_line0:
 1782 0000 40030000 		.section	.debug_str,"MS",%progbits,1
 1782      0200EF01 
 1782      00000201 
 1782      FB0E0D00 
 1782      01010101 
 1783              	.LASF50:
 1784 0000 74616B65 		.ascii	"takeColourMeasurement\000"
 1784      436F6C6F 
 1784      75724D65 
 1784      61737572 
 1784      656D656E 
 1785              	.LASF40:
 1786 0016 636F6C6F 		.ascii	"colour_output\000"
 1786      75725F6F 
 1786      75747075 
 1786      7400
 1787              	.LASF36:
 1788 0024 74657374 		.ascii	"test_blue\000"
 1788      5F626C75 
 1788      6500
 1789              	.LASF39:
 1790 002e 7075636B 		.ascii	"puck_output\000"
 1790      5F6F7574 
 1790      70757400 
 1791              	.LASF37:
 1792 003a 436F6C6F 		.ascii	"ColourSensingAlgorithm\000"
 1792      75725365 
 1792      6E73696E 
 1792      67416C67 
 1792      6F726974 
 1793              	.LASF19:
 1794 0051 76616C75 		.ascii	"value\000"
 1794      6500
 1795              	.LASF9:
 1796 0057 5F5F696E 		.ascii	"__int32_t\000"
ARM GAS  C:\Users\bamcg3\AppData\Local\Temp\cckqtzDQ.s 			page 37


 1796      7433325F 
 1796      7400
 1797              	.LASF21:
 1798 0061 63616C69 		.ascii	"calibrate\000"
 1798      62726174 
 1798      6500
 1799              	.LASF48:
 1800 006b 636F6C6F 		.ascii	"colour.c\000"
 1800      75722E63 
 1800      00
 1801              	.LASF10:
 1802 0074 696E7433 		.ascii	"int32_t\000"
 1802      325F7400 
 1803              	.LASF11:
 1804 007c 666C6F61 		.ascii	"float\000"
 1804      7400
 1805              	.LASF1:
 1806 0082 756E7369 		.ascii	"unsigned char\000"
 1806      676E6564 
 1806      20636861 
 1806      7200
 1807              	.LASF17:
 1808 0090 436F6C6F 		.ascii	"ColourSensingInitialise\000"
 1808      75725365 
 1808      6E73696E 
 1808      67496E69 
 1808      7469616C 
 1809              	.LASF24:
 1810 00a8 70645F76 		.ascii	"pd_voltage\000"
 1810      6F6C7461 
 1810      676500
 1811              	.LASF5:
 1812 00b3 6C6F6E67 		.ascii	"long unsigned int\000"
 1812      20756E73 
 1812      69676E65 
 1812      6420696E 
 1812      7400
 1813              	.LASF25:
 1814 00c5 696E7075 		.ascii	"input_current\000"
 1814      745F6375 
 1814      7272656E 
 1814      7400
 1815              	.LASF3:
 1816 00d3 73686F72 		.ascii	"short unsigned int\000"
 1816      7420756E 
 1816      7369676E 
 1816      65642069 
 1816      6E7400
 1817              	.LASF22:
 1818 00e6 49544D5F 		.ascii	"ITM_RxBuffer\000"
 1818      52784275 
 1818      66666572 
 1818      00
 1819              	.LASF12:
 1820 00f3 646F7562 		.ascii	"double\000"
 1820      6C6500
 1821              	.LASF14:
ARM GAS  C:\Users\bamcg3\AppData\Local\Temp\cckqtzDQ.s 			page 38


 1822 00fa 6C6F6E67 		.ascii	"long double\000"
 1822      20646F75 
 1822      626C6500 
 1823              	.LASF35:
 1824 0106 74657374 		.ascii	"test_green\000"
 1824      5F677265 
 1824      656E00
 1825              	.LASF33:
 1826 0111 74657374 		.ascii	"test_white\000"
 1826      5F776869 
 1826      746500
 1827              	.LASF34:
 1828 011c 74657374 		.ascii	"test_red\000"
 1828      5F726564 
 1828      00
 1829              	.LASF45:
 1830 0125 726F756E 		.ascii	"round\000"
 1830      6400
 1831              	.LASF28:
 1832 012b 616D6269 		.ascii	"ambient_current\000"
 1832      656E745F 
 1832      63757272 
 1832      656E7400 
 1833              	.LASF16:
 1834 013b 74657374 		.ascii	"test\000"
 1834      00
 1835              	.LASF8:
 1836 0140 756E7369 		.ascii	"unsigned int\000"
 1836      676E6564 
 1836      20696E74 
 1836      00
 1837              	.LASF7:
 1838 014d 6C6F6E67 		.ascii	"long long unsigned int\000"
 1838      206C6F6E 
 1838      6720756E 
 1838      7369676E 
 1838      65642069 
 1839              	.LASF30:
 1840 0164 616D6269 		.ascii	"ambient_red\000"
 1840      656E745F 
 1840      72656400 
 1841              	.LASF47:
 1842 0170 474E5520 		.ascii	"GNU C11 5.4.1 20160609 (release) [ARM/embedded-5-br"
 1842      43313120 
 1842      352E342E 
 1842      31203230 
 1842      31363036 
 1843 01a3 616E6368 		.ascii	"anch revision 237715] -mcpu=cortex-m3 -mthumb -g -O"
 1843      20726576 
 1843      6973696F 
 1843      6E203233 
 1843      37373135 
 1844 01d6 67202D66 		.ascii	"g -ffunction-sections -ffat-lto-objects\000"
 1844      66756E63 
 1844      74696F6E 
 1844      2D736563 
 1844      74696F6E 
ARM GAS  C:\Users\bamcg3\AppData\Local\Temp\cckqtzDQ.s 			page 39


 1845              	.LASF49:
 1846 01fe 5C5C6164 		.ascii	"\\\\ad.monash.edu\\home\\User026\\bamcg3\\Documents"
 1846      2E6D6F6E 
 1846      6173682E 
 1846      6564755C 
 1846      686F6D65 
 1847 022b 5C476974 		.ascii	"\\GitHub\\ECE3091_Group17\\Group17RobotReal\\Group1"
 1847      4875625C 
 1847      45434533 
 1847      3039315F 
 1847      47726F75 
 1848 025a 37526F62 		.ascii	"7Robot.cydsn\000"
 1848      6F742E63 
 1848      7964736E 
 1848      00
 1849              	.LASF15:
 1850 0267 73697A65 		.ascii	"sizetype\000"
 1850      74797065 
 1850      00
 1851              	.LASF43:
 1852 0270 4144435F 		.ascii	"ADC_Read32\000"
 1852      52656164 
 1852      333200
 1853              	.LASF38:
 1854 027b 7075636B 		.ascii	"puck_all\000"
 1854      5F616C6C 
 1854      00
 1855              	.LASF6:
 1856 0284 6C6F6E67 		.ascii	"long long int\000"
 1856      206C6F6E 
 1856      6720696E 
 1856      7400
 1857              	.LASF13:
 1858 0292 63686172 		.ascii	"char\000"
 1858      00
 1859              	.LASF2:
 1860 0297 73686F72 		.ascii	"short int\000"
 1860      7420696E 
 1860      7400
 1861              	.LASF27:
 1862 02a1 6F757470 		.ascii	"output\000"
 1862      757400
 1863              	.LASF23:
 1864 02a8 7472616E 		.ascii	"trans\000"
 1864      7300
 1865              	.LASF18:
 1866 02ae 436F6C6F 		.ascii	"ColourSensingDebug\000"
 1866      75725365 
 1866      6E73696E 
 1866      67446562 
 1866      756700
 1867              	.LASF32:
 1868 02c1 616D6269 		.ascii	"ambient_blue\000"
 1868      656E745F 
 1868      626C7565 
 1868      00
 1869              	.LASF41:
ARM GAS  C:\Users\bamcg3\AppData\Local\Temp\cckqtzDQ.s 			page 40


 1870 02ce 636F6E74 		.ascii	"control_led_Write\000"
 1870      726F6C5F 
 1870      6C65645F 
 1870      57726974 
 1870      6500
 1871              	.LASF4:
 1872 02e0 6C6F6E67 		.ascii	"long int\000"
 1872      20696E74 
 1872      00
 1873              	.LASF31:
 1874 02e9 616D6269 		.ascii	"ambient_green\000"
 1874      656E745F 
 1874      67726565 
 1874      6E00
 1875              	.LASF29:
 1876 02f7 616D6269 		.ascii	"ambient_white\000"
 1876      656E745F 
 1876      77686974 
 1876      6500
 1877              	.LASF0:
 1878 0305 7369676E 		.ascii	"signed char\000"
 1878      65642063 
 1878      68617200 
 1879              	.LASF26:
 1880 0311 73746F72 		.ascii	"stored\000"
 1880      656400
 1881              	.LASF44:
 1882 0318 55415254 		.ascii	"UART_1_PutString\000"
 1882      5F315F50 
 1882      75745374 
 1882      72696E67 
 1882      00
 1883              	.LASF46:
 1884 0329 73707269 		.ascii	"sprintf\000"
 1884      6E746600 
 1885              	.LASF42:
 1886 0331 43794465 		.ascii	"CyDelay\000"
 1886      6C617900 
 1887              	.LASF20:
 1888 0339 436F6C6F 		.ascii	"ColourSensingCalibration\000"
 1888      75725365 
 1888      6E73696E 
 1888      6743616C 
 1888      69627261 
 1889              		.ident	"GCC: (GNU Tools for ARM Embedded Processors) 5.4.1 20160609 (release) [ARM/embedded-5-bran
