ARM GAS  C:\Users\Misha\AppData\Local\Temp\cckgopyT.s 			page 1


   1              		.syntax unified
   2              		.cpu cortex-m3
   3              		.fpu softvfp
   4              		.eabi_attribute 20, 1
   5              		.eabi_attribute 21, 1
   6              		.eabi_attribute 23, 3
   7              		.eabi_attribute 24, 1
   8              		.eabi_attribute 25, 1
   9              		.eabi_attribute 26, 1
  10              		.eabi_attribute 30, 1
  11              		.eabi_attribute 34, 1
  12              		.eabi_attribute 18, 4
  13              		.thumb
  14              		.syntax unified
  15              		.file	"customMath.c"
  16              		.text
  17              	.Ltext0:
  18              		.cfi_sections	.debug_frame
  19              		.global	__aeabi_fadd
  20              		.global	__aeabi_fmul
  21              		.section	.text.averageSensor,"ax",%progbits
  22              		.align	2
  23              		.global	averageSensor
  24              		.thumb
  25              		.thumb_func
  26              		.type	averageSensor, %function
  27              	averageSensor:
  28              	.LFB64:
  29              		.file 1 "customMath.c"
   1:customMath.c  **** /* ========================================
   2:customMath.c  ****  *
   3:customMath.c  ****  * Copyright YOUR COMPANY, THE YEAR
   4:customMath.c  ****  * All Rights Reserved
   5:customMath.c  ****  * UNPUBLISHED, LICENSED SOFTWARE.
   6:customMath.c  ****  *
   7:customMath.c  ****  * CONFIDENTIAL AND PROPRIETARY INFORMATION
   8:customMath.c  ****  * WHICH IS THE PROPERTY OF your company.
   9:customMath.c  ****  *
  10:customMath.c  ****  * ========================================
  11:customMath.c  **** */
  12:customMath.c  **** // * PSOC LIBRARY * //
  13:customMath.c  **** #include "project.h"
  14:customMath.c  **** 
  15:customMath.c  **** // * C LIBRARIES * // 
  16:customMath.c  **** #include <stdio.h>
  17:customMath.c  **** #include <math.h>
  18:customMath.c  **** 
  19:customMath.c  **** // * OUR LIBRARIES * //
  20:customMath.c  **** #include "main.h"
  21:customMath.c  **** #include "colour.h"
  22:customMath.c  **** #include "ultrasonic.h" 
  23:customMath.c  **** #include "dcmotor.h"
  24:customMath.c  **** #include "servo.h"
  25:customMath.c  **** #include "mishamotor.h"
  26:customMath.c  **** #include "customMath.h"
  27:customMath.c  **** 
  28:customMath.c  **** float averageSensor(float num1, float num2){
ARM GAS  C:\Users\Misha\AppData\Local\Temp\cckgopyT.s 			page 2


  30              		.loc 1 28 0
  31              		.cfi_startproc
  32              		@ args = 0, pretend = 0, frame = 0
  33              		@ frame_needed = 0, uses_anonymous_args = 0
  34              	.LVL0:
  35 0000 08B5     		push	{r3, lr}
  36              		.cfi_def_cfa_offset 8
  37              		.cfi_offset 3, -8
  38              		.cfi_offset 14, -4
  29:customMath.c  ****     return (num1 + num2) / 2;
  39              		.loc 1 29 0
  40 0002 FFF7FEFF 		bl	__aeabi_fadd
  41              	.LVL1:
  42 0006 4FF07C51 		mov	r1, #1056964608
  43 000a FFF7FEFF 		bl	__aeabi_fmul
  44              	.LVL2:
  30:customMath.c  **** }
  45              		.loc 1 30 0
  46 000e 08BD     		pop	{r3, pc}
  47              		.cfi_endproc
  48              	.LFE64:
  49              		.size	averageSensor, .-averageSensor
  50              		.section	.text.roundDirection,"ax",%progbits
  51              		.align	2
  52              		.global	roundDirection
  53              		.thumb
  54              		.thumb_func
  55              		.type	roundDirection, %function
  56              	roundDirection:
  57              	.LFB65:
  31:customMath.c  **** // Round the current direction into cardinal directions
  32:customMath.c  **** int roundDirection(){
  58              		.loc 1 32 0
  59              		.cfi_startproc
  60              		@ args = 0, pretend = 0, frame = 0
  61              		@ frame_needed = 0, uses_anonymous_args = 0
  62              		@ link register save eliminated.
  33:customMath.c  ****     if (currentOrientation < 45 && currentOrientation > 315){
  34:customMath.c  ****     return NORTH;}
  35:customMath.c  ****     else if (currentOrientation >= 45 && currentOrientation < 135){
  63              		.loc 1 35 0
  64 0000 074B     		ldr	r3, .L7
  65 0002 1B68     		ldr	r3, [r3]
  66 0004 A3F12D02 		sub	r2, r3, #45
  67 0008 592A     		cmp	r2, #89
  68 000a 04D9     		bls	.L5
  36:customMath.c  ****     return EAST;}
  37:customMath.c  ****     else if (currentOrientation >= 135 && currentOrientation < 225){
  69              		.loc 1 37 0
  70 000c 873B     		subs	r3, r3, #135
  71 000e 592B     		cmp	r3, #89
  72 0010 03D8     		bhi	.L6
  38:customMath.c  ****     return SOUTH;}
  73              		.loc 1 38 0
  74 0012 0220     		movs	r0, #2
  75 0014 7047     		bx	lr
  76              	.L5:
ARM GAS  C:\Users\Misha\AppData\Local\Temp\cckgopyT.s 			page 3


  36:customMath.c  ****     return EAST;}
  77              		.loc 1 36 0
  78 0016 0120     		movs	r0, #1
  79 0018 7047     		bx	lr
  80              	.L6:
  39:customMath.c  ****     else {return WEST;}
  81              		.loc 1 39 0
  82 001a 0320     		movs	r0, #3
  40:customMath.c  **** }
  83              		.loc 1 40 0
  84 001c 7047     		bx	lr
  85              	.L8:
  86 001e 00BF     		.align	2
  87              	.L7:
  88 0020 00000000 		.word	currentOrientation
  89              		.cfi_endproc
  90              	.LFE65:
  91              		.size	roundDirection, .-roundDirection
  92              		.comm	motor2EncoderCounts,4,4
  93              		.comm	motor1EncoderCounts,4,4
  94              		.comm	M2_BD,4,4
  95              		.comm	M2_FD,4,4
  96              		.comm	M1_BD,4,4
  97              		.comm	M1_FD,4,4
  98              		.comm	motor2Enable,2,2
  99              		.comm	motor1Enable,2,2
 100              		.comm	initialisation,4,4
 101              		.comm	output,32,4
 102              		.comm	turningRightFlag,2,2
 103              		.comm	turningLeftFlag,2,2
 104              		.comm	drivingBackwardFlag,2,2
 105              		.comm	drivingForwardFlag,2,2
 106              		.comm	puckPileLocation,4,4
 107              		.comm	block_edge_location,16,4
 108              		.comm	sweeping,4,4
 109              		.comm	puckRackOffsetsFromWest,20,4
 110              		.comm	puckRackColours,20,4
 111              		.comm	currentPuckRackScanningIndex,4,4
 112              		.comm	driveStraightEnable,4,4
 113              		.text
 114              	.Letext0:
 115              		.file 2 "c:\\program files (x86)\\cypress\\psoc creator\\4.2\\psoc creator\\import\\gnu\\arm\\5.4.
 116              		.file 3 "c:\\program files (x86)\\cypress\\psoc creator\\4.2\\psoc creator\\import\\gnu\\arm\\5.4.
 117              		.file 4 "Generated_Source\\PSoC5/core_cm3.h"
 118              		.file 5 "ultrasonic.h"
 119              		.file 6 "main.h"
 120              		.file 7 "dcmotor.h"
 121              		.file 8 "customMath.h"
 122              		.section	.debug_info,"",%progbits
 123              	.Ldebug_info0:
 124 0000 9F020000 		.4byte	0x29f
 125 0004 0400     		.2byte	0x4
 126 0006 00000000 		.4byte	.Ldebug_abbrev0
 127 000a 04       		.byte	0x4
 128 000b 01       		.uleb128 0x1
 129 000c A9000000 		.4byte	.LASF41
 130 0010 0C       		.byte	0xc
ARM GAS  C:\Users\Misha\AppData\Local\Temp\cckgopyT.s 			page 4


 131 0011 37010000 		.4byte	.LASF42
 132 0015 BC010000 		.4byte	.LASF43
 133 0019 00000000 		.4byte	.Ldebug_ranges0+0
 134 001d 00000000 		.4byte	0
 135 0021 00000000 		.4byte	.Ldebug_line0
 136 0025 02       		.uleb128 0x2
 137 0026 04       		.byte	0x4
 138 0027 04       		.byte	0x4
 139 0028 78000000 		.4byte	.LASF0
 140 002c 02       		.uleb128 0x2
 141 002d 01       		.byte	0x1
 142 002e 06       		.byte	0x6
 143 002f 0C030000 		.4byte	.LASF1
 144 0033 02       		.uleb128 0x2
 145 0034 01       		.byte	0x1
 146 0035 08       		.byte	0x8
 147 0036 9B000000 		.4byte	.LASF2
 148 003a 02       		.uleb128 0x2
 149 003b 02       		.byte	0x2
 150 003c 05       		.byte	0x5
 151 003d E9020000 		.4byte	.LASF3
 152 0041 02       		.uleb128 0x2
 153 0042 02       		.byte	0x2
 154 0043 07       		.byte	0x7
 155 0044 61010000 		.4byte	.LASF4
 156 0048 03       		.uleb128 0x3
 157 0049 1B000000 		.4byte	.LASF10
 158 004d 02       		.byte	0x2
 159 004e 3F       		.byte	0x3f
 160 004f 53000000 		.4byte	0x53
 161 0053 02       		.uleb128 0x2
 162 0054 04       		.byte	0x4
 163 0055 05       		.byte	0x5
 164 0056 FA020000 		.4byte	.LASF5
 165 005a 02       		.uleb128 0x2
 166 005b 04       		.byte	0x4
 167 005c 07       		.byte	0x7
 168 005d 4F010000 		.4byte	.LASF6
 169 0061 02       		.uleb128 0x2
 170 0062 08       		.byte	0x8
 171 0063 05       		.byte	0x5
 172 0064 00000000 		.4byte	.LASF7
 173 0068 02       		.uleb128 0x2
 174 0069 08       		.byte	0x8
 175 006a 07       		.byte	0x7
 176 006b 54020000 		.4byte	.LASF8
 177 006f 04       		.uleb128 0x4
 178 0070 04       		.byte	0x4
 179 0071 05       		.byte	0x5
 180 0072 696E7400 		.ascii	"int\000"
 181 0076 02       		.uleb128 0x2
 182 0077 04       		.byte	0x4
 183 0078 07       		.byte	0x7
 184 0079 47020000 		.4byte	.LASF9
 185 007d 03       		.uleb128 0x3
 186 007e 57000000 		.4byte	.LASF11
 187 0082 03       		.byte	0x3
ARM GAS  C:\Users\Misha\AppData\Local\Temp\cckgopyT.s 			page 5


 188 0083 2C       		.byte	0x2c
 189 0084 48000000 		.4byte	0x48
 190 0088 02       		.uleb128 0x2
 191 0089 08       		.byte	0x8
 192 008a 04       		.byte	0x4
 193 008b 42000000 		.4byte	.LASF12
 194 008f 02       		.uleb128 0x2
 195 0090 01       		.byte	0x1
 196 0091 08       		.byte	0x8
 197 0092 BD020000 		.4byte	.LASF13
 198 0096 02       		.uleb128 0x2
 199 0097 08       		.byte	0x8
 200 0098 04       		.byte	0x4
 201 0099 94020000 		.4byte	.LASF14
 202 009d 02       		.uleb128 0x2
 203 009e 04       		.byte	0x4
 204 009f 07       		.byte	0x7
 205 00a0 A0020000 		.4byte	.LASF15
 206 00a4 05       		.uleb128 0x5
 207 00a5 49000000 		.4byte	.LASF44
 208 00a9 01       		.byte	0x1
 209 00aa 1C       		.byte	0x1c
 210 00ab 25000000 		.4byte	0x25
 211 00af 00000000 		.4byte	.LFB64
 212 00b3 10000000 		.4byte	.LFE64-.LFB64
 213 00b7 01       		.uleb128 0x1
 214 00b8 9C       		.byte	0x9c
 215 00b9 DC000000 		.4byte	0xdc
 216 00bd 06       		.uleb128 0x6
 217 00be 73000000 		.4byte	.LASF16
 218 00c2 01       		.byte	0x1
 219 00c3 1C       		.byte	0x1c
 220 00c4 25000000 		.4byte	0x25
 221 00c8 00000000 		.4byte	.LLST0
 222 00cc 06       		.uleb128 0x6
 223 00cd 44010000 		.4byte	.LASF17
 224 00d1 01       		.byte	0x1
 225 00d2 1C       		.byte	0x1c
 226 00d3 25000000 		.4byte	0x25
 227 00d7 23000000 		.4byte	.LLST1
 228 00db 00       		.byte	0
 229 00dc 07       		.uleb128 0x7
 230 00dd 6B020000 		.4byte	.LASF45
 231 00e1 01       		.byte	0x1
 232 00e2 20       		.byte	0x20
 233 00e3 6F000000 		.4byte	0x6f
 234 00e7 00000000 		.4byte	.LFB65
 235 00eb 24000000 		.4byte	.LFE65-.LFB65
 236 00ef 01       		.uleb128 0x1
 237 00f0 9C       		.byte	0x9c
 238 00f1 08       		.uleb128 0x8
 239 00f2 84010000 		.4byte	.LASF18
 240 00f6 04       		.byte	0x4
 241 00f7 1207     		.2byte	0x712
 242 00f9 FD000000 		.4byte	0xfd
 243 00fd 09       		.uleb128 0x9
 244 00fe 7D000000 		.4byte	0x7d
ARM GAS  C:\Users\Misha\AppData\Local\Temp\cckgopyT.s 			page 6


 245 0102 0A       		.uleb128 0xa
 246 0103 A9020000 		.4byte	.LASF19
 247 0107 05       		.byte	0x5
 248 0108 1F       		.byte	0x1f
 249 0109 6F000000 		.4byte	0x6f
 250 010d 05       		.uleb128 0x5
 251 010e 03       		.byte	0x3
 252 010f 00000000 		.4byte	driveStraightEnable
 253 0113 0A       		.uleb128 0xa
 254 0114 7E000000 		.4byte	.LASF20
 255 0118 05       		.byte	0x5
 256 0119 21       		.byte	0x21
 257 011a 6F000000 		.4byte	0x6f
 258 011e 05       		.uleb128 0x5
 259 011f 03       		.byte	0x3
 260 0120 00000000 		.4byte	currentPuckRackScanningIndex
 261 0124 0B       		.uleb128 0xb
 262 0125 6F000000 		.4byte	0x6f
 263 0129 34010000 		.4byte	0x134
 264 012d 0C       		.uleb128 0xc
 265 012e 9D000000 		.4byte	0x9d
 266 0132 04       		.byte	0x4
 267 0133 00       		.byte	0
 268 0134 0A       		.uleb128 0xa
 269 0135 32000000 		.4byte	.LASF21
 270 0139 05       		.byte	0x5
 271 013a 22       		.byte	0x22
 272 013b 24010000 		.4byte	0x124
 273 013f 05       		.uleb128 0x5
 274 0140 03       		.byte	0x3
 275 0141 00000000 		.4byte	puckRackColours
 276 0145 0A       		.uleb128 0xa
 277 0146 16020000 		.4byte	.LASF22
 278 014a 05       		.byte	0x5
 279 014b 23       		.byte	0x23
 280 014c 24010000 		.4byte	0x124
 281 0150 05       		.uleb128 0x5
 282 0151 03       		.byte	0x3
 283 0152 00000000 		.4byte	puckRackOffsetsFromWest
 284 0156 0A       		.uleb128 0xa
 285 0157 03030000 		.4byte	.LASF23
 286 015b 05       		.byte	0x5
 287 015c 24       		.byte	0x24
 288 015d 6F000000 		.4byte	0x6f
 289 0161 05       		.uleb128 0x5
 290 0162 03       		.byte	0x3
 291 0163 00000000 		.4byte	sweeping
 292 0167 0B       		.uleb128 0xb
 293 0168 25000000 		.4byte	0x25
 294 016c 77010000 		.4byte	0x177
 295 0170 0C       		.uleb128 0xc
 296 0171 9D000000 		.4byte	0x9d
 297 0175 03       		.byte	0x3
 298 0176 00       		.byte	0
 299 0177 0A       		.uleb128 0xa
 300 0178 A8010000 		.4byte	.LASF24
 301 017c 05       		.byte	0x5
ARM GAS  C:\Users\Misha\AppData\Local\Temp\cckgopyT.s 			page 7


 302 017d 25       		.byte	0x25
 303 017e 67010000 		.4byte	0x167
 304 0182 05       		.uleb128 0x5
 305 0183 03       		.byte	0x3
 306 0184 00000000 		.4byte	block_edge_location
 307 0188 0A       		.uleb128 0xa
 308 0189 91010000 		.4byte	.LASF25
 309 018d 06       		.byte	0x6
 310 018e 7A       		.byte	0x7a
 311 018f 25000000 		.4byte	0x25
 312 0193 05       		.uleb128 0x5
 313 0194 03       		.byte	0x3
 314 0195 00000000 		.4byte	puckPileLocation
 315 0199 0A       		.uleb128 0xa
 316 019a 2E020000 		.4byte	.LASF26
 317 019e 07       		.byte	0x7
 318 019f 3D       		.byte	0x3d
 319 01a0 3A000000 		.4byte	0x3a
 320 01a4 05       		.uleb128 0x5
 321 01a5 03       		.byte	0x3
 322 01a6 00000000 		.4byte	drivingForwardFlag
 323 01aa 0A       		.uleb128 0xa
 324 01ab 7A020000 		.4byte	.LASF27
 325 01af 07       		.byte	0x7
 326 01b0 3E       		.byte	0x3e
 327 01b1 3A000000 		.4byte	0x3a
 328 01b5 05       		.uleb128 0x5
 329 01b6 03       		.byte	0x3
 330 01b7 00000000 		.4byte	drivingBackwardFlag
 331 01bb 0A       		.uleb128 0xa
 332 01bc 74010000 		.4byte	.LASF28
 333 01c0 07       		.byte	0x7
 334 01c1 3F       		.byte	0x3f
 335 01c2 3A000000 		.4byte	0x3a
 336 01c6 05       		.uleb128 0x5
 337 01c7 03       		.byte	0x3
 338 01c8 00000000 		.4byte	turningLeftFlag
 339 01cc 0A       		.uleb128 0xa
 340 01cd 27030000 		.4byte	.LASF29
 341 01d1 07       		.byte	0x7
 342 01d2 40       		.byte	0x40
 343 01d3 3A000000 		.4byte	0x3a
 344 01d7 05       		.uleb128 0x5
 345 01d8 03       		.byte	0x3
 346 01d9 00000000 		.4byte	turningRightFlag
 347 01dd 0A       		.uleb128 0xa
 348 01de 18030000 		.4byte	.LASF30
 349 01e2 05       		.byte	0x5
 350 01e3 2D       		.byte	0x2d
 351 01e4 6F000000 		.4byte	0x6f
 352 01e8 05       		.uleb128 0x5
 353 01e9 03       		.byte	0x3
 354 01ea 00000000 		.4byte	initialisation
 355 01ee 0B       		.uleb128 0xb
 356 01ef 8F000000 		.4byte	0x8f
 357 01f3 FE010000 		.4byte	0x1fe
 358 01f7 0C       		.uleb128 0xc
ARM GAS  C:\Users\Misha\AppData\Local\Temp\cckgopyT.s 			page 8


 359 01f8 9D000000 		.4byte	0x9d
 360 01fc 1F       		.byte	0x1f
 361 01fd 00       		.byte	0
 362 01fe 0A       		.uleb128 0xa
 363 01ff F3020000 		.4byte	.LASF31
 364 0203 07       		.byte	0x7
 365 0204 48       		.byte	0x48
 366 0205 EE010000 		.4byte	0x1ee
 367 0209 05       		.uleb128 0x5
 368 020a 03       		.byte	0x3
 369 020b 00000000 		.4byte	output
 370 020f 0A       		.uleb128 0xa
 371 0210 A2010000 		.4byte	.LASF32
 372 0214 07       		.byte	0x7
 373 0215 2D       		.byte	0x2d
 374 0216 6F000000 		.4byte	0x6f
 375 021a 05       		.uleb128 0x5
 376 021b 03       		.byte	0x3
 377 021c 00000000 		.4byte	M1_FD
 378 0220 0A       		.uleb128 0xa
 379 0221 49010000 		.4byte	.LASF33
 380 0225 07       		.byte	0x7
 381 0226 2E       		.byte	0x2e
 382 0227 6F000000 		.4byte	0x6f
 383 022b 05       		.uleb128 0x5
 384 022c 03       		.byte	0x3
 385 022d 00000000 		.4byte	M1_BD
 386 0231 0A       		.uleb128 0xa
 387 0232 8E020000 		.4byte	.LASF34
 388 0236 07       		.byte	0x7
 389 0237 2F       		.byte	0x2f
 390 0238 6F000000 		.4byte	0x6f
 391 023c 05       		.uleb128 0x5
 392 023d 03       		.byte	0x3
 393 023e 00000000 		.4byte	M2_FD
 394 0242 0A       		.uleb128 0xa
 395 0243 41020000 		.4byte	.LASF35
 396 0247 07       		.byte	0x7
 397 0248 30       		.byte	0x30
 398 0249 6F000000 		.4byte	0x6f
 399 024d 05       		.uleb128 0x5
 400 024e 03       		.byte	0x3
 401 024f 00000000 		.4byte	M2_BD
 402 0253 0A       		.uleb128 0xa
 403 0254 0E000000 		.4byte	.LASF36
 404 0258 07       		.byte	0x7
 405 0259 2B       		.byte	0x2b
 406 025a 3A000000 		.4byte	0x3a
 407 025e 05       		.uleb128 0x5
 408 025f 03       		.byte	0x3
 409 0260 00000000 		.4byte	motor1Enable
 410 0264 0A       		.uleb128 0xa
 411 0265 25000000 		.4byte	.LASF37
 412 0269 07       		.byte	0x7
 413 026a 2C       		.byte	0x2c
 414 026b 3A000000 		.4byte	0x3a
 415 026f 05       		.uleb128 0x5
ARM GAS  C:\Users\Misha\AppData\Local\Temp\cckgopyT.s 			page 9


 416 0270 03       		.byte	0x3
 417 0271 00000000 		.4byte	motor2Enable
 418 0275 0A       		.uleb128 0xa
 419 0276 5F000000 		.4byte	.LASF38
 420 027a 07       		.byte	0x7
 421 027b 31       		.byte	0x31
 422 027c 6F000000 		.4byte	0x6f
 423 0280 05       		.uleb128 0x5
 424 0281 03       		.byte	0x3
 425 0282 00000000 		.4byte	motor1EncoderCounts
 426 0286 0A       		.uleb128 0xa
 427 0287 C2020000 		.4byte	.LASF39
 428 028b 07       		.byte	0x7
 429 028c 32       		.byte	0x32
 430 028d 6F000000 		.4byte	0x6f
 431 0291 05       		.uleb128 0x5
 432 0292 03       		.byte	0x3
 433 0293 00000000 		.4byte	motor2EncoderCounts
 434 0297 0D       		.uleb128 0xd
 435 0298 D6020000 		.4byte	.LASF40
 436 029c 08       		.byte	0x8
 437 029d 10       		.byte	0x10
 438 029e 6F000000 		.4byte	0x6f
 439 02a2 00       		.byte	0
 440              		.section	.debug_abbrev,"",%progbits
 441              	.Ldebug_abbrev0:
 442 0000 01       		.uleb128 0x1
 443 0001 11       		.uleb128 0x11
 444 0002 01       		.byte	0x1
 445 0003 25       		.uleb128 0x25
 446 0004 0E       		.uleb128 0xe
 447 0005 13       		.uleb128 0x13
 448 0006 0B       		.uleb128 0xb
 449 0007 03       		.uleb128 0x3
 450 0008 0E       		.uleb128 0xe
 451 0009 1B       		.uleb128 0x1b
 452 000a 0E       		.uleb128 0xe
 453 000b 55       		.uleb128 0x55
 454 000c 17       		.uleb128 0x17
 455 000d 11       		.uleb128 0x11
 456 000e 01       		.uleb128 0x1
 457 000f 10       		.uleb128 0x10
 458 0010 17       		.uleb128 0x17
 459 0011 00       		.byte	0
 460 0012 00       		.byte	0
 461 0013 02       		.uleb128 0x2
 462 0014 24       		.uleb128 0x24
 463 0015 00       		.byte	0
 464 0016 0B       		.uleb128 0xb
 465 0017 0B       		.uleb128 0xb
 466 0018 3E       		.uleb128 0x3e
 467 0019 0B       		.uleb128 0xb
 468 001a 03       		.uleb128 0x3
 469 001b 0E       		.uleb128 0xe
 470 001c 00       		.byte	0
 471 001d 00       		.byte	0
 472 001e 03       		.uleb128 0x3
ARM GAS  C:\Users\Misha\AppData\Local\Temp\cckgopyT.s 			page 10


 473 001f 16       		.uleb128 0x16
 474 0020 00       		.byte	0
 475 0021 03       		.uleb128 0x3
 476 0022 0E       		.uleb128 0xe
 477 0023 3A       		.uleb128 0x3a
 478 0024 0B       		.uleb128 0xb
 479 0025 3B       		.uleb128 0x3b
 480 0026 0B       		.uleb128 0xb
 481 0027 49       		.uleb128 0x49
 482 0028 13       		.uleb128 0x13
 483 0029 00       		.byte	0
 484 002a 00       		.byte	0
 485 002b 04       		.uleb128 0x4
 486 002c 24       		.uleb128 0x24
 487 002d 00       		.byte	0
 488 002e 0B       		.uleb128 0xb
 489 002f 0B       		.uleb128 0xb
 490 0030 3E       		.uleb128 0x3e
 491 0031 0B       		.uleb128 0xb
 492 0032 03       		.uleb128 0x3
 493 0033 08       		.uleb128 0x8
 494 0034 00       		.byte	0
 495 0035 00       		.byte	0
 496 0036 05       		.uleb128 0x5
 497 0037 2E       		.uleb128 0x2e
 498 0038 01       		.byte	0x1
 499 0039 3F       		.uleb128 0x3f
 500 003a 19       		.uleb128 0x19
 501 003b 03       		.uleb128 0x3
 502 003c 0E       		.uleb128 0xe
 503 003d 3A       		.uleb128 0x3a
 504 003e 0B       		.uleb128 0xb
 505 003f 3B       		.uleb128 0x3b
 506 0040 0B       		.uleb128 0xb
 507 0041 27       		.uleb128 0x27
 508 0042 19       		.uleb128 0x19
 509 0043 49       		.uleb128 0x49
 510 0044 13       		.uleb128 0x13
 511 0045 11       		.uleb128 0x11
 512 0046 01       		.uleb128 0x1
 513 0047 12       		.uleb128 0x12
 514 0048 06       		.uleb128 0x6
 515 0049 40       		.uleb128 0x40
 516 004a 18       		.uleb128 0x18
 517 004b 9642     		.uleb128 0x2116
 518 004d 19       		.uleb128 0x19
 519 004e 01       		.uleb128 0x1
 520 004f 13       		.uleb128 0x13
 521 0050 00       		.byte	0
 522 0051 00       		.byte	0
 523 0052 06       		.uleb128 0x6
 524 0053 05       		.uleb128 0x5
 525 0054 00       		.byte	0
 526 0055 03       		.uleb128 0x3
 527 0056 0E       		.uleb128 0xe
 528 0057 3A       		.uleb128 0x3a
 529 0058 0B       		.uleb128 0xb
ARM GAS  C:\Users\Misha\AppData\Local\Temp\cckgopyT.s 			page 11


 530 0059 3B       		.uleb128 0x3b
 531 005a 0B       		.uleb128 0xb
 532 005b 49       		.uleb128 0x49
 533 005c 13       		.uleb128 0x13
 534 005d 02       		.uleb128 0x2
 535 005e 17       		.uleb128 0x17
 536 005f 00       		.byte	0
 537 0060 00       		.byte	0
 538 0061 07       		.uleb128 0x7
 539 0062 2E       		.uleb128 0x2e
 540 0063 00       		.byte	0
 541 0064 3F       		.uleb128 0x3f
 542 0065 19       		.uleb128 0x19
 543 0066 03       		.uleb128 0x3
 544 0067 0E       		.uleb128 0xe
 545 0068 3A       		.uleb128 0x3a
 546 0069 0B       		.uleb128 0xb
 547 006a 3B       		.uleb128 0x3b
 548 006b 0B       		.uleb128 0xb
 549 006c 49       		.uleb128 0x49
 550 006d 13       		.uleb128 0x13
 551 006e 11       		.uleb128 0x11
 552 006f 01       		.uleb128 0x1
 553 0070 12       		.uleb128 0x12
 554 0071 06       		.uleb128 0x6
 555 0072 40       		.uleb128 0x40
 556 0073 18       		.uleb128 0x18
 557 0074 9742     		.uleb128 0x2117
 558 0076 19       		.uleb128 0x19
 559 0077 00       		.byte	0
 560 0078 00       		.byte	0
 561 0079 08       		.uleb128 0x8
 562 007a 34       		.uleb128 0x34
 563 007b 00       		.byte	0
 564 007c 03       		.uleb128 0x3
 565 007d 0E       		.uleb128 0xe
 566 007e 3A       		.uleb128 0x3a
 567 007f 0B       		.uleb128 0xb
 568 0080 3B       		.uleb128 0x3b
 569 0081 05       		.uleb128 0x5
 570 0082 49       		.uleb128 0x49
 571 0083 13       		.uleb128 0x13
 572 0084 3F       		.uleb128 0x3f
 573 0085 19       		.uleb128 0x19
 574 0086 3C       		.uleb128 0x3c
 575 0087 19       		.uleb128 0x19
 576 0088 00       		.byte	0
 577 0089 00       		.byte	0
 578 008a 09       		.uleb128 0x9
 579 008b 35       		.uleb128 0x35
 580 008c 00       		.byte	0
 581 008d 49       		.uleb128 0x49
 582 008e 13       		.uleb128 0x13
 583 008f 00       		.byte	0
 584 0090 00       		.byte	0
 585 0091 0A       		.uleb128 0xa
 586 0092 34       		.uleb128 0x34
ARM GAS  C:\Users\Misha\AppData\Local\Temp\cckgopyT.s 			page 12


 587 0093 00       		.byte	0
 588 0094 03       		.uleb128 0x3
 589 0095 0E       		.uleb128 0xe
 590 0096 3A       		.uleb128 0x3a
 591 0097 0B       		.uleb128 0xb
 592 0098 3B       		.uleb128 0x3b
 593 0099 0B       		.uleb128 0xb
 594 009a 49       		.uleb128 0x49
 595 009b 13       		.uleb128 0x13
 596 009c 3F       		.uleb128 0x3f
 597 009d 19       		.uleb128 0x19
 598 009e 02       		.uleb128 0x2
 599 009f 18       		.uleb128 0x18
 600 00a0 00       		.byte	0
 601 00a1 00       		.byte	0
 602 00a2 0B       		.uleb128 0xb
 603 00a3 01       		.uleb128 0x1
 604 00a4 01       		.byte	0x1
 605 00a5 49       		.uleb128 0x49
 606 00a6 13       		.uleb128 0x13
 607 00a7 01       		.uleb128 0x1
 608 00a8 13       		.uleb128 0x13
 609 00a9 00       		.byte	0
 610 00aa 00       		.byte	0
 611 00ab 0C       		.uleb128 0xc
 612 00ac 21       		.uleb128 0x21
 613 00ad 00       		.byte	0
 614 00ae 49       		.uleb128 0x49
 615 00af 13       		.uleb128 0x13
 616 00b0 2F       		.uleb128 0x2f
 617 00b1 0B       		.uleb128 0xb
 618 00b2 00       		.byte	0
 619 00b3 00       		.byte	0
 620 00b4 0D       		.uleb128 0xd
 621 00b5 34       		.uleb128 0x34
 622 00b6 00       		.byte	0
 623 00b7 03       		.uleb128 0x3
 624 00b8 0E       		.uleb128 0xe
 625 00b9 3A       		.uleb128 0x3a
 626 00ba 0B       		.uleb128 0xb
 627 00bb 3B       		.uleb128 0x3b
 628 00bc 0B       		.uleb128 0xb
 629 00bd 49       		.uleb128 0x49
 630 00be 13       		.uleb128 0x13
 631 00bf 3F       		.uleb128 0x3f
 632 00c0 19       		.uleb128 0x19
 633 00c1 3C       		.uleb128 0x3c
 634 00c2 19       		.uleb128 0x19
 635 00c3 00       		.byte	0
 636 00c4 00       		.byte	0
 637 00c5 00       		.byte	0
 638              		.section	.debug_loc,"",%progbits
 639              	.Ldebug_loc0:
 640              	.LLST0:
 641 0000 00000000 		.4byte	.LVL0
 642 0004 05000000 		.4byte	.LVL1-1
 643 0008 0100     		.2byte	0x1
ARM GAS  C:\Users\Misha\AppData\Local\Temp\cckgopyT.s 			page 13


 644 000a 50       		.byte	0x50
 645 000b 05000000 		.4byte	.LVL1-1
 646 000f 10000000 		.4byte	.LFE64
 647 0013 0600     		.2byte	0x6
 648 0015 F3       		.byte	0xf3
 649 0016 03       		.uleb128 0x3
 650 0017 F5       		.byte	0xf5
 651 0018 00       		.uleb128 0
 652 0019 25       		.uleb128 0x25
 653 001a 9F       		.byte	0x9f
 654 001b 00000000 		.4byte	0
 655 001f 00000000 		.4byte	0
 656              	.LLST1:
 657 0023 00000000 		.4byte	.LVL0
 658 0027 05000000 		.4byte	.LVL1-1
 659 002b 0100     		.2byte	0x1
 660 002d 51       		.byte	0x51
 661 002e 05000000 		.4byte	.LVL1-1
 662 0032 10000000 		.4byte	.LFE64
 663 0036 0600     		.2byte	0x6
 664 0038 F3       		.byte	0xf3
 665 0039 03       		.uleb128 0x3
 666 003a F5       		.byte	0xf5
 667 003b 01       		.uleb128 0x1
 668 003c 25       		.uleb128 0x25
 669 003d 9F       		.byte	0x9f
 670 003e 00000000 		.4byte	0
 671 0042 00000000 		.4byte	0
 672              		.section	.debug_aranges,"",%progbits
 673 0000 24000000 		.4byte	0x24
 674 0004 0200     		.2byte	0x2
 675 0006 00000000 		.4byte	.Ldebug_info0
 676 000a 04       		.byte	0x4
 677 000b 00       		.byte	0
 678 000c 0000     		.2byte	0
 679 000e 0000     		.2byte	0
 680 0010 00000000 		.4byte	.LFB64
 681 0014 10000000 		.4byte	.LFE64-.LFB64
 682 0018 00000000 		.4byte	.LFB65
 683 001c 24000000 		.4byte	.LFE65-.LFB65
 684 0020 00000000 		.4byte	0
 685 0024 00000000 		.4byte	0
 686              		.section	.debug_ranges,"",%progbits
 687              	.Ldebug_ranges0:
 688 0000 00000000 		.4byte	.LFB64
 689 0004 10000000 		.4byte	.LFE64
 690 0008 00000000 		.4byte	.LFB65
 691 000c 24000000 		.4byte	.LFE65
 692 0010 00000000 		.4byte	0
 693 0014 00000000 		.4byte	0
 694              		.section	.debug_line,"",%progbits
 695              	.Ldebug_line0:
 696 0000 A8010000 		.section	.debug_str,"MS",%progbits,1
 696      02007C01 
 696      00000201 
 696      FB0E0D00 
 696      01010101 
ARM GAS  C:\Users\Misha\AppData\Local\Temp\cckgopyT.s 			page 14


 697              	.LASF7:
 698 0000 6C6F6E67 		.ascii	"long long int\000"
 698      206C6F6E 
 698      6720696E 
 698      7400
 699              	.LASF36:
 700 000e 6D6F746F 		.ascii	"motor1Enable\000"
 700      7231456E 
 700      61626C65 
 700      00
 701              	.LASF10:
 702 001b 5F5F696E 		.ascii	"__int32_t\000"
 702      7433325F 
 702      7400
 703              	.LASF37:
 704 0025 6D6F746F 		.ascii	"motor2Enable\000"
 704      7232456E 
 704      61626C65 
 704      00
 705              	.LASF21:
 706 0032 7075636B 		.ascii	"puckRackColours\000"
 706      5261636B 
 706      436F6C6F 
 706      75727300 
 707              	.LASF12:
 708 0042 646F7562 		.ascii	"double\000"
 708      6C6500
 709              	.LASF44:
 710 0049 61766572 		.ascii	"averageSensor\000"
 710      61676553 
 710      656E736F 
 710      7200
 711              	.LASF11:
 712 0057 696E7433 		.ascii	"int32_t\000"
 712      325F7400 
 713              	.LASF38:
 714 005f 6D6F746F 		.ascii	"motor1EncoderCounts\000"
 714      7231456E 
 714      636F6465 
 714      72436F75 
 714      6E747300 
 715              	.LASF16:
 716 0073 6E756D31 		.ascii	"num1\000"
 716      00
 717              	.LASF0:
 718 0078 666C6F61 		.ascii	"float\000"
 718      7400
 719              	.LASF20:
 720 007e 63757272 		.ascii	"currentPuckRackScanningIndex\000"
 720      656E7450 
 720      75636B52 
 720      61636B53 
 720      63616E6E 
 721              	.LASF2:
 722 009b 756E7369 		.ascii	"unsigned char\000"
 722      676E6564 
 722      20636861 
ARM GAS  C:\Users\Misha\AppData\Local\Temp\cckgopyT.s 			page 15


 722      7200
 723              	.LASF41:
 724 00a9 474E5520 		.ascii	"GNU C11 5.4.1 20160609 (release) [ARM/embedded-5-br"
 724      43313120 
 724      352E342E 
 724      31203230 
 724      31363036 
 725 00dc 616E6368 		.ascii	"anch revision 237715] -mcpu=cortex-m3 -mthumb -g -O"
 725      20726576 
 725      6973696F 
 725      6E203233 
 725      37373135 
 726 010f 67202D66 		.ascii	"g -ffunction-sections -ffat-lto-objects\000"
 726      66756E63 
 726      74696F6E 
 726      2D736563 
 726      74696F6E 
 727              	.LASF42:
 728 0137 63757374 		.ascii	"customMath.c\000"
 728      6F6D4D61 
 728      74682E63 
 728      00
 729              	.LASF17:
 730 0144 6E756D32 		.ascii	"num2\000"
 730      00
 731              	.LASF33:
 732 0149 4D315F42 		.ascii	"M1_BD\000"
 732      4400
 733              	.LASF6:
 734 014f 6C6F6E67 		.ascii	"long unsigned int\000"
 734      20756E73 
 734      69676E65 
 734      6420696E 
 734      7400
 735              	.LASF4:
 736 0161 73686F72 		.ascii	"short unsigned int\000"
 736      7420756E 
 736      7369676E 
 736      65642069 
 736      6E7400
 737              	.LASF28:
 738 0174 7475726E 		.ascii	"turningLeftFlag\000"
 738      696E674C 
 738      65667446 
 738      6C616700 
 739              	.LASF18:
 740 0184 49544D5F 		.ascii	"ITM_RxBuffer\000"
 740      52784275 
 740      66666572 
 740      00
 741              	.LASF25:
 742 0191 7075636B 		.ascii	"puckPileLocation\000"
 742      50696C65 
 742      4C6F6361 
 742      74696F6E 
 742      00
 743              	.LASF32:
ARM GAS  C:\Users\Misha\AppData\Local\Temp\cckgopyT.s 			page 16


 744 01a2 4D315F46 		.ascii	"M1_FD\000"
 744      4400
 745              	.LASF24:
 746 01a8 626C6F63 		.ascii	"block_edge_location\000"
 746      6B5F6564 
 746      67655F6C 
 746      6F636174 
 746      696F6E00 
 747              	.LASF43:
 748 01bc 433A5C55 		.ascii	"C:\\Users\\Misha\\Documents\\PSoC Creator\\ECE3091_"
 748      73657273 
 748      5C4D6973 
 748      68615C44 
 748      6F63756D 
 749 01ea 47726F75 		.ascii	"Group17\\Group17RobotReal\\Group17Robot.cydsn\000"
 749      7031375C 
 749      47726F75 
 749      70313752 
 749      6F626F74 
 750              	.LASF22:
 751 0216 7075636B 		.ascii	"puckRackOffsetsFromWest\000"
 751      5261636B 
 751      4F666673 
 751      65747346 
 751      726F6D57 
 752              	.LASF26:
 753 022e 64726976 		.ascii	"drivingForwardFlag\000"
 753      696E6746 
 753      6F727761 
 753      7264466C 
 753      616700
 754              	.LASF35:
 755 0241 4D325F42 		.ascii	"M2_BD\000"
 755      4400
 756              	.LASF9:
 757 0247 756E7369 		.ascii	"unsigned int\000"
 757      676E6564 
 757      20696E74 
 757      00
 758              	.LASF8:
 759 0254 6C6F6E67 		.ascii	"long long unsigned int\000"
 759      206C6F6E 
 759      6720756E 
 759      7369676E 
 759      65642069 
 760              	.LASF45:
 761 026b 726F756E 		.ascii	"roundDirection\000"
 761      64446972 
 761      65637469 
 761      6F6E00
 762              	.LASF27:
 763 027a 64726976 		.ascii	"drivingBackwardFlag\000"
 763      696E6742 
 763      61636B77 
 763      61726446 
 763      6C616700 
 764              	.LASF34:
ARM GAS  C:\Users\Misha\AppData\Local\Temp\cckgopyT.s 			page 17


 765 028e 4D325F46 		.ascii	"M2_FD\000"
 765      4400
 766              	.LASF14:
 767 0294 6C6F6E67 		.ascii	"long double\000"
 767      20646F75 
 767      626C6500 
 768              	.LASF15:
 769 02a0 73697A65 		.ascii	"sizetype\000"
 769      74797065 
 769      00
 770              	.LASF19:
 771 02a9 64726976 		.ascii	"driveStraightEnable\000"
 771      65537472 
 771      61696768 
 771      74456E61 
 771      626C6500 
 772              	.LASF13:
 773 02bd 63686172 		.ascii	"char\000"
 773      00
 774              	.LASF39:
 775 02c2 6D6F746F 		.ascii	"motor2EncoderCounts\000"
 775      7232456E 
 775      636F6465 
 775      72436F75 
 775      6E747300 
 776              	.LASF40:
 777 02d6 63757272 		.ascii	"currentOrientation\000"
 777      656E744F 
 777      7269656E 
 777      74617469 
 777      6F6E00
 778              	.LASF3:
 779 02e9 73686F72 		.ascii	"short int\000"
 779      7420696E 
 779      7400
 780              	.LASF31:
 781 02f3 6F757470 		.ascii	"output\000"
 781      757400
 782              	.LASF5:
 783 02fa 6C6F6E67 		.ascii	"long int\000"
 783      20696E74 
 783      00
 784              	.LASF23:
 785 0303 73776565 		.ascii	"sweeping\000"
 785      70696E67 
 785      00
 786              	.LASF1:
 787 030c 7369676E 		.ascii	"signed char\000"
 787      65642063 
 787      68617200 
 788              	.LASF30:
 789 0318 696E6974 		.ascii	"initialisation\000"
 789      69616C69 
 789      73617469 
 789      6F6E00
 790              	.LASF29:
 791 0327 7475726E 		.ascii	"turningRightFlag\000"
ARM GAS  C:\Users\Misha\AppData\Local\Temp\cckgopyT.s 			page 18


 791      696E6752 
 791      69676874 
 791      466C6167 
 791      00
 792              		.ident	"GCC: (GNU Tools for ARM Embedded Processors) 5.4.1 20160609 (release) [ARM/embedded-5-bran
