ARM GAS  C:\Users\Misha\AppData\Local\Temp\ccMQJMN8.s 			page 1


   1              		.syntax unified
   2              		.cpu cortex-m3
   3              		.fpu softvfp
   4              		.eabi_attribute 20, 1
   5              		.eabi_attribute 21, 1
   6              		.eabi_attribute 23, 3
   7              		.eabi_attribute 24, 1
   8              		.eabi_attribute 25, 1
   9              		.eabi_attribute 26, 1
  10              		.eabi_attribute 30, 1
  11              		.eabi_attribute 34, 1
  12              		.eabi_attribute 18, 4
  13              		.thumb
  14              		.syntax unified
  15              		.file	"debugging.c"
  16              		.text
  17              	.Ltext0:
  18              		.cfi_sections	.debug_frame
  19              		.section	.text.ultimateDebugging,"ax",%progbits
  20              		.align	2
  21              		.global	ultimateDebugging
  22              		.thumb
  23              		.thumb_func
  24              		.type	ultimateDebugging, %function
  25              	ultimateDebugging:
  26              	.LFB64:
  27              		.file 1 "debugging.c"
   1:debugging.c   **** 
   2:debugging.c   **** /* ========================================
   3:debugging.c   ****  *
   4:debugging.c   ****  * Copyright Group 17, 2019
   5:debugging.c   ****  * All Rights Reserved
   6:debugging.c   ****  * UNPUBLISHED, LICENSED SOFTWARE.
   7:debugging.c   ****  *
   8:debugging.c   ****  * CONFIDENTIAL AND PROPRIETAR INFORMATION
   9:debugging.c   ****  * WHICH IS THE PROPERTY OF Blayke, Misha, Nidhin.
  10:debugging.c   ****  *
  11:debugging.c   ****  * ========================================
  12:debugging.c   **** */
  13:debugging.c   **** 
  14:debugging.c   **** // * PSOC LIBRARY * //
  15:debugging.c   **** #include "project.h"
  16:debugging.c   **** 
  17:debugging.c   **** // * C LIBRARIES * // 
  18:debugging.c   **** #include <stdlib.h>
  19:debugging.c   **** #include <stdio.h>
  20:debugging.c   **** #include <math.h>
  21:debugging.c   **** 
  22:debugging.c   **** // * OUR LIBRARIES * //
  23:debugging.c   **** #include "main.h"
  24:debugging.c   **** #include "colour.h"
  25:debugging.c   **** #include "ultrasonic.h" 
  26:debugging.c   **** #include "servo.h"
  27:debugging.c   **** #include "motor.h"
  28:debugging.c   **** #include "customMath.h"
  29:debugging.c   **** #include "navigation.h"
  30:debugging.c   **** #include "debugging.h"
ARM GAS  C:\Users\Misha\AppData\Local\Temp\ccMQJMN8.s 			page 2


  31:debugging.c   **** 
  32:debugging.c   **** // Set which debugging you want to do:
  33:debugging.c   **** int colour_calibration = FALSE;             // Do we want to calibrate the sensor? 
  34:debugging.c   **** int servo_testing = FALSE;                  // Do the servos need to be tested?      
  35:debugging.c   **** int motor_testing = TRUE;
  36:debugging.c   **** int ultrasonic_testing = FALSE;  
  37:debugging.c   **** 
  38:debugging.c   **** 
  39:debugging.c   **** void ultimateDebugging(void){
  28              		.loc 1 39 0
  29              		.cfi_startproc
  30              		@ args = 0, pretend = 0, frame = 0
  31              		@ frame_needed = 0, uses_anonymous_args = 0
  32 0000 38B5     		push	{r3, r4, r5, lr}
  33              		.cfi_def_cfa_offset 16
  34              		.cfi_offset 3, -16
  35              		.cfi_offset 4, -12
  36              		.cfi_offset 5, -8
  37              		.cfi_offset 14, -4
  40:debugging.c   ****     // Colour Calibration: 
  41:debugging.c   ****         if (colour_calibration)
  38              		.loc 1 41 0
  39 0002 384B     		ldr	r3, .L18
  40 0004 1B68     		ldr	r3, [r3]
  41 0006 6BB3     		cbz	r3, .L2
  42 0008 0023     		movs	r3, #0
  43              	.L8:
  44              	.LVL0:
  45              	.LBB2:
  42:debugging.c   ****         {
  43:debugging.c   ****             int lock = FALSE;   
  44:debugging.c   ****             do 
  45:debugging.c   ****                 {   
  46:debugging.c   ****                     if (lock == FALSE) 
  46              		.loc 1 46 0
  47 000a 4BBB     		cbnz	r3, .L3
  47:debugging.c   ****                     {
  48:debugging.c   ****                         
  49:debugging.c   ****                         control_photodiode_Write(CLAW_SENSING); 
  48              		.loc 1 49 0
  49 000c 0120     		movs	r0, #1
  50 000e FFF7FEFF 		bl	control_photodiode_Write
  51              	.LVL1:
  50:debugging.c   ****                         changeHeightToPuck(0, NEITHER);
  52              		.loc 1 50 0
  53 0012 0221     		movs	r1, #2
  54 0014 0020     		movs	r0, #0
  55 0016 FFF7FEFF 		bl	changeHeightToPuck
  56              	.LVL2:
  57              	.LBB3:
  51:debugging.c   ****                         
  52:debugging.c   ****                         for (int i = 0; i < 4; i++) 
  58              		.loc 1 52 0
  59 001a 0024     		movs	r4, #0
  60 001c 07E0     		b	.L4
  61              	.LVL3:
  62              	.L5:
ARM GAS  C:\Users\Misha\AppData\Local\Temp\ccMQJMN8.s 			page 3


  53:debugging.c   ****                         {
  54:debugging.c   ****                             control_led_Write(i);
  63              		.loc 1 54 0 discriminator 3
  64 001e E0B2     		uxtb	r0, r4
  65 0020 FFF7FEFF 		bl	control_led_Write
  66              	.LVL4:
  55:debugging.c   ****                             CyDelay(500);
  67              		.loc 1 55 0 discriminator 3
  68 0024 4FF4FA70 		mov	r0, #500
  69 0028 FFF7FEFF 		bl	CyDelay
  70              	.LVL5:
  52:debugging.c   ****                         {
  71              		.loc 1 52 0 discriminator 3
  72 002c 0134     		adds	r4, r4, #1
  73              	.LVL6:
  74              	.L4:
  52:debugging.c   ****                         {
  75              		.loc 1 52 0 is_stmt 0 discriminator 1
  76 002e 032C     		cmp	r4, #3
  77 0030 F5DD     		ble	.L5
  78              	.LBE3:
  56:debugging.c   ****                         }
  57:debugging.c   **** 
  58:debugging.c   ****                         UART_1_PutString("Count \t BLANK \t RED \t GREEN \t BLUE \t \n");
  79              		.loc 1 58 0 is_stmt 1
  80 0032 2D48     		ldr	r0, .L18+4
  81 0034 FFF7FEFF 		bl	UART_1_PutString
  82              	.LVL7:
  83              	.LBB4:
  59:debugging.c   ****                         for (int i = 0; i < 50; i++)
  84              		.loc 1 59 0
  85 0038 0024     		movs	r4, #0
  86              	.LVL8:
  87 003a 0EE0     		b	.L6
  88              	.LVL9:
  89              	.L7:
  60:debugging.c   ****                         {
  61:debugging.c   ****                         sprintf(output, "%d \t", i);
  90              		.loc 1 61 0 discriminator 3
  91 003c 2B4D     		ldr	r5, .L18+8
  92 003e 2246     		mov	r2, r4
  93 0040 2B49     		ldr	r1, .L18+12
  94 0042 2846     		mov	r0, r5
  95 0044 FFF7FEFF 		bl	sprintf
  96              	.LVL10:
  62:debugging.c   ****                         UART_1_PutString(output);
  97              		.loc 1 62 0 discriminator 3
  98 0048 2846     		mov	r0, r5
  99 004a FFF7FEFF 		bl	UART_1_PutString
 100              	.LVL11:
  63:debugging.c   ****                         colourSensingCalibration(); 
 101              		.loc 1 63 0 discriminator 3
 102 004e FFF7FEFF 		bl	colourSensingCalibration
 103              	.LVL12:
  64:debugging.c   ****                         UART_1_PutString("\n");
 104              		.loc 1 64 0 discriminator 3
 105 0052 2848     		ldr	r0, .L18+16
ARM GAS  C:\Users\Misha\AppData\Local\Temp\ccMQJMN8.s 			page 4


 106 0054 FFF7FEFF 		bl	UART_1_PutString
 107              	.LVL13:
  59:debugging.c   ****                         {
 108              		.loc 1 59 0 discriminator 3
 109 0058 0134     		adds	r4, r4, #1
 110              	.LVL14:
 111              	.L6:
  59:debugging.c   ****                         {
 112              		.loc 1 59 0 is_stmt 0 discriminator 1
 113 005a 312C     		cmp	r4, #49
 114 005c EEDD     		ble	.L7
 115              	.LBE4:
  65:debugging.c   ****                         }         
  66:debugging.c   ****                         lock = TRUE;    
 116              		.loc 1 66 0 is_stmt 1
 117 005e 0123     		movs	r3, #1
 118              	.LVL15:
 119              	.L3:
  67:debugging.c   ****                     }
  68:debugging.c   ****             } while (lock == TRUE);    
 120              		.loc 1 68 0
 121 0060 002B     		cmp	r3, #0
 122 0062 D2D1     		bne	.L8
 123              	.LVL16:
 124              	.L2:
 125              	.LBE2:
  69:debugging.c   ****         }
  70:debugging.c   ****         
  71:debugging.c   ****         // Servo Testing:
  72:debugging.c   ****         if (servo_testing) 
 126              		.loc 1 72 0
 127 0064 1F4B     		ldr	r3, .L18
 128 0066 5B68     		ldr	r3, [r3, #4]
 129 0068 3BB1     		cbz	r3, .L9
 130 006a 0023     		movs	r3, #0
 131              	.L11:
 132              	.LVL17:
 133              	.LBB5:
  73:debugging.c   ****         {
  74:debugging.c   ****             int lock = FALSE;
  75:debugging.c   ****             do 
  76:debugging.c   ****                 {   
  77:debugging.c   ****                     if (lock == FALSE) 
 134              		.loc 1 77 0
 135 006c 1BB9     		cbnz	r3, .L10
  78:debugging.c   ****                     {
  79:debugging.c   ****                         UART_1_PutString("Servo Testing: ");
 136              		.loc 1 79 0
 137 006e 2248     		ldr	r0, .L18+20
 138 0070 FFF7FEFF 		bl	UART_1_PutString
 139              	.LVL18:
  80:debugging.c   ****                         
  81:debugging.c   ****                         //armMoving();
  82:debugging.c   ****                         
  83:debugging.c   ****                         /*
  84:debugging.c   ****                         changeHeightToPuck(GROUND, NEITHER);
  85:debugging.c   ****                         CyDelay(1000);
ARM GAS  C:\Users\Misha\AppData\Local\Temp\ccMQJMN8.s 			page 5


  86:debugging.c   ****                         changeHeightToPuck(ABOVE_1_PUCK, NEITHER);
  87:debugging.c   ****                         CyDelay(1000);
  88:debugging.c   ****                         changeHeightToPuck(ABOVE_2_PUCK, NEITHER);
  89:debugging.c   ****                         CyDelay(1000);
  90:debugging.c   ****                         changeHeightToPuck(ABOVE_3_PUCK, NEITHER);
  91:debugging.c   ****                         CyDelay(1000);
  92:debugging.c   ****                         */
  93:debugging.c   ****                         //for(int i = 0; i < 4; i++)
  94:debugging.c   ****                         //{
  95:debugging.c   ****                         //    changeHeightToPuck(i, NEITHER);
  96:debugging.c   ****                         //    CyDelay(1000);
  97:debugging.c   ****                         //}
  98:debugging.c   ****                         
  99:debugging.c   ****                   
 100:debugging.c   ****                         //armClose();
 101:debugging.c   ****                         //CyDelay(2000);
 102:debugging.c   ****                         //armOpen();
 103:debugging.c   ****                         //CyDelay(2000);
 104:debugging.c   ****                         
 105:debugging.c   ****                         lock = TRUE;    
 140              		.loc 1 105 0
 141 0074 0123     		movs	r3, #1
 142              	.LVL19:
 143              	.L10:
 106:debugging.c   ****                     }
 107:debugging.c   ****             } while (lock == TRUE);    
 144              		.loc 1 107 0
 145 0076 002B     		cmp	r3, #0
 146 0078 F8D1     		bne	.L11
 147              	.LVL20:
 148              	.L9:
 149              	.LBE5:
 108:debugging.c   ****         }    
 109:debugging.c   ****                 
 110:debugging.c   ****         // Motor Testing: 
 111:debugging.c   ****         if (motor_testing)
 150              		.loc 1 111 0
 151 007a 204B     		ldr	r3, .L18+24
 152 007c 1B68     		ldr	r3, [r3]
 153 007e 7BB1     		cbz	r3, .L12
 154 0080 0023     		movs	r3, #0
 155              	.L14:
 156              	.LVL21:
 157              	.LBB6:
 112:debugging.c   ****         {
 113:debugging.c   ****             int lock = FALSE;
 114:debugging.c   ****             do 
 115:debugging.c   ****                 {   
 116:debugging.c   ****                     if (lock == FALSE) 
 158              		.loc 1 116 0
 159 0082 5BB9     		cbnz	r3, .L13
 160              	.LBB7:
 117:debugging.c   ****                     {
 118:debugging.c   ****                         UART_1_PutString("Motor Testing: \n");
 161              		.loc 1 118 0
 162 0084 1E48     		ldr	r0, .L18+28
 163 0086 FFF7FEFF 		bl	UART_1_PutString
ARM GAS  C:\Users\Misha\AppData\Local\Temp\ccMQJMN8.s 			page 6


 164              	.LVL22:
 119:debugging.c   ****                         moveSwivel(360, SPEED, TRUE);
 165              		.loc 1 119 0
 166 008a 0122     		movs	r2, #1
 167 008c C821     		movs	r1, #200
 168 008e 4FF4B470 		mov	r0, #360
 169 0092 FFF7FEFF 		bl	moveSwivel
 170              	.LVL23:
 120:debugging.c   ****                       
 121:debugging.c   ****                         //moveForwardThenBackward(200, LESS_THAN, FRONT_MIDDLE, SPEED_LOW, TRUE);
 122:debugging.c   ****                         //translateUntil(150, LEFT, GREATER_THAN, SIDE_RIGHT, SPEED);
 123:debugging.c   ****                         
 124:debugging.c   ****                        //straightAdjustSensor(FRONT_MIDDLE);
 125:debugging.c   ****                         //straightAdjustBack();
 126:debugging.c   ****                         
 127:debugging.c   ****                         //straightAdjust(BACK_SENSORS);
 128:debugging.c   ****                         //straightAdjust(FRONT_SENSORS);
 129:debugging.c   ****                         
 130:debugging.c   ****                         while(0) {
 131:debugging.c   ****                             straightAdjust(FRONT_SENSORS);
 132:debugging.c   ****                             blinkLED(GREEN, 1000);
 133:debugging.c   ****                         }
 134:debugging.c   ****                         
 135:debugging.c   ****                         
 136:debugging.c   ****                         
 137:debugging.c   ****                         while(0){
 138:debugging.c   ****                         moveUntil(120, FORWARD, LESS_THAN, FRONT_LEFT, SPEED, TRUE);
 139:debugging.c   ****                         CyDelay(2000);
 140:debugging.c   ****                         }
 141:debugging.c   ****                         
 142:debugging.c   ****                         while(0) {
 143:debugging.c   ****                         straightAdjust(BACK_SENSORS);
 144:debugging.c   ****                         blinkLED(GREEN, 1000);
 145:debugging.c   ****                         }
 146:debugging.c   ****                         
 147:debugging.c   ****                         int timer;
 148:debugging.c   ****                         
 149:debugging.c   ****                         Timer_straight_adjust_Start();
 171              		.loc 1 149 0
 172 0096 FFF7FEFF 		bl	Timer_straight_adjust_Start
 173              	.LVL24:
 150:debugging.c   ****                         
 151:debugging.c   ****                         while(0) {
 152:debugging.c   ****                         timer = Timer_straight_adjust_ReadCounter();
 153:debugging.c   ****                         sprintf(output, "%d \t", timer);      
 154:debugging.c   ****                         UART_1_PutString(output); 
 155:debugging.c   ****                         CyDelay(100);
 156:debugging.c   ****         
 157:debugging.c   ****                         }
 158:debugging.c   ****                         
 159:debugging.c   ****                         //moveDynamic(-300);
 160:debugging.c   ****                         
 161:debugging.c   ****                         //moveSwivel(360, SPEED, TRUE);
 162:debugging.c   ****                         
 163:debugging.c   ****                         
 164:debugging.c   ****                         
 165:debugging.c   ****                         //moveUntil(200, BACKWARD, GREATER_THAN, FRONT_LEFT, SPEED, TRUE);
ARM GAS  C:\Users\Misha\AppData\Local\Temp\ccMQJMN8.s 			page 7


 166:debugging.c   ****                         
 167:debugging.c   ****                         /*
 168:debugging.c   ****                         changeOrientation(WEST, SPEED);
 169:debugging.c   ****                         CyDelay(1000);
 170:debugging.c   ****                         changeOrientation(SOUTH, SPEED);
 171:debugging.c   ****                         CyDelay(1000);
 172:debugging.c   ****                         changeOrientation(WEST, SPEED);
 173:debugging.c   ****                         CyDelay(1000);
 174:debugging.c   ****                         changeOrientation(NORTH, SPEED);
 175:debugging.c   ****                         CyDelay(1000);
 176:debugging.c   ****                         
 177:debugging.c   ****                         
 178:debugging.c   ****                         
 179:debugging.c   ****                         
 180:debugging.c   ****                         moveUntil(150,FORWARD,LESS_THAN,FRONT_LEFT,SPEED,TRUE);
 181:debugging.c   ****                         straightAdjust();
 182:debugging.c   ****                         
 183:debugging.c   ****                         
 184:debugging.c   ****                         
 185:debugging.c   ****                         
 186:debugging.c   ****                         
 187:debugging.c   ****                         int move = 400;
 188:debugging.c   ****                         moveDynamic(move,SPEED,TRUE);
 189:debugging.c   ****                         moveDynamic(-move,SPEED,TRUE);
 190:debugging.c   ****                         distanceSensor(BACK);
 191:debugging.c   ****                         CyDelay(50);
 192:debugging.c   ****                         
 193:debugging.c   ****                         sprintf(output, "measure: %d\n", sensor_distances[BACK]);      
 194:debugging.c   ****                             UART_1_PutString(output); 
 195:debugging.c   ****         
 196:debugging.c   **** 
 197:debugging.c   ****                         */
 198:debugging.c   ****                         
 199:debugging.c   ****   
 200:debugging.c   ****                         lock = TRUE;    
 174              		.loc 1 200 0
 175 009a 0123     		movs	r3, #1
 176              	.LVL25:
 177              	.L13:
 178              	.LBE7:
 201:debugging.c   ****                     }
 202:debugging.c   ****             } while (lock == TRUE);    
 179              		.loc 1 202 0
 180 009c 002B     		cmp	r3, #0
 181 009e F0D1     		bne	.L14
 182              	.LVL26:
 183              	.L12:
 184              	.LBE6:
 203:debugging.c   ****         }    
 204:debugging.c   ****         
 205:debugging.c   ****         // Ultrasonic Testing:
 206:debugging.c   ****         
 207:debugging.c   ****         if (ultrasonic_testing) 
 185              		.loc 1 207 0
 186 00a0 104B     		ldr	r3, .L18
 187 00a2 9B68     		ldr	r3, [r3, #8]
 188 00a4 EBB1     		cbz	r3, .L1
ARM GAS  C:\Users\Misha\AppData\Local\Temp\ccMQJMN8.s 			page 8


 189              	.LBB8:
 190              	.LBB9:
 208:debugging.c   ****         {
 209:debugging.c   ****             int lock = FALSE;
 210:debugging.c   ****             do 
 211:debugging.c   ****                 {   
 212:debugging.c   ****                     if (lock == FALSE) 
 213:debugging.c   ****                     {
 214:debugging.c   ****                         UART_1_PutString("Ultrasonic Testing: \n");
 191              		.loc 1 214 0
 192 00a6 1748     		ldr	r0, .L18+32
 193 00a8 FFF7FEFF 		bl	UART_1_PutString
 194              	.LVL27:
 195              	.L16:
 215:debugging.c   ****                         
 216:debugging.c   ****                         //armMoving();
 217:debugging.c   ****                         //straightAdjust();
 218:debugging.c   ****                         
 219:debugging.c   ****                         int dick = 2;
 220:debugging.c   ****                         while(0) {
 221:debugging.c   ****                             distanceSensor(BACK_LEFT);
 222:debugging.c   ****                             CyDelay(500);
 223:debugging.c   ****                             sprintf(output, "%d \t %d \t %d \t %d \t %d \n", sensor_distances[0], 
 224:debugging.c   ****                                                      sensor_distances[1],
 225:debugging.c   ****                                                      sensor_distances[2],
 226:debugging.c   ****                                                         sensor_distances[3],
 227:debugging.c   ****                                                         sensor_distances[4]);
 228:debugging.c   ****                             UART_1_PutString(output);
 229:debugging.c   ****                         }
 230:debugging.c   ****                         // 0 gave front left    // front left
 231:debugging.c   ****                         // 1 gave front right   // front right 
 232:debugging.c   ****                         // 2 gave back sensor   // side left now??? 
 233:debugging.c   ****                         // 3 gave side right    // side right 
 234:debugging.c   ****                         // 4 gave back sensor   // back sensor
 235:debugging.c   ****                         
 236:debugging.c   ****                         while(0) {
 237:debugging.c   ****                             for (int i = 0; i < 7; i++)
 238:debugging.c   ****                             {
 239:debugging.c   ****                                 distanceSensor(i);
 240:debugging.c   ****                                 CyDelay(100);
 241:debugging.c   ****                                 sprintf(output, "%d \t", sensor_distances[i]);
 242:debugging.c   ****                                 UART_1_PutString(output);
 243:debugging.c   ****                             }
 244:debugging.c   ****                             UART_1_PutString("\n");
 245:debugging.c   ****                         }
 246:debugging.c   ****                         
 247:debugging.c   ****                         // FRONT_LEFT   0
 248:debugging.c   ****                         // FRONT_ RIGHT 1
 249:debugging.c   ****                         // SIDE_LEFT 2
 250:debugging.c   ****                         // SIDE_RIGHT 3
 251:debugging.c   ****                         // BACK_LEFT 4
 252:debugging.c   ****                         // BACK_RIGHT 6
 253:debugging.c   ****                         
 254:debugging.c   ****                         while(1) {
 255:debugging.c   ****                             distanceSensor(BACK_LEFT);
 196              		.loc 1 255 0 discriminator 1
 197 00ac 0620     		movs	r0, #6
ARM GAS  C:\Users\Misha\AppData\Local\Temp\ccMQJMN8.s 			page 9


 198 00ae FFF7FEFF 		bl	distanceSensor
 199              	.LVL28:
 256:debugging.c   ****                             CyDelay(50);
 200              		.loc 1 256 0 discriminator 1
 201 00b2 3220     		movs	r0, #50
 202 00b4 FFF7FEFF 		bl	CyDelay
 203              	.LVL29:
 257:debugging.c   ****                             distanceSensor(BACK_RIGHT);
 204              		.loc 1 257 0 discriminator 1
 205 00b8 0420     		movs	r0, #4
 206 00ba FFF7FEFF 		bl	distanceSensor
 207              	.LVL30:
 258:debugging.c   ****                             CyDelay(50);
 208              		.loc 1 258 0 discriminator 1
 209 00be 3220     		movs	r0, #50
 210 00c0 FFF7FEFF 		bl	CyDelay
 211              	.LVL31:
 259:debugging.c   ****                             sprintf(output, "%d , %d \n", sensor_distances[BACK_LEFT], sensor_dista
 212              		.loc 1 259 0 discriminator 1
 213 00c4 104A     		ldr	r2, .L18+36
 214 00c6 094C     		ldr	r4, .L18+8
 215 00c8 1369     		ldr	r3, [r2, #16]
 216 00ca 9269     		ldr	r2, [r2, #24]
 217 00cc 0F49     		ldr	r1, .L18+40
 218 00ce 2046     		mov	r0, r4
 219 00d0 FFF7FEFF 		bl	sprintf
 220              	.LVL32:
 260:debugging.c   ****                             UART_1_PutString(output);
 221              		.loc 1 260 0 discriminator 1
 222 00d4 2046     		mov	r0, r4
 223 00d6 FFF7FEFF 		bl	UART_1_PutString
 224              	.LVL33:
 261:debugging.c   ****                             CyDelay(100);
 225              		.loc 1 261 0 discriminator 1
 226 00da 6420     		movs	r0, #100
 227 00dc FFF7FEFF 		bl	CyDelay
 228              	.LVL34:
 229 00e0 E4E7     		b	.L16
 230              	.LVL35:
 231              	.L1:
 232 00e2 38BD     		pop	{r3, r4, r5, pc}
 233              	.L19:
 234              		.align	2
 235              	.L18:
 236 00e4 00000000 		.word	.LANCHOR0
 237 00e8 00000000 		.word	.LC0
 238 00ec 00000000 		.word	output
 239 00f0 28000000 		.word	.LC1
 240 00f4 30000000 		.word	.LC2
 241 00f8 34000000 		.word	.LC3
 242 00fc 00000000 		.word	.LANCHOR1
 243 0100 44000000 		.word	.LC4
 244 0104 58000000 		.word	.LC5
 245 0108 00000000 		.word	sensor_distances
 246 010c 70000000 		.word	.LC6
 247              	.LBE9:
 248              	.LBE8:
ARM GAS  C:\Users\Misha\AppData\Local\Temp\ccMQJMN8.s 			page 10


 249              		.cfi_endproc
 250              	.LFE64:
 251              		.size	ultimateDebugging, .-ultimateDebugging
 252              		.global	ultrasonic_testing
 253              		.global	motor_testing
 254              		.global	servo_testing
 255              		.global	colour_calibration
 256              		.comm	ultrasonic_flag,4,4
 257              		.comm	initialisation,4,4
 258              		.comm	set_path,4,4
 259              		.comm	initial_tolerance,4,4
 260              		.comm	preferential_route,4,4
 261              		.comm	global_distance,4,4
 262              		.comm	global_encoder,4,4
 263              		.comm	output,32,4
 264              		.comm	block_edge_location,16,4
 265              		.comm	puck_rack_west_offsets,20,4
 266              		.comm	puck_rack_scans,20,4
 267              		.comm	internal_orientation,4,4
 268              		.data
 269              		.align	2
 270              		.set	.LANCHOR1,. + 0
 271              		.type	motor_testing, %object
 272              		.size	motor_testing, 4
 273              	motor_testing:
 274 0000 01000000 		.word	1
 275              		.section	.rodata.str1.4,"aMS",%progbits,1
 276              		.align	2
 277              	.LC0:
 278 0000 436F756E 		.ascii	"Count \011 BLANK \011 RED \011 GREEN \011 BLUE \011"
 278      74200920 
 278      424C414E 
 278      4B200920 
 278      52454420 
 279 0024 200A00   		.ascii	" \012\000"
 280 0027 00       		.space	1
 281              	.LC1:
 282 0028 25642009 		.ascii	"%d \011\000"
 282      00
 283 002d 000000   		.space	3
 284              	.LC2:
 285 0030 0A00     		.ascii	"\012\000"
 286 0032 0000     		.space	2
 287              	.LC3:
 288 0034 53657276 		.ascii	"Servo Testing: \000"
 288      6F205465 
 288      7374696E 
 288      673A2000 
 289              	.LC4:
 290 0044 4D6F746F 		.ascii	"Motor Testing: \012\000"
 290      72205465 
 290      7374696E 
 290      673A200A 
 290      00
 291 0055 000000   		.space	3
 292              	.LC5:
 293 0058 556C7472 		.ascii	"Ultrasonic Testing: \012\000"
ARM GAS  C:\Users\Misha\AppData\Local\Temp\ccMQJMN8.s 			page 11


 293      61736F6E 
 293      69632054 
 293      65737469 
 293      6E673A20 
 294 006e 0000     		.space	2
 295              	.LC6:
 296 0070 2564202C 		.ascii	"%d , %d \012\000"
 296      20256420 
 296      0A00
 297              		.bss
 298              		.align	2
 299              		.set	.LANCHOR0,. + 0
 300              		.type	colour_calibration, %object
 301              		.size	colour_calibration, 4
 302              	colour_calibration:
 303 0000 00000000 		.space	4
 304              		.type	servo_testing, %object
 305              		.size	servo_testing, 4
 306              	servo_testing:
 307 0004 00000000 		.space	4
 308              		.type	ultrasonic_testing, %object
 309              		.size	ultrasonic_testing, 4
 310              	ultrasonic_testing:
 311 0008 00000000 		.space	4
 312              		.text
 313              	.Letext0:
 314              		.file 2 "c:\\program files (x86)\\cypress\\psoc creator\\4.2\\psoc creator\\import\\gnu\\arm\\5.4.
 315              		.file 3 "c:\\program files (x86)\\cypress\\psoc creator\\4.2\\psoc creator\\import\\gnu\\arm\\5.4.
 316              		.file 4 "Generated_Source\\PSoC5/core_cm3.h"
 317              		.file 5 "navigation.h"
 318              		.file 6 "ultrasonic.h"
 319              		.file 7 "main.h"
 320              		.file 8 "Generated_Source\\PSoC5/control_led.h"
 321              		.file 9 "Generated_Source\\PSoC5/CyLib.h"
 322              		.file 10 "c:\\program files (x86)\\cypress\\psoc creator\\4.2\\psoc creator\\import\\gnu\\arm\\5.4
 323              		.file 11 "Generated_Source\\PSoC5/UART_1.h"
 324              		.file 12 "colour.h"
 325              		.file 13 "Generated_Source\\PSoC5/control_photodiode.h"
 326              		.file 14 "servo.h"
 327              		.file 15 "motor.h"
 328              		.file 16 "Generated_Source\\PSoC5/Timer_straight_adjust.h"
 329              		.section	.debug_info,"",%progbits
 330              	.Ldebug_info0:
 331 0000 10050000 		.4byte	0x510
 332 0004 0400     		.2byte	0x4
 333 0006 00000000 		.4byte	.Ldebug_abbrev0
 334 000a 04       		.byte	0x4
 335 000b 01       		.uleb128 0x1
 336 000c A3000000 		.4byte	.LASF47
 337 0010 0C       		.byte	0xc
 338 0011 A1020000 		.4byte	.LASF48
 339 0015 C9010000 		.4byte	.LASF49
 340 0019 00000000 		.4byte	.Ldebug_ranges0+0
 341 001d 00000000 		.4byte	0
 342 0021 00000000 		.4byte	.Ldebug_line0
 343 0025 02       		.uleb128 0x2
 344 0026 01       		.byte	0x1
ARM GAS  C:\Users\Misha\AppData\Local\Temp\ccMQJMN8.s 			page 12


 345 0027 06       		.byte	0x6
 346 0028 55030000 		.4byte	.LASF0
 347 002c 02       		.uleb128 0x2
 348 002d 01       		.byte	0x1
 349 002e 08       		.byte	0x8
 350 002f 95000000 		.4byte	.LASF1
 351 0033 02       		.uleb128 0x2
 352 0034 02       		.byte	0x2
 353 0035 05       		.byte	0x5
 354 0036 DF020000 		.4byte	.LASF2
 355 003a 02       		.uleb128 0x2
 356 003b 02       		.byte	0x2
 357 003c 07       		.byte	0x7
 358 003d 49010000 		.4byte	.LASF3
 359 0041 03       		.uleb128 0x3
 360 0042 31000000 		.4byte	.LASF9
 361 0046 02       		.byte	0x2
 362 0047 3F       		.byte	0x3f
 363 0048 4C000000 		.4byte	0x4c
 364 004c 02       		.uleb128 0x2
 365 004d 04       		.byte	0x4
 366 004e 05       		.byte	0x5
 367 004f 40030000 		.4byte	.LASF4
 368 0053 02       		.uleb128 0x2
 369 0054 04       		.byte	0x4
 370 0055 07       		.byte	0x7
 371 0056 37010000 		.4byte	.LASF5
 372 005a 02       		.uleb128 0x2
 373 005b 08       		.byte	0x8
 374 005c 05       		.byte	0x5
 375 005d BE020000 		.4byte	.LASF6
 376 0061 02       		.uleb128 0x2
 377 0062 08       		.byte	0x8
 378 0063 07       		.byte	0x7
 379 0064 73020000 		.4byte	.LASF7
 380 0068 04       		.uleb128 0x4
 381 0069 04       		.byte	0x4
 382 006a 05       		.byte	0x5
 383 006b 696E7400 		.ascii	"int\000"
 384 006f 02       		.uleb128 0x2
 385 0070 04       		.byte	0x4
 386 0071 07       		.byte	0x7
 387 0072 5B020000 		.4byte	.LASF8
 388 0076 03       		.uleb128 0x3
 389 0077 AD020000 		.4byte	.LASF10
 390 007b 03       		.byte	0x3
 391 007c 2C       		.byte	0x2c
 392 007d 41000000 		.4byte	0x41
 393 0081 02       		.uleb128 0x2
 394 0082 04       		.byte	0x4
 395 0083 04       		.byte	0x4
 396 0084 75000000 		.4byte	.LASF11
 397 0088 02       		.uleb128 0x2
 398 0089 08       		.byte	0x8
 399 008a 04       		.byte	0x4
 400 008b 95010000 		.4byte	.LASF12
 401 008f 02       		.uleb128 0x2
ARM GAS  C:\Users\Misha\AppData\Local\Temp\ccMQJMN8.s 			page 13


 402 0090 01       		.byte	0x1
 403 0091 08       		.byte	0x8
 404 0092 CC020000 		.4byte	.LASF13
 405 0096 02       		.uleb128 0x2
 406 0097 08       		.byte	0x8
 407 0098 04       		.byte	0x4
 408 0099 49030000 		.4byte	.LASF14
 409 009d 02       		.uleb128 0x2
 410 009e 04       		.byte	0x4
 411 009f 07       		.byte	0x7
 412 00a0 B5020000 		.4byte	.LASF15
 413 00a4 05       		.uleb128 0x5
 414 00a5 0F000000 		.4byte	.LASF50
 415 00a9 01       		.byte	0x1
 416 00aa 27       		.byte	0x27
 417 00ab 00000000 		.4byte	.LFB64
 418 00af 10010000 		.4byte	.LFE64-.LFB64
 419 00b3 01       		.uleb128 0x1
 420 00b4 9C       		.byte	0x9c
 421 00b5 39030000 		.4byte	0x339
 422 00b9 06       		.uleb128 0x6
 423 00ba 0A000000 		.4byte	.LBB2
 424 00be 5A000000 		.4byte	.LBE2-.LBB2
 425 00c2 C2010000 		.4byte	0x1c2
 426 00c6 07       		.uleb128 0x7
 427 00c7 5C010000 		.4byte	.LASF16
 428 00cb 01       		.byte	0x1
 429 00cc 2B       		.byte	0x2b
 430 00cd 68000000 		.4byte	0x68
 431 00d1 00000000 		.4byte	.LLST0
 432 00d5 06       		.uleb128 0x6
 433 00d6 1A000000 		.4byte	.LBB3
 434 00da 18000000 		.4byte	.LBE3-.LBB3
 435 00de 15010000 		.4byte	0x115
 436 00e2 08       		.uleb128 0x8
 437 00e3 6900     		.ascii	"i\000"
 438 00e5 01       		.byte	0x1
 439 00e6 34       		.byte	0x34
 440 00e7 68000000 		.4byte	0x68
 441 00eb 1E000000 		.4byte	.LLST1
 442 00ef 09       		.uleb128 0x9
 443 00f0 24000000 		.4byte	.LVL4
 444 00f4 A5040000 		.4byte	0x4a5
 445 00f8 03010000 		.4byte	0x103
 446 00fc 0A       		.uleb128 0xa
 447 00fd 01       		.uleb128 0x1
 448 00fe 50       		.byte	0x50
 449 00ff 02       		.uleb128 0x2
 450 0100 74       		.byte	0x74
 451 0101 00       		.sleb128 0
 452 0102 00       		.byte	0
 453 0103 0B       		.uleb128 0xb
 454 0104 2C000000 		.4byte	.LVL5
 455 0108 B0040000 		.4byte	0x4b0
 456 010c 0A       		.uleb128 0xa
 457 010d 01       		.uleb128 0x1
 458 010e 50       		.byte	0x50
ARM GAS  C:\Users\Misha\AppData\Local\Temp\ccMQJMN8.s 			page 14


 459 010f 03       		.uleb128 0x3
 460 0110 0A       		.byte	0xa
 461 0111 F401     		.2byte	0x1f4
 462 0113 00       		.byte	0
 463 0114 00       		.byte	0
 464 0115 06       		.uleb128 0x6
 465 0116 38000000 		.4byte	.LBB4
 466 011a 26000000 		.4byte	.LBE4-.LBB4
 467 011e 83010000 		.4byte	0x183
 468 0122 08       		.uleb128 0x8
 469 0123 6900     		.ascii	"i\000"
 470 0125 01       		.byte	0x1
 471 0126 3B       		.byte	0x3b
 472 0127 68000000 		.4byte	0x68
 473 012b 3D000000 		.4byte	.LLST2
 474 012f 09       		.uleb128 0x9
 475 0130 48000000 		.4byte	.LVL10
 476 0134 BB040000 		.4byte	0x4bb
 477 0138 52010000 		.4byte	0x152
 478 013c 0A       		.uleb128 0xa
 479 013d 01       		.uleb128 0x1
 480 013e 50       		.byte	0x50
 481 013f 02       		.uleb128 0x2
 482 0140 75       		.byte	0x75
 483 0141 00       		.sleb128 0
 484 0142 0A       		.uleb128 0xa
 485 0143 01       		.uleb128 0x1
 486 0144 51       		.byte	0x51
 487 0145 05       		.uleb128 0x5
 488 0146 03       		.byte	0x3
 489 0147 28000000 		.4byte	.LC1
 490 014b 0A       		.uleb128 0xa
 491 014c 01       		.uleb128 0x1
 492 014d 52       		.byte	0x52
 493 014e 02       		.uleb128 0x2
 494 014f 74       		.byte	0x74
 495 0150 00       		.sleb128 0
 496 0151 00       		.byte	0
 497 0152 09       		.uleb128 0x9
 498 0153 4E000000 		.4byte	.LVL11
 499 0157 C6040000 		.4byte	0x4c6
 500 015b 66010000 		.4byte	0x166
 501 015f 0A       		.uleb128 0xa
 502 0160 01       		.uleb128 0x1
 503 0161 50       		.byte	0x50
 504 0162 02       		.uleb128 0x2
 505 0163 75       		.byte	0x75
 506 0164 00       		.sleb128 0
 507 0165 00       		.byte	0
 508 0166 0C       		.uleb128 0xc
 509 0167 52000000 		.4byte	.LVL12
 510 016b D1040000 		.4byte	0x4d1
 511 016f 0B       		.uleb128 0xb
 512 0170 58000000 		.4byte	.LVL13
 513 0174 C6040000 		.4byte	0x4c6
 514 0178 0A       		.uleb128 0xa
 515 0179 01       		.uleb128 0x1
ARM GAS  C:\Users\Misha\AppData\Local\Temp\ccMQJMN8.s 			page 15


 516 017a 50       		.byte	0x50
 517 017b 05       		.uleb128 0x5
 518 017c 03       		.byte	0x3
 519 017d 30000000 		.4byte	.LC2
 520 0181 00       		.byte	0
 521 0182 00       		.byte	0
 522 0183 09       		.uleb128 0x9
 523 0184 12000000 		.4byte	.LVL1
 524 0188 DC040000 		.4byte	0x4dc
 525 018c 96010000 		.4byte	0x196
 526 0190 0A       		.uleb128 0xa
 527 0191 01       		.uleb128 0x1
 528 0192 50       		.byte	0x50
 529 0193 01       		.uleb128 0x1
 530 0194 31       		.byte	0x31
 531 0195 00       		.byte	0
 532 0196 09       		.uleb128 0x9
 533 0197 1A000000 		.4byte	.LVL2
 534 019b E7040000 		.4byte	0x4e7
 535 019f AE010000 		.4byte	0x1ae
 536 01a3 0A       		.uleb128 0xa
 537 01a4 01       		.uleb128 0x1
 538 01a5 50       		.byte	0x50
 539 01a6 01       		.uleb128 0x1
 540 01a7 30       		.byte	0x30
 541 01a8 0A       		.uleb128 0xa
 542 01a9 01       		.uleb128 0x1
 543 01aa 51       		.byte	0x51
 544 01ab 01       		.uleb128 0x1
 545 01ac 32       		.byte	0x32
 546 01ad 00       		.byte	0
 547 01ae 0B       		.uleb128 0xb
 548 01af 38000000 		.4byte	.LVL7
 549 01b3 C6040000 		.4byte	0x4c6
 550 01b7 0A       		.uleb128 0xa
 551 01b8 01       		.uleb128 0x1
 552 01b9 50       		.byte	0x50
 553 01ba 05       		.uleb128 0x5
 554 01bb 03       		.byte	0x3
 555 01bc 00000000 		.4byte	.LC0
 556 01c0 00       		.byte	0
 557 01c1 00       		.byte	0
 558 01c2 06       		.uleb128 0x6
 559 01c3 6C000000 		.4byte	.LBB5
 560 01c7 0E000000 		.4byte	.LBE5-.LBB5
 561 01cb F2010000 		.4byte	0x1f2
 562 01cf 07       		.uleb128 0x7
 563 01d0 5C010000 		.4byte	.LASF16
 564 01d4 01       		.byte	0x1
 565 01d5 4A       		.byte	0x4a
 566 01d6 68000000 		.4byte	0x68
 567 01da 5C000000 		.4byte	.LLST3
 568 01de 0B       		.uleb128 0xb
 569 01df 74000000 		.4byte	.LVL18
 570 01e3 C6040000 		.4byte	0x4c6
 571 01e7 0A       		.uleb128 0xa
 572 01e8 01       		.uleb128 0x1
ARM GAS  C:\Users\Misha\AppData\Local\Temp\ccMQJMN8.s 			page 16


 573 01e9 50       		.byte	0x50
 574 01ea 05       		.uleb128 0x5
 575 01eb 03       		.byte	0x3
 576 01ec 34000000 		.4byte	.LC3
 577 01f0 00       		.byte	0
 578 01f1 00       		.byte	0
 579 01f2 06       		.uleb128 0x6
 580 01f3 82000000 		.4byte	.LBB6
 581 01f7 1E000000 		.4byte	.LBE6-.LBB6
 582 01fb 64020000 		.4byte	0x264
 583 01ff 07       		.uleb128 0x7
 584 0200 5C010000 		.4byte	.LASF16
 585 0204 01       		.byte	0x1
 586 0205 71       		.byte	0x71
 587 0206 68000000 		.4byte	0x68
 588 020a 86000000 		.4byte	.LLST4
 589 020e 0D       		.uleb128 0xd
 590 020f 84000000 		.4byte	.LBB7
 591 0213 18000000 		.4byte	.LBE7-.LBB7
 592 0217 0E       		.uleb128 0xe
 593 0218 31010000 		.4byte	.LASF17
 594 021c 01       		.byte	0x1
 595 021d 93       		.byte	0x93
 596 021e 68000000 		.4byte	0x68
 597 0222 09       		.uleb128 0x9
 598 0223 8A000000 		.4byte	.LVL22
 599 0227 C6040000 		.4byte	0x4c6
 600 022b 39020000 		.4byte	0x239
 601 022f 0A       		.uleb128 0xa
 602 0230 01       		.uleb128 0x1
 603 0231 50       		.byte	0x50
 604 0232 05       		.uleb128 0x5
 605 0233 03       		.byte	0x3
 606 0234 44000000 		.4byte	.LC4
 607 0238 00       		.byte	0
 608 0239 09       		.uleb128 0x9
 609 023a 96000000 		.4byte	.LVL23
 610 023e F2040000 		.4byte	0x4f2
 611 0242 59020000 		.4byte	0x259
 612 0246 0A       		.uleb128 0xa
 613 0247 01       		.uleb128 0x1
 614 0248 50       		.byte	0x50
 615 0249 03       		.uleb128 0x3
 616 024a 0A       		.byte	0xa
 617 024b 6801     		.2byte	0x168
 618 024d 0A       		.uleb128 0xa
 619 024e 01       		.uleb128 0x1
 620 024f 51       		.byte	0x51
 621 0250 02       		.uleb128 0x2
 622 0251 08       		.byte	0x8
 623 0252 C8       		.byte	0xc8
 624 0253 0A       		.uleb128 0xa
 625 0254 01       		.uleb128 0x1
 626 0255 52       		.byte	0x52
 627 0256 01       		.uleb128 0x1
 628 0257 31       		.byte	0x31
 629 0258 00       		.byte	0
ARM GAS  C:\Users\Misha\AppData\Local\Temp\ccMQJMN8.s 			page 17


 630 0259 0C       		.uleb128 0xc
 631 025a 9A000000 		.4byte	.LVL24
 632 025e FD040000 		.4byte	0x4fd
 633 0262 00       		.byte	0
 634 0263 00       		.byte	0
 635 0264 0D       		.uleb128 0xd
 636 0265 A6000000 		.4byte	.LBB8
 637 0269 6A000000 		.4byte	.LBE8-.LBB8
 638 026d 0E       		.uleb128 0xe
 639 026e 5C010000 		.4byte	.LASF16
 640 0272 01       		.byte	0x1
 641 0273 D1       		.byte	0xd1
 642 0274 68000000 		.4byte	0x68
 643 0278 0D       		.uleb128 0xd
 644 0279 A6000000 		.4byte	.LBB9
 645 027d 6A000000 		.4byte	.LBE9-.LBB9
 646 0281 07       		.uleb128 0x7
 647 0282 4B000000 		.4byte	.LASF18
 648 0286 01       		.byte	0x1
 649 0287 DB       		.byte	0xdb
 650 0288 68000000 		.4byte	0x68
 651 028c B0000000 		.4byte	.LLST5
 652 0290 09       		.uleb128 0x9
 653 0291 AC000000 		.4byte	.LVL27
 654 0295 C6040000 		.4byte	0x4c6
 655 0299 A7020000 		.4byte	0x2a7
 656 029d 0A       		.uleb128 0xa
 657 029e 01       		.uleb128 0x1
 658 029f 50       		.byte	0x50
 659 02a0 05       		.uleb128 0x5
 660 02a1 03       		.byte	0x3
 661 02a2 58000000 		.4byte	.LC5
 662 02a6 00       		.byte	0
 663 02a7 09       		.uleb128 0x9
 664 02a8 B2000000 		.4byte	.LVL28
 665 02ac 08050000 		.4byte	0x508
 666 02b0 BA020000 		.4byte	0x2ba
 667 02b4 0A       		.uleb128 0xa
 668 02b5 01       		.uleb128 0x1
 669 02b6 50       		.byte	0x50
 670 02b7 01       		.uleb128 0x1
 671 02b8 36       		.byte	0x36
 672 02b9 00       		.byte	0
 673 02ba 09       		.uleb128 0x9
 674 02bb B8000000 		.4byte	.LVL29
 675 02bf B0040000 		.4byte	0x4b0
 676 02c3 CE020000 		.4byte	0x2ce
 677 02c7 0A       		.uleb128 0xa
 678 02c8 01       		.uleb128 0x1
 679 02c9 50       		.byte	0x50
 680 02ca 02       		.uleb128 0x2
 681 02cb 08       		.byte	0x8
 682 02cc 32       		.byte	0x32
 683 02cd 00       		.byte	0
 684 02ce 09       		.uleb128 0x9
 685 02cf BE000000 		.4byte	.LVL30
 686 02d3 08050000 		.4byte	0x508
ARM GAS  C:\Users\Misha\AppData\Local\Temp\ccMQJMN8.s 			page 18


 687 02d7 E1020000 		.4byte	0x2e1
 688 02db 0A       		.uleb128 0xa
 689 02dc 01       		.uleb128 0x1
 690 02dd 50       		.byte	0x50
 691 02de 01       		.uleb128 0x1
 692 02df 34       		.byte	0x34
 693 02e0 00       		.byte	0
 694 02e1 09       		.uleb128 0x9
 695 02e2 C4000000 		.4byte	.LVL31
 696 02e6 B0040000 		.4byte	0x4b0
 697 02ea F5020000 		.4byte	0x2f5
 698 02ee 0A       		.uleb128 0xa
 699 02ef 01       		.uleb128 0x1
 700 02f0 50       		.byte	0x50
 701 02f1 02       		.uleb128 0x2
 702 02f2 08       		.byte	0x8
 703 02f3 32       		.byte	0x32
 704 02f4 00       		.byte	0
 705 02f5 09       		.uleb128 0x9
 706 02f6 D4000000 		.4byte	.LVL32
 707 02fa BB040000 		.4byte	0x4bb
 708 02fe 12030000 		.4byte	0x312
 709 0302 0A       		.uleb128 0xa
 710 0303 01       		.uleb128 0x1
 711 0304 50       		.byte	0x50
 712 0305 02       		.uleb128 0x2
 713 0306 74       		.byte	0x74
 714 0307 00       		.sleb128 0
 715 0308 0A       		.uleb128 0xa
 716 0309 01       		.uleb128 0x1
 717 030a 51       		.byte	0x51
 718 030b 05       		.uleb128 0x5
 719 030c 03       		.byte	0x3
 720 030d 70000000 		.4byte	.LC6
 721 0311 00       		.byte	0
 722 0312 09       		.uleb128 0x9
 723 0313 DA000000 		.4byte	.LVL33
 724 0317 C6040000 		.4byte	0x4c6
 725 031b 26030000 		.4byte	0x326
 726 031f 0A       		.uleb128 0xa
 727 0320 01       		.uleb128 0x1
 728 0321 50       		.byte	0x50
 729 0322 02       		.uleb128 0x2
 730 0323 74       		.byte	0x74
 731 0324 00       		.sleb128 0
 732 0325 00       		.byte	0
 733 0326 0B       		.uleb128 0xb
 734 0327 E0000000 		.4byte	.LVL34
 735 032b B0040000 		.4byte	0x4b0
 736 032f 0A       		.uleb128 0xa
 737 0330 01       		.uleb128 0x1
 738 0331 50       		.byte	0x50
 739 0332 02       		.uleb128 0x2
 740 0333 08       		.byte	0x8
 741 0334 64       		.byte	0x64
 742 0335 00       		.byte	0
 743 0336 00       		.byte	0
ARM GAS  C:\Users\Misha\AppData\Local\Temp\ccMQJMN8.s 			page 19


 744 0337 00       		.byte	0
 745 0338 00       		.byte	0
 746 0339 0F       		.uleb128 0xf
 747 033a 23020000 		.4byte	.LASF19
 748 033e 04       		.byte	0x4
 749 033f 1207     		.2byte	0x712
 750 0341 45030000 		.4byte	0x345
 751 0345 10       		.uleb128 0x10
 752 0346 76000000 		.4byte	0x76
 753 034a 11       		.uleb128 0x11
 754 034b 60000000 		.4byte	.LASF20
 755 034f 05       		.byte	0x5
 756 0350 23       		.byte	0x23
 757 0351 68000000 		.4byte	0x68
 758 0355 05       		.uleb128 0x5
 759 0356 03       		.byte	0x3
 760 0357 00000000 		.4byte	internal_orientation
 761 035b 12       		.uleb128 0x12
 762 035c 68000000 		.4byte	0x68
 763 0360 6B030000 		.4byte	0x36b
 764 0364 13       		.uleb128 0x13
 765 0365 9D000000 		.4byte	0x9d
 766 0369 04       		.byte	0x4
 767 036a 00       		.byte	0
 768 036b 11       		.uleb128 0x11
 769 036c 3B000000 		.4byte	.LASF21
 770 0370 06       		.byte	0x6
 771 0371 1C       		.byte	0x1c
 772 0372 5B030000 		.4byte	0x35b
 773 0376 05       		.uleb128 0x5
 774 0377 03       		.byte	0x3
 775 0378 00000000 		.4byte	puck_rack_scans
 776 037c 11       		.uleb128 0x11
 777 037d 8A020000 		.4byte	.LASF22
 778 0381 06       		.byte	0x6
 779 0382 1D       		.byte	0x1d
 780 0383 5B030000 		.4byte	0x35b
 781 0387 05       		.uleb128 0x5
 782 0388 03       		.byte	0x3
 783 0389 00000000 		.4byte	puck_rack_west_offsets
 784 038d 12       		.uleb128 0x12
 785 038e 81000000 		.4byte	0x81
 786 0392 9D030000 		.4byte	0x39d
 787 0396 13       		.uleb128 0x13
 788 0397 9D000000 		.4byte	0x9d
 789 039b 03       		.byte	0x3
 790 039c 00       		.byte	0
 791 039d 11       		.uleb128 0x11
 792 039e B5010000 		.4byte	.LASF23
 793 03a2 06       		.byte	0x6
 794 03a3 1F       		.byte	0x1f
 795 03a4 8D030000 		.4byte	0x38d
 796 03a8 05       		.uleb128 0x5
 797 03a9 03       		.byte	0x3
 798 03aa 00000000 		.4byte	block_edge_location
 799 03ae 11       		.uleb128 0x11
 800 03af 30020000 		.4byte	.LASF24
ARM GAS  C:\Users\Misha\AppData\Local\Temp\ccMQJMN8.s 			page 20


 801 03b3 06       		.byte	0x6
 802 03b4 23       		.byte	0x23
 803 03b5 68000000 		.4byte	0x68
 804 03b9 05       		.uleb128 0x5
 805 03ba 03       		.byte	0x3
 806 03bb 00000000 		.4byte	initialisation
 807 03bf 12       		.uleb128 0x12
 808 03c0 8F000000 		.4byte	0x8f
 809 03c4 CF030000 		.4byte	0x3cf
 810 03c8 13       		.uleb128 0x13
 811 03c9 9D000000 		.4byte	0x9d
 812 03cd 1F       		.byte	0x1f
 813 03ce 00       		.byte	0
 814 03cf 11       		.uleb128 0x11
 815 03d0 02030000 		.4byte	.LASF25
 816 03d4 06       		.byte	0x6
 817 03d5 21       		.byte	0x21
 818 03d6 BF030000 		.4byte	0x3bf
 819 03da 05       		.uleb128 0x5
 820 03db 03       		.byte	0x3
 821 03dc 00000000 		.4byte	output
 822 03e0 12       		.uleb128 0x12
 823 03e1 68000000 		.4byte	0x68
 824 03e5 F0030000 		.4byte	0x3f0
 825 03e9 13       		.uleb128 0x13
 826 03ea 9D000000 		.4byte	0x9d
 827 03ee 06       		.byte	0x6
 828 03ef 00       		.byte	0
 829 03f0 14       		.uleb128 0x14
 830 03f1 84000000 		.4byte	.LASF26
 831 03f5 07       		.byte	0x7
 832 03f6 CB       		.byte	0xcb
 833 03f7 E0030000 		.4byte	0x3e0
 834 03fb 11       		.uleb128 0x11
 835 03fc 00000000 		.4byte	.LASF27
 836 0400 05       		.byte	0x5
 837 0401 2C       		.byte	0x2c
 838 0402 68000000 		.4byte	0x68
 839 0406 05       		.uleb128 0x5
 840 0407 03       		.byte	0x3
 841 0408 00000000 		.4byte	global_encoder
 842 040c 11       		.uleb128 0x11
 843 040d 21000000 		.4byte	.LASF28
 844 0411 05       		.byte	0x5
 845 0412 2D       		.byte	0x2d
 846 0413 68000000 		.4byte	0x68
 847 0417 05       		.uleb128 0x5
 848 0418 03       		.byte	0x3
 849 0419 00000000 		.4byte	global_distance
 850 041d 11       		.uleb128 0x11
 851 041e 6F010000 		.4byte	.LASF29
 852 0422 07       		.byte	0x7
 853 0423 D1       		.byte	0xd1
 854 0424 68000000 		.4byte	0x68
 855 0428 05       		.uleb128 0x5
 856 0429 03       		.byte	0x3
 857 042a 00000000 		.4byte	preferential_route
ARM GAS  C:\Users\Misha\AppData\Local\Temp\ccMQJMN8.s 			page 21


 858 042e 11       		.uleb128 0x11
 859 042f 09030000 		.4byte	.LASF30
 860 0433 07       		.byte	0x7
 861 0434 D2       		.byte	0xd2
 862 0435 68000000 		.4byte	0x68
 863 0439 05       		.uleb128 0x5
 864 043a 03       		.byte	0x3
 865 043b 00000000 		.4byte	initial_tolerance
 866 043f 11       		.uleb128 0x11
 867 0440 7B000000 		.4byte	.LASF31
 868 0444 07       		.byte	0x7
 869 0445 D3       		.byte	0xd3
 870 0446 68000000 		.4byte	0x68
 871 044a 05       		.uleb128 0x5
 872 044b 03       		.byte	0x3
 873 044c 00000000 		.4byte	set_path
 874 0450 11       		.uleb128 0x11
 875 0451 50000000 		.4byte	.LASF32
 876 0455 06       		.byte	0x6
 877 0456 25       		.byte	0x25
 878 0457 68000000 		.4byte	0x68
 879 045b 05       		.uleb128 0x5
 880 045c 03       		.byte	0x3
 881 045d 00000000 		.4byte	ultrasonic_flag
 882 0461 11       		.uleb128 0x11
 883 0462 82010000 		.4byte	.LASF33
 884 0466 01       		.byte	0x1
 885 0467 21       		.byte	0x21
 886 0468 68000000 		.4byte	0x68
 887 046c 05       		.uleb128 0x5
 888 046d 03       		.byte	0x3
 889 046e 00000000 		.4byte	colour_calibration
 890 0472 11       		.uleb128 0x11
 891 0473 61010000 		.4byte	.LASF34
 892 0477 01       		.byte	0x1
 893 0478 22       		.byte	0x22
 894 0479 68000000 		.4byte	0x68
 895 047d 05       		.uleb128 0x5
 896 047e 03       		.byte	0x3
 897 047f 00000000 		.4byte	servo_testing
 898 0483 11       		.uleb128 0x11
 899 0484 D1020000 		.4byte	.LASF35
 900 0488 01       		.byte	0x1
 901 0489 23       		.byte	0x23
 902 048a 68000000 		.4byte	0x68
 903 048e 05       		.uleb128 0x5
 904 048f 03       		.byte	0x3
 905 0490 00000000 		.4byte	motor_testing
 906 0494 11       		.uleb128 0x11
 907 0495 61030000 		.4byte	.LASF36
 908 0499 01       		.byte	0x1
 909 049a 24       		.byte	0x24
 910 049b 68000000 		.4byte	0x68
 911 049f 05       		.uleb128 0x5
 912 04a0 03       		.byte	0x3
 913 04a1 00000000 		.4byte	ultrasonic_testing
 914 04a5 15       		.uleb128 0x15
ARM GAS  C:\Users\Misha\AppData\Local\Temp\ccMQJMN8.s 			page 22


 915 04a6 2E030000 		.4byte	.LASF37
 916 04aa 2E030000 		.4byte	.LASF37
 917 04ae 08       		.byte	0x8
 918 04af 2F       		.byte	0x2f
 919 04b0 15       		.uleb128 0x15
 920 04b1 9C030000 		.4byte	.LASF38
 921 04b5 9C030000 		.4byte	.LASF38
 922 04b9 09       		.byte	0x9
 923 04ba 76       		.byte	0x76
 924 04bb 15       		.uleb128 0x15
 925 04bc 94030000 		.4byte	.LASF39
 926 04c0 94030000 		.4byte	.LASF39
 927 04c4 0A       		.byte	0xa
 928 04c5 E7       		.byte	0xe7
 929 04c6 15       		.uleb128 0x15
 930 04c7 74030000 		.4byte	.LASF40
 931 04cb 74030000 		.4byte	.LASF40
 932 04cf 0B       		.byte	0xb
 933 04d0 8B       		.byte	0x8b
 934 04d1 15       		.uleb128 0x15
 935 04d2 9C010000 		.4byte	.LASF41
 936 04d6 9C010000 		.4byte	.LASF41
 937 04da 0C       		.byte	0xc
 938 04db 1A       		.byte	0x1a
 939 04dc 15       		.uleb128 0x15
 940 04dd E9020000 		.4byte	.LASF42
 941 04e1 E9020000 		.4byte	.LASF42
 942 04e5 0D       		.byte	0xd
 943 04e6 2F       		.byte	0x2f
 944 04e7 15       		.uleb128 0x15
 945 04e8 1B030000 		.4byte	.LASF43
 946 04ec 1B030000 		.4byte	.LASF43
 947 04f0 0E       		.byte	0xe
 948 04f1 0F       		.byte	0xf
 949 04f2 15       		.uleb128 0x15
 950 04f3 68020000 		.4byte	.LASF44
 951 04f7 68020000 		.4byte	.LASF44
 952 04fb 0F       		.byte	0xf
 953 04fc 10       		.byte	0x10
 954 04fd 15       		.uleb128 0x15
 955 04fe 3F020000 		.4byte	.LASF45
 956 0502 3F020000 		.4byte	.LASF45
 957 0506 10       		.byte	0x10
 958 0507 5A       		.byte	0x5a
 959 0508 15       		.uleb128 0x15
 960 0509 85030000 		.4byte	.LASF46
 961 050d 85030000 		.4byte	.LASF46
 962 0511 06       		.byte	0x6
 963 0512 16       		.byte	0x16
 964 0513 00       		.byte	0
 965              		.section	.debug_abbrev,"",%progbits
 966              	.Ldebug_abbrev0:
 967 0000 01       		.uleb128 0x1
 968 0001 11       		.uleb128 0x11
 969 0002 01       		.byte	0x1
 970 0003 25       		.uleb128 0x25
 971 0004 0E       		.uleb128 0xe
ARM GAS  C:\Users\Misha\AppData\Local\Temp\ccMQJMN8.s 			page 23


 972 0005 13       		.uleb128 0x13
 973 0006 0B       		.uleb128 0xb
 974 0007 03       		.uleb128 0x3
 975 0008 0E       		.uleb128 0xe
 976 0009 1B       		.uleb128 0x1b
 977 000a 0E       		.uleb128 0xe
 978 000b 55       		.uleb128 0x55
 979 000c 17       		.uleb128 0x17
 980 000d 11       		.uleb128 0x11
 981 000e 01       		.uleb128 0x1
 982 000f 10       		.uleb128 0x10
 983 0010 17       		.uleb128 0x17
 984 0011 00       		.byte	0
 985 0012 00       		.byte	0
 986 0013 02       		.uleb128 0x2
 987 0014 24       		.uleb128 0x24
 988 0015 00       		.byte	0
 989 0016 0B       		.uleb128 0xb
 990 0017 0B       		.uleb128 0xb
 991 0018 3E       		.uleb128 0x3e
 992 0019 0B       		.uleb128 0xb
 993 001a 03       		.uleb128 0x3
 994 001b 0E       		.uleb128 0xe
 995 001c 00       		.byte	0
 996 001d 00       		.byte	0
 997 001e 03       		.uleb128 0x3
 998 001f 16       		.uleb128 0x16
 999 0020 00       		.byte	0
 1000 0021 03       		.uleb128 0x3
 1001 0022 0E       		.uleb128 0xe
 1002 0023 3A       		.uleb128 0x3a
 1003 0024 0B       		.uleb128 0xb
 1004 0025 3B       		.uleb128 0x3b
 1005 0026 0B       		.uleb128 0xb
 1006 0027 49       		.uleb128 0x49
 1007 0028 13       		.uleb128 0x13
 1008 0029 00       		.byte	0
 1009 002a 00       		.byte	0
 1010 002b 04       		.uleb128 0x4
 1011 002c 24       		.uleb128 0x24
 1012 002d 00       		.byte	0
 1013 002e 0B       		.uleb128 0xb
 1014 002f 0B       		.uleb128 0xb
 1015 0030 3E       		.uleb128 0x3e
 1016 0031 0B       		.uleb128 0xb
 1017 0032 03       		.uleb128 0x3
 1018 0033 08       		.uleb128 0x8
 1019 0034 00       		.byte	0
 1020 0035 00       		.byte	0
 1021 0036 05       		.uleb128 0x5
 1022 0037 2E       		.uleb128 0x2e
 1023 0038 01       		.byte	0x1
 1024 0039 3F       		.uleb128 0x3f
 1025 003a 19       		.uleb128 0x19
 1026 003b 03       		.uleb128 0x3
 1027 003c 0E       		.uleb128 0xe
 1028 003d 3A       		.uleb128 0x3a
ARM GAS  C:\Users\Misha\AppData\Local\Temp\ccMQJMN8.s 			page 24


 1029 003e 0B       		.uleb128 0xb
 1030 003f 3B       		.uleb128 0x3b
 1031 0040 0B       		.uleb128 0xb
 1032 0041 27       		.uleb128 0x27
 1033 0042 19       		.uleb128 0x19
 1034 0043 11       		.uleb128 0x11
 1035 0044 01       		.uleb128 0x1
 1036 0045 12       		.uleb128 0x12
 1037 0046 06       		.uleb128 0x6
 1038 0047 40       		.uleb128 0x40
 1039 0048 18       		.uleb128 0x18
 1040 0049 9742     		.uleb128 0x2117
 1041 004b 19       		.uleb128 0x19
 1042 004c 01       		.uleb128 0x1
 1043 004d 13       		.uleb128 0x13
 1044 004e 00       		.byte	0
 1045 004f 00       		.byte	0
 1046 0050 06       		.uleb128 0x6
 1047 0051 0B       		.uleb128 0xb
 1048 0052 01       		.byte	0x1
 1049 0053 11       		.uleb128 0x11
 1050 0054 01       		.uleb128 0x1
 1051 0055 12       		.uleb128 0x12
 1052 0056 06       		.uleb128 0x6
 1053 0057 01       		.uleb128 0x1
 1054 0058 13       		.uleb128 0x13
 1055 0059 00       		.byte	0
 1056 005a 00       		.byte	0
 1057 005b 07       		.uleb128 0x7
 1058 005c 34       		.uleb128 0x34
 1059 005d 00       		.byte	0
 1060 005e 03       		.uleb128 0x3
 1061 005f 0E       		.uleb128 0xe
 1062 0060 3A       		.uleb128 0x3a
 1063 0061 0B       		.uleb128 0xb
 1064 0062 3B       		.uleb128 0x3b
 1065 0063 0B       		.uleb128 0xb
 1066 0064 49       		.uleb128 0x49
 1067 0065 13       		.uleb128 0x13
 1068 0066 02       		.uleb128 0x2
 1069 0067 17       		.uleb128 0x17
 1070 0068 00       		.byte	0
 1071 0069 00       		.byte	0
 1072 006a 08       		.uleb128 0x8
 1073 006b 34       		.uleb128 0x34
 1074 006c 00       		.byte	0
 1075 006d 03       		.uleb128 0x3
 1076 006e 08       		.uleb128 0x8
 1077 006f 3A       		.uleb128 0x3a
 1078 0070 0B       		.uleb128 0xb
 1079 0071 3B       		.uleb128 0x3b
 1080 0072 0B       		.uleb128 0xb
 1081 0073 49       		.uleb128 0x49
 1082 0074 13       		.uleb128 0x13
 1083 0075 02       		.uleb128 0x2
 1084 0076 17       		.uleb128 0x17
 1085 0077 00       		.byte	0
ARM GAS  C:\Users\Misha\AppData\Local\Temp\ccMQJMN8.s 			page 25


 1086 0078 00       		.byte	0
 1087 0079 09       		.uleb128 0x9
 1088 007a 898201   		.uleb128 0x4109
 1089 007d 01       		.byte	0x1
 1090 007e 11       		.uleb128 0x11
 1091 007f 01       		.uleb128 0x1
 1092 0080 31       		.uleb128 0x31
 1093 0081 13       		.uleb128 0x13
 1094 0082 01       		.uleb128 0x1
 1095 0083 13       		.uleb128 0x13
 1096 0084 00       		.byte	0
 1097 0085 00       		.byte	0
 1098 0086 0A       		.uleb128 0xa
 1099 0087 8A8201   		.uleb128 0x410a
 1100 008a 00       		.byte	0
 1101 008b 02       		.uleb128 0x2
 1102 008c 18       		.uleb128 0x18
 1103 008d 9142     		.uleb128 0x2111
 1104 008f 18       		.uleb128 0x18
 1105 0090 00       		.byte	0
 1106 0091 00       		.byte	0
 1107 0092 0B       		.uleb128 0xb
 1108 0093 898201   		.uleb128 0x4109
 1109 0096 01       		.byte	0x1
 1110 0097 11       		.uleb128 0x11
 1111 0098 01       		.uleb128 0x1
 1112 0099 31       		.uleb128 0x31
 1113 009a 13       		.uleb128 0x13
 1114 009b 00       		.byte	0
 1115 009c 00       		.byte	0
 1116 009d 0C       		.uleb128 0xc
 1117 009e 898201   		.uleb128 0x4109
 1118 00a1 00       		.byte	0
 1119 00a2 11       		.uleb128 0x11
 1120 00a3 01       		.uleb128 0x1
 1121 00a4 31       		.uleb128 0x31
 1122 00a5 13       		.uleb128 0x13
 1123 00a6 00       		.byte	0
 1124 00a7 00       		.byte	0
 1125 00a8 0D       		.uleb128 0xd
 1126 00a9 0B       		.uleb128 0xb
 1127 00aa 01       		.byte	0x1
 1128 00ab 11       		.uleb128 0x11
 1129 00ac 01       		.uleb128 0x1
 1130 00ad 12       		.uleb128 0x12
 1131 00ae 06       		.uleb128 0x6
 1132 00af 00       		.byte	0
 1133 00b0 00       		.byte	0
 1134 00b1 0E       		.uleb128 0xe
 1135 00b2 34       		.uleb128 0x34
 1136 00b3 00       		.byte	0
 1137 00b4 03       		.uleb128 0x3
 1138 00b5 0E       		.uleb128 0xe
 1139 00b6 3A       		.uleb128 0x3a
 1140 00b7 0B       		.uleb128 0xb
 1141 00b8 3B       		.uleb128 0x3b
 1142 00b9 0B       		.uleb128 0xb
ARM GAS  C:\Users\Misha\AppData\Local\Temp\ccMQJMN8.s 			page 26


 1143 00ba 49       		.uleb128 0x49
 1144 00bb 13       		.uleb128 0x13
 1145 00bc 00       		.byte	0
 1146 00bd 00       		.byte	0
 1147 00be 0F       		.uleb128 0xf
 1148 00bf 34       		.uleb128 0x34
 1149 00c0 00       		.byte	0
 1150 00c1 03       		.uleb128 0x3
 1151 00c2 0E       		.uleb128 0xe
 1152 00c3 3A       		.uleb128 0x3a
 1153 00c4 0B       		.uleb128 0xb
 1154 00c5 3B       		.uleb128 0x3b
 1155 00c6 05       		.uleb128 0x5
 1156 00c7 49       		.uleb128 0x49
 1157 00c8 13       		.uleb128 0x13
 1158 00c9 3F       		.uleb128 0x3f
 1159 00ca 19       		.uleb128 0x19
 1160 00cb 3C       		.uleb128 0x3c
 1161 00cc 19       		.uleb128 0x19
 1162 00cd 00       		.byte	0
 1163 00ce 00       		.byte	0
 1164 00cf 10       		.uleb128 0x10
 1165 00d0 35       		.uleb128 0x35
 1166 00d1 00       		.byte	0
 1167 00d2 49       		.uleb128 0x49
 1168 00d3 13       		.uleb128 0x13
 1169 00d4 00       		.byte	0
 1170 00d5 00       		.byte	0
 1171 00d6 11       		.uleb128 0x11
 1172 00d7 34       		.uleb128 0x34
 1173 00d8 00       		.byte	0
 1174 00d9 03       		.uleb128 0x3
 1175 00da 0E       		.uleb128 0xe
 1176 00db 3A       		.uleb128 0x3a
 1177 00dc 0B       		.uleb128 0xb
 1178 00dd 3B       		.uleb128 0x3b
 1179 00de 0B       		.uleb128 0xb
 1180 00df 49       		.uleb128 0x49
 1181 00e0 13       		.uleb128 0x13
 1182 00e1 3F       		.uleb128 0x3f
 1183 00e2 19       		.uleb128 0x19
 1184 00e3 02       		.uleb128 0x2
 1185 00e4 18       		.uleb128 0x18
 1186 00e5 00       		.byte	0
 1187 00e6 00       		.byte	0
 1188 00e7 12       		.uleb128 0x12
 1189 00e8 01       		.uleb128 0x1
 1190 00e9 01       		.byte	0x1
 1191 00ea 49       		.uleb128 0x49
 1192 00eb 13       		.uleb128 0x13
 1193 00ec 01       		.uleb128 0x1
 1194 00ed 13       		.uleb128 0x13
 1195 00ee 00       		.byte	0
 1196 00ef 00       		.byte	0
 1197 00f0 13       		.uleb128 0x13
 1198 00f1 21       		.uleb128 0x21
 1199 00f2 00       		.byte	0
ARM GAS  C:\Users\Misha\AppData\Local\Temp\ccMQJMN8.s 			page 27


 1200 00f3 49       		.uleb128 0x49
 1201 00f4 13       		.uleb128 0x13
 1202 00f5 2F       		.uleb128 0x2f
 1203 00f6 0B       		.uleb128 0xb
 1204 00f7 00       		.byte	0
 1205 00f8 00       		.byte	0
 1206 00f9 14       		.uleb128 0x14
 1207 00fa 34       		.uleb128 0x34
 1208 00fb 00       		.byte	0
 1209 00fc 03       		.uleb128 0x3
 1210 00fd 0E       		.uleb128 0xe
 1211 00fe 3A       		.uleb128 0x3a
 1212 00ff 0B       		.uleb128 0xb
 1213 0100 3B       		.uleb128 0x3b
 1214 0101 0B       		.uleb128 0xb
 1215 0102 49       		.uleb128 0x49
 1216 0103 13       		.uleb128 0x13
 1217 0104 3F       		.uleb128 0x3f
 1218 0105 19       		.uleb128 0x19
 1219 0106 3C       		.uleb128 0x3c
 1220 0107 19       		.uleb128 0x19
 1221 0108 00       		.byte	0
 1222 0109 00       		.byte	0
 1223 010a 15       		.uleb128 0x15
 1224 010b 2E       		.uleb128 0x2e
 1225 010c 00       		.byte	0
 1226 010d 3F       		.uleb128 0x3f
 1227 010e 19       		.uleb128 0x19
 1228 010f 3C       		.uleb128 0x3c
 1229 0110 19       		.uleb128 0x19
 1230 0111 6E       		.uleb128 0x6e
 1231 0112 0E       		.uleb128 0xe
 1232 0113 03       		.uleb128 0x3
 1233 0114 0E       		.uleb128 0xe
 1234 0115 3A       		.uleb128 0x3a
 1235 0116 0B       		.uleb128 0xb
 1236 0117 3B       		.uleb128 0x3b
 1237 0118 0B       		.uleb128 0xb
 1238 0119 00       		.byte	0
 1239 011a 00       		.byte	0
 1240 011b 00       		.byte	0
 1241              		.section	.debug_loc,"",%progbits
 1242              	.Ldebug_loc0:
 1243              	.LLST0:
 1244 0000 0A000000 		.4byte	.LVL0
 1245 0004 11000000 		.4byte	.LVL1-1
 1246 0008 0100     		.2byte	0x1
 1247 000a 53       		.byte	0x53
 1248 000b 60000000 		.4byte	.LVL15
 1249 000f 64000000 		.4byte	.LVL16
 1250 0013 0100     		.2byte	0x1
 1251 0015 53       		.byte	0x53
 1252 0016 00000000 		.4byte	0
 1253 001a 00000000 		.4byte	0
 1254              	.LLST1:
 1255 001e 1A000000 		.4byte	.LVL2
 1256 0022 1E000000 		.4byte	.LVL3
ARM GAS  C:\Users\Misha\AppData\Local\Temp\ccMQJMN8.s 			page 28


 1257 0026 0200     		.2byte	0x2
 1258 0028 30       		.byte	0x30
 1259 0029 9F       		.byte	0x9f
 1260 002a 1E000000 		.4byte	.LVL3
 1261 002e 3A000000 		.4byte	.LVL8
 1262 0032 0100     		.2byte	0x1
 1263 0034 54       		.byte	0x54
 1264 0035 00000000 		.4byte	0
 1265 0039 00000000 		.4byte	0
 1266              	.LLST2:
 1267 003d 38000000 		.4byte	.LVL7
 1268 0041 3C000000 		.4byte	.LVL9
 1269 0045 0200     		.2byte	0x2
 1270 0047 30       		.byte	0x30
 1271 0048 9F       		.byte	0x9f
 1272 0049 3C000000 		.4byte	.LVL9
 1273 004d 60000000 		.4byte	.LVL15
 1274 0051 0100     		.2byte	0x1
 1275 0053 54       		.byte	0x54
 1276 0054 00000000 		.4byte	0
 1277 0058 00000000 		.4byte	0
 1278              	.LLST3:
 1279 005c 6C000000 		.4byte	.LVL17
 1280 0060 73000000 		.4byte	.LVL18-1
 1281 0064 0100     		.2byte	0x1
 1282 0066 53       		.byte	0x53
 1283 0067 74000000 		.4byte	.LVL18
 1284 006b 76000000 		.4byte	.LVL19
 1285 006f 0200     		.2byte	0x2
 1286 0071 31       		.byte	0x31
 1287 0072 9F       		.byte	0x9f
 1288 0073 76000000 		.4byte	.LVL19
 1289 0077 7A000000 		.4byte	.LVL20
 1290 007b 0100     		.2byte	0x1
 1291 007d 53       		.byte	0x53
 1292 007e 00000000 		.4byte	0
 1293 0082 00000000 		.4byte	0
 1294              	.LLST4:
 1295 0086 82000000 		.4byte	.LVL21
 1296 008a 89000000 		.4byte	.LVL22-1
 1297 008e 0100     		.2byte	0x1
 1298 0090 53       		.byte	0x53
 1299 0091 9A000000 		.4byte	.LVL24
 1300 0095 9C000000 		.4byte	.LVL25
 1301 0099 0200     		.2byte	0x2
 1302 009b 31       		.byte	0x31
 1303 009c 9F       		.byte	0x9f
 1304 009d 9C000000 		.4byte	.LVL25
 1305 00a1 A0000000 		.4byte	.LVL26
 1306 00a5 0100     		.2byte	0x1
 1307 00a7 53       		.byte	0x53
 1308 00a8 00000000 		.4byte	0
 1309 00ac 00000000 		.4byte	0
 1310              	.LLST5:
 1311 00b0 AC000000 		.4byte	.LVL27
 1312 00b4 E2000000 		.4byte	.LVL35
 1313 00b8 0200     		.2byte	0x2
ARM GAS  C:\Users\Misha\AppData\Local\Temp\ccMQJMN8.s 			page 29


 1314 00ba 32       		.byte	0x32
 1315 00bb 9F       		.byte	0x9f
 1316 00bc 00000000 		.4byte	0
 1317 00c0 00000000 		.4byte	0
 1318              		.section	.debug_aranges,"",%progbits
 1319 0000 1C000000 		.4byte	0x1c
 1320 0004 0200     		.2byte	0x2
 1321 0006 00000000 		.4byte	.Ldebug_info0
 1322 000a 04       		.byte	0x4
 1323 000b 00       		.byte	0
 1324 000c 0000     		.2byte	0
 1325 000e 0000     		.2byte	0
 1326 0010 00000000 		.4byte	.LFB64
 1327 0014 10010000 		.4byte	.LFE64-.LFB64
 1328 0018 00000000 		.4byte	0
 1329 001c 00000000 		.4byte	0
 1330              		.section	.debug_ranges,"",%progbits
 1331              	.Ldebug_ranges0:
 1332 0000 00000000 		.4byte	.LFB64
 1333 0004 10010000 		.4byte	.LFE64
 1334 0008 00000000 		.4byte	0
 1335 000c 00000000 		.4byte	0
 1336              		.section	.debug_line,"",%progbits
 1337              	.Ldebug_line0:
 1338 0000 EB020000 		.section	.debug_str,"MS",%progbits,1
 1338      02005E02 
 1338      00000201 
 1338      FB0E0D00 
 1338      01010101 
 1339              	.LASF27:
 1340 0000 676C6F62 		.ascii	"global_encoder\000"
 1340      616C5F65 
 1340      6E636F64 
 1340      657200
 1341              	.LASF50:
 1342 000f 756C7469 		.ascii	"ultimateDebugging\000"
 1342      6D617465 
 1342      44656275 
 1342      6767696E 
 1342      6700
 1343              	.LASF28:
 1344 0021 676C6F62 		.ascii	"global_distance\000"
 1344      616C5F64 
 1344      69737461 
 1344      6E636500 
 1345              	.LASF9:
 1346 0031 5F5F696E 		.ascii	"__int32_t\000"
 1346      7433325F 
 1346      7400
 1347              	.LASF21:
 1348 003b 7075636B 		.ascii	"puck_rack_scans\000"
 1348      5F726163 
 1348      6B5F7363 
 1348      616E7300 
 1349              	.LASF18:
 1350 004b 6469636B 		.ascii	"dick\000"
 1350      00
ARM GAS  C:\Users\Misha\AppData\Local\Temp\ccMQJMN8.s 			page 30


 1351              	.LASF32:
 1352 0050 756C7472 		.ascii	"ultrasonic_flag\000"
 1352      61736F6E 
 1352      69635F66 
 1352      6C616700 
 1353              	.LASF20:
 1354 0060 696E7465 		.ascii	"internal_orientation\000"
 1354      726E616C 
 1354      5F6F7269 
 1354      656E7461 
 1354      74696F6E 
 1355              	.LASF11:
 1356 0075 666C6F61 		.ascii	"float\000"
 1356      7400
 1357              	.LASF31:
 1358 007b 7365745F 		.ascii	"set_path\000"
 1358      70617468 
 1358      00
 1359              	.LASF26:
 1360 0084 73656E73 		.ascii	"sensor_distances\000"
 1360      6F725F64 
 1360      69737461 
 1360      6E636573 
 1360      00
 1361              	.LASF1:
 1362 0095 756E7369 		.ascii	"unsigned char\000"
 1362      676E6564 
 1362      20636861 
 1362      7200
 1363              	.LASF47:
 1364 00a3 474E5520 		.ascii	"GNU C11 5.4.1 20160609 (release) [ARM/embedded-5-br"
 1364      43313120 
 1364      352E342E 
 1364      31203230 
 1364      31363036 
 1365 00d6 616E6368 		.ascii	"anch revision 237715] -mcpu=cortex-m3 -mthumb -g -O"
 1365      20726576 
 1365      6973696F 
 1365      6E203233 
 1365      37373135 
 1366 0109 67202D66 		.ascii	"g -ffunction-sections -ffat-lto-objects\000"
 1366      66756E63 
 1366      74696F6E 
 1366      2D736563 
 1366      74696F6E 
 1367              	.LASF17:
 1368 0131 74696D65 		.ascii	"timer\000"
 1368      7200
 1369              	.LASF5:
 1370 0137 6C6F6E67 		.ascii	"long unsigned int\000"
 1370      20756E73 
 1370      69676E65 
 1370      6420696E 
 1370      7400
 1371              	.LASF3:
 1372 0149 73686F72 		.ascii	"short unsigned int\000"
 1372      7420756E 
ARM GAS  C:\Users\Misha\AppData\Local\Temp\ccMQJMN8.s 			page 31


 1372      7369676E 
 1372      65642069 
 1372      6E7400
 1373              	.LASF16:
 1374 015c 6C6F636B 		.ascii	"lock\000"
 1374      00
 1375              	.LASF34:
 1376 0161 73657276 		.ascii	"servo_testing\000"
 1376      6F5F7465 
 1376      7374696E 
 1376      6700
 1377              	.LASF29:
 1378 016f 70726566 		.ascii	"preferential_route\000"
 1378      6572656E 
 1378      7469616C 
 1378      5F726F75 
 1378      746500
 1379              	.LASF33:
 1380 0182 636F6C6F 		.ascii	"colour_calibration\000"
 1380      75725F63 
 1380      616C6962 
 1380      72617469 
 1380      6F6E00
 1381              	.LASF12:
 1382 0195 646F7562 		.ascii	"double\000"
 1382      6C6500
 1383              	.LASF41:
 1384 019c 636F6C6F 		.ascii	"colourSensingCalibration\000"
 1384      75725365 
 1384      6E73696E 
 1384      6743616C 
 1384      69627261 
 1385              	.LASF23:
 1386 01b5 626C6F63 		.ascii	"block_edge_location\000"
 1386      6B5F6564 
 1386      67655F6C 
 1386      6F636174 
 1386      696F6E00 
 1387              	.LASF49:
 1388 01c9 433A5C55 		.ascii	"C:\\Users\\Misha\\Documents\\PSoC Creator\\ECE3091_"
 1388      73657273 
 1388      5C4D6973 
 1388      68615C44 
 1388      6F63756D 
 1389 01f7 47726F75 		.ascii	"Group17\\Group17RobotReal\\Group17Robot.cydsn\000"
 1389      7031375C 
 1389      47726F75 
 1389      70313752 
 1389      6F626F74 
 1390              	.LASF19:
 1391 0223 49544D5F 		.ascii	"ITM_RxBuffer\000"
 1391      52784275 
 1391      66666572 
 1391      00
 1392              	.LASF24:
 1393 0230 696E6974 		.ascii	"initialisation\000"
 1393      69616C69 
ARM GAS  C:\Users\Misha\AppData\Local\Temp\ccMQJMN8.s 			page 32


 1393      73617469 
 1393      6F6E00
 1394              	.LASF45:
 1395 023f 54696D65 		.ascii	"Timer_straight_adjust_Start\000"
 1395      725F7374 
 1395      72616967 
 1395      68745F61 
 1395      646A7573 
 1396              	.LASF8:
 1397 025b 756E7369 		.ascii	"unsigned int\000"
 1397      676E6564 
 1397      20696E74 
 1397      00
 1398              	.LASF44:
 1399 0268 6D6F7665 		.ascii	"moveSwivel\000"
 1399      53776976 
 1399      656C00
 1400              	.LASF7:
 1401 0273 6C6F6E67 		.ascii	"long long unsigned int\000"
 1401      206C6F6E 
 1401      6720756E 
 1401      7369676E 
 1401      65642069 
 1402              	.LASF22:
 1403 028a 7075636B 		.ascii	"puck_rack_west_offsets\000"
 1403      5F726163 
 1403      6B5F7765 
 1403      73745F6F 
 1403      66667365 
 1404              	.LASF48:
 1405 02a1 64656275 		.ascii	"debugging.c\000"
 1405      6767696E 
 1405      672E6300 
 1406              	.LASF10:
 1407 02ad 696E7433 		.ascii	"int32_t\000"
 1407      325F7400 
 1408              	.LASF15:
 1409 02b5 73697A65 		.ascii	"sizetype\000"
 1409      74797065 
 1409      00
 1410              	.LASF6:
 1411 02be 6C6F6E67 		.ascii	"long long int\000"
 1411      206C6F6E 
 1411      6720696E 
 1411      7400
 1412              	.LASF13:
 1413 02cc 63686172 		.ascii	"char\000"
 1413      00
 1414              	.LASF35:
 1415 02d1 6D6F746F 		.ascii	"motor_testing\000"
 1415      725F7465 
 1415      7374696E 
 1415      6700
 1416              	.LASF2:
 1417 02df 73686F72 		.ascii	"short int\000"
 1417      7420696E 
 1417      7400
ARM GAS  C:\Users\Misha\AppData\Local\Temp\ccMQJMN8.s 			page 33


 1418              	.LASF42:
 1419 02e9 636F6E74 		.ascii	"control_photodiode_Write\000"
 1419      726F6C5F 
 1419      70686F74 
 1419      6F64696F 
 1419      64655F57 
 1420              	.LASF25:
 1421 0302 6F757470 		.ascii	"output\000"
 1421      757400
 1422              	.LASF30:
 1423 0309 696E6974 		.ascii	"initial_tolerance\000"
 1423      69616C5F 
 1423      746F6C65 
 1423      72616E63 
 1423      6500
 1424              	.LASF43:
 1425 031b 6368616E 		.ascii	"changeHeightToPuck\000"
 1425      67654865 
 1425      69676874 
 1425      546F5075 
 1425      636B00
 1426              	.LASF37:
 1427 032e 636F6E74 		.ascii	"control_led_Write\000"
 1427      726F6C5F 
 1427      6C65645F 
 1427      57726974 
 1427      6500
 1428              	.LASF4:
 1429 0340 6C6F6E67 		.ascii	"long int\000"
 1429      20696E74 
 1429      00
 1430              	.LASF14:
 1431 0349 6C6F6E67 		.ascii	"long double\000"
 1431      20646F75 
 1431      626C6500 
 1432              	.LASF0:
 1433 0355 7369676E 		.ascii	"signed char\000"
 1433      65642063 
 1433      68617200 
 1434              	.LASF36:
 1435 0361 756C7472 		.ascii	"ultrasonic_testing\000"
 1435      61736F6E 
 1435      69635F74 
 1435      65737469 
 1435      6E6700
 1436              	.LASF40:
 1437 0374 55415254 		.ascii	"UART_1_PutString\000"
 1437      5F315F50 
 1437      75745374 
 1437      72696E67 
 1437      00
 1438              	.LASF46:
 1439 0385 64697374 		.ascii	"distanceSensor\000"
 1439      616E6365 
 1439      53656E73 
 1439      6F7200
 1440              	.LASF39:
ARM GAS  C:\Users\Misha\AppData\Local\Temp\ccMQJMN8.s 			page 34


 1441 0394 73707269 		.ascii	"sprintf\000"
 1441      6E746600 
 1442              	.LASF38:
 1443 039c 43794465 		.ascii	"CyDelay\000"
 1443      6C617900 
 1444              		.ident	"GCC: (GNU Tools for ARM Embedded Processors) 5.4.1 20160609 (release) [ARM/embedded-5-bran
