ARM GAS  C:\Users\Misha\AppData\Local\Temp\ccWy5od4.s 			page 1


   1              		.syntax unified
   2              		.cpu cortex-m3
   3              		.fpu softvfp
   4              		.eabi_attribute 20, 1
   5              		.eabi_attribute 21, 1
   6              		.eabi_attribute 23, 3
   7              		.eabi_attribute 24, 1
   8              		.eabi_attribute 25, 1
   9              		.eabi_attribute 26, 1
  10              		.eabi_attribute 30, 1
  11              		.eabi_attribute 34, 1
  12              		.eabi_attribute 18, 4
  13              		.thumb
  14              		.syntax unified
  15              		.file	"Drift_Check_Timer.c"
  16              		.text
  17              	.Ltext0:
  18              		.cfi_sections	.debug_frame
  19              		.section	.text.Drift_Check_Timer_Enable,"ax",%progbits
  20              		.align	2
  21              		.global	Drift_Check_Timer_Enable
  22              		.thumb
  23              		.thumb_func
  24              		.type	Drift_Check_Timer_Enable, %function
  25              	Drift_Check_Timer_Enable:
  26              	.LFB1:
  27              		.file 1 "Generated_Source\\PSoC5\\Drift_Check_Timer.c"
   1:Generated_Source\PSoC5/Drift_Check_Timer.c **** /*******************************************************************************
   2:Generated_Source\PSoC5/Drift_Check_Timer.c **** * File Name: Drift_Check_Timer.c
   3:Generated_Source\PSoC5/Drift_Check_Timer.c **** * Version 2.80
   4:Generated_Source\PSoC5/Drift_Check_Timer.c **** *
   5:Generated_Source\PSoC5/Drift_Check_Timer.c **** * Description:
   6:Generated_Source\PSoC5/Drift_Check_Timer.c **** *  The Timer component consists of a 8, 16, 24 or 32-bit timer with
   7:Generated_Source\PSoC5/Drift_Check_Timer.c **** *  a selectable period between 2 and 2^Width - 1.  The timer may free run
   8:Generated_Source\PSoC5/Drift_Check_Timer.c **** *  or be used as a capture timer as well.  The capture can be initiated
   9:Generated_Source\PSoC5/Drift_Check_Timer.c **** *  by a positive or negative edge signal as well as via software.
  10:Generated_Source\PSoC5/Drift_Check_Timer.c **** *  A trigger input can be programmed to enable the timer on rising edge
  11:Generated_Source\PSoC5/Drift_Check_Timer.c **** *  falling edge, either edge or continous run.
  12:Generated_Source\PSoC5/Drift_Check_Timer.c **** *  Interrupts may be generated due to a terminal count condition
  13:Generated_Source\PSoC5/Drift_Check_Timer.c **** *  or a capture event.
  14:Generated_Source\PSoC5/Drift_Check_Timer.c **** *
  15:Generated_Source\PSoC5/Drift_Check_Timer.c **** * Note:
  16:Generated_Source\PSoC5/Drift_Check_Timer.c **** *
  17:Generated_Source\PSoC5/Drift_Check_Timer.c **** ********************************************************************************
  18:Generated_Source\PSoC5/Drift_Check_Timer.c **** * Copyright 2008-2017, Cypress Semiconductor Corporation.  All rights reserved.
  19:Generated_Source\PSoC5/Drift_Check_Timer.c **** * You may use this file only in accordance with the license, terms, conditions,
  20:Generated_Source\PSoC5/Drift_Check_Timer.c **** * disclaimers, and limitations in the end user license agreement accompanying
  21:Generated_Source\PSoC5/Drift_Check_Timer.c **** * the software package with which this file was provided.
  22:Generated_Source\PSoC5/Drift_Check_Timer.c **** ********************************************************************************/
  23:Generated_Source\PSoC5/Drift_Check_Timer.c **** 
  24:Generated_Source\PSoC5/Drift_Check_Timer.c **** #include "Drift_Check_Timer.h"
  25:Generated_Source\PSoC5/Drift_Check_Timer.c **** 
  26:Generated_Source\PSoC5/Drift_Check_Timer.c **** uint8 Drift_Check_Timer_initVar = 0u;
  27:Generated_Source\PSoC5/Drift_Check_Timer.c **** 
  28:Generated_Source\PSoC5/Drift_Check_Timer.c **** 
  29:Generated_Source\PSoC5/Drift_Check_Timer.c **** /*******************************************************************************
  30:Generated_Source\PSoC5/Drift_Check_Timer.c **** * Function Name: Drift_Check_Timer_Init
ARM GAS  C:\Users\Misha\AppData\Local\Temp\ccWy5od4.s 			page 2


  31:Generated_Source\PSoC5/Drift_Check_Timer.c **** ********************************************************************************
  32:Generated_Source\PSoC5/Drift_Check_Timer.c **** *
  33:Generated_Source\PSoC5/Drift_Check_Timer.c **** * Summary:
  34:Generated_Source\PSoC5/Drift_Check_Timer.c **** *  Initialize to the schematic state
  35:Generated_Source\PSoC5/Drift_Check_Timer.c **** *
  36:Generated_Source\PSoC5/Drift_Check_Timer.c **** * Parameters:
  37:Generated_Source\PSoC5/Drift_Check_Timer.c **** *  void
  38:Generated_Source\PSoC5/Drift_Check_Timer.c **** *
  39:Generated_Source\PSoC5/Drift_Check_Timer.c **** * Return:
  40:Generated_Source\PSoC5/Drift_Check_Timer.c **** *  void
  41:Generated_Source\PSoC5/Drift_Check_Timer.c **** *
  42:Generated_Source\PSoC5/Drift_Check_Timer.c **** *******************************************************************************/
  43:Generated_Source\PSoC5/Drift_Check_Timer.c **** void Drift_Check_Timer_Init(void) 
  44:Generated_Source\PSoC5/Drift_Check_Timer.c **** {
  45:Generated_Source\PSoC5/Drift_Check_Timer.c ****     #if(!Drift_Check_Timer_UsingFixedFunction)
  46:Generated_Source\PSoC5/Drift_Check_Timer.c ****             /* Interrupt State Backup for Critical Region*/
  47:Generated_Source\PSoC5/Drift_Check_Timer.c ****             uint8 Drift_Check_Timer_interruptState;
  48:Generated_Source\PSoC5/Drift_Check_Timer.c ****     #endif /* Interrupt state back up for Fixed Function only */
  49:Generated_Source\PSoC5/Drift_Check_Timer.c **** 
  50:Generated_Source\PSoC5/Drift_Check_Timer.c ****     #if (Drift_Check_Timer_UsingFixedFunction)
  51:Generated_Source\PSoC5/Drift_Check_Timer.c ****         /* Clear all bits but the enable bit (if it's already set) for Timer operation */
  52:Generated_Source\PSoC5/Drift_Check_Timer.c ****         Drift_Check_Timer_CONTROL &= Drift_Check_Timer_CTRL_ENABLE;
  53:Generated_Source\PSoC5/Drift_Check_Timer.c **** 
  54:Generated_Source\PSoC5/Drift_Check_Timer.c ****         /* Clear the mode bits for continuous run mode */
  55:Generated_Source\PSoC5/Drift_Check_Timer.c ****         #if (CY_PSOC5A)
  56:Generated_Source\PSoC5/Drift_Check_Timer.c ****             Drift_Check_Timer_CONTROL2 &= ((uint8)(~Drift_Check_Timer_CTRL_MODE_MASK));
  57:Generated_Source\PSoC5/Drift_Check_Timer.c ****         #endif /* Clear bits in CONTROL2 only in PSOC5A */
  58:Generated_Source\PSoC5/Drift_Check_Timer.c **** 
  59:Generated_Source\PSoC5/Drift_Check_Timer.c ****         #if (CY_PSOC3 || CY_PSOC5LP)
  60:Generated_Source\PSoC5/Drift_Check_Timer.c ****             Drift_Check_Timer_CONTROL3 &= ((uint8)(~Drift_Check_Timer_CTRL_MODE_MASK));
  61:Generated_Source\PSoC5/Drift_Check_Timer.c ****         #endif /* CONTROL3 register exists only in PSoC3 OR PSoC5LP */
  62:Generated_Source\PSoC5/Drift_Check_Timer.c **** 
  63:Generated_Source\PSoC5/Drift_Check_Timer.c ****         /* Check if One Shot mode is enabled i.e. RunMode !=0*/
  64:Generated_Source\PSoC5/Drift_Check_Timer.c ****         #if (Drift_Check_Timer_RunModeUsed != 0x0u)
  65:Generated_Source\PSoC5/Drift_Check_Timer.c ****             /* Set 3rd bit of Control register to enable one shot mode */
  66:Generated_Source\PSoC5/Drift_Check_Timer.c ****             Drift_Check_Timer_CONTROL |= 0x04u;
  67:Generated_Source\PSoC5/Drift_Check_Timer.c ****         #endif /* One Shot enabled only when RunModeUsed is not Continuous*/
  68:Generated_Source\PSoC5/Drift_Check_Timer.c **** 
  69:Generated_Source\PSoC5/Drift_Check_Timer.c ****         #if (Drift_Check_Timer_RunModeUsed == 2)
  70:Generated_Source\PSoC5/Drift_Check_Timer.c ****             #if (CY_PSOC5A)
  71:Generated_Source\PSoC5/Drift_Check_Timer.c ****                 /* Set last 2 bits of control2 register if one shot(halt on
  72:Generated_Source\PSoC5/Drift_Check_Timer.c ****                 interrupt) is enabled*/
  73:Generated_Source\PSoC5/Drift_Check_Timer.c ****                 Drift_Check_Timer_CONTROL2 |= 0x03u;
  74:Generated_Source\PSoC5/Drift_Check_Timer.c ****             #endif /* Set One-Shot Halt on Interrupt bit in CONTROL2 for PSoC5A */
  75:Generated_Source\PSoC5/Drift_Check_Timer.c **** 
  76:Generated_Source\PSoC5/Drift_Check_Timer.c ****             #if (CY_PSOC3 || CY_PSOC5LP)
  77:Generated_Source\PSoC5/Drift_Check_Timer.c ****                 /* Set last 2 bits of control3 register if one shot(halt on
  78:Generated_Source\PSoC5/Drift_Check_Timer.c ****                 interrupt) is enabled*/
  79:Generated_Source\PSoC5/Drift_Check_Timer.c ****                 Drift_Check_Timer_CONTROL3 |= 0x03u;
  80:Generated_Source\PSoC5/Drift_Check_Timer.c ****             #endif /* Set One-Shot Halt on Interrupt bit in CONTROL3 for PSoC3 or PSoC5LP */
  81:Generated_Source\PSoC5/Drift_Check_Timer.c **** 
  82:Generated_Source\PSoC5/Drift_Check_Timer.c ****         #endif /* Remove section if One Shot Halt on Interrupt is not enabled */
  83:Generated_Source\PSoC5/Drift_Check_Timer.c **** 
  84:Generated_Source\PSoC5/Drift_Check_Timer.c ****         #if (Drift_Check_Timer_UsingHWEnable != 0)
  85:Generated_Source\PSoC5/Drift_Check_Timer.c ****             #if (CY_PSOC5A)
  86:Generated_Source\PSoC5/Drift_Check_Timer.c ****                 /* Set the default Run Mode of the Timer to Continuous */
  87:Generated_Source\PSoC5/Drift_Check_Timer.c ****                 Drift_Check_Timer_CONTROL2 |= Drift_Check_Timer_CTRL_MODE_PULSEWIDTH;
ARM GAS  C:\Users\Misha\AppData\Local\Temp\ccWy5od4.s 			page 3


  88:Generated_Source\PSoC5/Drift_Check_Timer.c ****             #endif /* Set Continuous Run Mode in CONTROL2 for PSoC5A */
  89:Generated_Source\PSoC5/Drift_Check_Timer.c **** 
  90:Generated_Source\PSoC5/Drift_Check_Timer.c ****             #if (CY_PSOC3 || CY_PSOC5LP)
  91:Generated_Source\PSoC5/Drift_Check_Timer.c ****                 /* Clear and Set ROD and COD bits of CFG2 register */
  92:Generated_Source\PSoC5/Drift_Check_Timer.c ****                 Drift_Check_Timer_CONTROL3 &= ((uint8)(~Drift_Check_Timer_CTRL_RCOD_MASK));
  93:Generated_Source\PSoC5/Drift_Check_Timer.c ****                 Drift_Check_Timer_CONTROL3 |= Drift_Check_Timer_CTRL_RCOD;
  94:Generated_Source\PSoC5/Drift_Check_Timer.c **** 
  95:Generated_Source\PSoC5/Drift_Check_Timer.c ****                 /* Clear and Enable the HW enable bit in CFG2 register */
  96:Generated_Source\PSoC5/Drift_Check_Timer.c ****                 Drift_Check_Timer_CONTROL3 &= ((uint8)(~Drift_Check_Timer_CTRL_ENBL_MASK));
  97:Generated_Source\PSoC5/Drift_Check_Timer.c ****                 Drift_Check_Timer_CONTROL3 |= Drift_Check_Timer_CTRL_ENBL;
  98:Generated_Source\PSoC5/Drift_Check_Timer.c **** 
  99:Generated_Source\PSoC5/Drift_Check_Timer.c ****                 /* Set the default Run Mode of the Timer to Continuous */
 100:Generated_Source\PSoC5/Drift_Check_Timer.c ****                 Drift_Check_Timer_CONTROL3 |= Drift_Check_Timer_CTRL_MODE_CONTINUOUS;
 101:Generated_Source\PSoC5/Drift_Check_Timer.c ****             #endif /* Set Continuous Run Mode in CONTROL3 for PSoC3ES3 or PSoC5A */
 102:Generated_Source\PSoC5/Drift_Check_Timer.c **** 
 103:Generated_Source\PSoC5/Drift_Check_Timer.c ****         #endif /* Configure Run Mode with hardware enable */
 104:Generated_Source\PSoC5/Drift_Check_Timer.c **** 
 105:Generated_Source\PSoC5/Drift_Check_Timer.c ****         /* Clear and Set SYNCTC and SYNCCMP bits of RT1 register */
 106:Generated_Source\PSoC5/Drift_Check_Timer.c ****         Drift_Check_Timer_RT1 &= ((uint8)(~Drift_Check_Timer_RT1_MASK));
 107:Generated_Source\PSoC5/Drift_Check_Timer.c ****         Drift_Check_Timer_RT1 |= Drift_Check_Timer_SYNC;
 108:Generated_Source\PSoC5/Drift_Check_Timer.c **** 
 109:Generated_Source\PSoC5/Drift_Check_Timer.c ****         /*Enable DSI Sync all all inputs of the Timer*/
 110:Generated_Source\PSoC5/Drift_Check_Timer.c ****         Drift_Check_Timer_RT1 &= ((uint8)(~Drift_Check_Timer_SYNCDSI_MASK));
 111:Generated_Source\PSoC5/Drift_Check_Timer.c ****         Drift_Check_Timer_RT1 |= Drift_Check_Timer_SYNCDSI_EN;
 112:Generated_Source\PSoC5/Drift_Check_Timer.c **** 
 113:Generated_Source\PSoC5/Drift_Check_Timer.c ****         /* Set the IRQ to use the status register interrupts */
 114:Generated_Source\PSoC5/Drift_Check_Timer.c ****         Drift_Check_Timer_CONTROL2 |= Drift_Check_Timer_CTRL2_IRQ_SEL;
 115:Generated_Source\PSoC5/Drift_Check_Timer.c ****     #endif /* Configuring registers of fixed function implementation */
 116:Generated_Source\PSoC5/Drift_Check_Timer.c **** 
 117:Generated_Source\PSoC5/Drift_Check_Timer.c ****     /* Set Initial values from Configuration */
 118:Generated_Source\PSoC5/Drift_Check_Timer.c ****     Drift_Check_Timer_WritePeriod(Drift_Check_Timer_INIT_PERIOD);
 119:Generated_Source\PSoC5/Drift_Check_Timer.c ****     Drift_Check_Timer_WriteCounter(Drift_Check_Timer_INIT_PERIOD);
 120:Generated_Source\PSoC5/Drift_Check_Timer.c **** 
 121:Generated_Source\PSoC5/Drift_Check_Timer.c ****     #if (Drift_Check_Timer_UsingHWCaptureCounter)/* Capture counter is enabled */
 122:Generated_Source\PSoC5/Drift_Check_Timer.c ****         Drift_Check_Timer_CAPTURE_COUNT_CTRL |= Drift_Check_Timer_CNTR_ENABLE;
 123:Generated_Source\PSoC5/Drift_Check_Timer.c ****         Drift_Check_Timer_SetCaptureCount(Drift_Check_Timer_INIT_CAPTURE_COUNT);
 124:Generated_Source\PSoC5/Drift_Check_Timer.c ****     #endif /* Configure capture counter value */
 125:Generated_Source\PSoC5/Drift_Check_Timer.c **** 
 126:Generated_Source\PSoC5/Drift_Check_Timer.c ****     #if (!Drift_Check_Timer_UsingFixedFunction)
 127:Generated_Source\PSoC5/Drift_Check_Timer.c ****         #if (Drift_Check_Timer_SoftwareCaptureMode)
 128:Generated_Source\PSoC5/Drift_Check_Timer.c ****             Drift_Check_Timer_SetCaptureMode(Drift_Check_Timer_INIT_CAPTURE_MODE);
 129:Generated_Source\PSoC5/Drift_Check_Timer.c ****         #endif /* Set Capture Mode for UDB implementation if capture mode is software controlled */
 130:Generated_Source\PSoC5/Drift_Check_Timer.c **** 
 131:Generated_Source\PSoC5/Drift_Check_Timer.c ****         #if (Drift_Check_Timer_SoftwareTriggerMode)
 132:Generated_Source\PSoC5/Drift_Check_Timer.c ****             #if (!Drift_Check_Timer_UDB_CONTROL_REG_REMOVED)
 133:Generated_Source\PSoC5/Drift_Check_Timer.c ****                 if (0u == (Drift_Check_Timer_CONTROL & Drift_Check_Timer__B_TIMER__TM_SOFTWARE))
 134:Generated_Source\PSoC5/Drift_Check_Timer.c ****                 {
 135:Generated_Source\PSoC5/Drift_Check_Timer.c ****                     Drift_Check_Timer_SetTriggerMode(Drift_Check_Timer_INIT_TRIGGER_MODE);
 136:Generated_Source\PSoC5/Drift_Check_Timer.c ****                 }
 137:Generated_Source\PSoC5/Drift_Check_Timer.c ****             #endif /* (!Drift_Check_Timer_UDB_CONTROL_REG_REMOVED) */
 138:Generated_Source\PSoC5/Drift_Check_Timer.c ****         #endif /* Set trigger mode for UDB Implementation if trigger mode is software controlled */
 139:Generated_Source\PSoC5/Drift_Check_Timer.c **** 
 140:Generated_Source\PSoC5/Drift_Check_Timer.c ****         /* CyEnterCriticalRegion and CyExitCriticalRegion are used to mark following region critica
 141:Generated_Source\PSoC5/Drift_Check_Timer.c ****         /* Enter Critical Region*/
 142:Generated_Source\PSoC5/Drift_Check_Timer.c ****         Drift_Check_Timer_interruptState = CyEnterCriticalSection();
 143:Generated_Source\PSoC5/Drift_Check_Timer.c **** 
 144:Generated_Source\PSoC5/Drift_Check_Timer.c ****         /* Use the interrupt output of the status register for IRQ output */
ARM GAS  C:\Users\Misha\AppData\Local\Temp\ccWy5od4.s 			page 4


 145:Generated_Source\PSoC5/Drift_Check_Timer.c ****         Drift_Check_Timer_STATUS_AUX_CTRL |= Drift_Check_Timer_STATUS_ACTL_INT_EN_MASK;
 146:Generated_Source\PSoC5/Drift_Check_Timer.c **** 
 147:Generated_Source\PSoC5/Drift_Check_Timer.c ****         /* Exit Critical Region*/
 148:Generated_Source\PSoC5/Drift_Check_Timer.c ****         CyExitCriticalSection(Drift_Check_Timer_interruptState);
 149:Generated_Source\PSoC5/Drift_Check_Timer.c **** 
 150:Generated_Source\PSoC5/Drift_Check_Timer.c ****         #if (Drift_Check_Timer_EnableTriggerMode)
 151:Generated_Source\PSoC5/Drift_Check_Timer.c ****             Drift_Check_Timer_EnableTrigger();
 152:Generated_Source\PSoC5/Drift_Check_Timer.c ****         #endif /* Set Trigger enable bit for UDB implementation in the control register*/
 153:Generated_Source\PSoC5/Drift_Check_Timer.c **** 		
 154:Generated_Source\PSoC5/Drift_Check_Timer.c **** 		
 155:Generated_Source\PSoC5/Drift_Check_Timer.c ****         #if (Drift_Check_Timer_InterruptOnCaptureCount && !Drift_Check_Timer_UDB_CONTROL_REG_REMOVE
 156:Generated_Source\PSoC5/Drift_Check_Timer.c ****             Drift_Check_Timer_SetInterruptCount(Drift_Check_Timer_INIT_INT_CAPTURE_COUNT);
 157:Generated_Source\PSoC5/Drift_Check_Timer.c ****         #endif /* Set interrupt count in UDB implementation if interrupt count feature is checked.*
 158:Generated_Source\PSoC5/Drift_Check_Timer.c **** 
 159:Generated_Source\PSoC5/Drift_Check_Timer.c ****         Drift_Check_Timer_ClearFIFO();
 160:Generated_Source\PSoC5/Drift_Check_Timer.c ****     #endif /* Configure additional features of UDB implementation */
 161:Generated_Source\PSoC5/Drift_Check_Timer.c **** 
 162:Generated_Source\PSoC5/Drift_Check_Timer.c ****     Drift_Check_Timer_SetInterruptMode(Drift_Check_Timer_INIT_INTERRUPT_MODE);
 163:Generated_Source\PSoC5/Drift_Check_Timer.c **** }
 164:Generated_Source\PSoC5/Drift_Check_Timer.c **** 
 165:Generated_Source\PSoC5/Drift_Check_Timer.c **** 
 166:Generated_Source\PSoC5/Drift_Check_Timer.c **** /*******************************************************************************
 167:Generated_Source\PSoC5/Drift_Check_Timer.c **** * Function Name: Drift_Check_Timer_Enable
 168:Generated_Source\PSoC5/Drift_Check_Timer.c **** ********************************************************************************
 169:Generated_Source\PSoC5/Drift_Check_Timer.c **** *
 170:Generated_Source\PSoC5/Drift_Check_Timer.c **** * Summary:
 171:Generated_Source\PSoC5/Drift_Check_Timer.c **** *  Enable the Timer
 172:Generated_Source\PSoC5/Drift_Check_Timer.c **** *
 173:Generated_Source\PSoC5/Drift_Check_Timer.c **** * Parameters:
 174:Generated_Source\PSoC5/Drift_Check_Timer.c **** *  void
 175:Generated_Source\PSoC5/Drift_Check_Timer.c **** *
 176:Generated_Source\PSoC5/Drift_Check_Timer.c **** * Return:
 177:Generated_Source\PSoC5/Drift_Check_Timer.c **** *  void
 178:Generated_Source\PSoC5/Drift_Check_Timer.c **** *
 179:Generated_Source\PSoC5/Drift_Check_Timer.c **** *******************************************************************************/
 180:Generated_Source\PSoC5/Drift_Check_Timer.c **** void Drift_Check_Timer_Enable(void) 
 181:Generated_Source\PSoC5/Drift_Check_Timer.c **** {
  28              		.loc 1 181 0
  29              		.cfi_startproc
  30              		@ args = 0, pretend = 0, frame = 0
  31              		@ frame_needed = 0, uses_anonymous_args = 0
  32              		@ link register save eliminated.
 182:Generated_Source\PSoC5/Drift_Check_Timer.c ****     /* Globally Enable the Fixed Function Block chosen */
 183:Generated_Source\PSoC5/Drift_Check_Timer.c ****     #if (Drift_Check_Timer_UsingFixedFunction)
 184:Generated_Source\PSoC5/Drift_Check_Timer.c ****         Drift_Check_Timer_GLOBAL_ENABLE |= Drift_Check_Timer_BLOCK_EN_MASK;
  33              		.loc 1 184 0
  34 0000 084A     		ldr	r2, .L2
  35 0002 1378     		ldrb	r3, [r2]	@ zero_extendqisi2
  36 0004 43F00103 		orr	r3, r3, #1
  37 0008 1370     		strb	r3, [r2]
 185:Generated_Source\PSoC5/Drift_Check_Timer.c ****         Drift_Check_Timer_GLOBAL_STBY_ENABLE |= Drift_Check_Timer_BLOCK_STBY_EN_MASK;
  38              		.loc 1 185 0
  39 000a 1032     		adds	r2, r2, #16
  40 000c 1378     		ldrb	r3, [r2]	@ zero_extendqisi2
  41 000e 43F00103 		orr	r3, r3, #1
  42 0012 1370     		strb	r3, [r2]
 186:Generated_Source\PSoC5/Drift_Check_Timer.c ****     #endif /* Set Enable bit for enabling Fixed function timer*/
ARM GAS  C:\Users\Misha\AppData\Local\Temp\ccWy5od4.s 			page 5


 187:Generated_Source\PSoC5/Drift_Check_Timer.c **** 
 188:Generated_Source\PSoC5/Drift_Check_Timer.c ****     /* Remove assignment if control register is removed */
 189:Generated_Source\PSoC5/Drift_Check_Timer.c ****     #if (!Drift_Check_Timer_UDB_CONTROL_REG_REMOVED || Drift_Check_Timer_UsingFixedFunction)
 190:Generated_Source\PSoC5/Drift_Check_Timer.c ****         Drift_Check_Timer_CONTROL |= Drift_Check_Timer_CTRL_ENABLE;
  43              		.loc 1 190 0
  44 0014 02F64D32 		addw	r2, r2, #2893
  45 0018 1378     		ldrb	r3, [r2]	@ zero_extendqisi2
  46 001a 43F00103 		orr	r3, r3, #1
  47 001e 1370     		strb	r3, [r2]
  48 0020 7047     		bx	lr
  49              	.L3:
  50 0022 00BF     		.align	2
  51              	.L2:
  52 0024 A3430040 		.word	1073759139
  53              		.cfi_endproc
  54              	.LFE1:
  55              		.size	Drift_Check_Timer_Enable, .-Drift_Check_Timer_Enable
  56              		.section	.text.Drift_Check_Timer_Stop,"ax",%progbits
  57              		.align	2
  58              		.global	Drift_Check_Timer_Stop
  59              		.thumb
  60              		.thumb_func
  61              		.type	Drift_Check_Timer_Stop, %function
  62              	Drift_Check_Timer_Stop:
  63              	.LFB3:
 191:Generated_Source\PSoC5/Drift_Check_Timer.c ****     #endif /* Remove assignment if control register is removed */
 192:Generated_Source\PSoC5/Drift_Check_Timer.c **** }
 193:Generated_Source\PSoC5/Drift_Check_Timer.c **** 
 194:Generated_Source\PSoC5/Drift_Check_Timer.c **** 
 195:Generated_Source\PSoC5/Drift_Check_Timer.c **** /*******************************************************************************
 196:Generated_Source\PSoC5/Drift_Check_Timer.c **** * Function Name: Drift_Check_Timer_Start
 197:Generated_Source\PSoC5/Drift_Check_Timer.c **** ********************************************************************************
 198:Generated_Source\PSoC5/Drift_Check_Timer.c **** *
 199:Generated_Source\PSoC5/Drift_Check_Timer.c **** * Summary:
 200:Generated_Source\PSoC5/Drift_Check_Timer.c **** *  The start function initializes the timer with the default values, the
 201:Generated_Source\PSoC5/Drift_Check_Timer.c **** *  enables the timerto begin counting.  It does not enable interrupts,
 202:Generated_Source\PSoC5/Drift_Check_Timer.c **** *  the EnableInt command should be called if interrupt generation is required.
 203:Generated_Source\PSoC5/Drift_Check_Timer.c **** *
 204:Generated_Source\PSoC5/Drift_Check_Timer.c **** * Parameters:
 205:Generated_Source\PSoC5/Drift_Check_Timer.c **** *  void
 206:Generated_Source\PSoC5/Drift_Check_Timer.c **** *
 207:Generated_Source\PSoC5/Drift_Check_Timer.c **** * Return:
 208:Generated_Source\PSoC5/Drift_Check_Timer.c **** *  void
 209:Generated_Source\PSoC5/Drift_Check_Timer.c **** *
 210:Generated_Source\PSoC5/Drift_Check_Timer.c **** * Global variables:
 211:Generated_Source\PSoC5/Drift_Check_Timer.c **** *  Drift_Check_Timer_initVar: Is modified when this function is called for the
 212:Generated_Source\PSoC5/Drift_Check_Timer.c **** *   first time. Is used to ensure that initialization happens only once.
 213:Generated_Source\PSoC5/Drift_Check_Timer.c **** *
 214:Generated_Source\PSoC5/Drift_Check_Timer.c **** *******************************************************************************/
 215:Generated_Source\PSoC5/Drift_Check_Timer.c **** void Drift_Check_Timer_Start(void) 
 216:Generated_Source\PSoC5/Drift_Check_Timer.c **** {
 217:Generated_Source\PSoC5/Drift_Check_Timer.c ****     if(Drift_Check_Timer_initVar == 0u)
 218:Generated_Source\PSoC5/Drift_Check_Timer.c ****     {
 219:Generated_Source\PSoC5/Drift_Check_Timer.c ****         Drift_Check_Timer_Init();
 220:Generated_Source\PSoC5/Drift_Check_Timer.c **** 
 221:Generated_Source\PSoC5/Drift_Check_Timer.c ****         Drift_Check_Timer_initVar = 1u;   /* Clear this bit for Initialization */
 222:Generated_Source\PSoC5/Drift_Check_Timer.c ****     }
ARM GAS  C:\Users\Misha\AppData\Local\Temp\ccWy5od4.s 			page 6


 223:Generated_Source\PSoC5/Drift_Check_Timer.c **** 
 224:Generated_Source\PSoC5/Drift_Check_Timer.c ****     /* Enable the Timer */
 225:Generated_Source\PSoC5/Drift_Check_Timer.c ****     Drift_Check_Timer_Enable();
 226:Generated_Source\PSoC5/Drift_Check_Timer.c **** }
 227:Generated_Source\PSoC5/Drift_Check_Timer.c **** 
 228:Generated_Source\PSoC5/Drift_Check_Timer.c **** 
 229:Generated_Source\PSoC5/Drift_Check_Timer.c **** /*******************************************************************************
 230:Generated_Source\PSoC5/Drift_Check_Timer.c **** * Function Name: Drift_Check_Timer_Stop
 231:Generated_Source\PSoC5/Drift_Check_Timer.c **** ********************************************************************************
 232:Generated_Source\PSoC5/Drift_Check_Timer.c **** *
 233:Generated_Source\PSoC5/Drift_Check_Timer.c **** * Summary:
 234:Generated_Source\PSoC5/Drift_Check_Timer.c **** *  The stop function halts the timer, but does not change any modes or disable
 235:Generated_Source\PSoC5/Drift_Check_Timer.c **** *  interrupts.
 236:Generated_Source\PSoC5/Drift_Check_Timer.c **** *
 237:Generated_Source\PSoC5/Drift_Check_Timer.c **** * Parameters:
 238:Generated_Source\PSoC5/Drift_Check_Timer.c **** *  void
 239:Generated_Source\PSoC5/Drift_Check_Timer.c **** *
 240:Generated_Source\PSoC5/Drift_Check_Timer.c **** * Return:
 241:Generated_Source\PSoC5/Drift_Check_Timer.c **** *  void
 242:Generated_Source\PSoC5/Drift_Check_Timer.c **** *
 243:Generated_Source\PSoC5/Drift_Check_Timer.c **** * Side Effects: If the Enable mode is set to Hardware only then this function
 244:Generated_Source\PSoC5/Drift_Check_Timer.c **** *               has no effect on the operation of the timer.
 245:Generated_Source\PSoC5/Drift_Check_Timer.c **** *
 246:Generated_Source\PSoC5/Drift_Check_Timer.c **** *******************************************************************************/
 247:Generated_Source\PSoC5/Drift_Check_Timer.c **** void Drift_Check_Timer_Stop(void) 
 248:Generated_Source\PSoC5/Drift_Check_Timer.c **** {
  64              		.loc 1 248 0
  65              		.cfi_startproc
  66              		@ args = 0, pretend = 0, frame = 0
  67              		@ frame_needed = 0, uses_anonymous_args = 0
  68              		@ link register save eliminated.
 249:Generated_Source\PSoC5/Drift_Check_Timer.c ****     /* Disable Timer */
 250:Generated_Source\PSoC5/Drift_Check_Timer.c ****     #if(!Drift_Check_Timer_UDB_CONTROL_REG_REMOVED || Drift_Check_Timer_UsingFixedFunction)
 251:Generated_Source\PSoC5/Drift_Check_Timer.c ****         Drift_Check_Timer_CONTROL &= ((uint8)(~Drift_Check_Timer_CTRL_ENABLE));
  69              		.loc 1 251 0
  70 0000 084A     		ldr	r2, .L5
  71 0002 1378     		ldrb	r3, [r2]	@ zero_extendqisi2
  72 0004 03F0FE03 		and	r3, r3, #254
  73 0008 1370     		strb	r3, [r2]
 252:Generated_Source\PSoC5/Drift_Check_Timer.c ****     #endif /* Remove assignment if control register is removed */
 253:Generated_Source\PSoC5/Drift_Check_Timer.c **** 
 254:Generated_Source\PSoC5/Drift_Check_Timer.c ****     /* Globally disable the Fixed Function Block chosen */
 255:Generated_Source\PSoC5/Drift_Check_Timer.c ****     #if (Drift_Check_Timer_UsingFixedFunction)
 256:Generated_Source\PSoC5/Drift_Check_Timer.c ****         Drift_Check_Timer_GLOBAL_ENABLE &= ((uint8)(~Drift_Check_Timer_BLOCK_EN_MASK));
  74              		.loc 1 256 0
  75 000a A2F65D32 		subw	r2, r2, #2909
  76 000e 1378     		ldrb	r3, [r2]	@ zero_extendqisi2
  77 0010 03F0FE03 		and	r3, r3, #254
  78 0014 1370     		strb	r3, [r2]
 257:Generated_Source\PSoC5/Drift_Check_Timer.c ****         Drift_Check_Timer_GLOBAL_STBY_ENABLE &= ((uint8)(~Drift_Check_Timer_BLOCK_STBY_EN_MASK));
  79              		.loc 1 257 0
  80 0016 1032     		adds	r2, r2, #16
  81 0018 1378     		ldrb	r3, [r2]	@ zero_extendqisi2
  82 001a 03F0FE03 		and	r3, r3, #254
  83 001e 1370     		strb	r3, [r2]
  84 0020 7047     		bx	lr
  85              	.L6:
ARM GAS  C:\Users\Misha\AppData\Local\Temp\ccWy5od4.s 			page 7


  86 0022 00BF     		.align	2
  87              	.L5:
  88 0024 004F0040 		.word	1073762048
  89              		.cfi_endproc
  90              	.LFE3:
  91              		.size	Drift_Check_Timer_Stop, .-Drift_Check_Timer_Stop
  92              		.section	.text.Drift_Check_Timer_SetInterruptMode,"ax",%progbits
  93              		.align	2
  94              		.global	Drift_Check_Timer_SetInterruptMode
  95              		.thumb
  96              		.thumb_func
  97              		.type	Drift_Check_Timer_SetInterruptMode, %function
  98              	Drift_Check_Timer_SetInterruptMode:
  99              	.LFB4:
 258:Generated_Source\PSoC5/Drift_Check_Timer.c ****     #endif /* Disable global enable for the Timer Fixed function block to stop the Timer*/
 259:Generated_Source\PSoC5/Drift_Check_Timer.c **** }
 260:Generated_Source\PSoC5/Drift_Check_Timer.c **** 
 261:Generated_Source\PSoC5/Drift_Check_Timer.c **** 
 262:Generated_Source\PSoC5/Drift_Check_Timer.c **** /*******************************************************************************
 263:Generated_Source\PSoC5/Drift_Check_Timer.c **** * Function Name: Drift_Check_Timer_SetInterruptMode
 264:Generated_Source\PSoC5/Drift_Check_Timer.c **** ********************************************************************************
 265:Generated_Source\PSoC5/Drift_Check_Timer.c **** *
 266:Generated_Source\PSoC5/Drift_Check_Timer.c **** * Summary:
 267:Generated_Source\PSoC5/Drift_Check_Timer.c **** *  This function selects which of the interrupt inputs may cause an interrupt.
 268:Generated_Source\PSoC5/Drift_Check_Timer.c **** *  The twosources are caputure and terminal.  One, both or neither may
 269:Generated_Source\PSoC5/Drift_Check_Timer.c **** *  be selected.
 270:Generated_Source\PSoC5/Drift_Check_Timer.c **** *
 271:Generated_Source\PSoC5/Drift_Check_Timer.c **** * Parameters:
 272:Generated_Source\PSoC5/Drift_Check_Timer.c **** *  interruptMode:   This parameter is used to enable interrups on either/or
 273:Generated_Source\PSoC5/Drift_Check_Timer.c **** *                   terminal count or capture.
 274:Generated_Source\PSoC5/Drift_Check_Timer.c **** *
 275:Generated_Source\PSoC5/Drift_Check_Timer.c **** * Return:
 276:Generated_Source\PSoC5/Drift_Check_Timer.c **** *  void
 277:Generated_Source\PSoC5/Drift_Check_Timer.c **** *
 278:Generated_Source\PSoC5/Drift_Check_Timer.c **** *******************************************************************************/
 279:Generated_Source\PSoC5/Drift_Check_Timer.c **** void Drift_Check_Timer_SetInterruptMode(uint8 interruptMode) 
 280:Generated_Source\PSoC5/Drift_Check_Timer.c **** {
 100              		.loc 1 280 0
 101              		.cfi_startproc
 102              		@ args = 0, pretend = 0, frame = 0
 103              		@ frame_needed = 0, uses_anonymous_args = 0
 104              		@ link register save eliminated.
 105              	.LVL0:
 281:Generated_Source\PSoC5/Drift_Check_Timer.c ****     Drift_Check_Timer_STATUS_MASK = interruptMode;
 106              		.loc 1 281 0
 107 0000 014B     		ldr	r3, .L8
 108 0002 1870     		strb	r0, [r3]
 109 0004 7047     		bx	lr
 110              	.L9:
 111 0006 00BF     		.align	2
 112              	.L8:
 113 0008 034F0040 		.word	1073762051
 114              		.cfi_endproc
 115              	.LFE4:
 116              		.size	Drift_Check_Timer_SetInterruptMode, .-Drift_Check_Timer_SetInterruptMode
 117              		.section	.text.Drift_Check_Timer_SoftwareCapture,"ax",%progbits
 118              		.align	2
ARM GAS  C:\Users\Misha\AppData\Local\Temp\ccWy5od4.s 			page 8


 119              		.global	Drift_Check_Timer_SoftwareCapture
 120              		.thumb
 121              		.thumb_func
 122              		.type	Drift_Check_Timer_SoftwareCapture, %function
 123              	Drift_Check_Timer_SoftwareCapture:
 124              	.LFB5:
 282:Generated_Source\PSoC5/Drift_Check_Timer.c **** }
 283:Generated_Source\PSoC5/Drift_Check_Timer.c **** 
 284:Generated_Source\PSoC5/Drift_Check_Timer.c **** 
 285:Generated_Source\PSoC5/Drift_Check_Timer.c **** /*******************************************************************************
 286:Generated_Source\PSoC5/Drift_Check_Timer.c **** * Function Name: Drift_Check_Timer_SoftwareCapture
 287:Generated_Source\PSoC5/Drift_Check_Timer.c **** ********************************************************************************
 288:Generated_Source\PSoC5/Drift_Check_Timer.c **** *
 289:Generated_Source\PSoC5/Drift_Check_Timer.c **** * Summary:
 290:Generated_Source\PSoC5/Drift_Check_Timer.c **** *  This function forces a capture independent of the capture signal.
 291:Generated_Source\PSoC5/Drift_Check_Timer.c **** *
 292:Generated_Source\PSoC5/Drift_Check_Timer.c **** * Parameters:
 293:Generated_Source\PSoC5/Drift_Check_Timer.c **** *  void
 294:Generated_Source\PSoC5/Drift_Check_Timer.c **** *
 295:Generated_Source\PSoC5/Drift_Check_Timer.c **** * Return:
 296:Generated_Source\PSoC5/Drift_Check_Timer.c **** *  void
 297:Generated_Source\PSoC5/Drift_Check_Timer.c **** *
 298:Generated_Source\PSoC5/Drift_Check_Timer.c **** * Side Effects:
 299:Generated_Source\PSoC5/Drift_Check_Timer.c **** *  An existing hardware capture could be overwritten.
 300:Generated_Source\PSoC5/Drift_Check_Timer.c **** *
 301:Generated_Source\PSoC5/Drift_Check_Timer.c **** *******************************************************************************/
 302:Generated_Source\PSoC5/Drift_Check_Timer.c **** void Drift_Check_Timer_SoftwareCapture(void) 
 303:Generated_Source\PSoC5/Drift_Check_Timer.c **** {
 125              		.loc 1 303 0
 126              		.cfi_startproc
 127              		@ args = 0, pretend = 0, frame = 0
 128              		@ frame_needed = 0, uses_anonymous_args = 0
 129              		@ link register save eliminated.
 304:Generated_Source\PSoC5/Drift_Check_Timer.c ****     /* Generate a software capture by reading the counter register */
 305:Generated_Source\PSoC5/Drift_Check_Timer.c ****     #if(Drift_Check_Timer_UsingFixedFunction)
 306:Generated_Source\PSoC5/Drift_Check_Timer.c ****         (void)CY_GET_REG16(Drift_Check_Timer_COUNTER_LSB_PTR);
 130              		.loc 1 306 0
 131 0000 014B     		ldr	r3, .L11
 132 0002 1B88     		ldrh	r3, [r3]
 133 0004 7047     		bx	lr
 134              	.L12:
 135 0006 00BF     		.align	2
 136              	.L11:
 137 0008 064F0040 		.word	1073762054
 138              		.cfi_endproc
 139              	.LFE5:
 140              		.size	Drift_Check_Timer_SoftwareCapture, .-Drift_Check_Timer_SoftwareCapture
 141              		.section	.text.Drift_Check_Timer_ReadStatusRegister,"ax",%progbits
 142              		.align	2
 143              		.global	Drift_Check_Timer_ReadStatusRegister
 144              		.thumb
 145              		.thumb_func
 146              		.type	Drift_Check_Timer_ReadStatusRegister, %function
 147              	Drift_Check_Timer_ReadStatusRegister:
 148              	.LFB6:
 307:Generated_Source\PSoC5/Drift_Check_Timer.c ****     #else
 308:Generated_Source\PSoC5/Drift_Check_Timer.c ****         (void)CY_GET_REG8(Drift_Check_Timer_COUNTER_LSB_PTR_8BIT);
ARM GAS  C:\Users\Misha\AppData\Local\Temp\ccWy5od4.s 			page 9


 309:Generated_Source\PSoC5/Drift_Check_Timer.c ****     #endif/* (Drift_Check_Timer_UsingFixedFunction) */
 310:Generated_Source\PSoC5/Drift_Check_Timer.c ****     /* Capture Data is now in the FIFO */
 311:Generated_Source\PSoC5/Drift_Check_Timer.c **** }
 312:Generated_Source\PSoC5/Drift_Check_Timer.c **** 
 313:Generated_Source\PSoC5/Drift_Check_Timer.c **** 
 314:Generated_Source\PSoC5/Drift_Check_Timer.c **** /*******************************************************************************
 315:Generated_Source\PSoC5/Drift_Check_Timer.c **** * Function Name: Drift_Check_Timer_ReadStatusRegister
 316:Generated_Source\PSoC5/Drift_Check_Timer.c **** ********************************************************************************
 317:Generated_Source\PSoC5/Drift_Check_Timer.c **** *
 318:Generated_Source\PSoC5/Drift_Check_Timer.c **** * Summary:
 319:Generated_Source\PSoC5/Drift_Check_Timer.c **** *  Reads the status register and returns it's state. This function should use
 320:Generated_Source\PSoC5/Drift_Check_Timer.c **** *  defined types for the bit-field information as the bits in this register may
 321:Generated_Source\PSoC5/Drift_Check_Timer.c **** *  be permuteable.
 322:Generated_Source\PSoC5/Drift_Check_Timer.c **** *
 323:Generated_Source\PSoC5/Drift_Check_Timer.c **** * Parameters:
 324:Generated_Source\PSoC5/Drift_Check_Timer.c **** *  void
 325:Generated_Source\PSoC5/Drift_Check_Timer.c **** *
 326:Generated_Source\PSoC5/Drift_Check_Timer.c **** * Return:
 327:Generated_Source\PSoC5/Drift_Check_Timer.c **** *  The contents of the status register
 328:Generated_Source\PSoC5/Drift_Check_Timer.c **** *
 329:Generated_Source\PSoC5/Drift_Check_Timer.c **** * Side Effects:
 330:Generated_Source\PSoC5/Drift_Check_Timer.c **** *  Status register bits may be clear on read.
 331:Generated_Source\PSoC5/Drift_Check_Timer.c **** *
 332:Generated_Source\PSoC5/Drift_Check_Timer.c **** *******************************************************************************/
 333:Generated_Source\PSoC5/Drift_Check_Timer.c **** uint8   Drift_Check_Timer_ReadStatusRegister(void) 
 334:Generated_Source\PSoC5/Drift_Check_Timer.c **** {
 149              		.loc 1 334 0
 150              		.cfi_startproc
 151              		@ args = 0, pretend = 0, frame = 0
 152              		@ frame_needed = 0, uses_anonymous_args = 0
 153              		@ link register save eliminated.
 335:Generated_Source\PSoC5/Drift_Check_Timer.c ****     return (Drift_Check_Timer_STATUS);
 154              		.loc 1 335 0
 155 0000 014B     		ldr	r3, .L14
 156 0002 1878     		ldrb	r0, [r3]	@ zero_extendqisi2
 336:Generated_Source\PSoC5/Drift_Check_Timer.c **** }
 157              		.loc 1 336 0
 158 0004 7047     		bx	lr
 159              	.L15:
 160 0006 00BF     		.align	2
 161              	.L14:
 162 0008 034F0040 		.word	1073762051
 163              		.cfi_endproc
 164              	.LFE6:
 165              		.size	Drift_Check_Timer_ReadStatusRegister, .-Drift_Check_Timer_ReadStatusRegister
 166              		.section	.text.Drift_Check_Timer_ReadControlRegister,"ax",%progbits
 167              		.align	2
 168              		.global	Drift_Check_Timer_ReadControlRegister
 169              		.thumb
 170              		.thumb_func
 171              		.type	Drift_Check_Timer_ReadControlRegister, %function
 172              	Drift_Check_Timer_ReadControlRegister:
 173              	.LFB7:
 337:Generated_Source\PSoC5/Drift_Check_Timer.c **** 
 338:Generated_Source\PSoC5/Drift_Check_Timer.c **** 
 339:Generated_Source\PSoC5/Drift_Check_Timer.c **** #if (!Drift_Check_Timer_UDB_CONTROL_REG_REMOVED) /* Remove API if control register is unused */
 340:Generated_Source\PSoC5/Drift_Check_Timer.c **** 
ARM GAS  C:\Users\Misha\AppData\Local\Temp\ccWy5od4.s 			page 10


 341:Generated_Source\PSoC5/Drift_Check_Timer.c **** 
 342:Generated_Source\PSoC5/Drift_Check_Timer.c **** /*******************************************************************************
 343:Generated_Source\PSoC5/Drift_Check_Timer.c **** * Function Name: Drift_Check_Timer_ReadControlRegister
 344:Generated_Source\PSoC5/Drift_Check_Timer.c **** ********************************************************************************
 345:Generated_Source\PSoC5/Drift_Check_Timer.c **** *
 346:Generated_Source\PSoC5/Drift_Check_Timer.c **** * Summary:
 347:Generated_Source\PSoC5/Drift_Check_Timer.c **** *  Reads the control register and returns it's value.
 348:Generated_Source\PSoC5/Drift_Check_Timer.c **** *
 349:Generated_Source\PSoC5/Drift_Check_Timer.c **** * Parameters:
 350:Generated_Source\PSoC5/Drift_Check_Timer.c **** *  void
 351:Generated_Source\PSoC5/Drift_Check_Timer.c **** *
 352:Generated_Source\PSoC5/Drift_Check_Timer.c **** * Return:
 353:Generated_Source\PSoC5/Drift_Check_Timer.c **** *  The contents of the control register
 354:Generated_Source\PSoC5/Drift_Check_Timer.c **** *
 355:Generated_Source\PSoC5/Drift_Check_Timer.c **** *******************************************************************************/
 356:Generated_Source\PSoC5/Drift_Check_Timer.c **** uint8 Drift_Check_Timer_ReadControlRegister(void) 
 357:Generated_Source\PSoC5/Drift_Check_Timer.c **** {
 174              		.loc 1 357 0
 175              		.cfi_startproc
 176              		@ args = 0, pretend = 0, frame = 0
 177              		@ frame_needed = 0, uses_anonymous_args = 0
 178              		@ link register save eliminated.
 358:Generated_Source\PSoC5/Drift_Check_Timer.c ****     #if (!Drift_Check_Timer_UDB_CONTROL_REG_REMOVED) 
 359:Generated_Source\PSoC5/Drift_Check_Timer.c ****         return ((uint8)Drift_Check_Timer_CONTROL);
 179              		.loc 1 359 0
 180 0000 014B     		ldr	r3, .L17
 181 0002 1878     		ldrb	r0, [r3]	@ zero_extendqisi2
 360:Generated_Source\PSoC5/Drift_Check_Timer.c ****     #else
 361:Generated_Source\PSoC5/Drift_Check_Timer.c ****         return (0);
 362:Generated_Source\PSoC5/Drift_Check_Timer.c ****     #endif /* (!Drift_Check_Timer_UDB_CONTROL_REG_REMOVED) */
 363:Generated_Source\PSoC5/Drift_Check_Timer.c **** }
 182              		.loc 1 363 0
 183 0004 7047     		bx	lr
 184              	.L18:
 185 0006 00BF     		.align	2
 186              	.L17:
 187 0008 004F0040 		.word	1073762048
 188              		.cfi_endproc
 189              	.LFE7:
 190              		.size	Drift_Check_Timer_ReadControlRegister, .-Drift_Check_Timer_ReadControlRegister
 191              		.section	.text.Drift_Check_Timer_WriteControlRegister,"ax",%progbits
 192              		.align	2
 193              		.global	Drift_Check_Timer_WriteControlRegister
 194              		.thumb
 195              		.thumb_func
 196              		.type	Drift_Check_Timer_WriteControlRegister, %function
 197              	Drift_Check_Timer_WriteControlRegister:
 198              	.LFB8:
 364:Generated_Source\PSoC5/Drift_Check_Timer.c **** 
 365:Generated_Source\PSoC5/Drift_Check_Timer.c **** 
 366:Generated_Source\PSoC5/Drift_Check_Timer.c **** /*******************************************************************************
 367:Generated_Source\PSoC5/Drift_Check_Timer.c **** * Function Name: Drift_Check_Timer_WriteControlRegister
 368:Generated_Source\PSoC5/Drift_Check_Timer.c **** ********************************************************************************
 369:Generated_Source\PSoC5/Drift_Check_Timer.c **** *
 370:Generated_Source\PSoC5/Drift_Check_Timer.c **** * Summary:
 371:Generated_Source\PSoC5/Drift_Check_Timer.c **** *  Sets the bit-field of the control register.
 372:Generated_Source\PSoC5/Drift_Check_Timer.c **** *
ARM GAS  C:\Users\Misha\AppData\Local\Temp\ccWy5od4.s 			page 11


 373:Generated_Source\PSoC5/Drift_Check_Timer.c **** * Parameters:
 374:Generated_Source\PSoC5/Drift_Check_Timer.c **** *  control: The contents of the control register
 375:Generated_Source\PSoC5/Drift_Check_Timer.c **** *
 376:Generated_Source\PSoC5/Drift_Check_Timer.c **** * Return:
 377:Generated_Source\PSoC5/Drift_Check_Timer.c **** *
 378:Generated_Source\PSoC5/Drift_Check_Timer.c **** *******************************************************************************/
 379:Generated_Source\PSoC5/Drift_Check_Timer.c **** void Drift_Check_Timer_WriteControlRegister(uint8 control) 
 380:Generated_Source\PSoC5/Drift_Check_Timer.c **** {
 199              		.loc 1 380 0
 200              		.cfi_startproc
 201              		@ args = 0, pretend = 0, frame = 0
 202              		@ frame_needed = 0, uses_anonymous_args = 0
 203              		@ link register save eliminated.
 204              	.LVL1:
 381:Generated_Source\PSoC5/Drift_Check_Timer.c ****     #if (!Drift_Check_Timer_UDB_CONTROL_REG_REMOVED) 
 382:Generated_Source\PSoC5/Drift_Check_Timer.c ****         Drift_Check_Timer_CONTROL = control;
 205              		.loc 1 382 0
 206 0000 014B     		ldr	r3, .L20
 207 0002 1870     		strb	r0, [r3]
 208 0004 7047     		bx	lr
 209              	.L21:
 210 0006 00BF     		.align	2
 211              	.L20:
 212 0008 004F0040 		.word	1073762048
 213              		.cfi_endproc
 214              	.LFE8:
 215              		.size	Drift_Check_Timer_WriteControlRegister, .-Drift_Check_Timer_WriteControlRegister
 216              		.section	.text.Drift_Check_Timer_ReadPeriod,"ax",%progbits
 217              		.align	2
 218              		.global	Drift_Check_Timer_ReadPeriod
 219              		.thumb
 220              		.thumb_func
 221              		.type	Drift_Check_Timer_ReadPeriod, %function
 222              	Drift_Check_Timer_ReadPeriod:
 223              	.LFB9:
 383:Generated_Source\PSoC5/Drift_Check_Timer.c ****     #else
 384:Generated_Source\PSoC5/Drift_Check_Timer.c ****         control = 0u;
 385:Generated_Source\PSoC5/Drift_Check_Timer.c ****     #endif /* (!Drift_Check_Timer_UDB_CONTROL_REG_REMOVED) */
 386:Generated_Source\PSoC5/Drift_Check_Timer.c **** }
 387:Generated_Source\PSoC5/Drift_Check_Timer.c **** 
 388:Generated_Source\PSoC5/Drift_Check_Timer.c **** #endif /* Remove API if control register is unused */
 389:Generated_Source\PSoC5/Drift_Check_Timer.c **** 
 390:Generated_Source\PSoC5/Drift_Check_Timer.c **** 
 391:Generated_Source\PSoC5/Drift_Check_Timer.c **** /*******************************************************************************
 392:Generated_Source\PSoC5/Drift_Check_Timer.c **** * Function Name: Drift_Check_Timer_ReadPeriod
 393:Generated_Source\PSoC5/Drift_Check_Timer.c **** ********************************************************************************
 394:Generated_Source\PSoC5/Drift_Check_Timer.c **** *
 395:Generated_Source\PSoC5/Drift_Check_Timer.c **** * Summary:
 396:Generated_Source\PSoC5/Drift_Check_Timer.c **** *  This function returns the current value of the Period.
 397:Generated_Source\PSoC5/Drift_Check_Timer.c **** *
 398:Generated_Source\PSoC5/Drift_Check_Timer.c **** * Parameters:
 399:Generated_Source\PSoC5/Drift_Check_Timer.c **** *  void
 400:Generated_Source\PSoC5/Drift_Check_Timer.c **** *
 401:Generated_Source\PSoC5/Drift_Check_Timer.c **** * Return:
 402:Generated_Source\PSoC5/Drift_Check_Timer.c **** *  The present value of the counter.
 403:Generated_Source\PSoC5/Drift_Check_Timer.c **** *
 404:Generated_Source\PSoC5/Drift_Check_Timer.c **** *******************************************************************************/
ARM GAS  C:\Users\Misha\AppData\Local\Temp\ccWy5od4.s 			page 12


 405:Generated_Source\PSoC5/Drift_Check_Timer.c **** uint16 Drift_Check_Timer_ReadPeriod(void) 
 406:Generated_Source\PSoC5/Drift_Check_Timer.c **** {
 224              		.loc 1 406 0
 225              		.cfi_startproc
 226              		@ args = 0, pretend = 0, frame = 0
 227              		@ frame_needed = 0, uses_anonymous_args = 0
 228              		@ link register save eliminated.
 407:Generated_Source\PSoC5/Drift_Check_Timer.c ****    #if(Drift_Check_Timer_UsingFixedFunction)
 408:Generated_Source\PSoC5/Drift_Check_Timer.c ****        return ((uint16)CY_GET_REG16(Drift_Check_Timer_PERIOD_LSB_PTR));
 229              		.loc 1 408 0
 230 0000 014B     		ldr	r3, .L23
 231 0002 1888     		ldrh	r0, [r3]
 409:Generated_Source\PSoC5/Drift_Check_Timer.c ****    #else
 410:Generated_Source\PSoC5/Drift_Check_Timer.c ****        return (CY_GET_REG16(Drift_Check_Timer_PERIOD_LSB_PTR));
 411:Generated_Source\PSoC5/Drift_Check_Timer.c ****    #endif /* (Drift_Check_Timer_UsingFixedFunction) */
 412:Generated_Source\PSoC5/Drift_Check_Timer.c **** }
 232              		.loc 1 412 0
 233 0004 80B2     		uxth	r0, r0
 234 0006 7047     		bx	lr
 235              	.L24:
 236              		.align	2
 237              	.L23:
 238 0008 044F0040 		.word	1073762052
 239              		.cfi_endproc
 240              	.LFE9:
 241              		.size	Drift_Check_Timer_ReadPeriod, .-Drift_Check_Timer_ReadPeriod
 242              		.section	.text.Drift_Check_Timer_WritePeriod,"ax",%progbits
 243              		.align	2
 244              		.global	Drift_Check_Timer_WritePeriod
 245              		.thumb
 246              		.thumb_func
 247              		.type	Drift_Check_Timer_WritePeriod, %function
 248              	Drift_Check_Timer_WritePeriod:
 249              	.LFB10:
 413:Generated_Source\PSoC5/Drift_Check_Timer.c **** 
 414:Generated_Source\PSoC5/Drift_Check_Timer.c **** 
 415:Generated_Source\PSoC5/Drift_Check_Timer.c **** /*******************************************************************************
 416:Generated_Source\PSoC5/Drift_Check_Timer.c **** * Function Name: Drift_Check_Timer_WritePeriod
 417:Generated_Source\PSoC5/Drift_Check_Timer.c **** ********************************************************************************
 418:Generated_Source\PSoC5/Drift_Check_Timer.c **** *
 419:Generated_Source\PSoC5/Drift_Check_Timer.c **** * Summary:
 420:Generated_Source\PSoC5/Drift_Check_Timer.c **** *  This function is used to change the period of the counter.  The new period
 421:Generated_Source\PSoC5/Drift_Check_Timer.c **** *  will be loaded the next time terminal count is detected.
 422:Generated_Source\PSoC5/Drift_Check_Timer.c **** *
 423:Generated_Source\PSoC5/Drift_Check_Timer.c **** * Parameters:
 424:Generated_Source\PSoC5/Drift_Check_Timer.c **** *  period: This value may be between 1 and (2^Resolution)-1.  A value of 0 will
 425:Generated_Source\PSoC5/Drift_Check_Timer.c **** *          result in the counter remaining at zero.
 426:Generated_Source\PSoC5/Drift_Check_Timer.c **** *
 427:Generated_Source\PSoC5/Drift_Check_Timer.c **** * Return:
 428:Generated_Source\PSoC5/Drift_Check_Timer.c **** *  void
 429:Generated_Source\PSoC5/Drift_Check_Timer.c **** *
 430:Generated_Source\PSoC5/Drift_Check_Timer.c **** *******************************************************************************/
 431:Generated_Source\PSoC5/Drift_Check_Timer.c **** void Drift_Check_Timer_WritePeriod(uint16 period) 
 432:Generated_Source\PSoC5/Drift_Check_Timer.c **** {
 250              		.loc 1 432 0
 251              		.cfi_startproc
 252              		@ args = 0, pretend = 0, frame = 0
ARM GAS  C:\Users\Misha\AppData\Local\Temp\ccWy5od4.s 			page 13


 253              		@ frame_needed = 0, uses_anonymous_args = 0
 254              		@ link register save eliminated.
 255              	.LVL2:
 433:Generated_Source\PSoC5/Drift_Check_Timer.c ****     #if(Drift_Check_Timer_UsingFixedFunction)
 434:Generated_Source\PSoC5/Drift_Check_Timer.c ****         uint16 period_temp = (uint16)period;
 435:Generated_Source\PSoC5/Drift_Check_Timer.c ****         CY_SET_REG16(Drift_Check_Timer_PERIOD_LSB_PTR, period_temp);
 256              		.loc 1 435 0
 257 0000 014B     		ldr	r3, .L26
 258 0002 1880     		strh	r0, [r3]	@ movhi
 259 0004 7047     		bx	lr
 260              	.L27:
 261 0006 00BF     		.align	2
 262              	.L26:
 263 0008 044F0040 		.word	1073762052
 264              		.cfi_endproc
 265              	.LFE10:
 266              		.size	Drift_Check_Timer_WritePeriod, .-Drift_Check_Timer_WritePeriod
 267              		.section	.text.Drift_Check_Timer_ReadCapture,"ax",%progbits
 268              		.align	2
 269              		.global	Drift_Check_Timer_ReadCapture
 270              		.thumb
 271              		.thumb_func
 272              		.type	Drift_Check_Timer_ReadCapture, %function
 273              	Drift_Check_Timer_ReadCapture:
 274              	.LFB11:
 436:Generated_Source\PSoC5/Drift_Check_Timer.c ****     #else
 437:Generated_Source\PSoC5/Drift_Check_Timer.c ****         CY_SET_REG16(Drift_Check_Timer_PERIOD_LSB_PTR, period);
 438:Generated_Source\PSoC5/Drift_Check_Timer.c ****     #endif /*Write Period value with appropriate resolution suffix depending on UDB or fixed functi
 439:Generated_Source\PSoC5/Drift_Check_Timer.c **** }
 440:Generated_Source\PSoC5/Drift_Check_Timer.c **** 
 441:Generated_Source\PSoC5/Drift_Check_Timer.c **** 
 442:Generated_Source\PSoC5/Drift_Check_Timer.c **** /*******************************************************************************
 443:Generated_Source\PSoC5/Drift_Check_Timer.c **** * Function Name: Drift_Check_Timer_ReadCapture
 444:Generated_Source\PSoC5/Drift_Check_Timer.c **** ********************************************************************************
 445:Generated_Source\PSoC5/Drift_Check_Timer.c **** *
 446:Generated_Source\PSoC5/Drift_Check_Timer.c **** * Summary:
 447:Generated_Source\PSoC5/Drift_Check_Timer.c **** *  This function returns the last value captured.
 448:Generated_Source\PSoC5/Drift_Check_Timer.c **** *
 449:Generated_Source\PSoC5/Drift_Check_Timer.c **** * Parameters:
 450:Generated_Source\PSoC5/Drift_Check_Timer.c **** *  void
 451:Generated_Source\PSoC5/Drift_Check_Timer.c **** *
 452:Generated_Source\PSoC5/Drift_Check_Timer.c **** * Return:
 453:Generated_Source\PSoC5/Drift_Check_Timer.c **** *  Present Capture value.
 454:Generated_Source\PSoC5/Drift_Check_Timer.c **** *
 455:Generated_Source\PSoC5/Drift_Check_Timer.c **** *******************************************************************************/
 456:Generated_Source\PSoC5/Drift_Check_Timer.c **** uint16 Drift_Check_Timer_ReadCapture(void) 
 457:Generated_Source\PSoC5/Drift_Check_Timer.c **** {
 275              		.loc 1 457 0
 276              		.cfi_startproc
 277              		@ args = 0, pretend = 0, frame = 0
 278              		@ frame_needed = 0, uses_anonymous_args = 0
 279              		@ link register save eliminated.
 458:Generated_Source\PSoC5/Drift_Check_Timer.c ****    #if(Drift_Check_Timer_UsingFixedFunction)
 459:Generated_Source\PSoC5/Drift_Check_Timer.c ****        return ((uint16)CY_GET_REG16(Drift_Check_Timer_CAPTURE_LSB_PTR));
 280              		.loc 1 459 0
 281 0000 014B     		ldr	r3, .L29
 282 0002 1888     		ldrh	r0, [r3]
ARM GAS  C:\Users\Misha\AppData\Local\Temp\ccWy5od4.s 			page 14


 460:Generated_Source\PSoC5/Drift_Check_Timer.c ****    #else
 461:Generated_Source\PSoC5/Drift_Check_Timer.c ****        return (CY_GET_REG16(Drift_Check_Timer_CAPTURE_LSB_PTR));
 462:Generated_Source\PSoC5/Drift_Check_Timer.c ****    #endif /* (Drift_Check_Timer_UsingFixedFunction) */
 463:Generated_Source\PSoC5/Drift_Check_Timer.c **** }
 283              		.loc 1 463 0
 284 0004 80B2     		uxth	r0, r0
 285 0006 7047     		bx	lr
 286              	.L30:
 287              		.align	2
 288              	.L29:
 289 0008 084F0040 		.word	1073762056
 290              		.cfi_endproc
 291              	.LFE11:
 292              		.size	Drift_Check_Timer_ReadCapture, .-Drift_Check_Timer_ReadCapture
 293              		.section	.text.Drift_Check_Timer_WriteCounter,"ax",%progbits
 294              		.align	2
 295              		.global	Drift_Check_Timer_WriteCounter
 296              		.thumb
 297              		.thumb_func
 298              		.type	Drift_Check_Timer_WriteCounter, %function
 299              	Drift_Check_Timer_WriteCounter:
 300              	.LFB12:
 464:Generated_Source\PSoC5/Drift_Check_Timer.c **** 
 465:Generated_Source\PSoC5/Drift_Check_Timer.c **** 
 466:Generated_Source\PSoC5/Drift_Check_Timer.c **** /*******************************************************************************
 467:Generated_Source\PSoC5/Drift_Check_Timer.c **** * Function Name: Drift_Check_Timer_WriteCounter
 468:Generated_Source\PSoC5/Drift_Check_Timer.c **** ********************************************************************************
 469:Generated_Source\PSoC5/Drift_Check_Timer.c **** *
 470:Generated_Source\PSoC5/Drift_Check_Timer.c **** * Summary:
 471:Generated_Source\PSoC5/Drift_Check_Timer.c **** *  This funtion is used to set the counter to a specific value
 472:Generated_Source\PSoC5/Drift_Check_Timer.c **** *
 473:Generated_Source\PSoC5/Drift_Check_Timer.c **** * Parameters:
 474:Generated_Source\PSoC5/Drift_Check_Timer.c **** *  counter:  New counter value.
 475:Generated_Source\PSoC5/Drift_Check_Timer.c **** *
 476:Generated_Source\PSoC5/Drift_Check_Timer.c **** * Return:
 477:Generated_Source\PSoC5/Drift_Check_Timer.c **** *  void
 478:Generated_Source\PSoC5/Drift_Check_Timer.c **** *
 479:Generated_Source\PSoC5/Drift_Check_Timer.c **** *******************************************************************************/
 480:Generated_Source\PSoC5/Drift_Check_Timer.c **** void Drift_Check_Timer_WriteCounter(uint16 counter) 
 481:Generated_Source\PSoC5/Drift_Check_Timer.c **** {
 301              		.loc 1 481 0
 302              		.cfi_startproc
 303              		@ args = 0, pretend = 0, frame = 0
 304              		@ frame_needed = 0, uses_anonymous_args = 0
 305              		@ link register save eliminated.
 306              	.LVL3:
 482:Generated_Source\PSoC5/Drift_Check_Timer.c ****    #if(Drift_Check_Timer_UsingFixedFunction)
 483:Generated_Source\PSoC5/Drift_Check_Timer.c ****         /* This functionality is removed until a FixedFunction HW update to
 484:Generated_Source\PSoC5/Drift_Check_Timer.c ****          * allow this register to be written
 485:Generated_Source\PSoC5/Drift_Check_Timer.c ****          */
 486:Generated_Source\PSoC5/Drift_Check_Timer.c ****         CY_SET_REG16(Drift_Check_Timer_COUNTER_LSB_PTR, (uint16)counter);
 307              		.loc 1 486 0
 308 0000 014B     		ldr	r3, .L32
 309 0002 1880     		strh	r0, [r3]	@ movhi
 310 0004 7047     		bx	lr
 311              	.L33:
 312 0006 00BF     		.align	2
ARM GAS  C:\Users\Misha\AppData\Local\Temp\ccWy5od4.s 			page 15


 313              	.L32:
 314 0008 064F0040 		.word	1073762054
 315              		.cfi_endproc
 316              	.LFE12:
 317              		.size	Drift_Check_Timer_WriteCounter, .-Drift_Check_Timer_WriteCounter
 318              		.section	.text.Drift_Check_Timer_Init,"ax",%progbits
 319              		.align	2
 320              		.global	Drift_Check_Timer_Init
 321              		.thumb
 322              		.thumb_func
 323              		.type	Drift_Check_Timer_Init, %function
 324              	Drift_Check_Timer_Init:
 325              	.LFB0:
  44:Generated_Source\PSoC5/Drift_Check_Timer.c ****     #if(!Drift_Check_Timer_UsingFixedFunction)
 326              		.loc 1 44 0
 327              		.cfi_startproc
 328              		@ args = 0, pretend = 0, frame = 0
 329              		@ frame_needed = 0, uses_anonymous_args = 0
 330 0000 08B5     		push	{r3, lr}
 331              		.cfi_def_cfa_offset 8
 332              		.cfi_offset 3, -8
 333              		.cfi_offset 14, -4
  52:Generated_Source\PSoC5/Drift_Check_Timer.c **** 
 334              		.loc 1 52 0
 335 0002 174B     		ldr	r3, .L36
 336 0004 1A78     		ldrb	r2, [r3]	@ zero_extendqisi2
 337 0006 02F00102 		and	r2, r2, #1
 338 000a 1A70     		strb	r2, [r3]
  60:Generated_Source\PSoC5/Drift_Check_Timer.c ****         #endif /* CONTROL3 register exists only in PSoC3 OR PSoC5LP */
 339              		.loc 1 60 0
 340 000c 1549     		ldr	r1, .L36+4
 341 000e 0A78     		ldrb	r2, [r1]	@ zero_extendqisi2
 342 0010 02F0FC02 		and	r2, r2, #252
 343 0014 0A70     		strb	r2, [r1]
  66:Generated_Source\PSoC5/Drift_Check_Timer.c ****         #endif /* One Shot enabled only when RunModeUsed is not Continuous*/
 344              		.loc 1 66 0
 345 0016 1A78     		ldrb	r2, [r3]	@ zero_extendqisi2
 346 0018 42F00402 		orr	r2, r2, #4
 347 001c 1A70     		strb	r2, [r3]
 106:Generated_Source\PSoC5/Drift_Check_Timer.c ****         Drift_Check_Timer_RT1 |= Drift_Check_Timer_SYNC;
 348              		.loc 1 106 0
 349 001e 0B33     		adds	r3, r3, #11
 350 0020 1A78     		ldrb	r2, [r3]	@ zero_extendqisi2
 351 0022 02F0CF02 		and	r2, r2, #207
 352 0026 1A70     		strb	r2, [r3]
 107:Generated_Source\PSoC5/Drift_Check_Timer.c **** 
 353              		.loc 1 107 0
 354 0028 1A78     		ldrb	r2, [r3]	@ zero_extendqisi2
 355 002a 42F03002 		orr	r2, r2, #48
 356 002e 1A70     		strb	r2, [r3]
 110:Generated_Source\PSoC5/Drift_Check_Timer.c ****         Drift_Check_Timer_RT1 |= Drift_Check_Timer_SYNCDSI_EN;
 357              		.loc 1 110 0
 358 0030 1A78     		ldrb	r2, [r3]	@ zero_extendqisi2
 359 0032 02F0F002 		and	r2, r2, #240
 360 0036 1A70     		strb	r2, [r3]
 111:Generated_Source\PSoC5/Drift_Check_Timer.c **** 
 361              		.loc 1 111 0
ARM GAS  C:\Users\Misha\AppData\Local\Temp\ccWy5od4.s 			page 16


 362 0038 1A78     		ldrb	r2, [r3]	@ zero_extendqisi2
 363 003a 42F00F02 		orr	r2, r2, #15
 364 003e 1A70     		strb	r2, [r3]
 114:Generated_Source\PSoC5/Drift_Check_Timer.c ****     #endif /* Configuring registers of fixed function implementation */
 365              		.loc 1 114 0
 366 0040 094A     		ldr	r2, .L36+8
 367 0042 1378     		ldrb	r3, [r2]	@ zero_extendqisi2
 368 0044 43F00103 		orr	r3, r3, #1
 369 0048 1370     		strb	r3, [r2]
 118:Generated_Source\PSoC5/Drift_Check_Timer.c ****     Drift_Check_Timer_WriteCounter(Drift_Check_Timer_INIT_PERIOD);
 370              		.loc 1 118 0
 371 004a 1320     		movs	r0, #19
 372 004c FFF7FEFF 		bl	Drift_Check_Timer_WritePeriod
 373              	.LVL4:
 119:Generated_Source\PSoC5/Drift_Check_Timer.c **** 
 374              		.loc 1 119 0
 375 0050 1320     		movs	r0, #19
 376 0052 FFF7FEFF 		bl	Drift_Check_Timer_WriteCounter
 377              	.LVL5:
 162:Generated_Source\PSoC5/Drift_Check_Timer.c **** }
 378              		.loc 1 162 0
 379 0056 0820     		movs	r0, #8
 380 0058 FFF7FEFF 		bl	Drift_Check_Timer_SetInterruptMode
 381              	.LVL6:
 382 005c 08BD     		pop	{r3, pc}
 383              	.L37:
 384 005e 00BF     		.align	2
 385              	.L36:
 386 0060 004F0040 		.word	1073762048
 387 0064 024F0040 		.word	1073762050
 388 0068 014F0040 		.word	1073762049
 389              		.cfi_endproc
 390              	.LFE0:
 391              		.size	Drift_Check_Timer_Init, .-Drift_Check_Timer_Init
 392              		.section	.text.Drift_Check_Timer_Start,"ax",%progbits
 393              		.align	2
 394              		.global	Drift_Check_Timer_Start
 395              		.thumb
 396              		.thumb_func
 397              		.type	Drift_Check_Timer_Start, %function
 398              	Drift_Check_Timer_Start:
 399              	.LFB2:
 216:Generated_Source\PSoC5/Drift_Check_Timer.c ****     if(Drift_Check_Timer_initVar == 0u)
 400              		.loc 1 216 0
 401              		.cfi_startproc
 402              		@ args = 0, pretend = 0, frame = 0
 403              		@ frame_needed = 0, uses_anonymous_args = 0
 404 0000 08B5     		push	{r3, lr}
 405              		.cfi_def_cfa_offset 8
 406              		.cfi_offset 3, -8
 407              		.cfi_offset 14, -4
 217:Generated_Source\PSoC5/Drift_Check_Timer.c ****     {
 408              		.loc 1 217 0
 409 0002 054B     		ldr	r3, .L41
 410 0004 1B78     		ldrb	r3, [r3]	@ zero_extendqisi2
 411 0006 23B9     		cbnz	r3, .L39
 219:Generated_Source\PSoC5/Drift_Check_Timer.c **** 
ARM GAS  C:\Users\Misha\AppData\Local\Temp\ccWy5od4.s 			page 17


 412              		.loc 1 219 0
 413 0008 FFF7FEFF 		bl	Drift_Check_Timer_Init
 414              	.LVL7:
 221:Generated_Source\PSoC5/Drift_Check_Timer.c ****     }
 415              		.loc 1 221 0
 416 000c 0122     		movs	r2, #1
 417 000e 024B     		ldr	r3, .L41
 418 0010 1A70     		strb	r2, [r3]
 419              	.L39:
 225:Generated_Source\PSoC5/Drift_Check_Timer.c **** }
 420              		.loc 1 225 0
 421 0012 FFF7FEFF 		bl	Drift_Check_Timer_Enable
 422              	.LVL8:
 423 0016 08BD     		pop	{r3, pc}
 424              	.L42:
 425              		.align	2
 426              	.L41:
 427 0018 00000000 		.word	.LANCHOR0
 428              		.cfi_endproc
 429              	.LFE2:
 430              		.size	Drift_Check_Timer_Start, .-Drift_Check_Timer_Start
 431              		.section	.text.Drift_Check_Timer_ReadCounter,"ax",%progbits
 432              		.align	2
 433              		.global	Drift_Check_Timer_ReadCounter
 434              		.thumb
 435              		.thumb_func
 436              		.type	Drift_Check_Timer_ReadCounter, %function
 437              	Drift_Check_Timer_ReadCounter:
 438              	.LFB13:
 487:Generated_Source\PSoC5/Drift_Check_Timer.c ****         
 488:Generated_Source\PSoC5/Drift_Check_Timer.c ****     #else
 489:Generated_Source\PSoC5/Drift_Check_Timer.c ****         CY_SET_REG16(Drift_Check_Timer_COUNTER_LSB_PTR, counter);
 490:Generated_Source\PSoC5/Drift_Check_Timer.c ****     #endif /* Set Write Counter only for the UDB implementation (Write Counter not available in fix
 491:Generated_Source\PSoC5/Drift_Check_Timer.c **** }
 492:Generated_Source\PSoC5/Drift_Check_Timer.c **** 
 493:Generated_Source\PSoC5/Drift_Check_Timer.c **** 
 494:Generated_Source\PSoC5/Drift_Check_Timer.c **** /*******************************************************************************
 495:Generated_Source\PSoC5/Drift_Check_Timer.c **** * Function Name: Drift_Check_Timer_ReadCounter
 496:Generated_Source\PSoC5/Drift_Check_Timer.c **** ********************************************************************************
 497:Generated_Source\PSoC5/Drift_Check_Timer.c **** *
 498:Generated_Source\PSoC5/Drift_Check_Timer.c **** * Summary:
 499:Generated_Source\PSoC5/Drift_Check_Timer.c **** *  This function returns the current counter value.
 500:Generated_Source\PSoC5/Drift_Check_Timer.c **** *
 501:Generated_Source\PSoC5/Drift_Check_Timer.c **** * Parameters:
 502:Generated_Source\PSoC5/Drift_Check_Timer.c **** *  void
 503:Generated_Source\PSoC5/Drift_Check_Timer.c **** *
 504:Generated_Source\PSoC5/Drift_Check_Timer.c **** * Return:
 505:Generated_Source\PSoC5/Drift_Check_Timer.c **** *  Present compare value.
 506:Generated_Source\PSoC5/Drift_Check_Timer.c **** *
 507:Generated_Source\PSoC5/Drift_Check_Timer.c **** *******************************************************************************/
 508:Generated_Source\PSoC5/Drift_Check_Timer.c **** uint16 Drift_Check_Timer_ReadCounter(void) 
 509:Generated_Source\PSoC5/Drift_Check_Timer.c **** {
 439              		.loc 1 509 0
 440              		.cfi_startproc
 441              		@ args = 0, pretend = 0, frame = 0
 442              		@ frame_needed = 0, uses_anonymous_args = 0
 443              		@ link register save eliminated.
ARM GAS  C:\Users\Misha\AppData\Local\Temp\ccWy5od4.s 			page 18


 510:Generated_Source\PSoC5/Drift_Check_Timer.c ****     /* Force capture by reading Accumulator */
 511:Generated_Source\PSoC5/Drift_Check_Timer.c ****     /* Must first do a software capture to be able to read the counter */
 512:Generated_Source\PSoC5/Drift_Check_Timer.c ****     /* It is up to the user code to make sure there isn't already captured data in the FIFO */
 513:Generated_Source\PSoC5/Drift_Check_Timer.c ****     #if(Drift_Check_Timer_UsingFixedFunction)
 514:Generated_Source\PSoC5/Drift_Check_Timer.c ****         (void)CY_GET_REG16(Drift_Check_Timer_COUNTER_LSB_PTR);
 444              		.loc 1 514 0
 445 0000 024B     		ldr	r3, .L44
 446 0002 1B88     		ldrh	r3, [r3]
 515:Generated_Source\PSoC5/Drift_Check_Timer.c ****     #else
 516:Generated_Source\PSoC5/Drift_Check_Timer.c ****         (void)CY_GET_REG8(Drift_Check_Timer_COUNTER_LSB_PTR_8BIT);
 517:Generated_Source\PSoC5/Drift_Check_Timer.c ****     #endif/* (Drift_Check_Timer_UsingFixedFunction) */
 518:Generated_Source\PSoC5/Drift_Check_Timer.c **** 
 519:Generated_Source\PSoC5/Drift_Check_Timer.c ****     /* Read the data from the FIFO (or capture register for Fixed Function)*/
 520:Generated_Source\PSoC5/Drift_Check_Timer.c ****     #if(Drift_Check_Timer_UsingFixedFunction)
 521:Generated_Source\PSoC5/Drift_Check_Timer.c ****         return ((uint16)CY_GET_REG16(Drift_Check_Timer_CAPTURE_LSB_PTR));
 447              		.loc 1 521 0
 448 0004 024B     		ldr	r3, .L44+4
 449 0006 1888     		ldrh	r0, [r3]
 522:Generated_Source\PSoC5/Drift_Check_Timer.c ****     #else
 523:Generated_Source\PSoC5/Drift_Check_Timer.c ****         return (CY_GET_REG16(Drift_Check_Timer_CAPTURE_LSB_PTR));
 524:Generated_Source\PSoC5/Drift_Check_Timer.c ****     #endif /* (Drift_Check_Timer_UsingFixedFunction) */
 525:Generated_Source\PSoC5/Drift_Check_Timer.c **** }
 450              		.loc 1 525 0
 451 0008 80B2     		uxth	r0, r0
 452 000a 7047     		bx	lr
 453              	.L45:
 454              		.align	2
 455              	.L44:
 456 000c 064F0040 		.word	1073762054
 457 0010 084F0040 		.word	1073762056
 458              		.cfi_endproc
 459              	.LFE13:
 460              		.size	Drift_Check_Timer_ReadCounter, .-Drift_Check_Timer_ReadCounter
 461              		.global	Drift_Check_Timer_initVar
 462              		.bss
 463              		.set	.LANCHOR0,. + 0
 464              		.type	Drift_Check_Timer_initVar, %object
 465              		.size	Drift_Check_Timer_initVar, 1
 466              	Drift_Check_Timer_initVar:
 467 0000 00       		.space	1
 468              		.text
 469              	.Letext0:
 470              		.file 2 "Generated_Source\\PSoC5\\cytypes.h"
 471              		.section	.debug_info,"",%progbits
 472              	.Ldebug_info0:
 473 0000 8D020000 		.4byte	0x28d
 474 0004 0400     		.2byte	0x4
 475 0006 00000000 		.4byte	.Ldebug_abbrev0
 476 000a 04       		.byte	0x4
 477 000b 01       		.uleb128 0x1
 478 000c 89000000 		.4byte	.LASF36
 479 0010 0C       		.byte	0xc
 480 0011 53030000 		.4byte	.LASF37
 481 0015 E8010000 		.4byte	.LASF38
 482 0019 00000000 		.4byte	.Ldebug_ranges0+0
 483 001d 00000000 		.4byte	0
 484 0021 00000000 		.4byte	.Ldebug_line0
ARM GAS  C:\Users\Misha\AppData\Local\Temp\ccWy5od4.s 			page 19


 485 0025 02       		.uleb128 0x2
 486 0026 01       		.byte	0x1
 487 0027 06       		.byte	0x6
 488 0028 A4030000 		.4byte	.LASF0
 489 002c 02       		.uleb128 0x2
 490 002d 01       		.byte	0x1
 491 002e 08       		.byte	0x8
 492 002f 7B000000 		.4byte	.LASF1
 493 0033 02       		.uleb128 0x2
 494 0034 02       		.byte	0x2
 495 0035 05       		.byte	0x5
 496 0036 3B030000 		.4byte	.LASF2
 497 003a 02       		.uleb128 0x2
 498 003b 02       		.byte	0x2
 499 003c 07       		.byte	0x7
 500 003d 42000000 		.4byte	.LASF3
 501 0041 02       		.uleb128 0x2
 502 0042 04       		.byte	0x4
 503 0043 05       		.byte	0x5
 504 0044 45030000 		.4byte	.LASF4
 505 0048 02       		.uleb128 0x2
 506 0049 04       		.byte	0x4
 507 004a 07       		.byte	0x7
 508 004b 43010000 		.4byte	.LASF5
 509 004f 02       		.uleb128 0x2
 510 0050 08       		.byte	0x8
 511 0051 05       		.byte	0x5
 512 0052 FA020000 		.4byte	.LASF6
 513 0056 02       		.uleb128 0x2
 514 0057 08       		.byte	0x8
 515 0058 07       		.byte	0x7
 516 0059 A4020000 		.4byte	.LASF7
 517 005d 03       		.uleb128 0x3
 518 005e 04       		.byte	0x4
 519 005f 05       		.byte	0x5
 520 0060 696E7400 		.ascii	"int\000"
 521 0064 02       		.uleb128 0x2
 522 0065 04       		.byte	0x4
 523 0066 07       		.byte	0x7
 524 0067 7E020000 		.4byte	.LASF8
 525 006b 04       		.uleb128 0x4
 526 006c 78010000 		.4byte	.LASF9
 527 0070 02       		.byte	0x2
 528 0071 E401     		.2byte	0x1e4
 529 0073 2C000000 		.4byte	0x2c
 530 0077 04       		.uleb128 0x4
 531 0078 E1010000 		.4byte	.LASF10
 532 007c 02       		.byte	0x2
 533 007d E501     		.2byte	0x1e5
 534 007f 3A000000 		.4byte	0x3a
 535 0083 02       		.uleb128 0x2
 536 0084 04       		.byte	0x4
 537 0085 04       		.byte	0x4
 538 0086 6D000000 		.4byte	.LASF11
 539 008a 02       		.uleb128 0x2
 540 008b 08       		.byte	0x8
 541 008c 04       		.byte	0x4
ARM GAS  C:\Users\Misha\AppData\Local\Temp\ccWy5od4.s 			page 20


 542 008d BB010000 		.4byte	.LASF12
 543 0091 02       		.uleb128 0x2
 544 0092 01       		.byte	0x1
 545 0093 08       		.byte	0x8
 546 0094 4E030000 		.4byte	.LASF13
 547 0098 04       		.uleb128 0x4
 548 0099 17010000 		.4byte	.LASF14
 549 009d 02       		.byte	0x2
 550 009e 8E02     		.2byte	0x28e
 551 00a0 A4000000 		.4byte	0xa4
 552 00a4 05       		.uleb128 0x5
 553 00a5 6B000000 		.4byte	0x6b
 554 00a9 04       		.uleb128 0x4
 555 00aa 00000000 		.4byte	.LASF15
 556 00ae 02       		.byte	0x2
 557 00af 8F02     		.2byte	0x28f
 558 00b1 B5000000 		.4byte	0xb5
 559 00b5 05       		.uleb128 0x5
 560 00b6 77000000 		.4byte	0x77
 561 00ba 02       		.uleb128 0x2
 562 00bb 08       		.byte	0x8
 563 00bc 04       		.byte	0x4
 564 00bd E5020000 		.4byte	.LASF16
 565 00c1 02       		.uleb128 0x2
 566 00c2 04       		.byte	0x4
 567 00c3 07       		.byte	0x7
 568 00c4 F1020000 		.4byte	.LASF17
 569 00c8 06       		.uleb128 0x6
 570 00c9 8B020000 		.4byte	.LASF18
 571 00cd 01       		.byte	0x1
 572 00ce B4       		.byte	0xb4
 573 00cf 00000000 		.4byte	.LFB1
 574 00d3 28000000 		.4byte	.LFE1-.LFB1
 575 00d7 01       		.uleb128 0x1
 576 00d8 9C       		.byte	0x9c
 577 00d9 06       		.uleb128 0x6
 578 00da 86010000 		.4byte	.LASF19
 579 00de 01       		.byte	0x1
 580 00df F7       		.byte	0xf7
 581 00e0 00000000 		.4byte	.LFB3
 582 00e4 28000000 		.4byte	.LFE3-.LFB3
 583 00e8 01       		.uleb128 0x1
 584 00e9 9C       		.byte	0x9c
 585 00ea 07       		.uleb128 0x7
 586 00eb 55010000 		.4byte	.LASF23
 587 00ef 01       		.byte	0x1
 588 00f0 1701     		.2byte	0x117
 589 00f2 00000000 		.4byte	.LFB4
 590 00f6 0C000000 		.4byte	.LFE4-.LFB4
 591 00fa 01       		.uleb128 0x1
 592 00fb 9C       		.byte	0x9c
 593 00fc 0F010000 		.4byte	0x10f
 594 0100 08       		.uleb128 0x8
 595 0101 2D030000 		.4byte	.LASF25
 596 0105 01       		.byte	0x1
 597 0106 1701     		.2byte	0x117
 598 0108 6B000000 		.4byte	0x6b
ARM GAS  C:\Users\Misha\AppData\Local\Temp\ccWy5od4.s 			page 21


 599 010c 01       		.uleb128 0x1
 600 010d 50       		.byte	0x50
 601 010e 00       		.byte	0
 602 010f 09       		.uleb128 0x9
 603 0110 42020000 		.4byte	.LASF20
 604 0114 01       		.byte	0x1
 605 0115 2E01     		.2byte	0x12e
 606 0117 00000000 		.4byte	.LFB5
 607 011b 0C000000 		.4byte	.LFE5-.LFB5
 608 011f 01       		.uleb128 0x1
 609 0120 9C       		.byte	0x9c
 610 0121 0A       		.uleb128 0xa
 611 0122 08030000 		.4byte	.LASF21
 612 0126 01       		.byte	0x1
 613 0127 4D01     		.2byte	0x14d
 614 0129 6B000000 		.4byte	0x6b
 615 012d 00000000 		.4byte	.LFB6
 616 0131 0C000000 		.4byte	.LFE6-.LFB6
 617 0135 01       		.uleb128 0x1
 618 0136 9C       		.byte	0x9c
 619 0137 0A       		.uleb128 0xa
 620 0138 7E030000 		.4byte	.LASF22
 621 013c 01       		.byte	0x1
 622 013d 6401     		.2byte	0x164
 623 013f 6B000000 		.4byte	0x6b
 624 0143 00000000 		.4byte	.LFB7
 625 0147 0C000000 		.4byte	.LFE7-.LFB7
 626 014b 01       		.uleb128 0x1
 627 014c 9C       		.byte	0x9c
 628 014d 07       		.uleb128 0x7
 629 014e 1C010000 		.4byte	.LASF24
 630 0152 01       		.byte	0x1
 631 0153 7B01     		.2byte	0x17b
 632 0155 00000000 		.4byte	.LFB8
 633 0159 0C000000 		.4byte	.LFE8-.LFB8
 634 015d 01       		.uleb128 0x1
 635 015e 9C       		.byte	0x9c
 636 015f 72010000 		.4byte	0x172
 637 0163 08       		.uleb128 0x8
 638 0164 7E010000 		.4byte	.LASF26
 639 0168 01       		.byte	0x1
 640 0169 7B01     		.2byte	0x17b
 641 016b 6B000000 		.4byte	0x6b
 642 016f 01       		.uleb128 0x1
 643 0170 50       		.byte	0x50
 644 0171 00       		.byte	0
 645 0172 0A       		.uleb128 0xa
 646 0173 B0030000 		.4byte	.LASF27
 647 0177 01       		.byte	0x1
 648 0178 9501     		.2byte	0x195
 649 017a 77000000 		.4byte	0x77
 650 017e 00000000 		.4byte	.LFB9
 651 0182 0C000000 		.4byte	.LFE9-.LFB9
 652 0186 01       		.uleb128 0x1
 653 0187 9C       		.byte	0x9c
 654 0188 07       		.uleb128 0x7
 655 0189 BB020000 		.4byte	.LASF28
ARM GAS  C:\Users\Misha\AppData\Local\Temp\ccWy5od4.s 			page 22


 656 018d 01       		.byte	0x1
 657 018e AF01     		.2byte	0x1af
 658 0190 00000000 		.4byte	.LFB10
 659 0194 0C000000 		.4byte	.LFE10-.LFB10
 660 0198 01       		.uleb128 0x1
 661 0199 9C       		.byte	0x9c
 662 019a BB010000 		.4byte	0x1bb
 663 019e 08       		.uleb128 0x8
 664 019f 3B000000 		.4byte	.LASF29
 665 01a3 01       		.byte	0x1
 666 01a4 AF01     		.2byte	0x1af
 667 01a6 77000000 		.4byte	0x77
 668 01aa 01       		.uleb128 0x1
 669 01ab 50       		.byte	0x50
 670 01ac 0B       		.uleb128 0xb
 671 01ad D9020000 		.4byte	.LASF39
 672 01b1 01       		.byte	0x1
 673 01b2 B201     		.2byte	0x1b2
 674 01b4 77000000 		.4byte	0x77
 675 01b8 01       		.uleb128 0x1
 676 01b9 50       		.byte	0x50
 677 01ba 00       		.byte	0
 678 01bb 0A       		.uleb128 0xa
 679 01bc 1D000000 		.4byte	.LASF30
 680 01c0 01       		.byte	0x1
 681 01c1 C801     		.2byte	0x1c8
 682 01c3 77000000 		.4byte	0x77
 683 01c7 00000000 		.4byte	.LFB11
 684 01cb 0C000000 		.4byte	.LFE11-.LFB11
 685 01cf 01       		.uleb128 0x1
 686 01d0 9C       		.byte	0x9c
 687 01d1 07       		.uleb128 0x7
 688 01d2 C2010000 		.4byte	.LASF31
 689 01d6 01       		.byte	0x1
 690 01d7 E001     		.2byte	0x1e0
 691 01d9 00000000 		.4byte	.LFB12
 692 01dd 0C000000 		.4byte	.LFE12-.LFB12
 693 01e1 01       		.uleb128 0x1
 694 01e2 9C       		.byte	0x9c
 695 01e3 F6010000 		.4byte	0x1f6
 696 01e7 08       		.uleb128 0x8
 697 01e8 73000000 		.4byte	.LASF32
 698 01ec 01       		.byte	0x1
 699 01ed E001     		.2byte	0x1e0
 700 01ef 77000000 		.4byte	0x77
 701 01f3 01       		.uleb128 0x1
 702 01f4 50       		.byte	0x50
 703 01f5 00       		.byte	0
 704 01f6 0C       		.uleb128 0xc
 705 01f7 06000000 		.4byte	.LASF33
 706 01fb 01       		.byte	0x1
 707 01fc 2B       		.byte	0x2b
 708 01fd 00000000 		.4byte	.LFB0
 709 0201 6C000000 		.4byte	.LFE0-.LFB0
 710 0205 01       		.uleb128 0x1
 711 0206 9C       		.byte	0x9c
 712 0207 41020000 		.4byte	0x241
ARM GAS  C:\Users\Misha\AppData\Local\Temp\ccWy5od4.s 			page 23


 713 020b 0D       		.uleb128 0xd
 714 020c 50000000 		.4byte	.LVL4
 715 0210 88010000 		.4byte	0x188
 716 0214 1E020000 		.4byte	0x21e
 717 0218 0E       		.uleb128 0xe
 718 0219 01       		.uleb128 0x1
 719 021a 50       		.byte	0x50
 720 021b 01       		.uleb128 0x1
 721 021c 43       		.byte	0x43
 722 021d 00       		.byte	0
 723 021e 0D       		.uleb128 0xd
 724 021f 56000000 		.4byte	.LVL5
 725 0223 D1010000 		.4byte	0x1d1
 726 0227 31020000 		.4byte	0x231
 727 022b 0E       		.uleb128 0xe
 728 022c 01       		.uleb128 0x1
 729 022d 50       		.byte	0x50
 730 022e 01       		.uleb128 0x1
 731 022f 43       		.byte	0x43
 732 0230 00       		.byte	0
 733 0231 0F       		.uleb128 0xf
 734 0232 5C000000 		.4byte	.LVL6
 735 0236 EA000000 		.4byte	0xea
 736 023a 0E       		.uleb128 0xe
 737 023b 01       		.uleb128 0x1
 738 023c 50       		.byte	0x50
 739 023d 01       		.uleb128 0x1
 740 023e 38       		.byte	0x38
 741 023f 00       		.byte	0
 742 0240 00       		.byte	0
 743 0241 0C       		.uleb128 0xc
 744 0242 55000000 		.4byte	.LASF34
 745 0246 01       		.byte	0x1
 746 0247 D7       		.byte	0xd7
 747 0248 00000000 		.4byte	.LFB2
 748 024c 1C000000 		.4byte	.LFE2-.LFB2
 749 0250 01       		.uleb128 0x1
 750 0251 9C       		.byte	0x9c
 751 0252 69020000 		.4byte	0x269
 752 0256 10       		.uleb128 0x10
 753 0257 0C000000 		.4byte	.LVL7
 754 025b F6010000 		.4byte	0x1f6
 755 025f 10       		.uleb128 0x10
 756 0260 16000000 		.4byte	.LVL8
 757 0264 C8000000 		.4byte	0xc8
 758 0268 00       		.byte	0
 759 0269 0A       		.uleb128 0xa
 760 026a 9D010000 		.4byte	.LASF35
 761 026e 01       		.byte	0x1
 762 026f FC01     		.2byte	0x1fc
 763 0271 77000000 		.4byte	0x77
 764 0275 00000000 		.4byte	.LFB13
 765 0279 14000000 		.4byte	.LFE13-.LFB13
 766 027d 01       		.uleb128 0x1
 767 027e 9C       		.byte	0x9c
 768 027f 11       		.uleb128 0x11
 769 0280 64020000 		.4byte	.LASF40
ARM GAS  C:\Users\Misha\AppData\Local\Temp\ccWy5od4.s 			page 24


 770 0284 01       		.byte	0x1
 771 0285 1A       		.byte	0x1a
 772 0286 6B000000 		.4byte	0x6b
 773 028a 05       		.uleb128 0x5
 774 028b 03       		.byte	0x3
 775 028c 00000000 		.4byte	Drift_Check_Timer_initVar
 776 0290 00       		.byte	0
 777              		.section	.debug_abbrev,"",%progbits
 778              	.Ldebug_abbrev0:
 779 0000 01       		.uleb128 0x1
 780 0001 11       		.uleb128 0x11
 781 0002 01       		.byte	0x1
 782 0003 25       		.uleb128 0x25
 783 0004 0E       		.uleb128 0xe
 784 0005 13       		.uleb128 0x13
 785 0006 0B       		.uleb128 0xb
 786 0007 03       		.uleb128 0x3
 787 0008 0E       		.uleb128 0xe
 788 0009 1B       		.uleb128 0x1b
 789 000a 0E       		.uleb128 0xe
 790 000b 55       		.uleb128 0x55
 791 000c 17       		.uleb128 0x17
 792 000d 11       		.uleb128 0x11
 793 000e 01       		.uleb128 0x1
 794 000f 10       		.uleb128 0x10
 795 0010 17       		.uleb128 0x17
 796 0011 00       		.byte	0
 797 0012 00       		.byte	0
 798 0013 02       		.uleb128 0x2
 799 0014 24       		.uleb128 0x24
 800 0015 00       		.byte	0
 801 0016 0B       		.uleb128 0xb
 802 0017 0B       		.uleb128 0xb
 803 0018 3E       		.uleb128 0x3e
 804 0019 0B       		.uleb128 0xb
 805 001a 03       		.uleb128 0x3
 806 001b 0E       		.uleb128 0xe
 807 001c 00       		.byte	0
 808 001d 00       		.byte	0
 809 001e 03       		.uleb128 0x3
 810 001f 24       		.uleb128 0x24
 811 0020 00       		.byte	0
 812 0021 0B       		.uleb128 0xb
 813 0022 0B       		.uleb128 0xb
 814 0023 3E       		.uleb128 0x3e
 815 0024 0B       		.uleb128 0xb
 816 0025 03       		.uleb128 0x3
 817 0026 08       		.uleb128 0x8
 818 0027 00       		.byte	0
 819 0028 00       		.byte	0
 820 0029 04       		.uleb128 0x4
 821 002a 16       		.uleb128 0x16
 822 002b 00       		.byte	0
 823 002c 03       		.uleb128 0x3
 824 002d 0E       		.uleb128 0xe
 825 002e 3A       		.uleb128 0x3a
 826 002f 0B       		.uleb128 0xb
ARM GAS  C:\Users\Misha\AppData\Local\Temp\ccWy5od4.s 			page 25


 827 0030 3B       		.uleb128 0x3b
 828 0031 05       		.uleb128 0x5
 829 0032 49       		.uleb128 0x49
 830 0033 13       		.uleb128 0x13
 831 0034 00       		.byte	0
 832 0035 00       		.byte	0
 833 0036 05       		.uleb128 0x5
 834 0037 35       		.uleb128 0x35
 835 0038 00       		.byte	0
 836 0039 49       		.uleb128 0x49
 837 003a 13       		.uleb128 0x13
 838 003b 00       		.byte	0
 839 003c 00       		.byte	0
 840 003d 06       		.uleb128 0x6
 841 003e 2E       		.uleb128 0x2e
 842 003f 00       		.byte	0
 843 0040 3F       		.uleb128 0x3f
 844 0041 19       		.uleb128 0x19
 845 0042 03       		.uleb128 0x3
 846 0043 0E       		.uleb128 0xe
 847 0044 3A       		.uleb128 0x3a
 848 0045 0B       		.uleb128 0xb
 849 0046 3B       		.uleb128 0x3b
 850 0047 0B       		.uleb128 0xb
 851 0048 27       		.uleb128 0x27
 852 0049 19       		.uleb128 0x19
 853 004a 11       		.uleb128 0x11
 854 004b 01       		.uleb128 0x1
 855 004c 12       		.uleb128 0x12
 856 004d 06       		.uleb128 0x6
 857 004e 40       		.uleb128 0x40
 858 004f 18       		.uleb128 0x18
 859 0050 9742     		.uleb128 0x2117
 860 0052 19       		.uleb128 0x19
 861 0053 00       		.byte	0
 862 0054 00       		.byte	0
 863 0055 07       		.uleb128 0x7
 864 0056 2E       		.uleb128 0x2e
 865 0057 01       		.byte	0x1
 866 0058 3F       		.uleb128 0x3f
 867 0059 19       		.uleb128 0x19
 868 005a 03       		.uleb128 0x3
 869 005b 0E       		.uleb128 0xe
 870 005c 3A       		.uleb128 0x3a
 871 005d 0B       		.uleb128 0xb
 872 005e 3B       		.uleb128 0x3b
 873 005f 05       		.uleb128 0x5
 874 0060 27       		.uleb128 0x27
 875 0061 19       		.uleb128 0x19
 876 0062 11       		.uleb128 0x11
 877 0063 01       		.uleb128 0x1
 878 0064 12       		.uleb128 0x12
 879 0065 06       		.uleb128 0x6
 880 0066 40       		.uleb128 0x40
 881 0067 18       		.uleb128 0x18
 882 0068 9742     		.uleb128 0x2117
 883 006a 19       		.uleb128 0x19
ARM GAS  C:\Users\Misha\AppData\Local\Temp\ccWy5od4.s 			page 26


 884 006b 01       		.uleb128 0x1
 885 006c 13       		.uleb128 0x13
 886 006d 00       		.byte	0
 887 006e 00       		.byte	0
 888 006f 08       		.uleb128 0x8
 889 0070 05       		.uleb128 0x5
 890 0071 00       		.byte	0
 891 0072 03       		.uleb128 0x3
 892 0073 0E       		.uleb128 0xe
 893 0074 3A       		.uleb128 0x3a
 894 0075 0B       		.uleb128 0xb
 895 0076 3B       		.uleb128 0x3b
 896 0077 05       		.uleb128 0x5
 897 0078 49       		.uleb128 0x49
 898 0079 13       		.uleb128 0x13
 899 007a 02       		.uleb128 0x2
 900 007b 18       		.uleb128 0x18
 901 007c 00       		.byte	0
 902 007d 00       		.byte	0
 903 007e 09       		.uleb128 0x9
 904 007f 2E       		.uleb128 0x2e
 905 0080 00       		.byte	0
 906 0081 3F       		.uleb128 0x3f
 907 0082 19       		.uleb128 0x19
 908 0083 03       		.uleb128 0x3
 909 0084 0E       		.uleb128 0xe
 910 0085 3A       		.uleb128 0x3a
 911 0086 0B       		.uleb128 0xb
 912 0087 3B       		.uleb128 0x3b
 913 0088 05       		.uleb128 0x5
 914 0089 27       		.uleb128 0x27
 915 008a 19       		.uleb128 0x19
 916 008b 11       		.uleb128 0x11
 917 008c 01       		.uleb128 0x1
 918 008d 12       		.uleb128 0x12
 919 008e 06       		.uleb128 0x6
 920 008f 40       		.uleb128 0x40
 921 0090 18       		.uleb128 0x18
 922 0091 9742     		.uleb128 0x2117
 923 0093 19       		.uleb128 0x19
 924 0094 00       		.byte	0
 925 0095 00       		.byte	0
 926 0096 0A       		.uleb128 0xa
 927 0097 2E       		.uleb128 0x2e
 928 0098 00       		.byte	0
 929 0099 3F       		.uleb128 0x3f
 930 009a 19       		.uleb128 0x19
 931 009b 03       		.uleb128 0x3
 932 009c 0E       		.uleb128 0xe
 933 009d 3A       		.uleb128 0x3a
 934 009e 0B       		.uleb128 0xb
 935 009f 3B       		.uleb128 0x3b
 936 00a0 05       		.uleb128 0x5
 937 00a1 27       		.uleb128 0x27
 938 00a2 19       		.uleb128 0x19
 939 00a3 49       		.uleb128 0x49
 940 00a4 13       		.uleb128 0x13
ARM GAS  C:\Users\Misha\AppData\Local\Temp\ccWy5od4.s 			page 27


 941 00a5 11       		.uleb128 0x11
 942 00a6 01       		.uleb128 0x1
 943 00a7 12       		.uleb128 0x12
 944 00a8 06       		.uleb128 0x6
 945 00a9 40       		.uleb128 0x40
 946 00aa 18       		.uleb128 0x18
 947 00ab 9742     		.uleb128 0x2117
 948 00ad 19       		.uleb128 0x19
 949 00ae 00       		.byte	0
 950 00af 00       		.byte	0
 951 00b0 0B       		.uleb128 0xb
 952 00b1 34       		.uleb128 0x34
 953 00b2 00       		.byte	0
 954 00b3 03       		.uleb128 0x3
 955 00b4 0E       		.uleb128 0xe
 956 00b5 3A       		.uleb128 0x3a
 957 00b6 0B       		.uleb128 0xb
 958 00b7 3B       		.uleb128 0x3b
 959 00b8 05       		.uleb128 0x5
 960 00b9 49       		.uleb128 0x49
 961 00ba 13       		.uleb128 0x13
 962 00bb 02       		.uleb128 0x2
 963 00bc 18       		.uleb128 0x18
 964 00bd 00       		.byte	0
 965 00be 00       		.byte	0
 966 00bf 0C       		.uleb128 0xc
 967 00c0 2E       		.uleb128 0x2e
 968 00c1 01       		.byte	0x1
 969 00c2 3F       		.uleb128 0x3f
 970 00c3 19       		.uleb128 0x19
 971 00c4 03       		.uleb128 0x3
 972 00c5 0E       		.uleb128 0xe
 973 00c6 3A       		.uleb128 0x3a
 974 00c7 0B       		.uleb128 0xb
 975 00c8 3B       		.uleb128 0x3b
 976 00c9 0B       		.uleb128 0xb
 977 00ca 27       		.uleb128 0x27
 978 00cb 19       		.uleb128 0x19
 979 00cc 11       		.uleb128 0x11
 980 00cd 01       		.uleb128 0x1
 981 00ce 12       		.uleb128 0x12
 982 00cf 06       		.uleb128 0x6
 983 00d0 40       		.uleb128 0x40
 984 00d1 18       		.uleb128 0x18
 985 00d2 9742     		.uleb128 0x2117
 986 00d4 19       		.uleb128 0x19
 987 00d5 01       		.uleb128 0x1
 988 00d6 13       		.uleb128 0x13
 989 00d7 00       		.byte	0
 990 00d8 00       		.byte	0
 991 00d9 0D       		.uleb128 0xd
 992 00da 898201   		.uleb128 0x4109
 993 00dd 01       		.byte	0x1
 994 00de 11       		.uleb128 0x11
 995 00df 01       		.uleb128 0x1
 996 00e0 31       		.uleb128 0x31
 997 00e1 13       		.uleb128 0x13
ARM GAS  C:\Users\Misha\AppData\Local\Temp\ccWy5od4.s 			page 28


 998 00e2 01       		.uleb128 0x1
 999 00e3 13       		.uleb128 0x13
 1000 00e4 00       		.byte	0
 1001 00e5 00       		.byte	0
 1002 00e6 0E       		.uleb128 0xe
 1003 00e7 8A8201   		.uleb128 0x410a
 1004 00ea 00       		.byte	0
 1005 00eb 02       		.uleb128 0x2
 1006 00ec 18       		.uleb128 0x18
 1007 00ed 9142     		.uleb128 0x2111
 1008 00ef 18       		.uleb128 0x18
 1009 00f0 00       		.byte	0
 1010 00f1 00       		.byte	0
 1011 00f2 0F       		.uleb128 0xf
 1012 00f3 898201   		.uleb128 0x4109
 1013 00f6 01       		.byte	0x1
 1014 00f7 11       		.uleb128 0x11
 1015 00f8 01       		.uleb128 0x1
 1016 00f9 31       		.uleb128 0x31
 1017 00fa 13       		.uleb128 0x13
 1018 00fb 00       		.byte	0
 1019 00fc 00       		.byte	0
 1020 00fd 10       		.uleb128 0x10
 1021 00fe 898201   		.uleb128 0x4109
 1022 0101 00       		.byte	0
 1023 0102 11       		.uleb128 0x11
 1024 0103 01       		.uleb128 0x1
 1025 0104 31       		.uleb128 0x31
 1026 0105 13       		.uleb128 0x13
 1027 0106 00       		.byte	0
 1028 0107 00       		.byte	0
 1029 0108 11       		.uleb128 0x11
 1030 0109 34       		.uleb128 0x34
 1031 010a 00       		.byte	0
 1032 010b 03       		.uleb128 0x3
 1033 010c 0E       		.uleb128 0xe
 1034 010d 3A       		.uleb128 0x3a
 1035 010e 0B       		.uleb128 0xb
 1036 010f 3B       		.uleb128 0x3b
 1037 0110 0B       		.uleb128 0xb
 1038 0111 49       		.uleb128 0x49
 1039 0112 13       		.uleb128 0x13
 1040 0113 3F       		.uleb128 0x3f
 1041 0114 19       		.uleb128 0x19
 1042 0115 02       		.uleb128 0x2
 1043 0116 18       		.uleb128 0x18
 1044 0117 00       		.byte	0
 1045 0118 00       		.byte	0
 1046 0119 00       		.byte	0
 1047              		.section	.debug_aranges,"",%progbits
 1048 0000 84000000 		.4byte	0x84
 1049 0004 0200     		.2byte	0x2
 1050 0006 00000000 		.4byte	.Ldebug_info0
 1051 000a 04       		.byte	0x4
 1052 000b 00       		.byte	0
 1053 000c 0000     		.2byte	0
 1054 000e 0000     		.2byte	0
ARM GAS  C:\Users\Misha\AppData\Local\Temp\ccWy5od4.s 			page 29


 1055 0010 00000000 		.4byte	.LFB1
 1056 0014 28000000 		.4byte	.LFE1-.LFB1
 1057 0018 00000000 		.4byte	.LFB3
 1058 001c 28000000 		.4byte	.LFE3-.LFB3
 1059 0020 00000000 		.4byte	.LFB4
 1060 0024 0C000000 		.4byte	.LFE4-.LFB4
 1061 0028 00000000 		.4byte	.LFB5
 1062 002c 0C000000 		.4byte	.LFE5-.LFB5
 1063 0030 00000000 		.4byte	.LFB6
 1064 0034 0C000000 		.4byte	.LFE6-.LFB6
 1065 0038 00000000 		.4byte	.LFB7
 1066 003c 0C000000 		.4byte	.LFE7-.LFB7
 1067 0040 00000000 		.4byte	.LFB8
 1068 0044 0C000000 		.4byte	.LFE8-.LFB8
 1069 0048 00000000 		.4byte	.LFB9
 1070 004c 0C000000 		.4byte	.LFE9-.LFB9
 1071 0050 00000000 		.4byte	.LFB10
 1072 0054 0C000000 		.4byte	.LFE10-.LFB10
 1073 0058 00000000 		.4byte	.LFB11
 1074 005c 0C000000 		.4byte	.LFE11-.LFB11
 1075 0060 00000000 		.4byte	.LFB12
 1076 0064 0C000000 		.4byte	.LFE12-.LFB12
 1077 0068 00000000 		.4byte	.LFB0
 1078 006c 6C000000 		.4byte	.LFE0-.LFB0
 1079 0070 00000000 		.4byte	.LFB2
 1080 0074 1C000000 		.4byte	.LFE2-.LFB2
 1081 0078 00000000 		.4byte	.LFB13
 1082 007c 14000000 		.4byte	.LFE13-.LFB13
 1083 0080 00000000 		.4byte	0
 1084 0084 00000000 		.4byte	0
 1085              		.section	.debug_ranges,"",%progbits
 1086              	.Ldebug_ranges0:
 1087 0000 00000000 		.4byte	.LFB1
 1088 0004 28000000 		.4byte	.LFE1
 1089 0008 00000000 		.4byte	.LFB3
 1090 000c 28000000 		.4byte	.LFE3
 1091 0010 00000000 		.4byte	.LFB4
 1092 0014 0C000000 		.4byte	.LFE4
 1093 0018 00000000 		.4byte	.LFB5
 1094 001c 0C000000 		.4byte	.LFE5
 1095 0020 00000000 		.4byte	.LFB6
 1096 0024 0C000000 		.4byte	.LFE6
 1097 0028 00000000 		.4byte	.LFB7
 1098 002c 0C000000 		.4byte	.LFE7
 1099 0030 00000000 		.4byte	.LFB8
 1100 0034 0C000000 		.4byte	.LFE8
 1101 0038 00000000 		.4byte	.LFB9
 1102 003c 0C000000 		.4byte	.LFE9
 1103 0040 00000000 		.4byte	.LFB10
 1104 0044 0C000000 		.4byte	.LFE10
 1105 0048 00000000 		.4byte	.LFB11
 1106 004c 0C000000 		.4byte	.LFE11
 1107 0050 00000000 		.4byte	.LFB12
 1108 0054 0C000000 		.4byte	.LFE12
 1109 0058 00000000 		.4byte	.LFB0
 1110 005c 6C000000 		.4byte	.LFE0
 1111 0060 00000000 		.4byte	.LFB2
ARM GAS  C:\Users\Misha\AppData\Local\Temp\ccWy5od4.s 			page 30


 1112 0064 1C000000 		.4byte	.LFE2
 1113 0068 00000000 		.4byte	.LFB13
 1114 006c 14000000 		.4byte	.LFE13
 1115 0070 00000000 		.4byte	0
 1116 0074 00000000 		.4byte	0
 1117              		.section	.debug_line,"",%progbits
 1118              	.Ldebug_line0:
 1119 0000 5C010000 		.section	.debug_str,"MS",%progbits,1
 1119      02004E00 
 1119      00000201 
 1119      FB0E0D00 
 1119      01010101 
 1120              	.LASF15:
 1121 0000 72656731 		.ascii	"reg16\000"
 1121      3600
 1122              	.LASF33:
 1123 0006 44726966 		.ascii	"Drift_Check_Timer_Init\000"
 1123      745F4368 
 1123      65636B5F 
 1123      54696D65 
 1123      725F496E 
 1124              	.LASF30:
 1125 001d 44726966 		.ascii	"Drift_Check_Timer_ReadCapture\000"
 1125      745F4368 
 1125      65636B5F 
 1125      54696D65 
 1125      725F5265 
 1126              	.LASF29:
 1127 003b 70657269 		.ascii	"period\000"
 1127      6F6400
 1128              	.LASF3:
 1129 0042 73686F72 		.ascii	"short unsigned int\000"
 1129      7420756E 
 1129      7369676E 
 1129      65642069 
 1129      6E7400
 1130              	.LASF34:
 1131 0055 44726966 		.ascii	"Drift_Check_Timer_Start\000"
 1131      745F4368 
 1131      65636B5F 
 1131      54696D65 
 1131      725F5374 
 1132              	.LASF11:
 1133 006d 666C6F61 		.ascii	"float\000"
 1133      7400
 1134              	.LASF32:
 1135 0073 636F756E 		.ascii	"counter\000"
 1135      74657200 
 1136              	.LASF1:
 1137 007b 756E7369 		.ascii	"unsigned char\000"
 1137      676E6564 
 1137      20636861 
 1137      7200
 1138              	.LASF36:
 1139 0089 474E5520 		.ascii	"GNU C11 5.4.1 20160609 (release) [ARM/embedded-5-br"
 1139      43313120 
 1139      352E342E 
ARM GAS  C:\Users\Misha\AppData\Local\Temp\ccWy5od4.s 			page 31


 1139      31203230 
 1139      31363036 
 1140 00bc 616E6368 		.ascii	"anch revision 237715] -mcpu=cortex-m3 -mthumb -g -O"
 1140      20726576 
 1140      6973696F 
 1140      6E203233 
 1140      37373135 
 1141 00ef 67202D66 		.ascii	"g -ffunction-sections -ffat-lto-objects\000"
 1141      66756E63 
 1141      74696F6E 
 1141      2D736563 
 1141      74696F6E 
 1142              	.LASF14:
 1143 0117 72656738 		.ascii	"reg8\000"
 1143      00
 1144              	.LASF24:
 1145 011c 44726966 		.ascii	"Drift_Check_Timer_WriteControlRegister\000"
 1145      745F4368 
 1145      65636B5F 
 1145      54696D65 
 1145      725F5772 
 1146              	.LASF5:
 1147 0143 6C6F6E67 		.ascii	"long unsigned int\000"
 1147      20756E73 
 1147      69676E65 
 1147      6420696E 
 1147      7400
 1148              	.LASF23:
 1149 0155 44726966 		.ascii	"Drift_Check_Timer_SetInterruptMode\000"
 1149      745F4368 
 1149      65636B5F 
 1149      54696D65 
 1149      725F5365 
 1150              	.LASF9:
 1151 0178 75696E74 		.ascii	"uint8\000"
 1151      3800
 1152              	.LASF26:
 1153 017e 636F6E74 		.ascii	"control\000"
 1153      726F6C00 
 1154              	.LASF19:
 1155 0186 44726966 		.ascii	"Drift_Check_Timer_Stop\000"
 1155      745F4368 
 1155      65636B5F 
 1155      54696D65 
 1155      725F5374 
 1156              	.LASF35:
 1157 019d 44726966 		.ascii	"Drift_Check_Timer_ReadCounter\000"
 1157      745F4368 
 1157      65636B5F 
 1157      54696D65 
 1157      725F5265 
 1158              	.LASF12:
 1159 01bb 646F7562 		.ascii	"double\000"
 1159      6C6500
 1160              	.LASF31:
 1161 01c2 44726966 		.ascii	"Drift_Check_Timer_WriteCounter\000"
 1161      745F4368 
ARM GAS  C:\Users\Misha\AppData\Local\Temp\ccWy5od4.s 			page 32


 1161      65636B5F 
 1161      54696D65 
 1161      725F5772 
 1162              	.LASF10:
 1163 01e1 75696E74 		.ascii	"uint16\000"
 1163      313600
 1164              	.LASF38:
 1165 01e8 433A5C55 		.ascii	"C:\\Users\\Misha\\Documents\\PSoC Creator\\ECE3091_"
 1165      73657273 
 1165      5C4D6973 
 1165      68615C44 
 1165      6F63756D 
 1166 0216 47726F75 		.ascii	"Group17\\Group17RobotReal\\Group17Robot.cydsn\000"
 1166      7031375C 
 1166      47726F75 
 1166      70313752 
 1166      6F626F74 
 1167              	.LASF20:
 1168 0242 44726966 		.ascii	"Drift_Check_Timer_SoftwareCapture\000"
 1168      745F4368 
 1168      65636B5F 
 1168      54696D65 
 1168      725F536F 
 1169              	.LASF40:
 1170 0264 44726966 		.ascii	"Drift_Check_Timer_initVar\000"
 1170      745F4368 
 1170      65636B5F 
 1170      54696D65 
 1170      725F696E 
 1171              	.LASF8:
 1172 027e 756E7369 		.ascii	"unsigned int\000"
 1172      676E6564 
 1172      20696E74 
 1172      00
 1173              	.LASF18:
 1174 028b 44726966 		.ascii	"Drift_Check_Timer_Enable\000"
 1174      745F4368 
 1174      65636B5F 
 1174      54696D65 
 1174      725F456E 
 1175              	.LASF7:
 1176 02a4 6C6F6E67 		.ascii	"long long unsigned int\000"
 1176      206C6F6E 
 1176      6720756E 
 1176      7369676E 
 1176      65642069 
 1177              	.LASF28:
 1178 02bb 44726966 		.ascii	"Drift_Check_Timer_WritePeriod\000"
 1178      745F4368 
 1178      65636B5F 
 1178      54696D65 
 1178      725F5772 
 1179              	.LASF39:
 1180 02d9 70657269 		.ascii	"period_temp\000"
 1180      6F645F74 
 1180      656D7000 
 1181              	.LASF16:
ARM GAS  C:\Users\Misha\AppData\Local\Temp\ccWy5od4.s 			page 33


 1182 02e5 6C6F6E67 		.ascii	"long double\000"
 1182      20646F75 
 1182      626C6500 
 1183              	.LASF17:
 1184 02f1 73697A65 		.ascii	"sizetype\000"
 1184      74797065 
 1184      00
 1185              	.LASF6:
 1186 02fa 6C6F6E67 		.ascii	"long long int\000"
 1186      206C6F6E 
 1186      6720696E 
 1186      7400
 1187              	.LASF21:
 1188 0308 44726966 		.ascii	"Drift_Check_Timer_ReadStatusRegister\000"
 1188      745F4368 
 1188      65636B5F 
 1188      54696D65 
 1188      725F5265 
 1189              	.LASF25:
 1190 032d 696E7465 		.ascii	"interruptMode\000"
 1190      72727570 
 1190      744D6F64 
 1190      6500
 1191              	.LASF2:
 1192 033b 73686F72 		.ascii	"short int\000"
 1192      7420696E 
 1192      7400
 1193              	.LASF4:
 1194 0345 6C6F6E67 		.ascii	"long int\000"
 1194      20696E74 
 1194      00
 1195              	.LASF13:
 1196 034e 63686172 		.ascii	"char\000"
 1196      00
 1197              	.LASF37:
 1198 0353 47656E65 		.ascii	"Generated_Source\\PSoC5\\Drift_Check_Timer.c\000"
 1198      72617465 
 1198      645F536F 
 1198      75726365 
 1198      5C50536F 
 1199              	.LASF22:
 1200 037e 44726966 		.ascii	"Drift_Check_Timer_ReadControlRegister\000"
 1200      745F4368 
 1200      65636B5F 
 1200      54696D65 
 1200      725F5265 
 1201              	.LASF0:
 1202 03a4 7369676E 		.ascii	"signed char\000"
 1202      65642063 
 1202      68617200 
 1203              	.LASF27:
 1204 03b0 44726966 		.ascii	"Drift_Check_Timer_ReadPeriod\000"
 1204      745F4368 
 1204      65636B5F 
 1204      54696D65 
 1204      725F5265 
 1205              		.ident	"GCC: (GNU Tools for ARM Embedded Processors) 5.4.1 20160609 (release) [ARM/embedded-5-bran
ARM GAS  C:\Users\Misha\AppData\Local\Temp\ccWy5od4.s 			page 34


