ARM GAS  C:\Users\bamcg3\AppData\Local\Temp\ccSd18ab.s 			page 1


   1              		.syntax unified
   2              		.cpu cortex-m3
   3              		.fpu softvfp
   4              		.eabi_attribute 20, 1
   5              		.eabi_attribute 21, 1
   6              		.eabi_attribute 23, 3
   7              		.eabi_attribute 24, 1
   8              		.eabi_attribute 25, 1
   9              		.eabi_attribute 26, 1
  10              		.eabi_attribute 30, 1
  11              		.eabi_attribute 34, 1
  12              		.eabi_attribute 18, 4
  13              		.thumb
  14              		.syntax unified
  15              		.file	"main.c"
  16              		.text
  17              	.Ltext0:
  18              		.cfi_sections	.debug_frame
  19              		.section	.text.TIH,"ax",%progbits
  20              		.align	2
  21              		.global	TIH
  22              		.thumb
  23              		.thumb_func
  24              		.type	TIH, %function
  25              	TIH:
  26              	.LFB64:
  27              		.file 1 "main.c"
   1:main.c        **** 
   2:main.c        **** /* ========================================
   3:main.c        ****  *
   4:main.c        ****  * Copyright YOUR COMPANY, THE YEAR
   5:main.c        ****  * All Rights Reserved
   6:main.c        ****  * UNPUBLISHED, LICENSED SOFTWARE.
   7:main.c        ****  *
   8:main.c        ****  * CONFIDENTIAL AND PROPRIETARY INFORMATION
   9:main.c        ****  * WHICH IS THE PROPERTY OF your company.
  10:main.c        ****  *
  11:main.c        ****  * ========================================
  12:main.c        **** */
  13:main.c        **** 
  14:main.c        **** #include "project.h"
  15:main.c        **** 
  16:main.c        **** // * C LIBRARIES * // 
  17:main.c        **** #include <stdio.h>
  18:main.c        **** #include <math.h>
  19:main.c        **** 
  20:main.c        **** // * OUR LIBRARIES * //
  21:main.c        **** #include "main.h"
  22:main.c        **** #include "colour.h"
  23:main.c        **** #include "ultrasonic.h" 
  24:main.c        **** #include "dcmotor.h"
  25:main.c        **** #include "servo.h"
  26:main.c        **** 
  27:main.c        **** 
  28:main.c        **** 
  29:main.c        **** // * VARIABLES * //
  30:main.c        **** int idac_value = 0;
ARM GAS  C:\Users\bamcg3\AppData\Local\Temp\ccSd18ab.s 			page 2


  31:main.c        **** int colour_flag = 1;                    // sets which photodiode to use 
  32:main.c        **** extern float ultrasonic_distances[5];
  33:main.c        **** int beginNavigation = 0;
  34:main.c        **** 
  35:main.c        **** int state = STATE_SCAN_PLAN;
  36:main.c        **** 
  37:main.c        **** int running = 1;
  38:main.c        **** 
  39:main.c        **** // Driving Flags
  40:main.c        **** int driveStraightEnable = 0; // Set to 1 as we can drive to begin with
  41:main.c        **** 
  42:main.c        **** int sweeping = 0;
  43:main.c        **** float block_location[4] = {0,0,0,0}; // WEST, EAST, SOUTH, NORTH
  44:main.c        **** 
  45:main.c        **** // Puck Construction Scanning
  46:main.c        **** int puckRackColours[5] = {0,0,0,0,0}; // 5 slots in puck rack.
  47:main.c        **** int currentPuckRackScanningIndex = 0;
  48:main.c        **** int puckRackOffsetsFromWest[5] = {PUCK_RACK_0_WEST_DISTANCE,
  49:main.c        ****                                 PUCK_RACK_1_WEST_DISTANCE,
  50:main.c        ****                                 PUCK_RACK_2_WEST_DISTANCE,
  51:main.c        ****                                 PUCK_RACK_3_WEST_DISTANCE,
  52:main.c        ****                                 PUCK_RACK_4_WEST_DISTANCE };
  53:main.c        **** 
  54:main.c        **** 
  55:main.c        **** // * INTERRUPT HANDLING * // 
  56:main.c        **** CY_ISR(TIH)                             // Ultrasonic ISR Definition
  57:main.c        **** {
  28              		.loc 1 57 0
  29              		.cfi_startproc
  30              		@ args = 0, pretend = 0, frame = 0
  31              		@ frame_needed = 0, uses_anonymous_args = 0
  32 0000 08B5     		push	{r3, lr}
  33              		.cfi_def_cfa_offset 8
  34              		.cfi_offset 3, -8
  35              		.cfi_offset 14, -4
  58:main.c        ****     ultrasonicInterruptHandler();
  36              		.loc 1 58 0
  37 0002 FFF7FEFF 		bl	ultrasonicInterruptHandler
  38              	.LVL0:
  39 0006 08BD     		pop	{r3, pc}
  40              		.cfi_endproc
  41              	.LFE64:
  42              		.size	TIH, .-TIH
  43              		.section	.text.StartIH,"ax",%progbits
  44              		.align	2
  45              		.global	StartIH
  46              		.thumb
  47              		.thumb_func
  48              		.type	StartIH, %function
  49              	StartIH:
  50              	.LFB65:
  59:main.c        **** }
  60:main.c        **** 
  61:main.c        **** CY_ISR(StartIH)                             // Ultrasonic ISR Definition
  62:main.c        **** {
  51              		.loc 1 62 0
  52              		.cfi_startproc
ARM GAS  C:\Users\bamcg3\AppData\Local\Temp\ccSd18ab.s 			page 3


  53              		@ args = 0, pretend = 0, frame = 0
  54              		@ frame_needed = 0, uses_anonymous_args = 0
  55 0000 08B5     		push	{r3, lr}
  56              		.cfi_def_cfa_offset 8
  57              		.cfi_offset 3, -8
  58              		.cfi_offset 14, -4
  63:main.c        ****     CyDelay(100);
  59              		.loc 1 63 0
  60 0002 6420     		movs	r0, #100
  61 0004 FFF7FEFF 		bl	CyDelay
  62              	.LVL1:
  64:main.c        ****     
  65:main.c        ****     beginNavigation = 1;
  63              		.loc 1 65 0
  64 0008 0122     		movs	r2, #1
  65 000a 034B     		ldr	r3, .L5
  66 000c 1A60     		str	r2, [r3]
  66:main.c        ****     colour_flag = 0; 
  67              		.loc 1 66 0
  68 000e 0022     		movs	r2, #0
  69 0010 024B     		ldr	r3, .L5+4
  70 0012 1A60     		str	r2, [r3]
  71 0014 08BD     		pop	{r3, pc}
  72              	.L6:
  73 0016 00BF     		.align	2
  74              	.L5:
  75 0018 00000000 		.word	.LANCHOR0
  76 001c 00000000 		.word	.LANCHOR1
  77              		.cfi_endproc
  78              	.LFE65:
  79              		.size	StartIH, .-StartIH
  80              		.section	.text.main,"ax",%progbits
  81              		.align	2
  82              		.global	main
  83              		.thumb
  84              		.thumb_func
  85              		.type	main, %function
  86              	main:
  87              	.LFB66:
  67:main.c        **** }
  68:main.c        ****                     
  69:main.c        **** int main(void)
  70:main.c        **** {
  88              		.loc 1 70 0
  89              		.cfi_startproc
  90              		@ args = 0, pretend = 0, frame = 0
  91              		@ frame_needed = 0, uses_anonymous_args = 0
  92 0000 10B5     		push	{r4, lr}
  93              		.cfi_def_cfa_offset 8
  94              		.cfi_offset 4, -8
  95              		.cfi_offset 14, -4
  71:main.c        ****     CyGlobalIntEnable; /* Enable global interrupts. */
  96              		.loc 1 71 0
  97              		.syntax unified
  98              	@ 71 "main.c" 1
  99 0002 62B6     		CPSIE   i
 100              	@ 0 "" 2
ARM GAS  C:\Users\bamcg3\AppData\Local\Temp\ccSd18ab.s 			page 4


  72:main.c        **** 
  73:main.c        ****     /* Place your initialization/startup code here (e.g. MyInst_Start()) */
  74:main.c        ****     TIA_1_Start();
 101              		.loc 1 74 0
 102              		.thumb
 103              		.syntax unified
 104 0004 FFF7FEFF 		bl	TIA_1_Start
 105              	.LVL2:
  75:main.c        ****     UART_1_Start();
 106              		.loc 1 75 0
 107 0008 FFF7FEFF 		bl	UART_1_Start
 108              	.LVL3:
  76:main.c        ****     UART_1_PutString("UART commencing... \n");
 109              		.loc 1 76 0
 110 000c 3448     		ldr	r0, .L18
 111 000e FFF7FEFF 		bl	UART_1_PutString
 112              	.LVL4:
  77:main.c        ****     ADC_Start();
 113              		.loc 1 77 0
 114 0012 FFF7FEFF 		bl	ADC_Start
 115              	.LVL5:
  78:main.c        ****     IDAC8_1_Start();
 116              		.loc 1 78 0
 117 0016 FFF7FEFF 		bl	IDAC8_1_Start
 118              	.LVL6:
  79:main.c        ****     
  80:main.c        ****     // IDAC initialisation: 
  81:main.c        ****     IDAC8_1_SetRange(IDAC8_1_RANGE_32uA);       // Sets the range between 0 and 32uA
 119              		.loc 1 81 0
 120 001a 0020     		movs	r0, #0
 121 001c FFF7FEFF 		bl	IDAC8_1_SetRange
 122              	.LVL7:
  82:main.c        ****     IDAC8_1_SetValue(idac_value);               // set a value between 0 and 255
 123              		.loc 1 82 0
 124 0020 304C     		ldr	r4, .L18+4
 125 0022 2079     		ldrb	r0, [r4, #4]	@ zero_extendqisi2
 126 0024 FFF7FEFF 		bl	IDAC8_1_SetValue
 127              	.LVL8:
  83:main.c        ****     
  84:main.c        ****     // Colour Sensing Initialisation:
  85:main.c        ****     PWM_colour_Start();                         // Starts the PWM
 128              		.loc 1 85 0
 129 0028 FFF7FEFF 		bl	PWM_colour_Start
 130              	.LVL9:
  86:main.c        ****     PWM_colour_Sleep();                         // Puts it to sleep until we need it
 131              		.loc 1 86 0
 132 002c FFF7FEFF 		bl	PWM_colour_Sleep
 133              	.LVL10:
  87:main.c        ****     //RGB1Initialise();                         // Initialise 2nd RGB
  88:main.c        ****     //RGB2Initialise();                         // Initialise 2nd RGB
  89:main.c        ****     ColourIntialiseViaHardware();               // Initialises via hardware 
 134              		.loc 1 89 0
 135 0030 FFF7FEFF 		bl	ColourIntialiseViaHardware
 136              	.LVL11:
  90:main.c        ****     
  91:main.c        ****     // Ultrasonic Initialisation: 
  92:main.c        ****     
ARM GAS  C:\Users\bamcg3\AppData\Local\Temp\ccSd18ab.s 			page 5


  93:main.c        ****         
  94:main.c        ****     // Timer and ISR instantiation
  95:main.c        ****     Timer_1_Start();
 137              		.loc 1 95 0
 138 0034 FFF7FEFF 		bl	Timer_1_Start
 139              	.LVL12:
  96:main.c        ****     Timer_1_ReadStatusRegister();
 140              		.loc 1 96 0
 141 0038 FFF7FEFF 		bl	Timer_1_ReadStatusRegister
 142              	.LVL13:
  97:main.c        ****     Sonic_StartEx(TIH);
 143              		.loc 1 97 0
 144 003c 2A48     		ldr	r0, .L18+8
 145 003e FFF7FEFF 		bl	Sonic_StartEx
 146              	.LVL14:
  98:main.c        ****     Start_StartEx(StartIH);
 147              		.loc 1 98 0
 148 0042 2A48     		ldr	r0, .L18+12
 149 0044 FFF7FEFF 		bl	Start_StartEx
 150              	.LVL15:
  99:main.c        ****     beginNavigation = 0;
 151              		.loc 1 99 0
 152 0048 0023     		movs	r3, #0
 153 004a 2360     		str	r3, [r4]
 154              	.LVL16:
 100:main.c        ****     int tmp = 0;
 101:main.c        ****     
 102:main.c        ****     //Motor stuff initialisation		
 103:main.c        ****     Motor_1_driver_Start();		
 155              		.loc 1 103 0
 156 004c FFF7FEFF 		bl	Motor_1_driver_Start
 157              	.LVL17:
 104:main.c        ****     Motor_2_driver_Start();		
 158              		.loc 1 104 0
 159 0050 FFF7FEFF 		bl	Motor_2_driver_Start
 160              	.LVL18:
 105:main.c        ****     Motor_1_driver_Sleep();		
 161              		.loc 1 105 0
 162 0054 FFF7FEFF 		bl	Motor_1_driver_Sleep
 163              	.LVL19:
 106:main.c        ****     Motor_2_driver_Sleep();		
 164              		.loc 1 106 0
 165 0058 FFF7FEFF 		bl	Motor_2_driver_Sleep
 166              	.LVL20:
 107:main.c        ****     
 108:main.c        ****     //Servos for the arm initialisation
 109:main.c        ****     //Gripper_Servo_PWM_WriteCompare(1250); //This is the closed gripper pos
 110:main.c        ****     //Rack_Servo_PWM_WriteCompare(1000); //This is the up arm pos
 111:main.c        ****    
 112:main.c        ****     Rack_Servo_PWM_Start();
 167              		.loc 1 112 0
 168 005c FFF7FEFF 		bl	Rack_Servo_PWM_Start
 169              	.LVL21:
 113:main.c        ****     Gripper_Servo_PWM_Start();
 170              		.loc 1 113 0
 171 0060 FFF7FEFF 		bl	Gripper_Servo_PWM_Start
 172              	.LVL22:
ARM GAS  C:\Users\bamcg3\AppData\Local\Temp\ccSd18ab.s 			page 6


 173 0064 10E0     		b	.L8
 174              	.L12:
 114:main.c        ****     
 115:main.c        **** 
 116:main.c        ****         
 117:main.c        ****     for(;;)
 118:main.c        ****     {   
 119:main.c        ****         // Start button is pressed so quit sensing
 120:main.c        **** 
 121:main.c        ****         /*
 122:main.c        ****         while (beginNavigation == 0) {
 123:main.c        ****             distanceCheck();           
 124:main.c        ****             UART_1_PutString("\n");
 125:main.c        ****             CyDelay(1000); // Check distance once a second.
 126:main.c        ****                 
 127:main.c        ****         }
 128:main.c        ****         
 129:main.c        ****         */
 130:main.c        ****         
 131:main.c        ****         
 132:main.c        ****         
 133:main.c        ****         
 134:main.c        ****         while (state == STATE_SCAN_PLAN) {              // colour sensing, while switch has not bee
 135:main.c        ****             if (currentPuckRackScanningIndex == 0){moveBackwardIndefinitely();}
 175              		.loc 1 135 0
 176 0066 1F4B     		ldr	r3, .L18+4
 177 0068 9B68     		ldr	r3, [r3, #8]
 178 006a 13B9     		cbnz	r3, .L9
 179              		.loc 1 135 0 is_stmt 0 discriminator 1
 180 006c FFF7FEFF 		bl	moveBackwardIndefinitely
 181              	.LVL23:
 182 0070 01E0     		b	.L10
 183              	.L9:
 136:main.c        ****             else {moveForwardIndefinitely();}        
 184              		.loc 1 136 0 is_stmt 1
 185 0072 FFF7FEFF 		bl	moveForwardIndefinitely
 186              	.LVL24:
 187              	.L10:
 137:main.c        ****             
 138:main.c        ****             ColourSensingViaHardware();
 188              		.loc 1 138 0
 189 0076 FFF7FEFF 		bl	ColourSensingViaHardware
 190              	.LVL25:
 139:main.c        ****             // ColourOutput();
 140:main.c        ****             // CyDelay(100);
 141:main.c        ****             
 142:main.c        ****             if (currentPuckRackScanningIndex == 4) {state = STATE_LOCATE_BLOCK;}
 191              		.loc 1 142 0
 192 007a 1A4B     		ldr	r3, .L18+4
 193 007c 9B68     		ldr	r3, [r3, #8]
 194 007e 042B     		cmp	r3, #4
 195 0080 02D1     		bne	.L8
 196              		.loc 1 142 0 is_stmt 0 discriminator 1
 197 0082 0322     		movs	r2, #3
 198 0084 1A4B     		ldr	r3, .L18+16
 199 0086 5A60     		str	r2, [r3, #4]
 200              	.L8:
ARM GAS  C:\Users\bamcg3\AppData\Local\Temp\ccSd18ab.s 			page 7


 134:main.c        ****             if (currentPuckRackScanningIndex == 0){moveBackwardIndefinitely();}
 201              		.loc 1 134 0 is_stmt 1
 202 0088 194B     		ldr	r3, .L18+16
 203 008a 5B68     		ldr	r3, [r3, #4]
 204 008c 022B     		cmp	r3, #2
 205 008e 07D1     		bne	.L13
 206 0090 E9E7     		b	.L12
 207              	.L14:
 143:main.c        ****                      
 144:main.c        ****         }
 145:main.c        **** 
 146:main.c        ****     	while (state == STATE_LOCATE_BLOCK){
 147:main.c        ****             
 148:main.c        ****             // Finding where the boundaries of the block are
 149:main.c        ****     		// Sweep across WEST to EAST until discrepancy
 150:main.c        ****             // But first sense the construction plan and then drive to wall and turn around to prep
 151:main.c        ****             
 152:main.c        ****             
 153:main.c        ****     		moveForwardIndefinitely();
 208              		.loc 1 153 0
 209 0092 FFF7FEFF 		bl	moveForwardIndefinitely
 210              	.LVL26:
 154:main.c        ****     		turnRight(180); // Now facing EAST wall
 211              		.loc 1 154 0
 212 0096 B420     		movs	r0, #180
 213 0098 FFF7FEFF 		bl	turnRight
 214              	.LVL27:
 155:main.c        ****     		moveForwardIndefinitely(); // Do this until we get to EAST wall
 215              		.loc 1 155 0
 216 009c FFF7FEFF 		bl	moveForwardIndefinitely
 217              	.LVL28:
 218              	.L13:
 146:main.c        ****             
 219              		.loc 1 146 0
 220 00a0 134B     		ldr	r3, .L18+16
 221 00a2 5B68     		ldr	r3, [r3, #4]
 222 00a4 032B     		cmp	r3, #3
 223 00a6 F4D0     		beq	.L14
 224 00a8 04E0     		b	.L15
 225              	.L16:
 156:main.c        ****             
 157:main.c        ****             // Will now know the boundaries of the block.
 158:main.c        **** 
 159:main.c        **** 	}
 160:main.c        ****         
 161:main.c        ****         // Now we need to locate the pucks
 162:main.c        ****  
 163:main.c        ****         while (state == STATE_FIND_PUCKS) {
 164:main.c        ****             // We are at the EAST wall facing the EAST wall
 165:main.c        ****             turnRight(180); // Now facing WEST at EAST wall
 226              		.loc 1 165 0
 227 00aa B420     		movs	r0, #180
 228 00ac FFF7FEFF 		bl	turnRight
 229              	.LVL29:
 166:main.c        ****             moveForwardIndefinitely();
 230              		.loc 1 166 0
 231 00b0 FFF7FEFF 		bl	moveForwardIndefinitely
ARM GAS  C:\Users\bamcg3\AppData\Local\Temp\ccSd18ab.s 			page 8


 232              	.LVL30:
 233              	.L15:
 163:main.c        ****             // We are at the EAST wall facing the EAST wall
 234              		.loc 1 163 0
 235 00b4 0E4B     		ldr	r3, .L18+16
 236 00b6 5B68     		ldr	r3, [r3, #4]
 237 00b8 012B     		cmp	r3, #1
 238 00ba F6D0     		beq	.L16
 167:main.c        ****         }
 168:main.c        **** 
 169:main.c        ****             // Sequence of movements required for picking up a puck
 170:main.c        ****             driveStraightEnable = 1;
 239              		.loc 1 170 0
 240 00bc 0122     		movs	r2, #1
 241 00be 094B     		ldr	r3, .L18+4
 242 00c0 DA60     		str	r2, [r3, #12]
 171:main.c        ****             //state = STATE_FORWARD_TO_PUCK; 
 172:main.c        ****             
 173:main.c        ****             armDown();
 243              		.loc 1 173 0
 244 00c2 FFF7FEFF 		bl	armDown
 245              	.LVL31:
 174:main.c        ****             armOpen();
 246              		.loc 1 174 0
 247 00c6 FFF7FEFF 		bl	armOpen
 248              	.LVL32:
 175:main.c        ****             
 176:main.c        ****             moveForwardIndefinitely();
 249              		.loc 1 176 0
 250 00ca FFF7FEFF 		bl	moveForwardIndefinitely
 251              	.LVL33:
 177:main.c        **** 
 178:main.c        ****             moveForward(8);
 252              		.loc 1 178 0
 253 00ce 0820     		movs	r0, #8
 254 00d0 FFF7FEFF 		bl	moveForward
 255              	.LVL34:
 179:main.c        ****             armClose();
 256              		.loc 1 179 0
 257 00d4 FFF7FEFF 		bl	armClose
 258              	.LVL35:
 180:main.c        ****             armUp();
 259              		.loc 1 180 0
 260 00d8 FFF7FEFF 		bl	armUp
 261              	.LVL36:
 181:main.c        ****     
 182:main.c        ****     }  
 262              		.loc 1 182 0
 263 00dc D4E7     		b	.L8
 264              	.L19:
 265 00de 00BF     		.align	2
 266              	.L18:
 267 00e0 00000000 		.word	.LC0
 268 00e4 00000000 		.word	.LANCHOR0
 269 00e8 00000000 		.word	TIH
 270 00ec 00000000 		.word	StartIH
 271 00f0 00000000 		.word	.LANCHOR1
ARM GAS  C:\Users\bamcg3\AppData\Local\Temp\ccSd18ab.s 			page 9


 272              		.cfi_endproc
 273              	.LFE66:
 274              		.size	main, .-main
 275              		.global	running
 276              		.global	state
 277              		.global	beginNavigation
 278              		.global	colour_flag
 279              		.global	idac_value
 280              		.global	block_location
 281              		.global	sweeping
 282              		.global	puckRackOffsetsFromWest
 283              		.global	puckRackColours
 284              		.global	currentPuckRackScanningIndex
 285              		.global	driveStraightEnable
 286              		.data
 287              		.align	2
 288              		.set	.LANCHOR1,. + 0
 289              		.type	colour_flag, %object
 290              		.size	colour_flag, 4
 291              	colour_flag:
 292 0000 01000000 		.word	1
 293              		.type	state, %object
 294              		.size	state, 4
 295              	state:
 296 0004 02000000 		.word	2
 297              		.type	running, %object
 298              		.size	running, 4
 299              	running:
 300 0008 01000000 		.word	1
 301              		.type	puckRackOffsetsFromWest, %object
 302              		.size	puckRackOffsetsFromWest, 20
 303              	puckRackOffsetsFromWest:
 304 000c 48000000 		.word	72
 305 0010 42000000 		.word	66
 306 0014 3C000000 		.word	60
 307 0018 36000000 		.word	54
 308 001c 30000000 		.word	48
 309              		.section	.rodata.str1.4,"aMS",%progbits,1
 310              		.align	2
 311              	.LC0:
 312 0000 55415254 		.ascii	"UART commencing... \012\000"
 312      20636F6D 
 312      6D656E63 
 312      696E672E 
 312      2E2E200A 
 313              		.bss
 314              		.align	2
 315              		.set	.LANCHOR0,. + 0
 316              		.type	beginNavigation, %object
 317              		.size	beginNavigation, 4
 318              	beginNavigation:
 319 0000 00000000 		.space	4
 320              		.type	idac_value, %object
 321              		.size	idac_value, 4
 322              	idac_value:
 323 0004 00000000 		.space	4
 324              		.type	currentPuckRackScanningIndex, %object
ARM GAS  C:\Users\bamcg3\AppData\Local\Temp\ccSd18ab.s 			page 10


 325              		.size	currentPuckRackScanningIndex, 4
 326              	currentPuckRackScanningIndex:
 327 0008 00000000 		.space	4
 328              		.type	driveStraightEnable, %object
 329              		.size	driveStraightEnable, 4
 330              	driveStraightEnable:
 331 000c 00000000 		.space	4
 332              		.type	block_location, %object
 333              		.size	block_location, 16
 334              	block_location:
 335 0010 00000000 		.space	16
 335      00000000 
 335      00000000 
 335      00000000 
 336              		.type	sweeping, %object
 337              		.size	sweeping, 4
 338              	sweeping:
 339 0020 00000000 		.space	4
 340              		.type	puckRackColours, %object
 341              		.size	puckRackColours, 20
 342              	puckRackColours:
 343 0024 00000000 		.space	20
 343      00000000 
 343      00000000 
 343      00000000 
 343      00000000 
 344              		.text
 345              	.Letext0:
 346              		.file 2 "c:\\program files (x86)\\cypress\\psoc creator\\4.2\\psoc creator\\import\\gnu\\arm\\5.4.
 347              		.file 3 "c:\\program files (x86)\\cypress\\psoc creator\\4.2\\psoc creator\\import\\gnu\\arm\\5.4.
 348              		.file 4 "Generated_Source\\PSoC5/core_cm3.h"
 349              		.file 5 "ultrasonic.h"
 350              		.file 6 "Generated_Source\\PSoC5/CyLib.h"
 351              		.file 7 "Generated_Source\\PSoC5/TIA_1.h"
 352              		.file 8 "Generated_Source\\PSoC5/UART_1.h"
 353              		.file 9 "Generated_Source\\PSoC5/ADC.h"
 354              		.file 10 "Generated_Source\\PSoC5/IDAC8_1.h"
 355              		.file 11 "Generated_Source\\PSoC5/PWM_colour.h"
 356              		.file 12 "colour.h"
 357              		.file 13 "Generated_Source\\PSoC5/Timer_1.h"
 358              		.file 14 "Generated_Source\\PSoC5/Sonic.h"
 359              		.file 15 "Generated_Source\\PSoC5/Start.h"
 360              		.file 16 "Generated_Source\\PSoC5/Motor_1_driver.h"
 361              		.file 17 "Generated_Source\\PSoC5/Motor_2_driver.h"
 362              		.file 18 "Generated_Source\\PSoC5/Rack_Servo_PWM.h"
 363              		.file 19 "Generated_Source\\PSoC5/Gripper_Servo_PWM.h"
 364              		.file 20 "dcmotor.h"
 365              		.file 21 "servo.h"
 366              		.section	.debug_info,"",%progbits
 367              	.Ldebug_info0:
 368 0000 D3040000 		.4byte	0x4d3
 369 0004 0400     		.2byte	0x4
 370 0006 00000000 		.4byte	.Ldebug_abbrev0
 371 000a 04       		.byte	0x4
 372 000b 01       		.uleb128 0x1
 373 000c A9030000 		.4byte	.LASF60
 374 0010 0C       		.byte	0xc
ARM GAS  C:\Users\bamcg3\AppData\Local\Temp\ccSd18ab.s 			page 11


 375 0011 0C030000 		.4byte	.LASF61
 376 0015 DD010000 		.4byte	.LASF62
 377 0019 00000000 		.4byte	.Ldebug_ranges0+0
 378 001d 00000000 		.4byte	0
 379 0021 00000000 		.4byte	.Ldebug_line0
 380 0025 02       		.uleb128 0x2
 381 0026 01       		.byte	0x1
 382 0027 06       		.byte	0x6
 383 0028 46020000 		.4byte	.LASF0
 384 002c 02       		.uleb128 0x2
 385 002d 01       		.byte	0x1
 386 002e 08       		.byte	0x8
 387 002f BE010000 		.4byte	.LASF1
 388 0033 02       		.uleb128 0x2
 389 0034 02       		.byte	0x2
 390 0035 05       		.byte	0x5
 391 0036 2E000000 		.4byte	.LASF2
 392 003a 02       		.uleb128 0x2
 393 003b 02       		.byte	0x2
 394 003c 07       		.byte	0x7
 395 003d A4020000 		.4byte	.LASF3
 396 0041 03       		.uleb128 0x3
 397 0042 4B030000 		.4byte	.LASF9
 398 0046 02       		.byte	0x2
 399 0047 3F       		.byte	0x3f
 400 0048 4C000000 		.4byte	0x4c
 401 004c 02       		.uleb128 0x2
 402 004d 04       		.byte	0x4
 403 004e 05       		.byte	0x5
 404 004f 38010000 		.4byte	.LASF4
 405 0053 02       		.uleb128 0x2
 406 0054 04       		.byte	0x4
 407 0055 07       		.byte	0x7
 408 0056 13030000 		.4byte	.LASF5
 409 005a 02       		.uleb128 0x2
 410 005b 08       		.byte	0x8
 411 005c 05       		.byte	0x5
 412 005d 17010000 		.4byte	.LASF6
 413 0061 02       		.uleb128 0x2
 414 0062 08       		.byte	0x8
 415 0063 07       		.byte	0x7
 416 0064 52020000 		.4byte	.LASF7
 417 0068 04       		.uleb128 0x4
 418 0069 04       		.byte	0x4
 419 006a 05       		.byte	0x5
 420 006b 696E7400 		.ascii	"int\000"
 421 006f 02       		.uleb128 0x2
 422 0070 04       		.byte	0x4
 423 0071 07       		.byte	0x7
 424 0072 77020000 		.4byte	.LASF8
 425 0076 03       		.uleb128 0x3
 426 0077 D1020000 		.4byte	.LASF10
 427 007b 03       		.byte	0x3
 428 007c 2C       		.byte	0x2c
 429 007d 41000000 		.4byte	0x41
 430 0081 02       		.uleb128 0x2
 431 0082 04       		.byte	0x4
ARM GAS  C:\Users\bamcg3\AppData\Local\Temp\ccSd18ab.s 			page 12


 432 0083 04       		.byte	0x4
 433 0084 11010000 		.4byte	.LASF11
 434 0088 02       		.uleb128 0x2
 435 0089 08       		.byte	0x8
 436 008a 04       		.byte	0x4
 437 008b 33030000 		.4byte	.LASF12
 438 008f 02       		.uleb128 0x2
 439 0090 01       		.byte	0x1
 440 0091 08       		.byte	0x8
 441 0092 CC020000 		.4byte	.LASF13
 442 0096 02       		.uleb128 0x2
 443 0097 08       		.byte	0x8
 444 0098 04       		.byte	0x4
 445 0099 B2010000 		.4byte	.LASF14
 446 009d 02       		.uleb128 0x2
 447 009e 04       		.byte	0x4
 448 009f 07       		.byte	0x7
 449 00a0 6F030000 		.4byte	.LASF15
 450 00a4 05       		.uleb128 0x5
 451 00a5 54494800 		.ascii	"TIH\000"
 452 00a9 01       		.byte	0x1
 453 00aa 38       		.byte	0x38
 454 00ab 00000000 		.4byte	.LFB64
 455 00af 08000000 		.4byte	.LFE64-.LFB64
 456 00b3 01       		.uleb128 0x1
 457 00b4 9C       		.byte	0x9c
 458 00b5 C3000000 		.4byte	0xc3
 459 00b9 06       		.uleb128 0x6
 460 00ba 06000000 		.4byte	.LVL0
 461 00be 81030000 		.4byte	0x381
 462 00c2 00       		.byte	0
 463 00c3 07       		.uleb128 0x7
 464 00c4 79000000 		.4byte	.LASF16
 465 00c8 01       		.byte	0x1
 466 00c9 3D       		.byte	0x3d
 467 00ca 00000000 		.4byte	.LFB65
 468 00ce 20000000 		.4byte	.LFE65-.LFB65
 469 00d2 01       		.uleb128 0x1
 470 00d3 9C       		.byte	0x9c
 471 00d4 E9000000 		.4byte	0xe9
 472 00d8 08       		.uleb128 0x8
 473 00d9 08000000 		.4byte	.LVL1
 474 00dd 8C030000 		.4byte	0x38c
 475 00e1 09       		.uleb128 0x9
 476 00e2 01       		.uleb128 0x1
 477 00e3 50       		.byte	0x50
 478 00e4 02       		.uleb128 0x2
 479 00e5 08       		.byte	0x8
 480 00e6 64       		.byte	0x64
 481 00e7 00       		.byte	0
 482 00e8 00       		.byte	0
 483 00e9 0A       		.uleb128 0xa
 484 00ea 74000000 		.4byte	.LASF63
 485 00ee 01       		.byte	0x1
 486 00ef 45       		.byte	0x45
 487 00f0 68000000 		.4byte	0x68
 488 00f4 00000000 		.4byte	.LFB66
ARM GAS  C:\Users\bamcg3\AppData\Local\Temp\ccSd18ab.s 			page 13


 489 00f8 F4000000 		.4byte	.LFE66-.LFB66
 490 00fc 01       		.uleb128 0x1
 491 00fd 9C       		.byte	0x9c
 492 00fe 95020000 		.4byte	0x295
 493 0102 0B       		.uleb128 0xb
 494 0103 746D7000 		.ascii	"tmp\000"
 495 0107 01       		.byte	0x1
 496 0108 64       		.byte	0x64
 497 0109 68000000 		.4byte	0x68
 498 010d 00       		.byte	0
 499 010e 06       		.uleb128 0x6
 500 010f 08000000 		.4byte	.LVL2
 501 0113 97030000 		.4byte	0x397
 502 0117 06       		.uleb128 0x6
 503 0118 0C000000 		.4byte	.LVL3
 504 011c A2030000 		.4byte	0x3a2
 505 0120 0C       		.uleb128 0xc
 506 0121 12000000 		.4byte	.LVL4
 507 0125 AD030000 		.4byte	0x3ad
 508 0129 37010000 		.4byte	0x137
 509 012d 09       		.uleb128 0x9
 510 012e 01       		.uleb128 0x1
 511 012f 50       		.byte	0x50
 512 0130 05       		.uleb128 0x5
 513 0131 03       		.byte	0x3
 514 0132 00000000 		.4byte	.LC0
 515 0136 00       		.byte	0
 516 0137 06       		.uleb128 0x6
 517 0138 16000000 		.4byte	.LVL5
 518 013c B8030000 		.4byte	0x3b8
 519 0140 06       		.uleb128 0x6
 520 0141 1A000000 		.4byte	.LVL6
 521 0145 C3030000 		.4byte	0x3c3
 522 0149 0C       		.uleb128 0xc
 523 014a 20000000 		.4byte	.LVL7
 524 014e CE030000 		.4byte	0x3ce
 525 0152 5C010000 		.4byte	0x15c
 526 0156 09       		.uleb128 0x9
 527 0157 01       		.uleb128 0x1
 528 0158 50       		.byte	0x50
 529 0159 01       		.uleb128 0x1
 530 015a 30       		.byte	0x30
 531 015b 00       		.byte	0
 532 015c 06       		.uleb128 0x6
 533 015d 28000000 		.4byte	.LVL8
 534 0161 D9030000 		.4byte	0x3d9
 535 0165 06       		.uleb128 0x6
 536 0166 2C000000 		.4byte	.LVL9
 537 016a E4030000 		.4byte	0x3e4
 538 016e 06       		.uleb128 0x6
 539 016f 30000000 		.4byte	.LVL10
 540 0173 EF030000 		.4byte	0x3ef
 541 0177 06       		.uleb128 0x6
 542 0178 34000000 		.4byte	.LVL11
 543 017c FA030000 		.4byte	0x3fa
 544 0180 06       		.uleb128 0x6
 545 0181 38000000 		.4byte	.LVL12
ARM GAS  C:\Users\bamcg3\AppData\Local\Temp\ccSd18ab.s 			page 14


 546 0185 05040000 		.4byte	0x405
 547 0189 06       		.uleb128 0x6
 548 018a 3C000000 		.4byte	.LVL13
 549 018e 10040000 		.4byte	0x410
 550 0192 0C       		.uleb128 0xc
 551 0193 42000000 		.4byte	.LVL14
 552 0197 1B040000 		.4byte	0x41b
 553 019b A9010000 		.4byte	0x1a9
 554 019f 09       		.uleb128 0x9
 555 01a0 01       		.uleb128 0x1
 556 01a1 50       		.byte	0x50
 557 01a2 05       		.uleb128 0x5
 558 01a3 03       		.byte	0x3
 559 01a4 00000000 		.4byte	TIH
 560 01a8 00       		.byte	0
 561 01a9 0C       		.uleb128 0xc
 562 01aa 48000000 		.4byte	.LVL15
 563 01ae 26040000 		.4byte	0x426
 564 01b2 C0010000 		.4byte	0x1c0
 565 01b6 09       		.uleb128 0x9
 566 01b7 01       		.uleb128 0x1
 567 01b8 50       		.byte	0x50
 568 01b9 05       		.uleb128 0x5
 569 01ba 03       		.byte	0x3
 570 01bb 00000000 		.4byte	StartIH
 571 01bf 00       		.byte	0
 572 01c0 06       		.uleb128 0x6
 573 01c1 50000000 		.4byte	.LVL17
 574 01c5 31040000 		.4byte	0x431
 575 01c9 06       		.uleb128 0x6
 576 01ca 54000000 		.4byte	.LVL18
 577 01ce 3C040000 		.4byte	0x43c
 578 01d2 06       		.uleb128 0x6
 579 01d3 58000000 		.4byte	.LVL19
 580 01d7 47040000 		.4byte	0x447
 581 01db 06       		.uleb128 0x6
 582 01dc 5C000000 		.4byte	.LVL20
 583 01e0 52040000 		.4byte	0x452
 584 01e4 06       		.uleb128 0x6
 585 01e5 60000000 		.4byte	.LVL21
 586 01e9 5D040000 		.4byte	0x45d
 587 01ed 06       		.uleb128 0x6
 588 01ee 64000000 		.4byte	.LVL22
 589 01f2 68040000 		.4byte	0x468
 590 01f6 06       		.uleb128 0x6
 591 01f7 70000000 		.4byte	.LVL23
 592 01fb 73040000 		.4byte	0x473
 593 01ff 06       		.uleb128 0x6
 594 0200 76000000 		.4byte	.LVL24
 595 0204 7E040000 		.4byte	0x47e
 596 0208 06       		.uleb128 0x6
 597 0209 7A000000 		.4byte	.LVL25
 598 020d 89040000 		.4byte	0x489
 599 0211 06       		.uleb128 0x6
 600 0212 96000000 		.4byte	.LVL26
 601 0216 7E040000 		.4byte	0x47e
 602 021a 0C       		.uleb128 0xc
ARM GAS  C:\Users\bamcg3\AppData\Local\Temp\ccSd18ab.s 			page 15


 603 021b 9C000000 		.4byte	.LVL27
 604 021f 94040000 		.4byte	0x494
 605 0223 2E020000 		.4byte	0x22e
 606 0227 09       		.uleb128 0x9
 607 0228 01       		.uleb128 0x1
 608 0229 50       		.byte	0x50
 609 022a 02       		.uleb128 0x2
 610 022b 08       		.byte	0x8
 611 022c B4       		.byte	0xb4
 612 022d 00       		.byte	0
 613 022e 06       		.uleb128 0x6
 614 022f A0000000 		.4byte	.LVL28
 615 0233 7E040000 		.4byte	0x47e
 616 0237 0C       		.uleb128 0xc
 617 0238 B0000000 		.4byte	.LVL29
 618 023c 94040000 		.4byte	0x494
 619 0240 4B020000 		.4byte	0x24b
 620 0244 09       		.uleb128 0x9
 621 0245 01       		.uleb128 0x1
 622 0246 50       		.byte	0x50
 623 0247 02       		.uleb128 0x2
 624 0248 08       		.byte	0x8
 625 0249 B4       		.byte	0xb4
 626 024a 00       		.byte	0
 627 024b 06       		.uleb128 0x6
 628 024c B4000000 		.4byte	.LVL30
 629 0250 7E040000 		.4byte	0x47e
 630 0254 06       		.uleb128 0x6
 631 0255 C6000000 		.4byte	.LVL31
 632 0259 9F040000 		.4byte	0x49f
 633 025d 06       		.uleb128 0x6
 634 025e CA000000 		.4byte	.LVL32
 635 0262 AA040000 		.4byte	0x4aa
 636 0266 06       		.uleb128 0x6
 637 0267 CE000000 		.4byte	.LVL33
 638 026b 7E040000 		.4byte	0x47e
 639 026f 0C       		.uleb128 0xc
 640 0270 D4000000 		.4byte	.LVL34
 641 0274 B5040000 		.4byte	0x4b5
 642 0278 82020000 		.4byte	0x282
 643 027c 09       		.uleb128 0x9
 644 027d 01       		.uleb128 0x1
 645 027e 50       		.byte	0x50
 646 027f 01       		.uleb128 0x1
 647 0280 38       		.byte	0x38
 648 0281 00       		.byte	0
 649 0282 06       		.uleb128 0x6
 650 0283 D8000000 		.4byte	.LVL35
 651 0287 C0040000 		.4byte	0x4c0
 652 028b 06       		.uleb128 0x6
 653 028c DC000000 		.4byte	.LVL36
 654 0290 CB040000 		.4byte	0x4cb
 655 0294 00       		.byte	0
 656 0295 0D       		.uleb128 0xd
 657 0296 9C030000 		.4byte	.LASF17
 658 029a 04       		.byte	0x4
 659 029b 1207     		.2byte	0x712
ARM GAS  C:\Users\bamcg3\AppData\Local\Temp\ccSd18ab.s 			page 16


 660 029d A1020000 		.4byte	0x2a1
 661 02a1 0E       		.uleb128 0xe
 662 02a2 76000000 		.4byte	0x76
 663 02a6 0F       		.uleb128 0xf
 664 02a7 D9020000 		.4byte	.LASF18
 665 02ab 01       		.byte	0x1
 666 02ac 28       		.byte	0x28
 667 02ad 68000000 		.4byte	0x68
 668 02b1 05       		.uleb128 0x5
 669 02b2 03       		.byte	0x3
 670 02b3 00000000 		.4byte	driveStraightEnable
 671 02b7 0F       		.uleb128 0xf
 672 02b8 89010000 		.4byte	.LASF19
 673 02bc 01       		.byte	0x1
 674 02bd 2F       		.byte	0x2f
 675 02be 68000000 		.4byte	0x68
 676 02c2 05       		.uleb128 0x5
 677 02c3 03       		.byte	0x3
 678 02c4 00000000 		.4byte	currentPuckRackScanningIndex
 679 02c8 10       		.uleb128 0x10
 680 02c9 68000000 		.4byte	0x68
 681 02cd D8020000 		.4byte	0x2d8
 682 02d1 11       		.uleb128 0x11
 683 02d2 9D000000 		.4byte	0x9d
 684 02d6 04       		.byte	0x4
 685 02d7 00       		.byte	0
 686 02d8 0F       		.uleb128 0xf
 687 02d9 55030000 		.4byte	.LASF20
 688 02dd 01       		.byte	0x1
 689 02de 2E       		.byte	0x2e
 690 02df C8020000 		.4byte	0x2c8
 691 02e3 05       		.uleb128 0x5
 692 02e4 03       		.byte	0x3
 693 02e5 00000000 		.4byte	puckRackColours
 694 02e9 0F       		.uleb128 0xf
 695 02ea 5C000000 		.4byte	.LASF21
 696 02ee 01       		.byte	0x1
 697 02ef 30       		.byte	0x30
 698 02f0 C8020000 		.4byte	0x2c8
 699 02f4 05       		.uleb128 0x5
 700 02f5 03       		.byte	0x3
 701 02f6 00000000 		.4byte	puckRackOffsetsFromWest
 702 02fa 0F       		.uleb128 0xf
 703 02fb C3020000 		.4byte	.LASF22
 704 02ff 01       		.byte	0x1
 705 0300 2A       		.byte	0x2a
 706 0301 68000000 		.4byte	0x68
 707 0305 05       		.uleb128 0x5
 708 0306 03       		.byte	0x3
 709 0307 00000000 		.4byte	sweeping
 710 030b 10       		.uleb128 0x10
 711 030c 81000000 		.4byte	0x81
 712 0310 1B030000 		.4byte	0x31b
 713 0314 11       		.uleb128 0x11
 714 0315 9D000000 		.4byte	0x9d
 715 0319 03       		.byte	0x3
 716 031a 00       		.byte	0
ARM GAS  C:\Users\bamcg3\AppData\Local\Temp\ccSd18ab.s 			page 17


 717 031b 0F       		.uleb128 0xf
 718 031c 78030000 		.4byte	.LASF23
 719 0320 01       		.byte	0x1
 720 0321 2B       		.byte	0x2b
 721 0322 0B030000 		.4byte	0x30b
 722 0326 05       		.uleb128 0x5
 723 0327 03       		.byte	0x3
 724 0328 00000000 		.4byte	block_location
 725 032c 0F       		.uleb128 0xf
 726 032d 28000000 		.4byte	.LASF24
 727 0331 01       		.byte	0x1
 728 0332 23       		.byte	0x23
 729 0333 68000000 		.4byte	0x68
 730 0337 05       		.uleb128 0x5
 731 0338 03       		.byte	0x3
 732 0339 00000000 		.4byte	state
 733 033d 0F       		.uleb128 0xf
 734 033e 84020000 		.4byte	.LASF25
 735 0342 01       		.byte	0x1
 736 0343 1E       		.byte	0x1e
 737 0344 68000000 		.4byte	0x68
 738 0348 05       		.uleb128 0x5
 739 0349 03       		.byte	0x3
 740 034a 00000000 		.4byte	idac_value
 741 034e 0F       		.uleb128 0xf
 742 034f A6010000 		.4byte	.LASF26
 743 0353 01       		.byte	0x1
 744 0354 1F       		.byte	0x1f
 745 0355 68000000 		.4byte	0x68
 746 0359 05       		.uleb128 0x5
 747 035a 03       		.byte	0x3
 748 035b 00000000 		.4byte	colour_flag
 749 035f 0F       		.uleb128 0xf
 750 0360 4C000000 		.4byte	.LASF27
 751 0364 01       		.byte	0x1
 752 0365 21       		.byte	0x21
 753 0366 68000000 		.4byte	0x68
 754 036a 05       		.uleb128 0x5
 755 036b 03       		.byte	0x3
 756 036c 00000000 		.4byte	beginNavigation
 757 0370 0F       		.uleb128 0xf
 758 0371 CA000000 		.4byte	.LASF28
 759 0375 01       		.byte	0x1
 760 0376 25       		.byte	0x25
 761 0377 68000000 		.4byte	0x68
 762 037b 05       		.uleb128 0x5
 763 037c 03       		.byte	0x3
 764 037d 00000000 		.4byte	running
 765 0381 12       		.uleb128 0x12
 766 0382 F6000000 		.4byte	.LASF29
 767 0386 F6000000 		.4byte	.LASF29
 768 038a 05       		.byte	0x5
 769 038b 1B       		.byte	0x1b
 770 038c 12       		.uleb128 0x12
 771 038d 37040000 		.4byte	.LASF30
 772 0391 37040000 		.4byte	.LASF30
 773 0395 06       		.byte	0x6
ARM GAS  C:\Users\bamcg3\AppData\Local\Temp\ccSd18ab.s 			page 18


 774 0396 76       		.byte	0x76
 775 0397 12       		.uleb128 0x12
 776 0398 B7020000 		.4byte	.LASF31
 777 039c B7020000 		.4byte	.LASF31
 778 03a0 07       		.byte	0x7
 779 03a1 3D       		.byte	0x3d
 780 03a2 12       		.uleb128 0x12
 781 03a3 7C010000 		.4byte	.LASF32
 782 03a7 7C010000 		.4byte	.LASF32
 783 03ab 08       		.byte	0x8
 784 03ac 54       		.byte	0x54
 785 03ad 12       		.uleb128 0x12
 786 03ae 3A030000 		.4byte	.LASF33
 787 03b2 3A030000 		.4byte	.LASF33
 788 03b6 08       		.byte	0x8
 789 03b7 8B       		.byte	0x8b
 790 03b8 12       		.uleb128 0x12
 791 03b9 2E010000 		.4byte	.LASF34
 792 03bd 2E010000 		.4byte	.LASF34
 793 03c1 09       		.byte	0x9
 794 03c2 3A       		.byte	0x3a
 795 03c3 12       		.uleb128 0x12
 796 03c4 69020000 		.4byte	.LASF35
 797 03c8 69020000 		.4byte	.LASF35
 798 03cc 0A       		.byte	0xa
 799 03cd 3C       		.byte	0x3c
 800 03ce 12       		.uleb128 0x12
 801 03cf CC010000 		.4byte	.LASF36
 802 03d3 CC010000 		.4byte	.LASF36
 803 03d7 0A       		.byte	0xa
 804 03d8 40       		.byte	0x40
 805 03d9 12       		.uleb128 0x12
 806 03da FB020000 		.4byte	.LASF37
 807 03de FB020000 		.4byte	.LASF37
 808 03e2 0A       		.byte	0xa
 809 03e3 41       		.byte	0x41
 810 03e4 12       		.uleb128 0x12
 811 03e5 6B010000 		.4byte	.LASF38
 812 03e9 6B010000 		.4byte	.LASF38
 813 03ed 0B       		.byte	0xb
 814 03ee 92       		.byte	0x92
 815 03ef 12       		.uleb128 0x12
 816 03f0 41010000 		.4byte	.LASF39
 817 03f4 41010000 		.4byte	.LASF39
 818 03f8 0B       		.byte	0xb
 819 03f9 DC       		.byte	0xdc
 820 03fa 12       		.uleb128 0x12
 821 03fb 3F040000 		.4byte	.LASF40
 822 03ff 3F040000 		.4byte	.LASF40
 823 0403 0C       		.byte	0xc
 824 0404 1C       		.byte	0x1c
 825 0405 12       		.uleb128 0x12
 826 0406 ED020000 		.4byte	.LASF41
 827 040a ED020000 		.4byte	.LASF41
 828 040e 0D       		.byte	0xd
 829 040f 5A       		.byte	0x5a
 830 0410 12       		.uleb128 0x12
ARM GAS  C:\Users\bamcg3\AppData\Local\Temp\ccSd18ab.s 			page 19


 831 0411 81000000 		.4byte	.LASF42
 832 0415 81000000 		.4byte	.LASF42
 833 0419 0D       		.byte	0xd
 834 041a 5E       		.byte	0x5e
 835 041b 12       		.uleb128 0x12
 836 041c 38000000 		.4byte	.LASF43
 837 0420 38000000 		.4byte	.LASF43
 838 0424 0E       		.byte	0xe
 839 0425 18       		.byte	0x18
 840 0426 12       		.uleb128 0x12
 841 0427 25030000 		.4byte	.LASF44
 842 042b 25030000 		.4byte	.LASF44
 843 042f 0F       		.byte	0xf
 844 0430 18       		.byte	0x18
 845 0431 12       		.uleb128 0x12
 846 0432 5A040000 		.4byte	.LASF45
 847 0436 5A040000 		.4byte	.LASF45
 848 043a 10       		.byte	0x10
 849 043b 92       		.byte	0x92
 850 043c 12       		.uleb128 0x12
 851 043d 6F040000 		.4byte	.LASF46
 852 0441 6F040000 		.4byte	.LASF46
 853 0445 11       		.byte	0x11
 854 0446 92       		.byte	0x92
 855 0447 12       		.uleb128 0x12
 856 0448 8F020000 		.4byte	.LASF47
 857 044c 8F020000 		.4byte	.LASF47
 858 0450 10       		.byte	0x10
 859 0451 DC       		.byte	0xdc
 860 0452 12       		.uleb128 0x12
 861 0453 87030000 		.4byte	.LASF48
 862 0457 87030000 		.4byte	.LASF48
 863 045b 11       		.byte	0x11
 864 045c DC       		.byte	0xdc
 865 045d 12       		.uleb128 0x12
 866 045e 9C000000 		.4byte	.LASF49
 867 0462 9C000000 		.4byte	.LASF49
 868 0466 12       		.byte	0x12
 869 0467 92       		.byte	0x92
 870 0468 12       		.uleb128 0x12
 871 0469 D2000000 		.4byte	.LASF50
 872 046d D2000000 		.4byte	.LASF50
 873 0471 13       		.byte	0x13
 874 0472 92       		.byte	0x92
 875 0473 12       		.uleb128 0x12
 876 0474 52010000 		.4byte	.LASF51
 877 0478 52010000 		.4byte	.LASF51
 878 047c 14       		.byte	0x14
 879 047d 1F       		.byte	0x1f
 880 047e 12       		.uleb128 0x12
 881 047f 08000000 		.4byte	.LASF52
 882 0483 08000000 		.4byte	.LASF52
 883 0487 14       		.byte	0x14
 884 0488 1E       		.byte	0x1e
 885 0489 12       		.uleb128 0x12
 886 048a B1000000 		.4byte	.LASF53
 887 048e B1000000 		.4byte	.LASF53
ARM GAS  C:\Users\bamcg3\AppData\Local\Temp\ccSd18ab.s 			page 20


 888 0492 0C       		.byte	0xc
 889 0493 1D       		.byte	0x1d
 890 0494 12       		.uleb128 0x12
 891 0495 65030000 		.4byte	.LASF54
 892 0499 65030000 		.4byte	.LASF54
 893 049d 14       		.byte	0x14
 894 049e 15       		.byte	0x15
 895 049f 12       		.uleb128 0x12
 896 04a0 20000000 		.4byte	.LASF55
 897 04a4 20000000 		.4byte	.LASF55
 898 04a8 15       		.byte	0x15
 899 04a9 0F       		.byte	0xf
 900 04aa 12       		.uleb128 0x12
 901 04ab 00000000 		.4byte	.LASF56
 902 04af 00000000 		.4byte	.LASF56
 903 04b3 15       		.byte	0x15
 904 04b4 0E       		.byte	0xe
 905 04b5 12       		.uleb128 0x12
 906 04b6 EA000000 		.4byte	.LASF57
 907 04ba EA000000 		.4byte	.LASF57
 908 04be 14       		.byte	0x14
 909 04bf 10       		.byte	0x10
 910 04c0 12       		.uleb128 0x12
 911 04c1 25010000 		.4byte	.LASF58
 912 04c5 25010000 		.4byte	.LASF58
 913 04c9 15       		.byte	0x15
 914 04ca 0D       		.byte	0xd
 915 04cb 12       		.uleb128 0x12
 916 04cc 46000000 		.4byte	.LASF59
 917 04d0 46000000 		.4byte	.LASF59
 918 04d4 15       		.byte	0x15
 919 04d5 0C       		.byte	0xc
 920 04d6 00       		.byte	0
 921              		.section	.debug_abbrev,"",%progbits
 922              	.Ldebug_abbrev0:
 923 0000 01       		.uleb128 0x1
 924 0001 11       		.uleb128 0x11
 925 0002 01       		.byte	0x1
 926 0003 25       		.uleb128 0x25
 927 0004 0E       		.uleb128 0xe
 928 0005 13       		.uleb128 0x13
 929 0006 0B       		.uleb128 0xb
 930 0007 03       		.uleb128 0x3
 931 0008 0E       		.uleb128 0xe
 932 0009 1B       		.uleb128 0x1b
 933 000a 0E       		.uleb128 0xe
 934 000b 55       		.uleb128 0x55
 935 000c 17       		.uleb128 0x17
 936 000d 11       		.uleb128 0x11
 937 000e 01       		.uleb128 0x1
 938 000f 10       		.uleb128 0x10
 939 0010 17       		.uleb128 0x17
 940 0011 00       		.byte	0
 941 0012 00       		.byte	0
 942 0013 02       		.uleb128 0x2
 943 0014 24       		.uleb128 0x24
 944 0015 00       		.byte	0
ARM GAS  C:\Users\bamcg3\AppData\Local\Temp\ccSd18ab.s 			page 21


 945 0016 0B       		.uleb128 0xb
 946 0017 0B       		.uleb128 0xb
 947 0018 3E       		.uleb128 0x3e
 948 0019 0B       		.uleb128 0xb
 949 001a 03       		.uleb128 0x3
 950 001b 0E       		.uleb128 0xe
 951 001c 00       		.byte	0
 952 001d 00       		.byte	0
 953 001e 03       		.uleb128 0x3
 954 001f 16       		.uleb128 0x16
 955 0020 00       		.byte	0
 956 0021 03       		.uleb128 0x3
 957 0022 0E       		.uleb128 0xe
 958 0023 3A       		.uleb128 0x3a
 959 0024 0B       		.uleb128 0xb
 960 0025 3B       		.uleb128 0x3b
 961 0026 0B       		.uleb128 0xb
 962 0027 49       		.uleb128 0x49
 963 0028 13       		.uleb128 0x13
 964 0029 00       		.byte	0
 965 002a 00       		.byte	0
 966 002b 04       		.uleb128 0x4
 967 002c 24       		.uleb128 0x24
 968 002d 00       		.byte	0
 969 002e 0B       		.uleb128 0xb
 970 002f 0B       		.uleb128 0xb
 971 0030 3E       		.uleb128 0x3e
 972 0031 0B       		.uleb128 0xb
 973 0032 03       		.uleb128 0x3
 974 0033 08       		.uleb128 0x8
 975 0034 00       		.byte	0
 976 0035 00       		.byte	0
 977 0036 05       		.uleb128 0x5
 978 0037 2E       		.uleb128 0x2e
 979 0038 01       		.byte	0x1
 980 0039 3F       		.uleb128 0x3f
 981 003a 19       		.uleb128 0x19
 982 003b 03       		.uleb128 0x3
 983 003c 08       		.uleb128 0x8
 984 003d 3A       		.uleb128 0x3a
 985 003e 0B       		.uleb128 0xb
 986 003f 3B       		.uleb128 0x3b
 987 0040 0B       		.uleb128 0xb
 988 0041 27       		.uleb128 0x27
 989 0042 19       		.uleb128 0x19
 990 0043 11       		.uleb128 0x11
 991 0044 01       		.uleb128 0x1
 992 0045 12       		.uleb128 0x12
 993 0046 06       		.uleb128 0x6
 994 0047 40       		.uleb128 0x40
 995 0048 18       		.uleb128 0x18
 996 0049 9742     		.uleb128 0x2117
 997 004b 19       		.uleb128 0x19
 998 004c 01       		.uleb128 0x1
 999 004d 13       		.uleb128 0x13
 1000 004e 00       		.byte	0
 1001 004f 00       		.byte	0
ARM GAS  C:\Users\bamcg3\AppData\Local\Temp\ccSd18ab.s 			page 22


 1002 0050 06       		.uleb128 0x6
 1003 0051 898201   		.uleb128 0x4109
 1004 0054 00       		.byte	0
 1005 0055 11       		.uleb128 0x11
 1006 0056 01       		.uleb128 0x1
 1007 0057 31       		.uleb128 0x31
 1008 0058 13       		.uleb128 0x13
 1009 0059 00       		.byte	0
 1010 005a 00       		.byte	0
 1011 005b 07       		.uleb128 0x7
 1012 005c 2E       		.uleb128 0x2e
 1013 005d 01       		.byte	0x1
 1014 005e 3F       		.uleb128 0x3f
 1015 005f 19       		.uleb128 0x19
 1016 0060 03       		.uleb128 0x3
 1017 0061 0E       		.uleb128 0xe
 1018 0062 3A       		.uleb128 0x3a
 1019 0063 0B       		.uleb128 0xb
 1020 0064 3B       		.uleb128 0x3b
 1021 0065 0B       		.uleb128 0xb
 1022 0066 27       		.uleb128 0x27
 1023 0067 19       		.uleb128 0x19
 1024 0068 11       		.uleb128 0x11
 1025 0069 01       		.uleb128 0x1
 1026 006a 12       		.uleb128 0x12
 1027 006b 06       		.uleb128 0x6
 1028 006c 40       		.uleb128 0x40
 1029 006d 18       		.uleb128 0x18
 1030 006e 9742     		.uleb128 0x2117
 1031 0070 19       		.uleb128 0x19
 1032 0071 01       		.uleb128 0x1
 1033 0072 13       		.uleb128 0x13
 1034 0073 00       		.byte	0
 1035 0074 00       		.byte	0
 1036 0075 08       		.uleb128 0x8
 1037 0076 898201   		.uleb128 0x4109
 1038 0079 01       		.byte	0x1
 1039 007a 11       		.uleb128 0x11
 1040 007b 01       		.uleb128 0x1
 1041 007c 31       		.uleb128 0x31
 1042 007d 13       		.uleb128 0x13
 1043 007e 00       		.byte	0
 1044 007f 00       		.byte	0
 1045 0080 09       		.uleb128 0x9
 1046 0081 8A8201   		.uleb128 0x410a
 1047 0084 00       		.byte	0
 1048 0085 02       		.uleb128 0x2
 1049 0086 18       		.uleb128 0x18
 1050 0087 9142     		.uleb128 0x2111
 1051 0089 18       		.uleb128 0x18
 1052 008a 00       		.byte	0
 1053 008b 00       		.byte	0
 1054 008c 0A       		.uleb128 0xa
 1055 008d 2E       		.uleb128 0x2e
 1056 008e 01       		.byte	0x1
 1057 008f 3F       		.uleb128 0x3f
 1058 0090 19       		.uleb128 0x19
ARM GAS  C:\Users\bamcg3\AppData\Local\Temp\ccSd18ab.s 			page 23


 1059 0091 03       		.uleb128 0x3
 1060 0092 0E       		.uleb128 0xe
 1061 0093 3A       		.uleb128 0x3a
 1062 0094 0B       		.uleb128 0xb
 1063 0095 3B       		.uleb128 0x3b
 1064 0096 0B       		.uleb128 0xb
 1065 0097 27       		.uleb128 0x27
 1066 0098 19       		.uleb128 0x19
 1067 0099 49       		.uleb128 0x49
 1068 009a 13       		.uleb128 0x13
 1069 009b 8701     		.uleb128 0x87
 1070 009d 19       		.uleb128 0x19
 1071 009e 11       		.uleb128 0x11
 1072 009f 01       		.uleb128 0x1
 1073 00a0 12       		.uleb128 0x12
 1074 00a1 06       		.uleb128 0x6
 1075 00a2 40       		.uleb128 0x40
 1076 00a3 18       		.uleb128 0x18
 1077 00a4 9742     		.uleb128 0x2117
 1078 00a6 19       		.uleb128 0x19
 1079 00a7 01       		.uleb128 0x1
 1080 00a8 13       		.uleb128 0x13
 1081 00a9 00       		.byte	0
 1082 00aa 00       		.byte	0
 1083 00ab 0B       		.uleb128 0xb
 1084 00ac 34       		.uleb128 0x34
 1085 00ad 00       		.byte	0
 1086 00ae 03       		.uleb128 0x3
 1087 00af 08       		.uleb128 0x8
 1088 00b0 3A       		.uleb128 0x3a
 1089 00b1 0B       		.uleb128 0xb
 1090 00b2 3B       		.uleb128 0x3b
 1091 00b3 0B       		.uleb128 0xb
 1092 00b4 49       		.uleb128 0x49
 1093 00b5 13       		.uleb128 0x13
 1094 00b6 1C       		.uleb128 0x1c
 1095 00b7 0B       		.uleb128 0xb
 1096 00b8 00       		.byte	0
 1097 00b9 00       		.byte	0
 1098 00ba 0C       		.uleb128 0xc
 1099 00bb 898201   		.uleb128 0x4109
 1100 00be 01       		.byte	0x1
 1101 00bf 11       		.uleb128 0x11
 1102 00c0 01       		.uleb128 0x1
 1103 00c1 31       		.uleb128 0x31
 1104 00c2 13       		.uleb128 0x13
 1105 00c3 01       		.uleb128 0x1
 1106 00c4 13       		.uleb128 0x13
 1107 00c5 00       		.byte	0
 1108 00c6 00       		.byte	0
 1109 00c7 0D       		.uleb128 0xd
 1110 00c8 34       		.uleb128 0x34
 1111 00c9 00       		.byte	0
 1112 00ca 03       		.uleb128 0x3
 1113 00cb 0E       		.uleb128 0xe
 1114 00cc 3A       		.uleb128 0x3a
 1115 00cd 0B       		.uleb128 0xb
ARM GAS  C:\Users\bamcg3\AppData\Local\Temp\ccSd18ab.s 			page 24


 1116 00ce 3B       		.uleb128 0x3b
 1117 00cf 05       		.uleb128 0x5
 1118 00d0 49       		.uleb128 0x49
 1119 00d1 13       		.uleb128 0x13
 1120 00d2 3F       		.uleb128 0x3f
 1121 00d3 19       		.uleb128 0x19
 1122 00d4 3C       		.uleb128 0x3c
 1123 00d5 19       		.uleb128 0x19
 1124 00d6 00       		.byte	0
 1125 00d7 00       		.byte	0
 1126 00d8 0E       		.uleb128 0xe
 1127 00d9 35       		.uleb128 0x35
 1128 00da 00       		.byte	0
 1129 00db 49       		.uleb128 0x49
 1130 00dc 13       		.uleb128 0x13
 1131 00dd 00       		.byte	0
 1132 00de 00       		.byte	0
 1133 00df 0F       		.uleb128 0xf
 1134 00e0 34       		.uleb128 0x34
 1135 00e1 00       		.byte	0
 1136 00e2 03       		.uleb128 0x3
 1137 00e3 0E       		.uleb128 0xe
 1138 00e4 3A       		.uleb128 0x3a
 1139 00e5 0B       		.uleb128 0xb
 1140 00e6 3B       		.uleb128 0x3b
 1141 00e7 0B       		.uleb128 0xb
 1142 00e8 49       		.uleb128 0x49
 1143 00e9 13       		.uleb128 0x13
 1144 00ea 3F       		.uleb128 0x3f
 1145 00eb 19       		.uleb128 0x19
 1146 00ec 02       		.uleb128 0x2
 1147 00ed 18       		.uleb128 0x18
 1148 00ee 00       		.byte	0
 1149 00ef 00       		.byte	0
 1150 00f0 10       		.uleb128 0x10
 1151 00f1 01       		.uleb128 0x1
 1152 00f2 01       		.byte	0x1
 1153 00f3 49       		.uleb128 0x49
 1154 00f4 13       		.uleb128 0x13
 1155 00f5 01       		.uleb128 0x1
 1156 00f6 13       		.uleb128 0x13
 1157 00f7 00       		.byte	0
 1158 00f8 00       		.byte	0
 1159 00f9 11       		.uleb128 0x11
 1160 00fa 21       		.uleb128 0x21
 1161 00fb 00       		.byte	0
 1162 00fc 49       		.uleb128 0x49
 1163 00fd 13       		.uleb128 0x13
 1164 00fe 2F       		.uleb128 0x2f
 1165 00ff 0B       		.uleb128 0xb
 1166 0100 00       		.byte	0
 1167 0101 00       		.byte	0
 1168 0102 12       		.uleb128 0x12
 1169 0103 2E       		.uleb128 0x2e
 1170 0104 00       		.byte	0
 1171 0105 3F       		.uleb128 0x3f
 1172 0106 19       		.uleb128 0x19
ARM GAS  C:\Users\bamcg3\AppData\Local\Temp\ccSd18ab.s 			page 25


 1173 0107 3C       		.uleb128 0x3c
 1174 0108 19       		.uleb128 0x19
 1175 0109 6E       		.uleb128 0x6e
 1176 010a 0E       		.uleb128 0xe
 1177 010b 03       		.uleb128 0x3
 1178 010c 0E       		.uleb128 0xe
 1179 010d 3A       		.uleb128 0x3a
 1180 010e 0B       		.uleb128 0xb
 1181 010f 3B       		.uleb128 0x3b
 1182 0110 0B       		.uleb128 0xb
 1183 0111 00       		.byte	0
 1184 0112 00       		.byte	0
 1185 0113 00       		.byte	0
 1186              		.section	.debug_aranges,"",%progbits
 1187 0000 2C000000 		.4byte	0x2c
 1188 0004 0200     		.2byte	0x2
 1189 0006 00000000 		.4byte	.Ldebug_info0
 1190 000a 04       		.byte	0x4
 1191 000b 00       		.byte	0
 1192 000c 0000     		.2byte	0
 1193 000e 0000     		.2byte	0
 1194 0010 00000000 		.4byte	.LFB64
 1195 0014 08000000 		.4byte	.LFE64-.LFB64
 1196 0018 00000000 		.4byte	.LFB65
 1197 001c 20000000 		.4byte	.LFE65-.LFB65
 1198 0020 00000000 		.4byte	.LFB66
 1199 0024 F4000000 		.4byte	.LFE66-.LFB66
 1200 0028 00000000 		.4byte	0
 1201 002c 00000000 		.4byte	0
 1202              		.section	.debug_ranges,"",%progbits
 1203              	.Ldebug_ranges0:
 1204 0000 00000000 		.4byte	.LFB64
 1205 0004 08000000 		.4byte	.LFE64
 1206 0008 00000000 		.4byte	.LFB65
 1207 000c 20000000 		.4byte	.LFE65
 1208 0010 00000000 		.4byte	.LFB66
 1209 0014 F4000000 		.4byte	.LFE66
 1210 0018 00000000 		.4byte	0
 1211 001c 00000000 		.4byte	0
 1212              		.section	.debug_line,"",%progbits
 1213              	.Ldebug_line0:
 1214 0000 AB020000 		.section	.debug_str,"MS",%progbits,1
 1214      02003102 
 1214      00000201 
 1214      FB0E0D00 
 1214      01010101 
 1215              	.LASF56:
 1216 0000 61726D4F 		.ascii	"armOpen\000"
 1216      70656E00 
 1217              	.LASF52:
 1218 0008 6D6F7665 		.ascii	"moveForwardIndefinitely\000"
 1218      466F7277 
 1218      61726449 
 1218      6E646566 
 1218      696E6974 
 1219              	.LASF55:
 1220 0020 61726D44 		.ascii	"armDown\000"
ARM GAS  C:\Users\bamcg3\AppData\Local\Temp\ccSd18ab.s 			page 26


 1220      6F776E00 
 1221              	.LASF24:
 1222 0028 73746174 		.ascii	"state\000"
 1222      6500
 1223              	.LASF2:
 1224 002e 73686F72 		.ascii	"short int\000"
 1224      7420696E 
 1224      7400
 1225              	.LASF43:
 1226 0038 536F6E69 		.ascii	"Sonic_StartEx\000"
 1226      635F5374 
 1226      61727445 
 1226      7800
 1227              	.LASF59:
 1228 0046 61726D55 		.ascii	"armUp\000"
 1228      7000
 1229              	.LASF27:
 1230 004c 62656769 		.ascii	"beginNavigation\000"
 1230      6E4E6176 
 1230      69676174 
 1230      696F6E00 
 1231              	.LASF21:
 1232 005c 7075636B 		.ascii	"puckRackOffsetsFromWest\000"
 1232      5261636B 
 1232      4F666673 
 1232      65747346 
 1232      726F6D57 
 1233              	.LASF63:
 1234 0074 6D61696E 		.ascii	"main\000"
 1234      00
 1235              	.LASF16:
 1236 0079 53746172 		.ascii	"StartIH\000"
 1236      74494800 
 1237              	.LASF42:
 1238 0081 54696D65 		.ascii	"Timer_1_ReadStatusRegister\000"
 1238      725F315F 
 1238      52656164 
 1238      53746174 
 1238      75735265 
 1239              	.LASF49:
 1240 009c 5261636B 		.ascii	"Rack_Servo_PWM_Start\000"
 1240      5F536572 
 1240      766F5F50 
 1240      574D5F53 
 1240      74617274 
 1241              	.LASF53:
 1242 00b1 436F6C6F 		.ascii	"ColourSensingViaHardware\000"
 1242      75725365 
 1242      6E73696E 
 1242      67566961 
 1242      48617264 
 1243              	.LASF28:
 1244 00ca 72756E6E 		.ascii	"running\000"
 1244      696E6700 
 1245              	.LASF50:
 1246 00d2 47726970 		.ascii	"Gripper_Servo_PWM_Start\000"
 1246      7065725F 
ARM GAS  C:\Users\bamcg3\AppData\Local\Temp\ccSd18ab.s 			page 27


 1246      53657276 
 1246      6F5F5057 
 1246      4D5F5374 
 1247              	.LASF57:
 1248 00ea 6D6F7665 		.ascii	"moveForward\000"
 1248      466F7277 
 1248      61726400 
 1249              	.LASF29:
 1250 00f6 756C7472 		.ascii	"ultrasonicInterruptHandler\000"
 1250      61736F6E 
 1250      6963496E 
 1250      74657272 
 1250      75707448 
 1251              	.LASF11:
 1252 0111 666C6F61 		.ascii	"float\000"
 1252      7400
 1253              	.LASF6:
 1254 0117 6C6F6E67 		.ascii	"long long int\000"
 1254      206C6F6E 
 1254      6720696E 
 1254      7400
 1255              	.LASF58:
 1256 0125 61726D43 		.ascii	"armClose\000"
 1256      6C6F7365 
 1256      00
 1257              	.LASF34:
 1258 012e 4144435F 		.ascii	"ADC_Start\000"
 1258      53746172 
 1258      7400
 1259              	.LASF4:
 1260 0138 6C6F6E67 		.ascii	"long int\000"
 1260      20696E74 
 1260      00
 1261              	.LASF39:
 1262 0141 50574D5F 		.ascii	"PWM_colour_Sleep\000"
 1262      636F6C6F 
 1262      75725F53 
 1262      6C656570 
 1262      00
 1263              	.LASF51:
 1264 0152 6D6F7665 		.ascii	"moveBackwardIndefinitely\000"
 1264      4261636B 
 1264      77617264 
 1264      496E6465 
 1264      66696E69 
 1265              	.LASF38:
 1266 016b 50574D5F 		.ascii	"PWM_colour_Start\000"
 1266      636F6C6F 
 1266      75725F53 
 1266      74617274 
 1266      00
 1267              	.LASF32:
 1268 017c 55415254 		.ascii	"UART_1_Start\000"
 1268      5F315F53 
 1268      74617274 
 1268      00
 1269              	.LASF19:
ARM GAS  C:\Users\bamcg3\AppData\Local\Temp\ccSd18ab.s 			page 28


 1270 0189 63757272 		.ascii	"currentPuckRackScanningIndex\000"
 1270      656E7450 
 1270      75636B52 
 1270      61636B53 
 1270      63616E6E 
 1271              	.LASF26:
 1272 01a6 636F6C6F 		.ascii	"colour_flag\000"
 1272      75725F66 
 1272      6C616700 
 1273              	.LASF14:
 1274 01b2 6C6F6E67 		.ascii	"long double\000"
 1274      20646F75 
 1274      626C6500 
 1275              	.LASF1:
 1276 01be 756E7369 		.ascii	"unsigned char\000"
 1276      676E6564 
 1276      20636861 
 1276      7200
 1277              	.LASF36:
 1278 01cc 49444143 		.ascii	"IDAC8_1_SetRange\000"
 1278      385F315F 
 1278      53657452 
 1278      616E6765 
 1278      00
 1279              	.LASF62:
 1280 01dd 5C5C6164 		.ascii	"\\\\ad.monash.edu\\home\\User026\\bamcg3\\Documents"
 1280      2E6D6F6E 
 1280      6173682E 
 1280      6564755C 
 1280      686F6D65 
 1281 020a 5C476974 		.ascii	"\\GitHub\\ECE3091_Group17\\Group17RobotReal\\Group1"
 1281      4875625C 
 1281      45434533 
 1281      3039315F 
 1281      47726F75 
 1282 0239 37526F62 		.ascii	"7Robot.cydsn\000"
 1282      6F742E63 
 1282      7964736E 
 1282      00
 1283              	.LASF0:
 1284 0246 7369676E 		.ascii	"signed char\000"
 1284      65642063 
 1284      68617200 
 1285              	.LASF7:
 1286 0252 6C6F6E67 		.ascii	"long long unsigned int\000"
 1286      206C6F6E 
 1286      6720756E 
 1286      7369676E 
 1286      65642069 
 1287              	.LASF35:
 1288 0269 49444143 		.ascii	"IDAC8_1_Start\000"
 1288      385F315F 
 1288      53746172 
 1288      7400
 1289              	.LASF8:
 1290 0277 756E7369 		.ascii	"unsigned int\000"
 1290      676E6564 
ARM GAS  C:\Users\bamcg3\AppData\Local\Temp\ccSd18ab.s 			page 29


 1290      20696E74 
 1290      00
 1291              	.LASF25:
 1292 0284 69646163 		.ascii	"idac_value\000"
 1292      5F76616C 
 1292      756500
 1293              	.LASF47:
 1294 028f 4D6F746F 		.ascii	"Motor_1_driver_Sleep\000"
 1294      725F315F 
 1294      64726976 
 1294      65725F53 
 1294      6C656570 
 1295              	.LASF3:
 1296 02a4 73686F72 		.ascii	"short unsigned int\000"
 1296      7420756E 
 1296      7369676E 
 1296      65642069 
 1296      6E7400
 1297              	.LASF31:
 1298 02b7 5449415F 		.ascii	"TIA_1_Start\000"
 1298      315F5374 
 1298      61727400 
 1299              	.LASF22:
 1300 02c3 73776565 		.ascii	"sweeping\000"
 1300      70696E67 
 1300      00
 1301              	.LASF13:
 1302 02cc 63686172 		.ascii	"char\000"
 1302      00
 1303              	.LASF10:
 1304 02d1 696E7433 		.ascii	"int32_t\000"
 1304      325F7400 
 1305              	.LASF18:
 1306 02d9 64726976 		.ascii	"driveStraightEnable\000"
 1306      65537472 
 1306      61696768 
 1306      74456E61 
 1306      626C6500 
 1307              	.LASF41:
 1308 02ed 54696D65 		.ascii	"Timer_1_Start\000"
 1308      725F315F 
 1308      53746172 
 1308      7400
 1309              	.LASF37:
 1310 02fb 49444143 		.ascii	"IDAC8_1_SetValue\000"
 1310      385F315F 
 1310      53657456 
 1310      616C7565 
 1310      00
 1311              	.LASF61:
 1312 030c 6D61696E 		.ascii	"main.c\000"
 1312      2E6300
 1313              	.LASF5:
 1314 0313 6C6F6E67 		.ascii	"long unsigned int\000"
 1314      20756E73 
 1314      69676E65 
 1314      6420696E 
ARM GAS  C:\Users\bamcg3\AppData\Local\Temp\ccSd18ab.s 			page 30


 1314      7400
 1315              	.LASF44:
 1316 0325 53746172 		.ascii	"Start_StartEx\000"
 1316      745F5374 
 1316      61727445 
 1316      7800
 1317              	.LASF12:
 1318 0333 646F7562 		.ascii	"double\000"
 1318      6C6500
 1319              	.LASF33:
 1320 033a 55415254 		.ascii	"UART_1_PutString\000"
 1320      5F315F50 
 1320      75745374 
 1320      72696E67 
 1320      00
 1321              	.LASF9:
 1322 034b 5F5F696E 		.ascii	"__int32_t\000"
 1322      7433325F 
 1322      7400
 1323              	.LASF20:
 1324 0355 7075636B 		.ascii	"puckRackColours\000"
 1324      5261636B 
 1324      436F6C6F 
 1324      75727300 
 1325              	.LASF54:
 1326 0365 7475726E 		.ascii	"turnRight\000"
 1326      52696768 
 1326      7400
 1327              	.LASF15:
 1328 036f 73697A65 		.ascii	"sizetype\000"
 1328      74797065 
 1328      00
 1329              	.LASF23:
 1330 0378 626C6F63 		.ascii	"block_location\000"
 1330      6B5F6C6F 
 1330      63617469 
 1330      6F6E00
 1331              	.LASF48:
 1332 0387 4D6F746F 		.ascii	"Motor_2_driver_Sleep\000"
 1332      725F325F 
 1332      64726976 
 1332      65725F53 
 1332      6C656570 
 1333              	.LASF17:
 1334 039c 49544D5F 		.ascii	"ITM_RxBuffer\000"
 1334      52784275 
 1334      66666572 
 1334      00
 1335              	.LASF60:
 1336 03a9 474E5520 		.ascii	"GNU C11 5.4.1 20160609 (release) [ARM/embedded-5-br"
 1336      43313120 
 1336      352E342E 
 1336      31203230 
 1336      31363036 
 1337 03dc 616E6368 		.ascii	"anch revision 237715] -mcpu=cortex-m3 -mthumb -g -O"
 1337      20726576 
 1337      6973696F 
ARM GAS  C:\Users\bamcg3\AppData\Local\Temp\ccSd18ab.s 			page 31


 1337      6E203233 
 1337      37373135 
 1338 040f 67202D66 		.ascii	"g -ffunction-sections -ffat-lto-objects\000"
 1338      66756E63 
 1338      74696F6E 
 1338      2D736563 
 1338      74696F6E 
 1339              	.LASF30:
 1340 0437 43794465 		.ascii	"CyDelay\000"
 1340      6C617900 
 1341              	.LASF40:
 1342 043f 436F6C6F 		.ascii	"ColourIntialiseViaHardware\000"
 1342      7572496E 
 1342      7469616C 
 1342      69736556 
 1342      69614861 
 1343              	.LASF45:
 1344 045a 4D6F746F 		.ascii	"Motor_1_driver_Start\000"
 1344      725F315F 
 1344      64726976 
 1344      65725F53 
 1344      74617274 
 1345              	.LASF46:
 1346 046f 4D6F746F 		.ascii	"Motor_2_driver_Start\000"
 1346      725F325F 
 1346      64726976 
 1346      65725F53 
 1346      74617274 
 1347              		.ident	"GCC: (GNU Tools for ARM Embedded Processors) 5.4.1 20160609 (release) [ARM/embedded-5-bran
