ARM GAS  C:\Users\Blayke\AppData\Local\Temp\cc9aRwNh.s 			page 1


   1              		.syntax unified
   2              		.cpu cortex-m3
   3              		.fpu softvfp
   4              		.eabi_attribute 20, 1
   5              		.eabi_attribute 21, 1
   6              		.eabi_attribute 23, 3
   7              		.eabi_attribute 24, 1
   8              		.eabi_attribute 25, 1
   9              		.eabi_attribute 26, 1
  10              		.eabi_attribute 30, 1
  11              		.eabi_attribute 34, 1
  12              		.eabi_attribute 18, 4
  13              		.thumb
  14              		.syntax unified
  15              		.file	"motor.c"
  16              		.text
  17              	.Ltext0:
  18              		.cfi_sections	.debug_frame
  19              		.global	__aeabi_i2d
  20              		.global	__aeabi_dmul
  21              		.global	__aeabi_d2iz
  22              		.global	__aeabi_dadd
  23              		.global	__aeabi_dsub
  24              		.global	__aeabi_dcmpgt
  25              		.section	.text.moveDynamic,"ax",%progbits
  26              		.align	2
  27              		.global	moveDynamic
  28              		.thumb
  29              		.thumb_func
  30              		.type	moveDynamic, %function
  31              	moveDynamic:
  32              	.LFB64:
  33              		.file 1 "motor.c"
   1:motor.c       **** /* ========================================
   2:motor.c       ****  *
   3:motor.c       ****  * Copyright YOUR COMPANY, THE YEAR
   4:motor.c       ****  * All Rights Reserved
   5:motor.c       ****  * UNPUBLISHED, LICENSED SOFTWARE.
   6:motor.c       ****  *
   7:motor.c       ****  * CONFIDENTIAL AND PROPRIETARY INFORMATION
   8:motor.c       ****  * WHICH IS THE PROPERTY OF your company.
   9:motor.c       ****  *
  10:motor.c       ****  * ========================================
  11:motor.c       **** */
  12:motor.c       **** 
  13:motor.c       **** // * PSOC LIBRARY * //
  14:motor.c       **** #include "project.h"
  15:motor.c       **** 
  16:motor.c       **** // * C LIBRARIES * // 
  17:motor.c       **** #include <stdlib.h>
  18:motor.c       **** #include <stdio.h>
  19:motor.c       **** #include <math.h>
  20:motor.c       **** 
  21:motor.c       **** // * OUR LIBRARIES * //
  22:motor.c       **** #include "main.h"
  23:motor.c       **** #include "colour.h"
  24:motor.c       **** #include "ultrasonic.h" 
ARM GAS  C:\Users\Blayke\AppData\Local\Temp\cc9aRwNh.s 			page 2


  25:motor.c       **** #include "servo.h"
  26:motor.c       **** #include "motor.h"
  27:motor.c       **** #include "customMath.h"
  28:motor.c       **** #include "navigation.h"
  29:motor.c       **** #include "debugging.h"
  30:motor.c       **** 
  31:motor.c       **** // Variables:
  32:motor.c       **** 
  33:motor.c       **** 
  34:motor.c       **** 
  35:motor.c       **** void moveDynamic(int distance, int speed){
  34              		.loc 1 35 0
  35              		.cfi_startproc
  36              		@ args = 0, pretend = 0, frame = 8
  37              		@ frame_needed = 0, uses_anonymous_args = 0
  38              	.LVL0:
  39 0000 2DE9F04F 		push	{r4, r5, r6, r7, r8, r9, r10, fp, lr}
  40              		.cfi_def_cfa_offset 36
  41              		.cfi_offset 4, -36
  42              		.cfi_offset 5, -32
  43              		.cfi_offset 6, -28
  44              		.cfi_offset 7, -24
  45              		.cfi_offset 8, -20
  46              		.cfi_offset 9, -16
  47              		.cfi_offset 10, -12
  48              		.cfi_offset 11, -8
  49              		.cfi_offset 14, -4
  50 0004 83B0     		sub	sp, sp, #12
  51              		.cfi_def_cfa_offset 48
  52 0006 0446     		mov	r4, r0
  53 0008 0D46     		mov	r5, r1
  54              	.LVL1:
  36:motor.c       ****     int count_left;
  37:motor.c       ****     int count_right;
  38:motor.c       ****     int compare;
  39:motor.c       ****     int direction;
  40:motor.c       ****     int old_count = -SAFETY_MARGIN*ENCODER_MULTIPLIER;   // used in the old failsafe to check how m
  41:motor.c       ****                                                         // will enter the failsafe straight away du
  42:motor.c       ****     int emergency_exit = FALSE;
  43:motor.c       ****     
  44:motor.c       ****     // FAILSAFE if you give a speed greater than it can handle 
  45:motor.c       ****     int speed_left = speed;
  46:motor.c       ****     int speed_right = speed;
  47:motor.c       ****     if (speed > SPEED_MAX) {
  55              		.loc 1 47 0
  56 000a C829     		cmp	r1, #200
  57 000c 00DD     		ble	.L2
  58              	.LVL2:
  48:motor.c       ****         speed_left = SPEED;         
  59              		.loc 1 48 0
  60 000e AA25     		movs	r5, #170
  61              	.LVL3:
  62              	.L2:
  49:motor.c       ****         speed_right = SPEED;
  50:motor.c       ****     }
  51:motor.c       ****     
  52:motor.c       ****     // The distance is in millimetres 
ARM GAS  C:\Users\Blayke\AppData\Local\Temp\cc9aRwNh.s 			page 3


  53:motor.c       ****     // Is the distance negative or positive? 
  54:motor.c       ****     if (distance > 0) { Motor_Left_Control_Write(0); Motor_Right_Control_Write(0); direction = FORW
  63              		.loc 1 54 0
  64 0010 002C     		cmp	r4, #0
  65 0012 08DD     		ble	.L3
  66              		.loc 1 54 0 is_stmt 0 discriminator 1
  67 0014 0020     		movs	r0, #0
  68              	.LVL4:
  69 0016 FFF7FEFF 		bl	Motor_Left_Control_Write
  70              	.LVL5:
  71 001a 0020     		movs	r0, #0
  72 001c FFF7FEFF 		bl	Motor_Right_Control_Write
  73              	.LVL6:
  74 0020 0123     		movs	r3, #1
  75 0022 0193     		str	r3, [sp, #4]
  76 0024 07E0     		b	.L4
  77              	.LVL7:
  78              	.L3:
  55:motor.c       ****     else {Motor_Left_Control_Write(1); Motor_Right_Control_Write(1); direction = BACKWARD;}
  79              		.loc 1 55 0 is_stmt 1
  80 0026 0120     		movs	r0, #1
  81              	.LVL8:
  82 0028 FFF7FEFF 		bl	Motor_Left_Control_Write
  83              	.LVL9:
  84 002c 0120     		movs	r0, #1
  85 002e FFF7FEFF 		bl	Motor_Right_Control_Write
  86              	.LVL10:
  87 0032 0023     		movs	r3, #0
  88 0034 0193     		str	r3, [sp, #4]
  89              	.LVL11:
  90              	.L4:
  56:motor.c       ****     
  57:motor.c       ****     Motor_Left_Driver_Wakeup();
  91              		.loc 1 57 0
  92 0036 FFF7FEFF 		bl	Motor_Left_Driver_Wakeup
  93              	.LVL12:
  58:motor.c       ****     Motor_Left_Driver_WriteCompare(speed_left);
  94              		.loc 1 58 0
  95 003a EDB2     		uxtb	r5, r5
  96 003c 2846     		mov	r0, r5
  97 003e FFF7FEFF 		bl	Motor_Left_Driver_WriteCompare
  98              	.LVL13:
  59:motor.c       ****     Motor_Right_Driver_Wakeup();
  99              		.loc 1 59 0
 100 0042 FFF7FEFF 		bl	Motor_Right_Driver_Wakeup
 101              	.LVL14:
  60:motor.c       ****     Motor_Right_Driver_WriteCompare(speed_right);
 102              		.loc 1 60 0
 103 0046 2846     		mov	r0, r5
 104 0048 FFF7FEFF 		bl	Motor_Right_Driver_WriteCompare
 105              	.LVL15:
  61:motor.c       ****     
  62:motor.c       ****     compare = round(distance*5.29);
 106              		.loc 1 62 0
 107 004c 2046     		mov	r0, r4
 108 004e FFF7FEFF 		bl	__aeabi_i2d
 109              	.LVL16:
ARM GAS  C:\Users\Blayke\AppData\Local\Temp\cc9aRwNh.s 			page 4


 110 0052 35A3     		adr	r3, .L13
 111 0054 D3E90023 		ldrd	r2, [r3]
 112 0058 FFF7FEFF 		bl	__aeabi_dmul
 113              	.LVL17:
 114 005c FFF7FEFF 		bl	round
 115              	.LVL18:
 116 0060 FFF7FEFF 		bl	__aeabi_d2iz
 117              	.LVL19:
 118 0064 8346     		mov	fp, r0
 119              	.LVL20:
  63:motor.c       ****     count_left = Motor_Left_Decoder_GetCounter();
 120              		.loc 1 63 0
 121 0066 FFF7FEFF 		bl	Motor_Left_Decoder_GetCounter
 122              	.LVL21:
 123 006a 0646     		mov	r6, r0
 124              	.LVL22:
  64:motor.c       ****     count_right = Motor_Right_Decoder_GetCounter();
 125              		.loc 1 64 0
 126 006c FFF7FEFF 		bl	Motor_Right_Decoder_GetCounter
 127              	.LVL23:
 128 0070 0090     		str	r0, [sp]
 129              	.LVL24:
  42:motor.c       ****     
 130              		.loc 1 42 0
 131 0072 0027     		movs	r7, #0
  40:motor.c       ****                                                         // will enter the failsafe straight away du
 132              		.loc 1 40 0
 133 0074 6FF4117A 		mvn	r10, #580
  65:motor.c       ****     
  66:motor.c       ****     while (abs(count_left) < abs(compare) && emergency_exit == FALSE) {
 134              		.loc 1 66 0
 135 0078 2CE0     		b	.L5
 136              	.LVL25:
 137              	.L9:
  67:motor.c       ****         count_left = Motor_Left_Decoder_GetCounter();
 138              		.loc 1 67 0
 139 007a FFF7FEFF 		bl	Motor_Left_Decoder_GetCounter
 140              	.LVL26:
 141 007e 0446     		mov	r4, r0
 142 0080 0646     		mov	r6, r0
 143              	.LVL27:
  68:motor.c       ****         count_right = Motor_Right_Decoder_GetCounter();
 144              		.loc 1 68 0
 145 0082 FFF7FEFF 		bl	Motor_Right_Decoder_GetCounter
 146              	.LVL28:
 147 0086 0090     		str	r0, [sp]
 148              	.LVL29:
  69:motor.c       ****         if (count_left > count_right) {
  70:motor.c       ****         speed_left -= ADJUST;
  71:motor.c       ****         }
  72:motor.c       ****         if (count_right > count_left) {
  73:motor.c       ****         speed_right -= ADJUST; 
  74:motor.c       ****         }
  75:motor.c       ****         
  76:motor.c       ****         Motor_Left_Driver_WriteCompare(speed_left);
 149              		.loc 1 76 0
 150 0088 2846     		mov	r0, r5
ARM GAS  C:\Users\Blayke\AppData\Local\Temp\cc9aRwNh.s 			page 5


 151              	.LVL30:
 152 008a FFF7FEFF 		bl	Motor_Left_Driver_WriteCompare
 153              	.LVL31:
  77:motor.c       ****         Motor_Right_Driver_WriteCompare(speed_right);
 154              		.loc 1 77 0
 155 008e 2846     		mov	r0, r5
 156 0090 FFF7FEFF 		bl	Motor_Right_Driver_WriteCompare
 157              	.LVL32:
  78:motor.c       ****         
  79:motor.c       ****         // FAILSAFE:
  80:motor.c       ****         if (abs(count_left) > (old_count + SAFETY_MARGIN*ENCODER_MULTIPLIER - 100)){
 158              		.loc 1 80 0
 159 0094 84EAE470 		eor	r0, r4, r4, asr #31
 160 0098 A0EBE470 		sub	r0, r0, r4, asr #31
 161 009c FFF7FEFF 		bl	__aeabi_i2d
 162              	.LVL33:
 163 00a0 8046     		mov	r8, r0
 164 00a2 8946     		mov	r9, r1
 165 00a4 5046     		mov	r0, r10
 166 00a6 FFF7FEFF 		bl	__aeabi_i2d
 167              	.LVL34:
 168 00aa 21A3     		adr	r3, .L13+8
 169 00ac D3E90023 		ldrd	r2, [r3]
 170 00b0 FFF7FEFF 		bl	__aeabi_dadd
 171              	.LVL35:
 172 00b4 0022     		movs	r2, #0
 173 00b6 204B     		ldr	r3, .L13+16
 174 00b8 FFF7FEFF 		bl	__aeabi_dsub
 175              	.LVL36:
 176 00bc 0246     		mov	r2, r0
 177 00be 0B46     		mov	r3, r1
 178 00c0 4046     		mov	r0, r8
 179 00c2 4946     		mov	r1, r9
 180 00c4 FFF7FEFF 		bl	__aeabi_dcmpgt
 181              	.LVL37:
 182 00c8 20B1     		cbz	r0, .L5
  81:motor.c       ****             emergency_exit = failsafe(direction);
 183              		.loc 1 81 0
 184 00ca 0198     		ldr	r0, [sp, #4]
 185 00cc FFF7FEFF 		bl	failsafe
 186              	.LVL38:
 187 00d0 0746     		mov	r7, r0
 188              	.LVL39:
  82:motor.c       ****             old_count = count_left;
 189              		.loc 1 82 0
 190 00d2 A246     		mov	r10, r4
 191              	.LVL40:
 192              	.L5:
  66:motor.c       ****         count_left = Motor_Left_Decoder_GetCounter();
 193              		.loc 1 66 0
 194 00d4 86EAE672 		eor	r2, r6, r6, asr #31
 195 00d8 A2EBE672 		sub	r2, r2, r6, asr #31
 196 00dc 8BEAEB73 		eor	r3, fp, fp, asr #31
 197 00e0 A3EBEB73 		sub	r3, r3, fp, asr #31
 198 00e4 9A42     		cmp	r2, r3
 199 00e6 01DA     		bge	.L8
  66:motor.c       ****         count_left = Motor_Left_Decoder_GetCounter();
ARM GAS  C:\Users\Blayke\AppData\Local\Temp\cc9aRwNh.s 			page 6


 200              		.loc 1 66 0 is_stmt 0 discriminator 1
 201 00e8 002F     		cmp	r7, #0
 202 00ea C6D0     		beq	.L9
 203              	.L8:
  83:motor.c       ****         }
  84:motor.c       ****         
  85:motor.c       ****     }
  86:motor.c       ****     
  87:motor.c       ****     sprintf(output, "left motor: %d \n", count_left);       
 204              		.loc 1 87 0 is_stmt 1
 205 00ec 134C     		ldr	r4, .L13+20
 206 00ee 3246     		mov	r2, r6
 207 00f0 1349     		ldr	r1, .L13+24
 208 00f2 2046     		mov	r0, r4
 209 00f4 FFF7FEFF 		bl	sprintf
 210              	.LVL41:
  88:motor.c       ****     UART_1_PutString(output);
 211              		.loc 1 88 0
 212 00f8 2046     		mov	r0, r4
 213 00fa FFF7FEFF 		bl	UART_1_PutString
 214              	.LVL42:
  89:motor.c       ****     sprintf(output, "right motor: %d \n", count_right);      
 215              		.loc 1 89 0
 216 00fe 009A     		ldr	r2, [sp]
 217 0100 1049     		ldr	r1, .L13+28
 218 0102 2046     		mov	r0, r4
 219 0104 FFF7FEFF 		bl	sprintf
 220              	.LVL43:
  90:motor.c       ****     UART_1_PutString(output);
 221              		.loc 1 90 0
 222 0108 2046     		mov	r0, r4
 223 010a FFF7FEFF 		bl	UART_1_PutString
 224              	.LVL44:
  91:motor.c       ****         
  92:motor.c       ****     Motor_Left_Decoder_SetCounter(0);                       // RESET the decoders to 0
 225              		.loc 1 92 0
 226 010e 0020     		movs	r0, #0
 227 0110 FFF7FEFF 		bl	Motor_Left_Decoder_SetCounter
 228              	.LVL45:
  93:motor.c       ****     Motor_Right_Decoder_SetCounter(0);   
 229              		.loc 1 93 0
 230 0114 0020     		movs	r0, #0
 231 0116 FFF7FEFF 		bl	Motor_Right_Decoder_SetCounter
 232              	.LVL46:
  94:motor.c       ****     
  95:motor.c       ****     Motor_Left_Driver_Sleep();
 233              		.loc 1 95 0
 234 011a FFF7FEFF 		bl	Motor_Left_Driver_Sleep
 235              	.LVL47:
  96:motor.c       ****     Motor_Right_Driver_Sleep();
 236              		.loc 1 96 0
 237 011e FFF7FEFF 		bl	Motor_Right_Driver_Sleep
 238              	.LVL48:
  97:motor.c       ****    
  98:motor.c       ****     
  99:motor.c       **** }
 239              		.loc 1 99 0
ARM GAS  C:\Users\Blayke\AppData\Local\Temp\cc9aRwNh.s 			page 7


 240 0122 03B0     		add	sp, sp, #12
 241              		.cfi_def_cfa_offset 36
 242              	.LVL49:
 243              		@ sp needed
 244 0124 BDE8F08F 		pop	{r4, r5, r6, r7, r8, r9, r10, fp, pc}
 245              	.LVL50:
 246              	.L14:
 247              		.align	3
 248              	.L13:
 249 0128 295C8FC2 		.word	-1030792151
 250 012c F5281540 		.word	1075128565
 251 0130 33333333 		.word	858993459
 252 0134 332F8240 		.word	1082273587
 253 0138 00005940 		.word	1079574528
 254 013c 00000000 		.word	output
 255 0140 00000000 		.word	.LC0
 256 0144 14000000 		.word	.LC1
 257              		.cfi_endproc
 258              	.LFE64:
 259              		.size	moveDynamic, .-moveDynamic
 260              		.global	__aeabi_ddiv
 261              		.section	.text.moveSwivel,"ax",%progbits
 262              		.align	2
 263              		.global	moveSwivel
 264              		.thumb
 265              		.thumb_func
 266              		.type	moveSwivel, %function
 267              	moveSwivel:
 268              	.LFB65:
 100:motor.c       **** 
 101:motor.c       **** void moveSwivel(int degrees, int speed) {
 269              		.loc 1 101 0
 270              		.cfi_startproc
 271              		@ args = 0, pretend = 0, frame = 0
 272              		@ frame_needed = 0, uses_anonymous_args = 0
 273              	.LVL51:
 274 0000 70B5     		push	{r4, r5, r6, lr}
 275              		.cfi_def_cfa_offset 16
 276              		.cfi_offset 4, -16
 277              		.cfi_offset 5, -12
 278              		.cfi_offset 6, -8
 279              		.cfi_offset 14, -4
 280 0002 0546     		mov	r5, r0
 281 0004 0C46     		mov	r4, r1
 282              	.LVL52:
 102:motor.c       ****     int count_left;
 103:motor.c       ****     int count_right;
 104:motor.c       ****     int compare;
 105:motor.c       ****     int distance;
 106:motor.c       ****     int speed_left = speed;
 107:motor.c       ****     int speed_right = speed;
 108:motor.c       ****     
 109:motor.c       ****     // FAILSAFE if you give a speed greater than it can handle:
 110:motor.c       ****     if (speed > SPEED_MAX) {
 283              		.loc 1 110 0
 284 0006 C829     		cmp	r1, #200
 285 0008 00DD     		ble	.L16
ARM GAS  C:\Users\Blayke\AppData\Local\Temp\cc9aRwNh.s 			page 8


 286              	.LVL53:
 111:motor.c       ****         speed_left = SPEED;         
 287              		.loc 1 111 0
 288 000a AA24     		movs	r4, #170
 289              	.LVL54:
 290              	.L16:
 112:motor.c       ****         speed_right = SPEED;
 113:motor.c       ****     }
 114:motor.c       ****     
 115:motor.c       ****     // Is the degrees negative or positive? 
 116:motor.c       ****         // positive = right hand turn: left wheel goes forward, right wheel goes backward 
 117:motor.c       ****         // negative = left hand turn: right wheel goes forward, left wheel goes backward 
 118:motor.c       ****     if (degrees > 0) { Motor_Left_Control_Write(0); Motor_Right_Control_Write(1); }
 291              		.loc 1 118 0
 292 000c 002D     		cmp	r5, #0
 293 000e 06DD     		ble	.L17
 294              		.loc 1 118 0 is_stmt 0 discriminator 1
 295 0010 0020     		movs	r0, #0
 296              	.LVL55:
 297 0012 FFF7FEFF 		bl	Motor_Left_Control_Write
 298              	.LVL56:
 299 0016 0120     		movs	r0, #1
 300 0018 FFF7FEFF 		bl	Motor_Right_Control_Write
 301              	.LVL57:
 302 001c 05E0     		b	.L18
 303              	.LVL58:
 304              	.L17:
 119:motor.c       ****     else {Motor_Left_Control_Write(1); Motor_Right_Control_Write(0);}
 305              		.loc 1 119 0 is_stmt 1
 306 001e 0120     		movs	r0, #1
 307              	.LVL59:
 308 0020 FFF7FEFF 		bl	Motor_Left_Control_Write
 309              	.LVL60:
 310 0024 0020     		movs	r0, #0
 311 0026 FFF7FEFF 		bl	Motor_Right_Control_Write
 312              	.LVL61:
 313              	.L18:
 120:motor.c       ****     
 121:motor.c       ****     Motor_Left_Driver_Wakeup();
 314              		.loc 1 121 0
 315 002a FFF7FEFF 		bl	Motor_Left_Driver_Wakeup
 316              	.LVL62:
 122:motor.c       ****     Motor_Left_Driver_WriteCompare(speed_left);
 317              		.loc 1 122 0
 318 002e E4B2     		uxtb	r4, r4
 319 0030 2046     		mov	r0, r4
 320 0032 FFF7FEFF 		bl	Motor_Left_Driver_WriteCompare
 321              	.LVL63:
 123:motor.c       ****     Motor_Right_Driver_Wakeup();
 322              		.loc 1 123 0
 323 0036 FFF7FEFF 		bl	Motor_Right_Driver_Wakeup
 324              	.LVL64:
 124:motor.c       ****     Motor_Right_Driver_WriteCompare(speed_right);
 325              		.loc 1 124 0
 326 003a 2046     		mov	r0, r4
 327 003c FFF7FEFF 		bl	Motor_Right_Driver_WriteCompare
 328              	.LVL65:
ARM GAS  C:\Users\Blayke\AppData\Local\Temp\cc9aRwNh.s 			page 9


 125:motor.c       ****     
 126:motor.c       ****     distance = (WIDTH_WHEEL_TO_WHEEL/2)*degrees;            // based on the arclength the wheels ne
 127:motor.c       ****     compare = round((distance*3.14*5.29)/180);
 329              		.loc 1 127 0
 330 0040 6B20     		movs	r0, #107
 331 0042 00FB05F0 		mul	r0, r0, r5
 332              	.LVL66:
 333 0046 FFF7FEFF 		bl	__aeabi_i2d
 334              	.LVL67:
 335 004a 19A3     		adr	r3, .L23
 336 004c D3E90023 		ldrd	r2, [r3]
 337 0050 FFF7FEFF 		bl	__aeabi_dmul
 338              	.LVL68:
 339 0054 18A3     		adr	r3, .L23+8
 340 0056 D3E90023 		ldrd	r2, [r3]
 341 005a FFF7FEFF 		bl	__aeabi_dmul
 342              	.LVL69:
 343 005e 0022     		movs	r2, #0
 344 0060 174B     		ldr	r3, .L23+16
 345 0062 FFF7FEFF 		bl	__aeabi_ddiv
 346              	.LVL70:
 347 0066 FFF7FEFF 		bl	round
 348              	.LVL71:
 349 006a FFF7FEFF 		bl	__aeabi_d2iz
 350              	.LVL72:
 351 006e 0646     		mov	r6, r0
 352              	.LVL73:
 128:motor.c       ****     count_left = Motor_Left_Decoder_GetCounter();
 353              		.loc 1 128 0
 354 0070 FFF7FEFF 		bl	Motor_Left_Decoder_GetCounter
 355              	.LVL74:
 129:motor.c       ****     count_right = Motor_Right_Decoder_GetCounter();
 356              		.loc 1 129 0
 357 0074 FFF7FEFF 		bl	Motor_Right_Decoder_GetCounter
 358              	.LVL75:
 359 0078 0546     		mov	r5, r0
 360              	.LVL76:
 130:motor.c       ****     
 131:motor.c       ****     // NOT SURE IF THE DRIFT ADJUSTING FOR THIS FUNCTION WORKS
 132:motor.c       ****     
 133:motor.c       ****     
 134:motor.c       ****     while (count_right != -1*compare) {
 361              		.loc 1 134 0
 362 007a 0AE0     		b	.L19
 363              	.LVL77:
 364              	.L20:
 135:motor.c       ****         count_right = Motor_Right_Decoder_GetCounter();        
 365              		.loc 1 135 0
 366 007c FFF7FEFF 		bl	Motor_Right_Decoder_GetCounter
 367              	.LVL78:
 368 0080 0546     		mov	r5, r0
 369              	.LVL79:
 136:motor.c       ****         count_left = Motor_Left_Decoder_GetCounter();
 370              		.loc 1 136 0
 371 0082 FFF7FEFF 		bl	Motor_Left_Decoder_GetCounter
 372              	.LVL80:
 137:motor.c       ****         if (count_left > -1*count_right) {
ARM GAS  C:\Users\Blayke\AppData\Local\Temp\cc9aRwNh.s 			page 10


 138:motor.c       ****         speed_left -= ADJUST;
 139:motor.c       ****         }
 140:motor.c       ****         if (count_right > -1*count_left) {
 141:motor.c       ****         speed_right -= ADJUST; 
 142:motor.c       ****         }
 143:motor.c       ****         
 144:motor.c       ****         Motor_Left_Driver_WriteCompare(speed_left);
 373              		.loc 1 144 0
 374 0086 2046     		mov	r0, r4
 375 0088 FFF7FEFF 		bl	Motor_Left_Driver_WriteCompare
 376              	.LVL81:
 145:motor.c       ****         Motor_Right_Driver_WriteCompare(speed_right);
 377              		.loc 1 145 0
 378 008c 2046     		mov	r0, r4
 379 008e FFF7FEFF 		bl	Motor_Right_Driver_WriteCompare
 380              	.LVL82:
 381              	.L19:
 134:motor.c       ****         count_right = Motor_Right_Decoder_GetCounter();        
 382              		.loc 1 134 0
 383 0092 F542     		cmn	r5, r6
 384 0094 F2D1     		bne	.L20
 146:motor.c       ****     }
 147:motor.c       ****     
 148:motor.c       ****     /*
 149:motor.c       ****     sprintf(output, "left motor: %d \n", count_left);       
 150:motor.c       ****     UART_1_PutString(output);
 151:motor.c       ****     sprintf(output, "right motor: %d \n", count_right);      
 152:motor.c       ****     UART_1_PutString(output);
 153:motor.c       ****     */
 154:motor.c       ****     
 155:motor.c       ****     Motor_Left_Decoder_SetCounter(0);                       // RESET the decoders to 0
 385              		.loc 1 155 0
 386 0096 0020     		movs	r0, #0
 387 0098 FFF7FEFF 		bl	Motor_Left_Decoder_SetCounter
 388              	.LVL83:
 156:motor.c       ****     Motor_Right_Decoder_SetCounter(0);   
 389              		.loc 1 156 0
 390 009c 0020     		movs	r0, #0
 391 009e FFF7FEFF 		bl	Motor_Right_Decoder_SetCounter
 392              	.LVL84:
 157:motor.c       ****     
 158:motor.c       ****     Motor_Left_Driver_Sleep();
 393              		.loc 1 158 0
 394 00a2 FFF7FEFF 		bl	Motor_Left_Driver_Sleep
 395              	.LVL85:
 159:motor.c       ****     Motor_Right_Driver_Sleep();
 396              		.loc 1 159 0
 397 00a6 FFF7FEFF 		bl	Motor_Right_Driver_Sleep
 398              	.LVL86:
 399 00aa 70BD     		pop	{r4, r5, r6, pc}
 400              	.LVL87:
 401              	.L24:
 402 00ac AFF30080 		.align	3
 403              	.L23:
 404 00b0 1F85EB51 		.word	1374389535
 405 00b4 B81E0940 		.word	1074339512
 406 00b8 295C8FC2 		.word	-1030792151
ARM GAS  C:\Users\Blayke\AppData\Local\Temp\cc9aRwNh.s 			page 11


 407 00bc F5281540 		.word	1075128565
 408 00c0 00806640 		.word	1080459264
 409              		.cfi_endproc
 410              	.LFE65:
 411              		.size	moveSwivel, .-moveSwivel
 412              		.section	.text.translateMoveDynamic,"ax",%progbits
 413              		.align	2
 414              		.global	translateMoveDynamic
 415              		.thumb
 416              		.thumb_func
 417              		.type	translateMoveDynamic, %function
 418              	translateMoveDynamic:
 419              	.LFB66:
 160:motor.c       ****     
 161:motor.c       ****     
 162:motor.c       **** }
 163:motor.c       **** 
 164:motor.c       **** void translateMoveDynamic(int distance, int degree, int speed) {
 420              		.loc 1 164 0
 421              		.cfi_startproc
 422              		@ args = 0, pretend = 0, frame = 0
 423              		@ frame_needed = 0, uses_anonymous_args = 0
 424              	.LVL88:
 425 0000 70B5     		push	{r4, r5, r6, lr}
 426              		.cfi_def_cfa_offset 16
 427              		.cfi_offset 4, -16
 428              		.cfi_offset 5, -12
 429              		.cfi_offset 6, -8
 430              		.cfi_offset 14, -4
 431 0002 0546     		mov	r5, r0
 432 0004 0E46     		mov	r6, r1
 433 0006 1446     		mov	r4, r2
 165:motor.c       ****     moveSwivel(-degree, speed);
 434              		.loc 1 165 0
 435 0008 1146     		mov	r1, r2
 436              	.LVL89:
 437 000a 7042     		negs	r0, r6
 438              	.LVL90:
 439 000c FFF7FEFF 		bl	moveSwivel
 440              	.LVL91:
 166:motor.c       ****     moveDynamic(distance, speed);
 441              		.loc 1 166 0
 442 0010 2146     		mov	r1, r4
 443 0012 2846     		mov	r0, r5
 444 0014 FFF7FEFF 		bl	moveDynamic
 445              	.LVL92:
 167:motor.c       ****     moveSwivel(degree, speed);
 446              		.loc 1 167 0
 447 0018 2146     		mov	r1, r4
 448 001a 3046     		mov	r0, r6
 449 001c FFF7FEFF 		bl	moveSwivel
 450              	.LVL93:
 168:motor.c       ****     moveDynamic(distance, speed);
 451              		.loc 1 168 0
 452 0020 2146     		mov	r1, r4
 453 0022 2846     		mov	r0, r5
 454 0024 FFF7FEFF 		bl	moveDynamic
ARM GAS  C:\Users\Blayke\AppData\Local\Temp\cc9aRwNh.s 			page 12


 455              	.LVL94:
 456 0028 70BD     		pop	{r4, r5, r6, pc}
 457              		.cfi_endproc
 458              	.LFE66:
 459              		.size	translateMoveDynamic, .-translateMoveDynamic
 460              		.comm	ultrasonic_flag,4,4
 461              		.comm	initialisation,4,4
 462              		.comm	output,32,4
 463              		.comm	turningRightFlag,2,2
 464              		.comm	turningLeftFlag,2,2
 465              		.comm	drivingBackwardFlag,2,2
 466              		.comm	drivingForwardFlag,2,2
 467              		.comm	puckPileLocation,4,4
 468              		.comm	block_edge_location,16,4
 469              		.comm	sweeping,4,4
 470              		.comm	puckRackOffsetsFromWest,20,4
 471              		.comm	puckRackColours,20,4
 472              		.comm	currentPuckRackScanningIndex,4,4
 473              		.comm	driveStraightEnable,4,4
 474              		.comm	internal_orientation,4,4
 475 002a 00BF     		.section	.rodata.str1.4,"aMS",%progbits,1
 476              		.align	2
 477              	.LC0:
 478 0000 6C656674 		.ascii	"left motor: %d \012\000"
 478      206D6F74 
 478      6F723A20 
 478      2564200A 
 478      00
 479 0011 000000   		.space	3
 480              	.LC1:
 481 0014 72696768 		.ascii	"right motor: %d \012\000"
 481      74206D6F 
 481      746F723A 
 481      20256420 
 481      0A00
 482              		.text
 483              	.Letext0:
 484              		.file 2 "d:\\program files (x86)\\cyprus\\psoc creator\\4.2\\psoc creator\\import\\gnu\\arm\\5.4.1
 485              		.file 3 "d:\\program files (x86)\\cyprus\\psoc creator\\4.2\\psoc creator\\import\\gnu\\arm\\5.4.1
 486              		.file 4 "Generated_Source\\PSoC5/core_cm3.h"
 487              		.file 5 "navigation.h"
 488              		.file 6 "ultrasonic.h"
 489              		.file 7 "main.h"
 490              		.file 8 "Generated_Source\\PSoC5/Motor_Left_Control.h"
 491              		.file 9 "Generated_Source\\PSoC5/Motor_Right_Control.h"
 492              		.file 10 "Generated_Source\\PSoC5/Motor_Left_Driver.h"
 493              		.file 11 "Generated_Source\\PSoC5/Motor_Right_Driver.h"
 494              		.file 12 "d:\\program files (x86)\\cyprus\\psoc creator\\4.2\\psoc creator\\import\\gnu\\arm\\5.4.
 495              		.file 13 "Generated_Source\\PSoC5/Motor_Left_Decoder.h"
 496              		.file 14 "Generated_Source\\PSoC5/Motor_Right_Decoder.h"
 497              		.file 15 "d:\\program files (x86)\\cyprus\\psoc creator\\4.2\\psoc creator\\import\\gnu\\arm\\5.4.
 498              		.file 16 "Generated_Source\\PSoC5/UART_1.h"
 499              		.section	.debug_info,"",%progbits
 500              	.Ldebug_info0:
 501 0000 1A070000 		.4byte	0x71a
 502 0004 0400     		.2byte	0x4
 503 0006 00000000 		.4byte	.Ldebug_abbrev0
ARM GAS  C:\Users\Blayke\AppData\Local\Temp\cc9aRwNh.s 			page 13


 504 000a 04       		.byte	0x4
 505 000b 01       		.uleb128 0x1
 506 000c F2030000 		.4byte	.LASF63
 507 0010 0C       		.byte	0xc
 508 0011 8E030000 		.4byte	.LASF64
 509 0015 C2000000 		.4byte	.LASF65
 510 0019 00000000 		.4byte	.Ldebug_ranges0+0
 511 001d 00000000 		.4byte	0
 512 0021 00000000 		.4byte	.Ldebug_line0
 513 0025 02       		.uleb128 0x2
 514 0026 01       		.byte	0x1
 515 0027 06       		.byte	0x6
 516 0028 9C020000 		.4byte	.LASF0
 517 002c 02       		.uleb128 0x2
 518 002d 01       		.byte	0x1
 519 002e 08       		.byte	0x8
 520 002f 80020000 		.4byte	.LASF1
 521 0033 02       		.uleb128 0x2
 522 0034 02       		.byte	0x2
 523 0035 05       		.byte	0x5
 524 0036 6F000000 		.4byte	.LASF2
 525 003a 02       		.uleb128 0x2
 526 003b 02       		.byte	0x2
 527 003c 07       		.byte	0x7
 528 003d F0020000 		.4byte	.LASF3
 529 0041 03       		.uleb128 0x3
 530 0042 96030000 		.4byte	.LASF9
 531 0046 02       		.byte	0x2
 532 0047 3F       		.byte	0x3f
 533 0048 4C000000 		.4byte	0x4c
 534 004c 02       		.uleb128 0x2
 535 004d 04       		.byte	0x4
 536 004e 05       		.byte	0x5
 537 004f BC010000 		.4byte	.LASF4
 538 0053 02       		.uleb128 0x2
 539 0054 04       		.byte	0x4
 540 0055 07       		.byte	0x7
 541 0056 4B030000 		.4byte	.LASF5
 542 005a 02       		.uleb128 0x2
 543 005b 08       		.byte	0x8
 544 005c 05       		.byte	0x5
 545 005d 95010000 		.4byte	.LASF6
 546 0061 02       		.uleb128 0x2
 547 0062 08       		.byte	0x8
 548 0063 07       		.byte	0x7
 549 0064 BC020000 		.4byte	.LASF7
 550 0068 04       		.uleb128 0x4
 551 0069 04       		.byte	0x4
 552 006a 05       		.byte	0x5
 553 006b 696E7400 		.ascii	"int\000"
 554 006f 02       		.uleb128 0x2
 555 0070 04       		.byte	0x4
 556 0071 07       		.byte	0x7
 557 0072 D3020000 		.4byte	.LASF8
 558 0076 03       		.uleb128 0x3
 559 0077 1A030000 		.4byte	.LASF10
 560 007b 03       		.byte	0x3
ARM GAS  C:\Users\Blayke\AppData\Local\Temp\cc9aRwNh.s 			page 14


 561 007c 2C       		.byte	0x2c
 562 007d 41000000 		.4byte	0x41
 563 0081 02       		.uleb128 0x2
 564 0082 04       		.byte	0x4
 565 0083 04       		.byte	0x4
 566 0084 8F010000 		.4byte	.LASF11
 567 0088 02       		.uleb128 0x2
 568 0089 08       		.byte	0x8
 569 008a 04       		.byte	0x4
 570 008b 5D030000 		.4byte	.LASF12
 571 008f 02       		.uleb128 0x2
 572 0090 01       		.byte	0x1
 573 0091 08       		.byte	0x8
 574 0092 0C030000 		.4byte	.LASF13
 575 0096 02       		.uleb128 0x2
 576 0097 08       		.byte	0x8
 577 0098 04       		.byte	0x4
 578 0099 B6000000 		.4byte	.LASF14
 579 009d 02       		.uleb128 0x2
 580 009e 04       		.byte	0x4
 581 009f 07       		.byte	0x7
 582 00a0 B0030000 		.4byte	.LASF15
 583 00a4 05       		.uleb128 0x5
 584 00a5 3F030000 		.4byte	.LASF26
 585 00a9 01       		.byte	0x1
 586 00aa 23       		.byte	0x23
 587 00ab 00000000 		.4byte	.LFB64
 588 00af 48010000 		.4byte	.LFE64-.LFB64
 589 00b3 01       		.uleb128 0x1
 590 00b4 9C       		.byte	0x9c
 591 00b5 E7020000 		.4byte	0x2e7
 592 00b9 06       		.uleb128 0x6
 593 00ba 11030000 		.4byte	.LASF16
 594 00be 01       		.byte	0x1
 595 00bf 23       		.byte	0x23
 596 00c0 68000000 		.4byte	0x68
 597 00c4 00000000 		.4byte	.LLST0
 598 00c8 06       		.uleb128 0x6
 599 00c9 E0020000 		.4byte	.LASF17
 600 00cd 01       		.byte	0x1
 601 00ce 23       		.byte	0x23
 602 00cf 68000000 		.4byte	0x68
 603 00d3 42000000 		.4byte	.LLST1
 604 00d7 07       		.uleb128 0x7
 605 00d8 DA010000 		.4byte	.LASF18
 606 00dc 01       		.byte	0x1
 607 00dd 24       		.byte	0x24
 608 00de 68000000 		.4byte	0x68
 609 00e2 7C000000 		.4byte	.LLST2
 610 00e6 07       		.uleb128 0x7
 611 00e7 80040000 		.4byte	.LASF19
 612 00eb 01       		.byte	0x1
 613 00ec 25       		.byte	0x25
 614 00ed 68000000 		.4byte	0x68
 615 00f1 BB000000 		.4byte	.LLST3
 616 00f5 07       		.uleb128 0x7
 617 00f6 8C000000 		.4byte	.LASF20
ARM GAS  C:\Users\Blayke\AppData\Local\Temp\cc9aRwNh.s 			page 15


 618 00fa 01       		.byte	0x1
 619 00fb 26       		.byte	0x26
 620 00fc 68000000 		.4byte	0x68
 621 0100 09010000 		.4byte	.LLST4
 622 0104 07       		.uleb128 0x7
 623 0105 AC000000 		.4byte	.LASF21
 624 0109 01       		.byte	0x1
 625 010a 27       		.byte	0x27
 626 010b 68000000 		.4byte	0x68
 627 010f 27010000 		.4byte	.LLST5
 628 0113 07       		.uleb128 0x7
 629 0114 E6020000 		.4byte	.LASF22
 630 0118 01       		.byte	0x1
 631 0119 28       		.byte	0x28
 632 011a 68000000 		.4byte	0x68
 633 011e 5F010000 		.4byte	.LLST6
 634 0122 07       		.uleb128 0x7
 635 0123 37010000 		.4byte	.LASF23
 636 0127 01       		.byte	0x1
 637 0128 2A       		.byte	0x2a
 638 0129 68000000 		.4byte	0x68
 639 012d 96010000 		.4byte	.LLST7
 640 0131 07       		.uleb128 0x7
 641 0132 35000000 		.4byte	.LASF24
 642 0136 01       		.byte	0x1
 643 0137 2D       		.byte	0x2d
 644 0138 68000000 		.4byte	0x68
 645 013c CB010000 		.4byte	.LLST8
 646 0140 07       		.uleb128 0x7
 647 0141 8C040000 		.4byte	.LASF25
 648 0145 01       		.byte	0x1
 649 0146 2E       		.byte	0x2e
 650 0147 68000000 		.4byte	0x68
 651 014b CB010000 		.4byte	.LLST8
 652 014f 08       		.uleb128 0x8
 653 0150 1A000000 		.4byte	.LVL5
 654 0154 6C060000 		.4byte	0x66c
 655 0158 62010000 		.4byte	0x162
 656 015c 09       		.uleb128 0x9
 657 015d 01       		.uleb128 0x1
 658 015e 50       		.byte	0x50
 659 015f 01       		.uleb128 0x1
 660 0160 30       		.byte	0x30
 661 0161 00       		.byte	0
 662 0162 08       		.uleb128 0x8
 663 0163 20000000 		.4byte	.LVL6
 664 0167 77060000 		.4byte	0x677
 665 016b 75010000 		.4byte	0x175
 666 016f 09       		.uleb128 0x9
 667 0170 01       		.uleb128 0x1
 668 0171 50       		.byte	0x50
 669 0172 01       		.uleb128 0x1
 670 0173 30       		.byte	0x30
 671 0174 00       		.byte	0
 672 0175 08       		.uleb128 0x8
 673 0176 2C000000 		.4byte	.LVL9
 674 017a 6C060000 		.4byte	0x66c
ARM GAS  C:\Users\Blayke\AppData\Local\Temp\cc9aRwNh.s 			page 16


 675 017e 88010000 		.4byte	0x188
 676 0182 09       		.uleb128 0x9
 677 0183 01       		.uleb128 0x1
 678 0184 50       		.byte	0x50
 679 0185 01       		.uleb128 0x1
 680 0186 31       		.byte	0x31
 681 0187 00       		.byte	0
 682 0188 08       		.uleb128 0x8
 683 0189 32000000 		.4byte	.LVL10
 684 018d 77060000 		.4byte	0x677
 685 0191 9B010000 		.4byte	0x19b
 686 0195 09       		.uleb128 0x9
 687 0196 01       		.uleb128 0x1
 688 0197 50       		.byte	0x50
 689 0198 01       		.uleb128 0x1
 690 0199 31       		.byte	0x31
 691 019a 00       		.byte	0
 692 019b 0A       		.uleb128 0xa
 693 019c 3A000000 		.4byte	.LVL12
 694 01a0 82060000 		.4byte	0x682
 695 01a4 08       		.uleb128 0x8
 696 01a5 42000000 		.4byte	.LVL13
 697 01a9 8D060000 		.4byte	0x68d
 698 01ad B8010000 		.4byte	0x1b8
 699 01b1 09       		.uleb128 0x9
 700 01b2 01       		.uleb128 0x1
 701 01b3 50       		.byte	0x50
 702 01b4 02       		.uleb128 0x2
 703 01b5 75       		.byte	0x75
 704 01b6 00       		.sleb128 0
 705 01b7 00       		.byte	0
 706 01b8 0A       		.uleb128 0xa
 707 01b9 46000000 		.4byte	.LVL14
 708 01bd 98060000 		.4byte	0x698
 709 01c1 08       		.uleb128 0x8
 710 01c2 4C000000 		.4byte	.LVL15
 711 01c6 A3060000 		.4byte	0x6a3
 712 01ca D5010000 		.4byte	0x1d5
 713 01ce 09       		.uleb128 0x9
 714 01cf 01       		.uleb128 0x1
 715 01d0 50       		.byte	0x50
 716 01d1 02       		.uleb128 0x2
 717 01d2 75       		.byte	0x75
 718 01d3 00       		.sleb128 0
 719 01d4 00       		.byte	0
 720 01d5 0A       		.uleb128 0xa
 721 01d6 60000000 		.4byte	.LVL18
 722 01da AE060000 		.4byte	0x6ae
 723 01de 0A       		.uleb128 0xa
 724 01df 6A000000 		.4byte	.LVL21
 725 01e3 BA060000 		.4byte	0x6ba
 726 01e7 0A       		.uleb128 0xa
 727 01e8 70000000 		.4byte	.LVL23
 728 01ec C5060000 		.4byte	0x6c5
 729 01f0 0A       		.uleb128 0xa
 730 01f1 7E000000 		.4byte	.LVL26
 731 01f5 BA060000 		.4byte	0x6ba
ARM GAS  C:\Users\Blayke\AppData\Local\Temp\cc9aRwNh.s 			page 17


 732 01f9 0A       		.uleb128 0xa
 733 01fa 86000000 		.4byte	.LVL28
 734 01fe C5060000 		.4byte	0x6c5
 735 0202 08       		.uleb128 0x8
 736 0203 8E000000 		.4byte	.LVL31
 737 0207 8D060000 		.4byte	0x68d
 738 020b 16020000 		.4byte	0x216
 739 020f 09       		.uleb128 0x9
 740 0210 01       		.uleb128 0x1
 741 0211 50       		.byte	0x50
 742 0212 02       		.uleb128 0x2
 743 0213 75       		.byte	0x75
 744 0214 00       		.sleb128 0
 745 0215 00       		.byte	0
 746 0216 08       		.uleb128 0x8
 747 0217 94000000 		.4byte	.LVL32
 748 021b A3060000 		.4byte	0x6a3
 749 021f 2A020000 		.4byte	0x22a
 750 0223 09       		.uleb128 0x9
 751 0224 01       		.uleb128 0x1
 752 0225 50       		.byte	0x50
 753 0226 02       		.uleb128 0x2
 754 0227 75       		.byte	0x75
 755 0228 00       		.sleb128 0
 756 0229 00       		.byte	0
 757 022a 08       		.uleb128 0x8
 758 022b D0000000 		.4byte	.LVL38
 759 022f D0060000 		.4byte	0x6d0
 760 0233 3F020000 		.4byte	0x23f
 761 0237 09       		.uleb128 0x9
 762 0238 01       		.uleb128 0x1
 763 0239 50       		.byte	0x50
 764 023a 03       		.uleb128 0x3
 765 023b 91       		.byte	0x91
 766 023c 54       		.sleb128 -44
 767 023d 06       		.byte	0x6
 768 023e 00       		.byte	0
 769 023f 08       		.uleb128 0x8
 770 0240 F8000000 		.4byte	.LVL41
 771 0244 DB060000 		.4byte	0x6db
 772 0248 62020000 		.4byte	0x262
 773 024c 09       		.uleb128 0x9
 774 024d 01       		.uleb128 0x1
 775 024e 50       		.byte	0x50
 776 024f 02       		.uleb128 0x2
 777 0250 74       		.byte	0x74
 778 0251 00       		.sleb128 0
 779 0252 09       		.uleb128 0x9
 780 0253 01       		.uleb128 0x1
 781 0254 51       		.byte	0x51
 782 0255 05       		.uleb128 0x5
 783 0256 03       		.byte	0x3
 784 0257 00000000 		.4byte	.LC0
 785 025b 09       		.uleb128 0x9
 786 025c 01       		.uleb128 0x1
 787 025d 52       		.byte	0x52
 788 025e 02       		.uleb128 0x2
ARM GAS  C:\Users\Blayke\AppData\Local\Temp\cc9aRwNh.s 			page 18


 789 025f 76       		.byte	0x76
 790 0260 00       		.sleb128 0
 791 0261 00       		.byte	0
 792 0262 08       		.uleb128 0x8
 793 0263 FE000000 		.4byte	.LVL42
 794 0267 E6060000 		.4byte	0x6e6
 795 026b 76020000 		.4byte	0x276
 796 026f 09       		.uleb128 0x9
 797 0270 01       		.uleb128 0x1
 798 0271 50       		.byte	0x50
 799 0272 02       		.uleb128 0x2
 800 0273 74       		.byte	0x74
 801 0274 00       		.sleb128 0
 802 0275 00       		.byte	0
 803 0276 08       		.uleb128 0x8
 804 0277 08010000 		.4byte	.LVL43
 805 027b DB060000 		.4byte	0x6db
 806 027f 9A020000 		.4byte	0x29a
 807 0283 09       		.uleb128 0x9
 808 0284 01       		.uleb128 0x1
 809 0285 50       		.byte	0x50
 810 0286 02       		.uleb128 0x2
 811 0287 74       		.byte	0x74
 812 0288 00       		.sleb128 0
 813 0289 09       		.uleb128 0x9
 814 028a 01       		.uleb128 0x1
 815 028b 51       		.byte	0x51
 816 028c 05       		.uleb128 0x5
 817 028d 03       		.byte	0x3
 818 028e 14000000 		.4byte	.LC1
 819 0292 09       		.uleb128 0x9
 820 0293 01       		.uleb128 0x1
 821 0294 52       		.byte	0x52
 822 0295 03       		.uleb128 0x3
 823 0296 7D       		.byte	0x7d
 824 0297 00       		.sleb128 0
 825 0298 06       		.byte	0x6
 826 0299 00       		.byte	0
 827 029a 08       		.uleb128 0x8
 828 029b 0E010000 		.4byte	.LVL44
 829 029f E6060000 		.4byte	0x6e6
 830 02a3 AE020000 		.4byte	0x2ae
 831 02a7 09       		.uleb128 0x9
 832 02a8 01       		.uleb128 0x1
 833 02a9 50       		.byte	0x50
 834 02aa 02       		.uleb128 0x2
 835 02ab 74       		.byte	0x74
 836 02ac 00       		.sleb128 0
 837 02ad 00       		.byte	0
 838 02ae 08       		.uleb128 0x8
 839 02af 14010000 		.4byte	.LVL45
 840 02b3 F1060000 		.4byte	0x6f1
 841 02b7 C1020000 		.4byte	0x2c1
 842 02bb 09       		.uleb128 0x9
 843 02bc 01       		.uleb128 0x1
 844 02bd 50       		.byte	0x50
 845 02be 01       		.uleb128 0x1
ARM GAS  C:\Users\Blayke\AppData\Local\Temp\cc9aRwNh.s 			page 19


 846 02bf 30       		.byte	0x30
 847 02c0 00       		.byte	0
 848 02c1 08       		.uleb128 0x8
 849 02c2 1A010000 		.4byte	.LVL46
 850 02c6 FC060000 		.4byte	0x6fc
 851 02ca D4020000 		.4byte	0x2d4
 852 02ce 09       		.uleb128 0x9
 853 02cf 01       		.uleb128 0x1
 854 02d0 50       		.byte	0x50
 855 02d1 01       		.uleb128 0x1
 856 02d2 30       		.byte	0x30
 857 02d3 00       		.byte	0
 858 02d4 0A       		.uleb128 0xa
 859 02d5 1E010000 		.4byte	.LVL47
 860 02d9 07070000 		.4byte	0x707
 861 02dd 0A       		.uleb128 0xa
 862 02de 22010000 		.4byte	.LVL48
 863 02e2 12070000 		.4byte	0x712
 864 02e6 00       		.byte	0
 865 02e7 05       		.uleb128 0x5
 866 02e8 98040000 		.4byte	.LASF27
 867 02ec 01       		.byte	0x1
 868 02ed 65       		.byte	0x65
 869 02ee 00000000 		.4byte	.LFB65
 870 02f2 C4000000 		.4byte	.LFE65-.LFB65
 871 02f6 01       		.uleb128 0x1
 872 02f7 9C       		.byte	0x9c
 873 02f8 84040000 		.4byte	0x484
 874 02fc 06       		.uleb128 0x6
 875 02fd 78020000 		.4byte	.LASF28
 876 0301 01       		.byte	0x1
 877 0302 65       		.byte	0x65
 878 0303 68000000 		.4byte	0x68
 879 0307 EB010000 		.4byte	.LLST10
 880 030b 06       		.uleb128 0x6
 881 030c E0020000 		.4byte	.LASF17
 882 0310 01       		.byte	0x1
 883 0311 65       		.byte	0x65
 884 0312 68000000 		.4byte	0x68
 885 0316 2D020000 		.4byte	.LLST11
 886 031a 0B       		.uleb128 0xb
 887 031b DA010000 		.4byte	.LASF18
 888 031f 01       		.byte	0x1
 889 0320 66       		.byte	0x66
 890 0321 68000000 		.4byte	0x68
 891 0325 07       		.uleb128 0x7
 892 0326 80040000 		.4byte	.LASF19
 893 032a 01       		.byte	0x1
 894 032b 67       		.byte	0x67
 895 032c 68000000 		.4byte	0x68
 896 0330 67020000 		.4byte	.LLST12
 897 0334 07       		.uleb128 0x7
 898 0335 8C000000 		.4byte	.LASF20
 899 0339 01       		.byte	0x1
 900 033a 68       		.byte	0x68
 901 033b 68000000 		.4byte	0x68
 902 033f 9B020000 		.4byte	.LLST13
ARM GAS  C:\Users\Blayke\AppData\Local\Temp\cc9aRwNh.s 			page 20


 903 0343 07       		.uleb128 0x7
 904 0344 11030000 		.4byte	.LASF16
 905 0348 01       		.byte	0x1
 906 0349 69       		.byte	0x69
 907 034a 68000000 		.4byte	0x68
 908 034e B9020000 		.4byte	.LLST14
 909 0352 07       		.uleb128 0x7
 910 0353 35000000 		.4byte	.LASF24
 911 0357 01       		.byte	0x1
 912 0358 6A       		.byte	0x6a
 913 0359 68000000 		.4byte	0x68
 914 035d FD020000 		.4byte	.LLST15
 915 0361 07       		.uleb128 0x7
 916 0362 8C040000 		.4byte	.LASF25
 917 0366 01       		.byte	0x1
 918 0367 6B       		.byte	0x6b
 919 0368 68000000 		.4byte	0x68
 920 036c FD020000 		.4byte	.LLST15
 921 0370 08       		.uleb128 0x8
 922 0371 16000000 		.4byte	.LVL56
 923 0375 6C060000 		.4byte	0x66c
 924 0379 83030000 		.4byte	0x383
 925 037d 09       		.uleb128 0x9
 926 037e 01       		.uleb128 0x1
 927 037f 50       		.byte	0x50
 928 0380 01       		.uleb128 0x1
 929 0381 30       		.byte	0x30
 930 0382 00       		.byte	0
 931 0383 08       		.uleb128 0x8
 932 0384 1C000000 		.4byte	.LVL57
 933 0388 77060000 		.4byte	0x677
 934 038c 96030000 		.4byte	0x396
 935 0390 09       		.uleb128 0x9
 936 0391 01       		.uleb128 0x1
 937 0392 50       		.byte	0x50
 938 0393 01       		.uleb128 0x1
 939 0394 31       		.byte	0x31
 940 0395 00       		.byte	0
 941 0396 08       		.uleb128 0x8
 942 0397 24000000 		.4byte	.LVL60
 943 039b 6C060000 		.4byte	0x66c
 944 039f A9030000 		.4byte	0x3a9
 945 03a3 09       		.uleb128 0x9
 946 03a4 01       		.uleb128 0x1
 947 03a5 50       		.byte	0x50
 948 03a6 01       		.uleb128 0x1
 949 03a7 31       		.byte	0x31
 950 03a8 00       		.byte	0
 951 03a9 08       		.uleb128 0x8
 952 03aa 2A000000 		.4byte	.LVL61
 953 03ae 77060000 		.4byte	0x677
 954 03b2 BC030000 		.4byte	0x3bc
 955 03b6 09       		.uleb128 0x9
 956 03b7 01       		.uleb128 0x1
 957 03b8 50       		.byte	0x50
 958 03b9 01       		.uleb128 0x1
 959 03ba 30       		.byte	0x30
ARM GAS  C:\Users\Blayke\AppData\Local\Temp\cc9aRwNh.s 			page 21


 960 03bb 00       		.byte	0
 961 03bc 0A       		.uleb128 0xa
 962 03bd 2E000000 		.4byte	.LVL62
 963 03c1 82060000 		.4byte	0x682
 964 03c5 08       		.uleb128 0x8
 965 03c6 36000000 		.4byte	.LVL63
 966 03ca 8D060000 		.4byte	0x68d
 967 03ce D9030000 		.4byte	0x3d9
 968 03d2 09       		.uleb128 0x9
 969 03d3 01       		.uleb128 0x1
 970 03d4 50       		.byte	0x50
 971 03d5 02       		.uleb128 0x2
 972 03d6 74       		.byte	0x74
 973 03d7 00       		.sleb128 0
 974 03d8 00       		.byte	0
 975 03d9 0A       		.uleb128 0xa
 976 03da 3A000000 		.4byte	.LVL64
 977 03de 98060000 		.4byte	0x698
 978 03e2 08       		.uleb128 0x8
 979 03e3 40000000 		.4byte	.LVL65
 980 03e7 A3060000 		.4byte	0x6a3
 981 03eb F6030000 		.4byte	0x3f6
 982 03ef 09       		.uleb128 0x9
 983 03f0 01       		.uleb128 0x1
 984 03f1 50       		.byte	0x50
 985 03f2 02       		.uleb128 0x2
 986 03f3 74       		.byte	0x74
 987 03f4 00       		.sleb128 0
 988 03f5 00       		.byte	0
 989 03f6 0A       		.uleb128 0xa
 990 03f7 6A000000 		.4byte	.LVL71
 991 03fb AE060000 		.4byte	0x6ae
 992 03ff 0A       		.uleb128 0xa
 993 0400 74000000 		.4byte	.LVL74
 994 0404 BA060000 		.4byte	0x6ba
 995 0408 0A       		.uleb128 0xa
 996 0409 78000000 		.4byte	.LVL75
 997 040d C5060000 		.4byte	0x6c5
 998 0411 0A       		.uleb128 0xa
 999 0412 80000000 		.4byte	.LVL78
 1000 0416 C5060000 		.4byte	0x6c5
 1001 041a 0A       		.uleb128 0xa
 1002 041b 86000000 		.4byte	.LVL80
 1003 041f BA060000 		.4byte	0x6ba
 1004 0423 08       		.uleb128 0x8
 1005 0424 8C000000 		.4byte	.LVL81
 1006 0428 8D060000 		.4byte	0x68d
 1007 042c 37040000 		.4byte	0x437
 1008 0430 09       		.uleb128 0x9
 1009 0431 01       		.uleb128 0x1
 1010 0432 50       		.byte	0x50
 1011 0433 02       		.uleb128 0x2
 1012 0434 74       		.byte	0x74
 1013 0435 00       		.sleb128 0
 1014 0436 00       		.byte	0
 1015 0437 08       		.uleb128 0x8
 1016 0438 92000000 		.4byte	.LVL82
ARM GAS  C:\Users\Blayke\AppData\Local\Temp\cc9aRwNh.s 			page 22


 1017 043c A3060000 		.4byte	0x6a3
 1018 0440 4B040000 		.4byte	0x44b
 1019 0444 09       		.uleb128 0x9
 1020 0445 01       		.uleb128 0x1
 1021 0446 50       		.byte	0x50
 1022 0447 02       		.uleb128 0x2
 1023 0448 74       		.byte	0x74
 1024 0449 00       		.sleb128 0
 1025 044a 00       		.byte	0
 1026 044b 08       		.uleb128 0x8
 1027 044c 9C000000 		.4byte	.LVL83
 1028 0450 F1060000 		.4byte	0x6f1
 1029 0454 5E040000 		.4byte	0x45e
 1030 0458 09       		.uleb128 0x9
 1031 0459 01       		.uleb128 0x1
 1032 045a 50       		.byte	0x50
 1033 045b 01       		.uleb128 0x1
 1034 045c 30       		.byte	0x30
 1035 045d 00       		.byte	0
 1036 045e 08       		.uleb128 0x8
 1037 045f A2000000 		.4byte	.LVL84
 1038 0463 FC060000 		.4byte	0x6fc
 1039 0467 71040000 		.4byte	0x471
 1040 046b 09       		.uleb128 0x9
 1041 046c 01       		.uleb128 0x1
 1042 046d 50       		.byte	0x50
 1043 046e 01       		.uleb128 0x1
 1044 046f 30       		.byte	0x30
 1045 0470 00       		.byte	0
 1046 0471 0A       		.uleb128 0xa
 1047 0472 A6000000 		.4byte	.LVL85
 1048 0476 07070000 		.4byte	0x707
 1049 047a 0A       		.uleb128 0xa
 1050 047b AA000000 		.4byte	.LVL86
 1051 047f 12070000 		.4byte	0x712
 1052 0483 00       		.byte	0
 1053 0484 0C       		.uleb128 0xc
 1054 0485 00000000 		.4byte	.LASF29
 1055 0489 01       		.byte	0x1
 1056 048a A4       		.byte	0xa4
 1057 048b 00000000 		.4byte	.LFB66
 1058 048f 2A000000 		.4byte	.LFE66-.LFB66
 1059 0493 01       		.uleb128 0x1
 1060 0494 9C       		.byte	0x9c
 1061 0495 2C050000 		.4byte	0x52c
 1062 0499 06       		.uleb128 0x6
 1063 049a 11030000 		.4byte	.LASF16
 1064 049e 01       		.byte	0x1
 1065 049f A4       		.byte	0xa4
 1066 04a0 68000000 		.4byte	0x68
 1067 04a4 1D030000 		.4byte	.LLST17
 1068 04a8 06       		.uleb128 0x6
 1069 04a9 DE030000 		.4byte	.LASF30
 1070 04ad 01       		.byte	0x1
 1071 04ae A4       		.byte	0xa4
 1072 04af 68000000 		.4byte	0x68
 1073 04b3 3B030000 		.4byte	.LLST18
ARM GAS  C:\Users\Blayke\AppData\Local\Temp\cc9aRwNh.s 			page 23


 1074 04b7 06       		.uleb128 0x6
 1075 04b8 E0020000 		.4byte	.LASF17
 1076 04bc 01       		.byte	0x1
 1077 04bd A4       		.byte	0xa4
 1078 04be 68000000 		.4byte	0x68
 1079 04c2 59030000 		.4byte	.LLST19
 1080 04c6 08       		.uleb128 0x8
 1081 04c7 10000000 		.4byte	.LVL91
 1082 04cb E7020000 		.4byte	0x2e7
 1083 04cf E1040000 		.4byte	0x4e1
 1084 04d3 09       		.uleb128 0x9
 1085 04d4 01       		.uleb128 0x1
 1086 04d5 50       		.byte	0x50
 1087 04d6 03       		.uleb128 0x3
 1088 04d7 76       		.byte	0x76
 1089 04d8 00       		.sleb128 0
 1090 04d9 1F       		.byte	0x1f
 1091 04da 09       		.uleb128 0x9
 1092 04db 01       		.uleb128 0x1
 1093 04dc 51       		.byte	0x51
 1094 04dd 02       		.uleb128 0x2
 1095 04de 74       		.byte	0x74
 1096 04df 00       		.sleb128 0
 1097 04e0 00       		.byte	0
 1098 04e1 08       		.uleb128 0x8
 1099 04e2 18000000 		.4byte	.LVL92
 1100 04e6 A4000000 		.4byte	0xa4
 1101 04ea FB040000 		.4byte	0x4fb
 1102 04ee 09       		.uleb128 0x9
 1103 04ef 01       		.uleb128 0x1
 1104 04f0 50       		.byte	0x50
 1105 04f1 02       		.uleb128 0x2
 1106 04f2 75       		.byte	0x75
 1107 04f3 00       		.sleb128 0
 1108 04f4 09       		.uleb128 0x9
 1109 04f5 01       		.uleb128 0x1
 1110 04f6 51       		.byte	0x51
 1111 04f7 02       		.uleb128 0x2
 1112 04f8 74       		.byte	0x74
 1113 04f9 00       		.sleb128 0
 1114 04fa 00       		.byte	0
 1115 04fb 08       		.uleb128 0x8
 1116 04fc 20000000 		.4byte	.LVL93
 1117 0500 E7020000 		.4byte	0x2e7
 1118 0504 15050000 		.4byte	0x515
 1119 0508 09       		.uleb128 0x9
 1120 0509 01       		.uleb128 0x1
 1121 050a 50       		.byte	0x50
 1122 050b 02       		.uleb128 0x2
 1123 050c 76       		.byte	0x76
 1124 050d 00       		.sleb128 0
 1125 050e 09       		.uleb128 0x9
 1126 050f 01       		.uleb128 0x1
 1127 0510 51       		.byte	0x51
 1128 0511 02       		.uleb128 0x2
 1129 0512 74       		.byte	0x74
 1130 0513 00       		.sleb128 0
ARM GAS  C:\Users\Blayke\AppData\Local\Temp\cc9aRwNh.s 			page 24


 1131 0514 00       		.byte	0
 1132 0515 0D       		.uleb128 0xd
 1133 0516 28000000 		.4byte	.LVL94
 1134 051a A4000000 		.4byte	0xa4
 1135 051e 09       		.uleb128 0x9
 1136 051f 01       		.uleb128 0x1
 1137 0520 50       		.byte	0x50
 1138 0521 02       		.uleb128 0x2
 1139 0522 75       		.byte	0x75
 1140 0523 00       		.sleb128 0
 1141 0524 09       		.uleb128 0x9
 1142 0525 01       		.uleb128 0x1
 1143 0526 51       		.byte	0x51
 1144 0527 02       		.uleb128 0x2
 1145 0528 74       		.byte	0x74
 1146 0529 00       		.sleb128 0
 1147 052a 00       		.byte	0
 1148 052b 00       		.byte	0
 1149 052c 0E       		.uleb128 0xe
 1150 052d E5030000 		.4byte	.LASF31
 1151 0531 04       		.byte	0x4
 1152 0532 1207     		.2byte	0x712
 1153 0534 38050000 		.4byte	0x538
 1154 0538 0F       		.uleb128 0xf
 1155 0539 76000000 		.4byte	0x76
 1156 053d 10       		.uleb128 0x10
 1157 053e C5010000 		.4byte	.LASF32
 1158 0542 05       		.byte	0x5
 1159 0543 1B       		.byte	0x1b
 1160 0544 68000000 		.4byte	0x68
 1161 0548 05       		.uleb128 0x5
 1162 0549 03       		.byte	0x3
 1163 054a 00000000 		.4byte	internal_orientation
 1164 054e 10       		.uleb128 0x10
 1165 054f 22030000 		.4byte	.LASF33
 1166 0553 06       		.byte	0x6
 1167 0554 1D       		.byte	0x1d
 1168 0555 68000000 		.4byte	0x68
 1169 0559 05       		.uleb128 0x5
 1170 055a 03       		.byte	0x3
 1171 055b 00000000 		.4byte	driveStraightEnable
 1172 055f 10       		.uleb128 0x10
 1173 0560 29020000 		.4byte	.LASF34
 1174 0564 06       		.byte	0x6
 1175 0565 1F       		.byte	0x1f
 1176 0566 68000000 		.4byte	0x68
 1177 056a 05       		.uleb128 0x5
 1178 056b 03       		.byte	0x3
 1179 056c 00000000 		.4byte	currentPuckRackScanningIndex
 1180 0570 11       		.uleb128 0x11
 1181 0571 68000000 		.4byte	0x68
 1182 0575 80050000 		.4byte	0x580
 1183 0579 12       		.uleb128 0x12
 1184 057a 9D000000 		.4byte	0x9d
 1185 057e 04       		.byte	0x4
 1186 057f 00       		.byte	0
 1187 0580 10       		.uleb128 0x10
ARM GAS  C:\Users\Blayke\AppData\Local\Temp\cc9aRwNh.s 			page 25


 1188 0581 A0030000 		.4byte	.LASF35
 1189 0585 06       		.byte	0x6
 1190 0586 20       		.byte	0x20
 1191 0587 70050000 		.4byte	0x570
 1192 058b 05       		.uleb128 0x5
 1193 058c 03       		.byte	0x3
 1194 058d 00000000 		.4byte	puckRackColours
 1195 0591 10       		.uleb128 0x10
 1196 0592 94000000 		.4byte	.LASF36
 1197 0596 06       		.byte	0x6
 1198 0597 21       		.byte	0x21
 1199 0598 70050000 		.4byte	0x570
 1200 059c 05       		.uleb128 0x5
 1201 059d 03       		.byte	0x3
 1202 059e 00000000 		.4byte	puckRackOffsetsFromWest
 1203 05a2 10       		.uleb128 0x10
 1204 05a3 03030000 		.4byte	.LASF37
 1205 05a7 06       		.byte	0x6
 1206 05a8 22       		.byte	0x22
 1207 05a9 68000000 		.4byte	0x68
 1208 05ad 05       		.uleb128 0x5
 1209 05ae 03       		.byte	0x3
 1210 05af 00000000 		.4byte	sweeping
 1211 05b3 11       		.uleb128 0x11
 1212 05b4 81000000 		.4byte	0x81
 1213 05b8 C3050000 		.4byte	0x5c3
 1214 05bc 12       		.uleb128 0x12
 1215 05bd 9D000000 		.4byte	0x9d
 1216 05c1 03       		.byte	0x3
 1217 05c2 00       		.byte	0
 1218 05c3 10       		.uleb128 0x10
 1219 05c4 A8020000 		.4byte	.LASF38
 1220 05c8 06       		.byte	0x6
 1221 05c9 23       		.byte	0x23
 1222 05ca B3050000 		.4byte	0x5b3
 1223 05ce 05       		.uleb128 0x5
 1224 05cf 03       		.byte	0x3
 1225 05d0 00000000 		.4byte	block_edge_location
 1226 05d4 10       		.uleb128 0x10
 1227 05d5 18020000 		.4byte	.LASF39
 1228 05d9 07       		.byte	0x7
 1229 05da B2       		.byte	0xb2
 1230 05db 81000000 		.4byte	0x81
 1231 05df 05       		.uleb128 0x5
 1232 05e0 03       		.byte	0x3
 1233 05e1 00000000 		.4byte	puckPileLocation
 1234 05e5 10       		.uleb128 0x10
 1235 05e6 79000000 		.4byte	.LASF40
 1236 05ea 06       		.byte	0x6
 1237 05eb 25       		.byte	0x25
 1238 05ec 33000000 		.4byte	0x33
 1239 05f0 05       		.uleb128 0x5
 1240 05f1 03       		.byte	0x3
 1241 05f2 00000000 		.4byte	drivingForwardFlag
 1242 05f6 10       		.uleb128 0x10
 1243 05f7 E5010000 		.4byte	.LASF41
 1244 05fb 06       		.byte	0x6
ARM GAS  C:\Users\Blayke\AppData\Local\Temp\cc9aRwNh.s 			page 26


 1245 05fc 26       		.byte	0x26
 1246 05fd 33000000 		.4byte	0x33
 1247 0601 05       		.uleb128 0x5
 1248 0602 03       		.byte	0x3
 1249 0603 00000000 		.4byte	drivingBackwardFlag
 1250 0607 10       		.uleb128 0x10
 1251 0608 40000000 		.4byte	.LASF42
 1252 060c 06       		.byte	0x6
 1253 060d 27       		.byte	0x27
 1254 060e 33000000 		.4byte	0x33
 1255 0612 05       		.uleb128 0x5
 1256 0613 03       		.byte	0x3
 1257 0614 00000000 		.4byte	turningLeftFlag
 1258 0618 10       		.uleb128 0x10
 1259 0619 7E010000 		.4byte	.LASF43
 1260 061d 06       		.byte	0x6
 1261 061e 28       		.byte	0x28
 1262 061f 33000000 		.4byte	0x33
 1263 0623 05       		.uleb128 0x5
 1264 0624 03       		.byte	0x3
 1265 0625 00000000 		.4byte	turningRightFlag
 1266 0629 10       		.uleb128 0x10
 1267 062a A3040000 		.4byte	.LASF44
 1268 062e 06       		.byte	0x6
 1269 062f 2B       		.byte	0x2b
 1270 0630 68000000 		.4byte	0x68
 1271 0634 05       		.uleb128 0x5
 1272 0635 03       		.byte	0x3
 1273 0636 00000000 		.4byte	initialisation
 1274 063a 11       		.uleb128 0x11
 1275 063b 8F000000 		.4byte	0x8f
 1276 063f 4A060000 		.4byte	0x64a
 1277 0643 12       		.uleb128 0x12
 1278 0644 9D000000 		.4byte	0x9d
 1279 0648 1F       		.byte	0x1f
 1280 0649 00       		.byte	0
 1281 064a 10       		.uleb128 0x10
 1282 064b B9030000 		.4byte	.LASF45
 1283 064f 06       		.byte	0x6
 1284 0650 29       		.byte	0x29
 1285 0651 3A060000 		.4byte	0x63a
 1286 0655 05       		.uleb128 0x5
 1287 0656 03       		.byte	0x3
 1288 0657 00000000 		.4byte	output
 1289 065b 10       		.uleb128 0x10
 1290 065c 27010000 		.4byte	.LASF46
 1291 0660 06       		.byte	0x6
 1292 0661 2D       		.byte	0x2d
 1293 0662 68000000 		.4byte	0x68
 1294 0666 05       		.uleb128 0x5
 1295 0667 03       		.byte	0x3
 1296 0668 00000000 		.4byte	ultrasonic_flag
 1297 066c 13       		.uleb128 0x13
 1298 066d 75030000 		.4byte	.LASF47
 1299 0671 75030000 		.4byte	.LASF47
 1300 0675 08       		.byte	0x8
 1301 0676 2F       		.byte	0x2f
ARM GAS  C:\Users\Blayke\AppData\Local\Temp\cc9aRwNh.s 			page 27


 1302 0677 13       		.uleb128 0x13
 1303 0678 64010000 		.4byte	.LASF48
 1304 067c 64010000 		.4byte	.LASF48
 1305 0680 09       		.byte	0x9
 1306 0681 2F       		.byte	0x2f
 1307 0682 13       		.uleb128 0x13
 1308 0683 D1040000 		.4byte	.LASF49
 1309 0687 D1040000 		.4byte	.LASF49
 1310 068b 0A       		.byte	0xa
 1311 068c DD       		.byte	0xdd
 1312 068d 13       		.uleb128 0x13
 1313 068e B2040000 		.4byte	.LASF50
 1314 0692 B2040000 		.4byte	.LASF50
 1315 0696 0A       		.byte	0xa
 1316 0697 C3       		.byte	0xc3
 1317 0698 13       		.uleb128 0x13
 1318 0699 46020000 		.4byte	.LASF51
 1319 069d 46020000 		.4byte	.LASF51
 1320 06a1 0B       		.byte	0xb
 1321 06a2 DD       		.byte	0xdd
 1322 06a3 13       		.uleb128 0x13
 1323 06a4 15000000 		.4byte	.LASF52
 1324 06a8 15000000 		.4byte	.LASF52
 1325 06ac 0B       		.byte	0xb
 1326 06ad C3       		.byte	0xc3
 1327 06ae 14       		.uleb128 0x14
 1328 06af 96020000 		.4byte	.LASF53
 1329 06b3 96020000 		.4byte	.LASF53
 1330 06b7 0C       		.byte	0xc
 1331 06b8 4B01     		.2byte	0x14b
 1332 06ba 13       		.uleb128 0x13
 1333 06bb C0030000 		.4byte	.LASF54
 1334 06bf C0030000 		.4byte	.LASF54
 1335 06c3 0D       		.byte	0xd
 1336 06c4 4E       		.byte	0x4e
 1337 06c5 13       		.uleb128 0x13
 1338 06c6 50000000 		.4byte	.LASF55
 1339 06ca 50000000 		.4byte	.LASF55
 1340 06ce 0E       		.byte	0xe
 1341 06cf 4E       		.byte	0x4e
 1342 06d0 13       		.uleb128 0x13
 1343 06d1 36030000 		.4byte	.LASF56
 1344 06d5 36030000 		.4byte	.LASF56
 1345 06d9 05       		.byte	0x5
 1346 06da 15       		.byte	0x15
 1347 06db 13       		.uleb128 0x13
 1348 06dc 8E020000 		.4byte	.LASF57
 1349 06e0 8E020000 		.4byte	.LASF57
 1350 06e4 0F       		.byte	0xf
 1351 06e5 E7       		.byte	0xe7
 1352 06e6 13       		.uleb128 0x13
 1353 06e7 64030000 		.4byte	.LASF58
 1354 06eb 64030000 		.4byte	.LASF58
 1355 06ef 10       		.byte	0x10
 1356 06f0 8B       		.byte	0x8b
 1357 06f1 13       		.uleb128 0x13
 1358 06f2 46010000 		.4byte	.LASF59
ARM GAS  C:\Users\Blayke\AppData\Local\Temp\cc9aRwNh.s 			page 28


 1359 06f6 46010000 		.4byte	.LASF59
 1360 06fa 0D       		.byte	0xd
 1361 06fb 4F       		.byte	0x4f
 1362 06fc 13       		.uleb128 0x13
 1363 06fd F9010000 		.4byte	.LASF60
 1364 0701 F9010000 		.4byte	.LASF60
 1365 0705 0E       		.byte	0xe
 1366 0706 4F       		.byte	0x4f
 1367 0707 13       		.uleb128 0x13
 1368 0708 60020000 		.4byte	.LASF61
 1369 070c 60020000 		.4byte	.LASF61
 1370 0710 0A       		.byte	0xa
 1371 0711 DC       		.byte	0xdc
 1372 0712 13       		.uleb128 0x13
 1373 0713 A3010000 		.4byte	.LASF62
 1374 0717 A3010000 		.4byte	.LASF62
 1375 071b 0B       		.byte	0xb
 1376 071c DC       		.byte	0xdc
 1377 071d 00       		.byte	0
 1378              		.section	.debug_abbrev,"",%progbits
 1379              	.Ldebug_abbrev0:
 1380 0000 01       		.uleb128 0x1
 1381 0001 11       		.uleb128 0x11
 1382 0002 01       		.byte	0x1
 1383 0003 25       		.uleb128 0x25
 1384 0004 0E       		.uleb128 0xe
 1385 0005 13       		.uleb128 0x13
 1386 0006 0B       		.uleb128 0xb
 1387 0007 03       		.uleb128 0x3
 1388 0008 0E       		.uleb128 0xe
 1389 0009 1B       		.uleb128 0x1b
 1390 000a 0E       		.uleb128 0xe
 1391 000b 55       		.uleb128 0x55
 1392 000c 17       		.uleb128 0x17
 1393 000d 11       		.uleb128 0x11
 1394 000e 01       		.uleb128 0x1
 1395 000f 10       		.uleb128 0x10
 1396 0010 17       		.uleb128 0x17
 1397 0011 00       		.byte	0
 1398 0012 00       		.byte	0
 1399 0013 02       		.uleb128 0x2
 1400 0014 24       		.uleb128 0x24
 1401 0015 00       		.byte	0
 1402 0016 0B       		.uleb128 0xb
 1403 0017 0B       		.uleb128 0xb
 1404 0018 3E       		.uleb128 0x3e
 1405 0019 0B       		.uleb128 0xb
 1406 001a 03       		.uleb128 0x3
 1407 001b 0E       		.uleb128 0xe
 1408 001c 00       		.byte	0
 1409 001d 00       		.byte	0
 1410 001e 03       		.uleb128 0x3
 1411 001f 16       		.uleb128 0x16
 1412 0020 00       		.byte	0
 1413 0021 03       		.uleb128 0x3
 1414 0022 0E       		.uleb128 0xe
 1415 0023 3A       		.uleb128 0x3a
ARM GAS  C:\Users\Blayke\AppData\Local\Temp\cc9aRwNh.s 			page 29


 1416 0024 0B       		.uleb128 0xb
 1417 0025 3B       		.uleb128 0x3b
 1418 0026 0B       		.uleb128 0xb
 1419 0027 49       		.uleb128 0x49
 1420 0028 13       		.uleb128 0x13
 1421 0029 00       		.byte	0
 1422 002a 00       		.byte	0
 1423 002b 04       		.uleb128 0x4
 1424 002c 24       		.uleb128 0x24
 1425 002d 00       		.byte	0
 1426 002e 0B       		.uleb128 0xb
 1427 002f 0B       		.uleb128 0xb
 1428 0030 3E       		.uleb128 0x3e
 1429 0031 0B       		.uleb128 0xb
 1430 0032 03       		.uleb128 0x3
 1431 0033 08       		.uleb128 0x8
 1432 0034 00       		.byte	0
 1433 0035 00       		.byte	0
 1434 0036 05       		.uleb128 0x5
 1435 0037 2E       		.uleb128 0x2e
 1436 0038 01       		.byte	0x1
 1437 0039 3F       		.uleb128 0x3f
 1438 003a 19       		.uleb128 0x19
 1439 003b 03       		.uleb128 0x3
 1440 003c 0E       		.uleb128 0xe
 1441 003d 3A       		.uleb128 0x3a
 1442 003e 0B       		.uleb128 0xb
 1443 003f 3B       		.uleb128 0x3b
 1444 0040 0B       		.uleb128 0xb
 1445 0041 27       		.uleb128 0x27
 1446 0042 19       		.uleb128 0x19
 1447 0043 11       		.uleb128 0x11
 1448 0044 01       		.uleb128 0x1
 1449 0045 12       		.uleb128 0x12
 1450 0046 06       		.uleb128 0x6
 1451 0047 40       		.uleb128 0x40
 1452 0048 18       		.uleb128 0x18
 1453 0049 9642     		.uleb128 0x2116
 1454 004b 19       		.uleb128 0x19
 1455 004c 01       		.uleb128 0x1
 1456 004d 13       		.uleb128 0x13
 1457 004e 00       		.byte	0
 1458 004f 00       		.byte	0
 1459 0050 06       		.uleb128 0x6
 1460 0051 05       		.uleb128 0x5
 1461 0052 00       		.byte	0
 1462 0053 03       		.uleb128 0x3
 1463 0054 0E       		.uleb128 0xe
 1464 0055 3A       		.uleb128 0x3a
 1465 0056 0B       		.uleb128 0xb
 1466 0057 3B       		.uleb128 0x3b
 1467 0058 0B       		.uleb128 0xb
 1468 0059 49       		.uleb128 0x49
 1469 005a 13       		.uleb128 0x13
 1470 005b 02       		.uleb128 0x2
 1471 005c 17       		.uleb128 0x17
 1472 005d 00       		.byte	0
ARM GAS  C:\Users\Blayke\AppData\Local\Temp\cc9aRwNh.s 			page 30


 1473 005e 00       		.byte	0
 1474 005f 07       		.uleb128 0x7
 1475 0060 34       		.uleb128 0x34
 1476 0061 00       		.byte	0
 1477 0062 03       		.uleb128 0x3
 1478 0063 0E       		.uleb128 0xe
 1479 0064 3A       		.uleb128 0x3a
 1480 0065 0B       		.uleb128 0xb
 1481 0066 3B       		.uleb128 0x3b
 1482 0067 0B       		.uleb128 0xb
 1483 0068 49       		.uleb128 0x49
 1484 0069 13       		.uleb128 0x13
 1485 006a 02       		.uleb128 0x2
 1486 006b 17       		.uleb128 0x17
 1487 006c 00       		.byte	0
 1488 006d 00       		.byte	0
 1489 006e 08       		.uleb128 0x8
 1490 006f 898201   		.uleb128 0x4109
 1491 0072 01       		.byte	0x1
 1492 0073 11       		.uleb128 0x11
 1493 0074 01       		.uleb128 0x1
 1494 0075 31       		.uleb128 0x31
 1495 0076 13       		.uleb128 0x13
 1496 0077 01       		.uleb128 0x1
 1497 0078 13       		.uleb128 0x13
 1498 0079 00       		.byte	0
 1499 007a 00       		.byte	0
 1500 007b 09       		.uleb128 0x9
 1501 007c 8A8201   		.uleb128 0x410a
 1502 007f 00       		.byte	0
 1503 0080 02       		.uleb128 0x2
 1504 0081 18       		.uleb128 0x18
 1505 0082 9142     		.uleb128 0x2111
 1506 0084 18       		.uleb128 0x18
 1507 0085 00       		.byte	0
 1508 0086 00       		.byte	0
 1509 0087 0A       		.uleb128 0xa
 1510 0088 898201   		.uleb128 0x4109
 1511 008b 00       		.byte	0
 1512 008c 11       		.uleb128 0x11
 1513 008d 01       		.uleb128 0x1
 1514 008e 31       		.uleb128 0x31
 1515 008f 13       		.uleb128 0x13
 1516 0090 00       		.byte	0
 1517 0091 00       		.byte	0
 1518 0092 0B       		.uleb128 0xb
 1519 0093 34       		.uleb128 0x34
 1520 0094 00       		.byte	0
 1521 0095 03       		.uleb128 0x3
 1522 0096 0E       		.uleb128 0xe
 1523 0097 3A       		.uleb128 0x3a
 1524 0098 0B       		.uleb128 0xb
 1525 0099 3B       		.uleb128 0x3b
 1526 009a 0B       		.uleb128 0xb
 1527 009b 49       		.uleb128 0x49
 1528 009c 13       		.uleb128 0x13
 1529 009d 00       		.byte	0
ARM GAS  C:\Users\Blayke\AppData\Local\Temp\cc9aRwNh.s 			page 31


 1530 009e 00       		.byte	0
 1531 009f 0C       		.uleb128 0xc
 1532 00a0 2E       		.uleb128 0x2e
 1533 00a1 01       		.byte	0x1
 1534 00a2 3F       		.uleb128 0x3f
 1535 00a3 19       		.uleb128 0x19
 1536 00a4 03       		.uleb128 0x3
 1537 00a5 0E       		.uleb128 0xe
 1538 00a6 3A       		.uleb128 0x3a
 1539 00a7 0B       		.uleb128 0xb
 1540 00a8 3B       		.uleb128 0x3b
 1541 00a9 0B       		.uleb128 0xb
 1542 00aa 27       		.uleb128 0x27
 1543 00ab 19       		.uleb128 0x19
 1544 00ac 11       		.uleb128 0x11
 1545 00ad 01       		.uleb128 0x1
 1546 00ae 12       		.uleb128 0x12
 1547 00af 06       		.uleb128 0x6
 1548 00b0 40       		.uleb128 0x40
 1549 00b1 18       		.uleb128 0x18
 1550 00b2 9742     		.uleb128 0x2117
 1551 00b4 19       		.uleb128 0x19
 1552 00b5 01       		.uleb128 0x1
 1553 00b6 13       		.uleb128 0x13
 1554 00b7 00       		.byte	0
 1555 00b8 00       		.byte	0
 1556 00b9 0D       		.uleb128 0xd
 1557 00ba 898201   		.uleb128 0x4109
 1558 00bd 01       		.byte	0x1
 1559 00be 11       		.uleb128 0x11
 1560 00bf 01       		.uleb128 0x1
 1561 00c0 31       		.uleb128 0x31
 1562 00c1 13       		.uleb128 0x13
 1563 00c2 00       		.byte	0
 1564 00c3 00       		.byte	0
 1565 00c4 0E       		.uleb128 0xe
 1566 00c5 34       		.uleb128 0x34
 1567 00c6 00       		.byte	0
 1568 00c7 03       		.uleb128 0x3
 1569 00c8 0E       		.uleb128 0xe
 1570 00c9 3A       		.uleb128 0x3a
 1571 00ca 0B       		.uleb128 0xb
 1572 00cb 3B       		.uleb128 0x3b
 1573 00cc 05       		.uleb128 0x5
 1574 00cd 49       		.uleb128 0x49
 1575 00ce 13       		.uleb128 0x13
 1576 00cf 3F       		.uleb128 0x3f
 1577 00d0 19       		.uleb128 0x19
 1578 00d1 3C       		.uleb128 0x3c
 1579 00d2 19       		.uleb128 0x19
 1580 00d3 00       		.byte	0
 1581 00d4 00       		.byte	0
 1582 00d5 0F       		.uleb128 0xf
 1583 00d6 35       		.uleb128 0x35
 1584 00d7 00       		.byte	0
 1585 00d8 49       		.uleb128 0x49
 1586 00d9 13       		.uleb128 0x13
ARM GAS  C:\Users\Blayke\AppData\Local\Temp\cc9aRwNh.s 			page 32


 1587 00da 00       		.byte	0
 1588 00db 00       		.byte	0
 1589 00dc 10       		.uleb128 0x10
 1590 00dd 34       		.uleb128 0x34
 1591 00de 00       		.byte	0
 1592 00df 03       		.uleb128 0x3
 1593 00e0 0E       		.uleb128 0xe
 1594 00e1 3A       		.uleb128 0x3a
 1595 00e2 0B       		.uleb128 0xb
 1596 00e3 3B       		.uleb128 0x3b
 1597 00e4 0B       		.uleb128 0xb
 1598 00e5 49       		.uleb128 0x49
 1599 00e6 13       		.uleb128 0x13
 1600 00e7 3F       		.uleb128 0x3f
 1601 00e8 19       		.uleb128 0x19
 1602 00e9 02       		.uleb128 0x2
 1603 00ea 18       		.uleb128 0x18
 1604 00eb 00       		.byte	0
 1605 00ec 00       		.byte	0
 1606 00ed 11       		.uleb128 0x11
 1607 00ee 01       		.uleb128 0x1
 1608 00ef 01       		.byte	0x1
 1609 00f0 49       		.uleb128 0x49
 1610 00f1 13       		.uleb128 0x13
 1611 00f2 01       		.uleb128 0x1
 1612 00f3 13       		.uleb128 0x13
 1613 00f4 00       		.byte	0
 1614 00f5 00       		.byte	0
 1615 00f6 12       		.uleb128 0x12
 1616 00f7 21       		.uleb128 0x21
 1617 00f8 00       		.byte	0
 1618 00f9 49       		.uleb128 0x49
 1619 00fa 13       		.uleb128 0x13
 1620 00fb 2F       		.uleb128 0x2f
 1621 00fc 0B       		.uleb128 0xb
 1622 00fd 00       		.byte	0
 1623 00fe 00       		.byte	0
 1624 00ff 13       		.uleb128 0x13
 1625 0100 2E       		.uleb128 0x2e
 1626 0101 00       		.byte	0
 1627 0102 3F       		.uleb128 0x3f
 1628 0103 19       		.uleb128 0x19
 1629 0104 3C       		.uleb128 0x3c
 1630 0105 19       		.uleb128 0x19
 1631 0106 6E       		.uleb128 0x6e
 1632 0107 0E       		.uleb128 0xe
 1633 0108 03       		.uleb128 0x3
 1634 0109 0E       		.uleb128 0xe
 1635 010a 3A       		.uleb128 0x3a
 1636 010b 0B       		.uleb128 0xb
 1637 010c 3B       		.uleb128 0x3b
 1638 010d 0B       		.uleb128 0xb
 1639 010e 00       		.byte	0
 1640 010f 00       		.byte	0
 1641 0110 14       		.uleb128 0x14
 1642 0111 2E       		.uleb128 0x2e
 1643 0112 00       		.byte	0
ARM GAS  C:\Users\Blayke\AppData\Local\Temp\cc9aRwNh.s 			page 33


 1644 0113 3F       		.uleb128 0x3f
 1645 0114 19       		.uleb128 0x19
 1646 0115 3C       		.uleb128 0x3c
 1647 0116 19       		.uleb128 0x19
 1648 0117 6E       		.uleb128 0x6e
 1649 0118 0E       		.uleb128 0xe
 1650 0119 03       		.uleb128 0x3
 1651 011a 0E       		.uleb128 0xe
 1652 011b 3A       		.uleb128 0x3a
 1653 011c 0B       		.uleb128 0xb
 1654 011d 3B       		.uleb128 0x3b
 1655 011e 05       		.uleb128 0x5
 1656 011f 00       		.byte	0
 1657 0120 00       		.byte	0
 1658 0121 00       		.byte	0
 1659              		.section	.debug_loc,"",%progbits
 1660              	.Ldebug_loc0:
 1661              	.LLST0:
 1662 0000 00000000 		.4byte	.LVL0
 1663 0004 16000000 		.4byte	.LVL4
 1664 0008 0100     		.2byte	0x1
 1665 000a 50       		.byte	0x50
 1666 000b 16000000 		.4byte	.LVL4
 1667 000f 26000000 		.4byte	.LVL7
 1668 0013 0100     		.2byte	0x1
 1669 0015 54       		.byte	0x54
 1670 0016 26000000 		.4byte	.LVL7
 1671 001a 28000000 		.4byte	.LVL8
 1672 001e 0100     		.2byte	0x1
 1673 0020 50       		.byte	0x50
 1674 0021 28000000 		.4byte	.LVL8
 1675 0025 7A000000 		.4byte	.LVL25
 1676 0029 0100     		.2byte	0x1
 1677 002b 54       		.byte	0x54
 1678 002c 7A000000 		.4byte	.LVL25
 1679 0030 48010000 		.4byte	.LFE64
 1680 0034 0400     		.2byte	0x4
 1681 0036 F3       		.byte	0xf3
 1682 0037 01       		.uleb128 0x1
 1683 0038 50       		.byte	0x50
 1684 0039 9F       		.byte	0x9f
 1685 003a 00000000 		.4byte	0
 1686 003e 00000000 		.4byte	0
 1687              	.LLST1:
 1688 0042 00000000 		.4byte	.LVL0
 1689 0046 19000000 		.4byte	.LVL5-1
 1690 004a 0100     		.2byte	0x1
 1691 004c 51       		.byte	0x51
 1692 004d 19000000 		.4byte	.LVL5-1
 1693 0051 26000000 		.4byte	.LVL7
 1694 0055 0400     		.2byte	0x4
 1695 0057 F3       		.byte	0xf3
 1696 0058 01       		.uleb128 0x1
 1697 0059 51       		.byte	0x51
 1698 005a 9F       		.byte	0x9f
 1699 005b 26000000 		.4byte	.LVL7
 1700 005f 2B000000 		.4byte	.LVL9-1
ARM GAS  C:\Users\Blayke\AppData\Local\Temp\cc9aRwNh.s 			page 34


 1701 0063 0100     		.2byte	0x1
 1702 0065 51       		.byte	0x51
 1703 0066 2B000000 		.4byte	.LVL9-1
 1704 006a 48010000 		.4byte	.LFE64
 1705 006e 0400     		.2byte	0x4
 1706 0070 F3       		.byte	0xf3
 1707 0071 01       		.uleb128 0x1
 1708 0072 51       		.byte	0x51
 1709 0073 9F       		.byte	0x9f
 1710 0074 00000000 		.4byte	0
 1711 0078 00000000 		.4byte	0
 1712              	.LLST2:
 1713 007c 6C000000 		.4byte	.LVL22
 1714 0080 6F000000 		.4byte	.LVL23-1
 1715 0084 0100     		.2byte	0x1
 1716 0086 50       		.byte	0x50
 1717 0087 6F000000 		.4byte	.LVL23-1
 1718 008b 82000000 		.4byte	.LVL27
 1719 008f 0100     		.2byte	0x1
 1720 0091 56       		.byte	0x56
 1721 0092 82000000 		.4byte	.LVL27
 1722 0096 85000000 		.4byte	.LVL28-1
 1723 009a 0100     		.2byte	0x1
 1724 009c 50       		.byte	0x50
 1725 009d 85000000 		.4byte	.LVL28-1
 1726 00a1 D4000000 		.4byte	.LVL40
 1727 00a5 0100     		.2byte	0x1
 1728 00a7 54       		.byte	0x54
 1729 00a8 D4000000 		.4byte	.LVL40
 1730 00ac 28010000 		.4byte	.LVL50
 1731 00b0 0100     		.2byte	0x1
 1732 00b2 56       		.byte	0x56
 1733 00b3 00000000 		.4byte	0
 1734 00b7 00000000 		.4byte	0
 1735              	.LLST3:
 1736 00bb 72000000 		.4byte	.LVL24
 1737 00bf 7A000000 		.4byte	.LVL25
 1738 00c3 0100     		.2byte	0x1
 1739 00c5 50       		.byte	0x50
 1740 00c6 7A000000 		.4byte	.LVL25
 1741 00ca 88000000 		.4byte	.LVL29
 1742 00ce 0200     		.2byte	0x2
 1743 00d0 7D       		.byte	0x7d
 1744 00d1 00       		.sleb128 0
 1745 00d2 88000000 		.4byte	.LVL29
 1746 00d6 8A000000 		.4byte	.LVL30
 1747 00da 0100     		.2byte	0x1
 1748 00dc 50       		.byte	0x50
 1749 00dd 8A000000 		.4byte	.LVL30
 1750 00e1 24010000 		.4byte	.LVL49
 1751 00e5 0200     		.2byte	0x2
 1752 00e7 7D       		.byte	0x7d
 1753 00e8 00       		.sleb128 0
 1754 00e9 24010000 		.4byte	.LVL49
 1755 00ed 28010000 		.4byte	.LVL50
 1756 00f1 0200     		.2byte	0x2
 1757 00f3 91       		.byte	0x91
ARM GAS  C:\Users\Blayke\AppData\Local\Temp\cc9aRwNh.s 			page 35


 1758 00f4 50       		.sleb128 -48
 1759 00f5 28010000 		.4byte	.LVL50
 1760 00f9 48010000 		.4byte	.LFE64
 1761 00fd 0200     		.2byte	0x2
 1762 00ff 7D       		.byte	0x7d
 1763 0100 50       		.sleb128 -48
 1764 0101 00000000 		.4byte	0
 1765 0105 00000000 		.4byte	0
 1766              	.LLST4:
 1767 0109 66000000 		.4byte	.LVL20
 1768 010d 69000000 		.4byte	.LVL21-1
 1769 0111 0100     		.2byte	0x1
 1770 0113 50       		.byte	0x50
 1771 0114 69000000 		.4byte	.LVL21-1
 1772 0118 28010000 		.4byte	.LVL50
 1773 011c 0100     		.2byte	0x1
 1774 011e 5B       		.byte	0x5b
 1775 011f 00000000 		.4byte	0
 1776 0123 00000000 		.4byte	0
 1777              	.LLST5:
 1778 0127 20000000 		.4byte	.LVL6
 1779 012b 26000000 		.4byte	.LVL7
 1780 012f 0200     		.2byte	0x2
 1781 0131 31       		.byte	0x31
 1782 0132 9F       		.byte	0x9f
 1783 0133 32000000 		.4byte	.LVL10
 1784 0137 36000000 		.4byte	.LVL11
 1785 013b 0200     		.2byte	0x2
 1786 013d 30       		.byte	0x30
 1787 013e 9F       		.byte	0x9f
 1788 013f 36000000 		.4byte	.LVL11
 1789 0143 28010000 		.4byte	.LVL50
 1790 0147 0200     		.2byte	0x2
 1791 0149 91       		.byte	0x91
 1792 014a 54       		.sleb128 -44
 1793 014b 28010000 		.4byte	.LVL50
 1794 014f 48010000 		.4byte	.LFE64
 1795 0153 0200     		.2byte	0x2
 1796 0155 7D       		.byte	0x7d
 1797 0156 54       		.sleb128 -44
 1798 0157 00000000 		.4byte	0
 1799 015b 00000000 		.4byte	0
 1800              	.LLST6:
 1801 015f 0A000000 		.4byte	.LVL1
 1802 0163 7A000000 		.4byte	.LVL25
 1803 0167 0400     		.2byte	0x4
 1804 0169 0B       		.byte	0xb
 1805 016a BBFD     		.2byte	0xfdbb
 1806 016c 9F       		.byte	0x9f
 1807 016d 7A000000 		.4byte	.LVL25
 1808 0171 D2000000 		.4byte	.LVL39
 1809 0175 0100     		.2byte	0x1
 1810 0177 5A       		.byte	0x5a
 1811 0178 D2000000 		.4byte	.LVL39
 1812 017c D4000000 		.4byte	.LVL40
 1813 0180 0100     		.2byte	0x1
 1814 0182 54       		.byte	0x54
ARM GAS  C:\Users\Blayke\AppData\Local\Temp\cc9aRwNh.s 			page 36


 1815 0183 D4000000 		.4byte	.LVL40
 1816 0187 28010000 		.4byte	.LVL50
 1817 018b 0100     		.2byte	0x1
 1818 018d 5A       		.byte	0x5a
 1819 018e 00000000 		.4byte	0
 1820 0192 00000000 		.4byte	0
 1821              	.LLST7:
 1822 0196 0A000000 		.4byte	.LVL1
 1823 019a 7A000000 		.4byte	.LVL25
 1824 019e 0200     		.2byte	0x2
 1825 01a0 30       		.byte	0x30
 1826 01a1 9F       		.byte	0x9f
 1827 01a2 7A000000 		.4byte	.LVL25
 1828 01a6 D2000000 		.4byte	.LVL39
 1829 01aa 0100     		.2byte	0x1
 1830 01ac 57       		.byte	0x57
 1831 01ad D2000000 		.4byte	.LVL39
 1832 01b1 D4000000 		.4byte	.LVL40
 1833 01b5 0100     		.2byte	0x1
 1834 01b7 50       		.byte	0x50
 1835 01b8 D4000000 		.4byte	.LVL40
 1836 01bc 28010000 		.4byte	.LVL50
 1837 01c0 0100     		.2byte	0x1
 1838 01c2 57       		.byte	0x57
 1839 01c3 00000000 		.4byte	0
 1840 01c7 00000000 		.4byte	0
 1841              	.LLST8:
 1842 01cb 0A000000 		.4byte	.LVL1
 1843 01cf 0E000000 		.4byte	.LVL2
 1844 01d3 0100     		.2byte	0x1
 1845 01d5 51       		.byte	0x51
 1846 01d6 0E000000 		.4byte	.LVL2
 1847 01da 10000000 		.4byte	.LVL3
 1848 01de 0300     		.2byte	0x3
 1849 01e0 08       		.byte	0x8
 1850 01e1 AA       		.byte	0xaa
 1851 01e2 9F       		.byte	0x9f
 1852 01e3 00000000 		.4byte	0
 1853 01e7 00000000 		.4byte	0
 1854              	.LLST10:
 1855 01eb 00000000 		.4byte	.LVL51
 1856 01ef 12000000 		.4byte	.LVL55
 1857 01f3 0100     		.2byte	0x1
 1858 01f5 50       		.byte	0x50
 1859 01f6 12000000 		.4byte	.LVL55
 1860 01fa 1E000000 		.4byte	.LVL58
 1861 01fe 0100     		.2byte	0x1
 1862 0200 55       		.byte	0x55
 1863 0201 1E000000 		.4byte	.LVL58
 1864 0205 20000000 		.4byte	.LVL59
 1865 0209 0100     		.2byte	0x1
 1866 020b 50       		.byte	0x50
 1867 020c 20000000 		.4byte	.LVL59
 1868 0210 7A000000 		.4byte	.LVL76
 1869 0214 0100     		.2byte	0x1
 1870 0216 55       		.byte	0x55
 1871 0217 7A000000 		.4byte	.LVL76
ARM GAS  C:\Users\Blayke\AppData\Local\Temp\cc9aRwNh.s 			page 37


 1872 021b C4000000 		.4byte	.LFE65
 1873 021f 0400     		.2byte	0x4
 1874 0221 F3       		.byte	0xf3
 1875 0222 01       		.uleb128 0x1
 1876 0223 50       		.byte	0x50
 1877 0224 9F       		.byte	0x9f
 1878 0225 00000000 		.4byte	0
 1879 0229 00000000 		.4byte	0
 1880              	.LLST11:
 1881 022d 00000000 		.4byte	.LVL51
 1882 0231 15000000 		.4byte	.LVL56-1
 1883 0235 0100     		.2byte	0x1
 1884 0237 51       		.byte	0x51
 1885 0238 15000000 		.4byte	.LVL56-1
 1886 023c 1E000000 		.4byte	.LVL58
 1887 0240 0400     		.2byte	0x4
 1888 0242 F3       		.byte	0xf3
 1889 0243 01       		.uleb128 0x1
 1890 0244 51       		.byte	0x51
 1891 0245 9F       		.byte	0x9f
 1892 0246 1E000000 		.4byte	.LVL58
 1893 024a 23000000 		.4byte	.LVL60-1
 1894 024e 0100     		.2byte	0x1
 1895 0250 51       		.byte	0x51
 1896 0251 23000000 		.4byte	.LVL60-1
 1897 0255 C4000000 		.4byte	.LFE65
 1898 0259 0400     		.2byte	0x4
 1899 025b F3       		.byte	0xf3
 1900 025c 01       		.uleb128 0x1
 1901 025d 51       		.byte	0x51
 1902 025e 9F       		.byte	0x9f
 1903 025f 00000000 		.4byte	0
 1904 0263 00000000 		.4byte	0
 1905              	.LLST12:
 1906 0267 7A000000 		.4byte	.LVL76
 1907 026b 7C000000 		.4byte	.LVL77
 1908 026f 0100     		.2byte	0x1
 1909 0271 50       		.byte	0x50
 1910 0272 7C000000 		.4byte	.LVL77
 1911 0276 82000000 		.4byte	.LVL79
 1912 027a 0100     		.2byte	0x1
 1913 027c 55       		.byte	0x55
 1914 027d 82000000 		.4byte	.LVL79
 1915 0281 85000000 		.4byte	.LVL80-1
 1916 0285 0100     		.2byte	0x1
 1917 0287 50       		.byte	0x50
 1918 0288 85000000 		.4byte	.LVL80-1
 1919 028c AC000000 		.4byte	.LVL87
 1920 0290 0100     		.2byte	0x1
 1921 0292 55       		.byte	0x55
 1922 0293 00000000 		.4byte	0
 1923 0297 00000000 		.4byte	0
 1924              	.LLST13:
 1925 029b 70000000 		.4byte	.LVL73
 1926 029f 73000000 		.4byte	.LVL74-1
 1927 02a3 0100     		.2byte	0x1
 1928 02a5 50       		.byte	0x50
ARM GAS  C:\Users\Blayke\AppData\Local\Temp\cc9aRwNh.s 			page 38


 1929 02a6 73000000 		.4byte	.LVL74-1
 1930 02aa AC000000 		.4byte	.LVL87
 1931 02ae 0100     		.2byte	0x1
 1932 02b0 56       		.byte	0x56
 1933 02b1 00000000 		.4byte	0
 1934 02b5 00000000 		.4byte	0
 1935              	.LLST14:
 1936 02b9 40000000 		.4byte	.LVL65
 1937 02bd 46000000 		.4byte	.LVL66
 1938 02c1 0600     		.2byte	0x6
 1939 02c3 75       		.byte	0x75
 1940 02c4 00       		.sleb128 0
 1941 02c5 08       		.byte	0x8
 1942 02c6 6B       		.byte	0x6b
 1943 02c7 1E       		.byte	0x1e
 1944 02c8 9F       		.byte	0x9f
 1945 02c9 46000000 		.4byte	.LVL66
 1946 02cd 49000000 		.4byte	.LVL67-1
 1947 02d1 0100     		.2byte	0x1
 1948 02d3 50       		.byte	0x50
 1949 02d4 49000000 		.4byte	.LVL67-1
 1950 02d8 7A000000 		.4byte	.LVL76
 1951 02dc 0600     		.2byte	0x6
 1952 02de 75       		.byte	0x75
 1953 02df 00       		.sleb128 0
 1954 02e0 08       		.byte	0x8
 1955 02e1 6B       		.byte	0x6b
 1956 02e2 1E       		.byte	0x1e
 1957 02e3 9F       		.byte	0x9f
 1958 02e4 7A000000 		.4byte	.LVL76
 1959 02e8 C4000000 		.4byte	.LFE65
 1960 02ec 0700     		.2byte	0x7
 1961 02ee F3       		.byte	0xf3
 1962 02ef 01       		.uleb128 0x1
 1963 02f0 50       		.byte	0x50
 1964 02f1 08       		.byte	0x8
 1965 02f2 6B       		.byte	0x6b
 1966 02f3 1E       		.byte	0x1e
 1967 02f4 9F       		.byte	0x9f
 1968 02f5 00000000 		.4byte	0
 1969 02f9 00000000 		.4byte	0
 1970              	.LLST15:
 1971 02fd 06000000 		.4byte	.LVL52
 1972 0301 0A000000 		.4byte	.LVL53
 1973 0305 0100     		.2byte	0x1
 1974 0307 51       		.byte	0x51
 1975 0308 0A000000 		.4byte	.LVL53
 1976 030c 0C000000 		.4byte	.LVL54
 1977 0310 0300     		.2byte	0x3
 1978 0312 08       		.byte	0x8
 1979 0313 AA       		.byte	0xaa
 1980 0314 9F       		.byte	0x9f
 1981 0315 00000000 		.4byte	0
 1982 0319 00000000 		.4byte	0
 1983              	.LLST17:
 1984 031d 00000000 		.4byte	.LVL88
 1985 0321 0C000000 		.4byte	.LVL90
ARM GAS  C:\Users\Blayke\AppData\Local\Temp\cc9aRwNh.s 			page 39


 1986 0325 0100     		.2byte	0x1
 1987 0327 50       		.byte	0x50
 1988 0328 0C000000 		.4byte	.LVL90
 1989 032c 2A000000 		.4byte	.LFE66
 1990 0330 0100     		.2byte	0x1
 1991 0332 55       		.byte	0x55
 1992 0333 00000000 		.4byte	0
 1993 0337 00000000 		.4byte	0
 1994              	.LLST18:
 1995 033b 00000000 		.4byte	.LVL88
 1996 033f 0A000000 		.4byte	.LVL89
 1997 0343 0100     		.2byte	0x1
 1998 0345 51       		.byte	0x51
 1999 0346 0A000000 		.4byte	.LVL89
 2000 034a 2A000000 		.4byte	.LFE66
 2001 034e 0100     		.2byte	0x1
 2002 0350 56       		.byte	0x56
 2003 0351 00000000 		.4byte	0
 2004 0355 00000000 		.4byte	0
 2005              	.LLST19:
 2006 0359 00000000 		.4byte	.LVL88
 2007 035d 0F000000 		.4byte	.LVL91-1
 2008 0361 0100     		.2byte	0x1
 2009 0363 52       		.byte	0x52
 2010 0364 0F000000 		.4byte	.LVL91-1
 2011 0368 2A000000 		.4byte	.LFE66
 2012 036c 0100     		.2byte	0x1
 2013 036e 54       		.byte	0x54
 2014 036f 00000000 		.4byte	0
 2015 0373 00000000 		.4byte	0
 2016              		.section	.debug_aranges,"",%progbits
 2017 0000 2C000000 		.4byte	0x2c
 2018 0004 0200     		.2byte	0x2
 2019 0006 00000000 		.4byte	.Ldebug_info0
 2020 000a 04       		.byte	0x4
 2021 000b 00       		.byte	0
 2022 000c 0000     		.2byte	0
 2023 000e 0000     		.2byte	0
 2024 0010 00000000 		.4byte	.LFB64
 2025 0014 48010000 		.4byte	.LFE64-.LFB64
 2026 0018 00000000 		.4byte	.LFB65
 2027 001c C4000000 		.4byte	.LFE65-.LFB65
 2028 0020 00000000 		.4byte	.LFB66
 2029 0024 2A000000 		.4byte	.LFE66-.LFB66
 2030 0028 00000000 		.4byte	0
 2031 002c 00000000 		.4byte	0
 2032              		.section	.debug_ranges,"",%progbits
 2033              	.Ldebug_ranges0:
 2034 0000 00000000 		.4byte	.LFB64
 2035 0004 48010000 		.4byte	.LFE64
 2036 0008 00000000 		.4byte	.LFB65
 2037 000c C4000000 		.4byte	.LFE65
 2038 0010 00000000 		.4byte	.LFB66
 2039 0014 2A000000 		.4byte	.LFE66
 2040 0018 00000000 		.4byte	0
 2041 001c 00000000 		.4byte	0
 2042              		.section	.debug_line,"",%progbits
ARM GAS  C:\Users\Blayke\AppData\Local\Temp\cc9aRwNh.s 			page 40


 2043              	.Ldebug_line0:
 2044 0000 15030000 		.section	.debug_str,"MS",%progbits,1
 2044      02008102 
 2044      00000201 
 2044      FB0E0D00 
 2044      01010101 
 2045              	.LASF29:
 2046 0000 7472616E 		.ascii	"translateMoveDynamic\000"
 2046      736C6174 
 2046      654D6F76 
 2046      6544796E 
 2046      616D6963 
 2047              	.LASF52:
 2048 0015 4D6F746F 		.ascii	"Motor_Right_Driver_WriteCompare\000"
 2048      725F5269 
 2048      6768745F 
 2048      44726976 
 2048      65725F57 
 2049              	.LASF24:
 2050 0035 73706565 		.ascii	"speed_left\000"
 2050      645F6C65 
 2050      667400
 2051              	.LASF42:
 2052 0040 7475726E 		.ascii	"turningLeftFlag\000"
 2052      696E674C 
 2052      65667446 
 2052      6C616700 
 2053              	.LASF55:
 2054 0050 4D6F746F 		.ascii	"Motor_Right_Decoder_GetCounter\000"
 2054      725F5269 
 2054      6768745F 
 2054      4465636F 
 2054      6465725F 
 2055              	.LASF2:
 2056 006f 73686F72 		.ascii	"short int\000"
 2056      7420696E 
 2056      7400
 2057              	.LASF40:
 2058 0079 64726976 		.ascii	"drivingForwardFlag\000"
 2058      696E6746 
 2058      6F727761 
 2058      7264466C 
 2058      616700
 2059              	.LASF20:
 2060 008c 636F6D70 		.ascii	"compare\000"
 2060      61726500 
 2061              	.LASF36:
 2062 0094 7075636B 		.ascii	"puckRackOffsetsFromWest\000"
 2062      5261636B 
 2062      4F666673 
 2062      65747346 
 2062      726F6D57 
 2063              	.LASF21:
 2064 00ac 64697265 		.ascii	"direction\000"
 2064      6374696F 
 2064      6E00
 2065              	.LASF14:
ARM GAS  C:\Users\Blayke\AppData\Local\Temp\cc9aRwNh.s 			page 41


 2066 00b6 6C6F6E67 		.ascii	"long double\000"
 2066      20646F75 
 2066      626C6500 
 2067              	.LASF65:
 2068 00c2 453A5C44 		.ascii	"E:\\Documents\\Uni S12019 Notes\\ECE3091\\Temp Clon"
 2068      6F63756D 
 2068      656E7473 
 2068      5C556E69 
 2068      20533132 
 2069 00f1 655C4543 		.ascii	"e\\ECE3091_Group17\\Group17RobotReal\\Group17Robot."
 2069      45333039 
 2069      315F4772 
 2069      6F757031 
 2069      375C4772 
 2070 0121 63796473 		.ascii	"cydsn\000"
 2070      6E00
 2071              	.LASF46:
 2072 0127 756C7472 		.ascii	"ultrasonic_flag\000"
 2072      61736F6E 
 2072      69635F66 
 2072      6C616700 
 2073              	.LASF23:
 2074 0137 656D6572 		.ascii	"emergency_exit\000"
 2074      67656E63 
 2074      795F6578 
 2074      697400
 2075              	.LASF59:
 2076 0146 4D6F746F 		.ascii	"Motor_Left_Decoder_SetCounter\000"
 2076      725F4C65 
 2076      66745F44 
 2076      65636F64 
 2076      65725F53 
 2077              	.LASF48:
 2078 0164 4D6F746F 		.ascii	"Motor_Right_Control_Write\000"
 2078      725F5269 
 2078      6768745F 
 2078      436F6E74 
 2078      726F6C5F 
 2079              	.LASF43:
 2080 017e 7475726E 		.ascii	"turningRightFlag\000"
 2080      696E6752 
 2080      69676874 
 2080      466C6167 
 2080      00
 2081              	.LASF11:
 2082 018f 666C6F61 		.ascii	"float\000"
 2082      7400
 2083              	.LASF6:
 2084 0195 6C6F6E67 		.ascii	"long long int\000"
 2084      206C6F6E 
 2084      6720696E 
 2084      7400
 2085              	.LASF62:
 2086 01a3 4D6F746F 		.ascii	"Motor_Right_Driver_Sleep\000"
 2086      725F5269 
 2086      6768745F 
 2086      44726976 
ARM GAS  C:\Users\Blayke\AppData\Local\Temp\cc9aRwNh.s 			page 42


 2086      65725F53 
 2087              	.LASF4:
 2088 01bc 6C6F6E67 		.ascii	"long int\000"
 2088      20696E74 
 2088      00
 2089              	.LASF32:
 2090 01c5 696E7465 		.ascii	"internal_orientation\000"
 2090      726E616C 
 2090      5F6F7269 
 2090      656E7461 
 2090      74696F6E 
 2091              	.LASF18:
 2092 01da 636F756E 		.ascii	"count_left\000"
 2092      745F6C65 
 2092      667400
 2093              	.LASF41:
 2094 01e5 64726976 		.ascii	"drivingBackwardFlag\000"
 2094      696E6742 
 2094      61636B77 
 2094      61726446 
 2094      6C616700 
 2095              	.LASF60:
 2096 01f9 4D6F746F 		.ascii	"Motor_Right_Decoder_SetCounter\000"
 2096      725F5269 
 2096      6768745F 
 2096      4465636F 
 2096      6465725F 
 2097              	.LASF39:
 2098 0218 7075636B 		.ascii	"puckPileLocation\000"
 2098      50696C65 
 2098      4C6F6361 
 2098      74696F6E 
 2098      00
 2099              	.LASF34:
 2100 0229 63757272 		.ascii	"currentPuckRackScanningIndex\000"
 2100      656E7450 
 2100      75636B52 
 2100      61636B53 
 2100      63616E6E 
 2101              	.LASF51:
 2102 0246 4D6F746F 		.ascii	"Motor_Right_Driver_Wakeup\000"
 2102      725F5269 
 2102      6768745F 
 2102      44726976 
 2102      65725F57 
 2103              	.LASF61:
 2104 0260 4D6F746F 		.ascii	"Motor_Left_Driver_Sleep\000"
 2104      725F4C65 
 2104      66745F44 
 2104      72697665 
 2104      725F536C 
 2105              	.LASF28:
 2106 0278 64656772 		.ascii	"degrees\000"
 2106      65657300 
 2107              	.LASF1:
 2108 0280 756E7369 		.ascii	"unsigned char\000"
 2108      676E6564 
ARM GAS  C:\Users\Blayke\AppData\Local\Temp\cc9aRwNh.s 			page 43


 2108      20636861 
 2108      7200
 2109              	.LASF57:
 2110 028e 73707269 		.ascii	"sprintf\000"
 2110      6E746600 
 2111              	.LASF53:
 2112 0296 726F756E 		.ascii	"round\000"
 2112      6400
 2113              	.LASF0:
 2114 029c 7369676E 		.ascii	"signed char\000"
 2114      65642063 
 2114      68617200 
 2115              	.LASF38:
 2116 02a8 626C6F63 		.ascii	"block_edge_location\000"
 2116      6B5F6564 
 2116      67655F6C 
 2116      6F636174 
 2116      696F6E00 
 2117              	.LASF7:
 2118 02bc 6C6F6E67 		.ascii	"long long unsigned int\000"
 2118      206C6F6E 
 2118      6720756E 
 2118      7369676E 
 2118      65642069 
 2119              	.LASF8:
 2120 02d3 756E7369 		.ascii	"unsigned int\000"
 2120      676E6564 
 2120      20696E74 
 2120      00
 2121              	.LASF17:
 2122 02e0 73706565 		.ascii	"speed\000"
 2122      6400
 2123              	.LASF22:
 2124 02e6 6F6C645F 		.ascii	"old_count\000"
 2124      636F756E 
 2124      7400
 2125              	.LASF3:
 2126 02f0 73686F72 		.ascii	"short unsigned int\000"
 2126      7420756E 
 2126      7369676E 
 2126      65642069 
 2126      6E7400
 2127              	.LASF37:
 2128 0303 73776565 		.ascii	"sweeping\000"
 2128      70696E67 
 2128      00
 2129              	.LASF13:
 2130 030c 63686172 		.ascii	"char\000"
 2130      00
 2131              	.LASF16:
 2132 0311 64697374 		.ascii	"distance\000"
 2132      616E6365 
 2132      00
 2133              	.LASF10:
 2134 031a 696E7433 		.ascii	"int32_t\000"
 2134      325F7400 
 2135              	.LASF33:
ARM GAS  C:\Users\Blayke\AppData\Local\Temp\cc9aRwNh.s 			page 44


 2136 0322 64726976 		.ascii	"driveStraightEnable\000"
 2136      65537472 
 2136      61696768 
 2136      74456E61 
 2136      626C6500 
 2137              	.LASF56:
 2138 0336 6661696C 		.ascii	"failsafe\000"
 2138      73616665 
 2138      00
 2139              	.LASF26:
 2140 033f 6D6F7665 		.ascii	"moveDynamic\000"
 2140      44796E61 
 2140      6D696300 
 2141              	.LASF5:
 2142 034b 6C6F6E67 		.ascii	"long unsigned int\000"
 2142      20756E73 
 2142      69676E65 
 2142      6420696E 
 2142      7400
 2143              	.LASF12:
 2144 035d 646F7562 		.ascii	"double\000"
 2144      6C6500
 2145              	.LASF58:
 2146 0364 55415254 		.ascii	"UART_1_PutString\000"
 2146      5F315F50 
 2146      75745374 
 2146      72696E67 
 2146      00
 2147              	.LASF47:
 2148 0375 4D6F746F 		.ascii	"Motor_Left_Control_Write\000"
 2148      725F4C65 
 2148      66745F43 
 2148      6F6E7472 
 2148      6F6C5F57 
 2149              	.LASF64:
 2150 038e 6D6F746F 		.ascii	"motor.c\000"
 2150      722E6300 
 2151              	.LASF9:
 2152 0396 5F5F696E 		.ascii	"__int32_t\000"
 2152      7433325F 
 2152      7400
 2153              	.LASF35:
 2154 03a0 7075636B 		.ascii	"puckRackColours\000"
 2154      5261636B 
 2154      436F6C6F 
 2154      75727300 
 2155              	.LASF15:
 2156 03b0 73697A65 		.ascii	"sizetype\000"
 2156      74797065 
 2156      00
 2157              	.LASF45:
 2158 03b9 6F757470 		.ascii	"output\000"
 2158      757400
 2159              	.LASF54:
 2160 03c0 4D6F746F 		.ascii	"Motor_Left_Decoder_GetCounter\000"
 2160      725F4C65 
 2160      66745F44 
ARM GAS  C:\Users\Blayke\AppData\Local\Temp\cc9aRwNh.s 			page 45


 2160      65636F64 
 2160      65725F47 
 2161              	.LASF30:
 2162 03de 64656772 		.ascii	"degree\000"
 2162      656500
 2163              	.LASF31:
 2164 03e5 49544D5F 		.ascii	"ITM_RxBuffer\000"
 2164      52784275 
 2164      66666572 
 2164      00
 2165              	.LASF63:
 2166 03f2 474E5520 		.ascii	"GNU C11 5.4.1 20160609 (release) [ARM/embedded-5-br"
 2166      43313120 
 2166      352E342E 
 2166      31203230 
 2166      31363036 
 2167 0425 616E6368 		.ascii	"anch revision 237715] -mcpu=cortex-m3 -mthumb -g -O"
 2167      20726576 
 2167      6973696F 
 2167      6E203233 
 2167      37373135 
 2168 0458 67202D66 		.ascii	"g -ffunction-sections -ffat-lto-objects\000"
 2168      66756E63 
 2168      74696F6E 
 2168      2D736563 
 2168      74696F6E 
 2169              	.LASF19:
 2170 0480 636F756E 		.ascii	"count_right\000"
 2170      745F7269 
 2170      67687400 
 2171              	.LASF25:
 2172 048c 73706565 		.ascii	"speed_right\000"
 2172      645F7269 
 2172      67687400 
 2173              	.LASF27:
 2174 0498 6D6F7665 		.ascii	"moveSwivel\000"
 2174      53776976 
 2174      656C00
 2175              	.LASF44:
 2176 04a3 696E6974 		.ascii	"initialisation\000"
 2176      69616C69 
 2176      73617469 
 2176      6F6E00
 2177              	.LASF50:
 2178 04b2 4D6F746F 		.ascii	"Motor_Left_Driver_WriteCompare\000"
 2178      725F4C65 
 2178      66745F44 
 2178      72697665 
 2178      725F5772 
 2179              	.LASF49:
 2180 04d1 4D6F746F 		.ascii	"Motor_Left_Driver_Wakeup\000"
 2180      725F4C65 
 2180      66745F44 
 2180      72697665 
 2180      725F5761 
 2181              		.ident	"GCC: (GNU Tools for ARM Embedded Processors) 5.4.1 20160609 (release) [ARM/embedded-5-bran
