ARM GAS  C:\Users\Misha\AppData\Local\Temp\ccG8QBYb.s 			page 1


   1              		.syntax unified
   2              		.cpu cortex-m3
   3              		.fpu softvfp
   4              		.eabi_attribute 20, 1
   5              		.eabi_attribute 21, 1
   6              		.eabi_attribute 23, 3
   7              		.eabi_attribute 24, 1
   8              		.eabi_attribute 25, 1
   9              		.eabi_attribute 26, 1
  10              		.eabi_attribute 30, 1
  11              		.eabi_attribute 34, 1
  12              		.eabi_attribute 18, 4
  13              		.thumb
  14              		.syntax unified
  15              		.file	"servo.c"
  16              		.text
  17              	.Ltext0:
  18              		.cfi_sections	.debug_frame
  19              		.section	.text.armOpen,"ax",%progbits
  20              		.align	2
  21              		.global	armOpen
  22              		.thumb
  23              		.thumb_func
  24              		.type	armOpen, %function
  25              	armOpen:
  26              	.LFB64:
  27              		.file 1 "servo.c"
   1:servo.c       **** 
   2:servo.c       **** /* ========================================
   3:servo.c       ****  *
   4:servo.c       ****  * Copyright Group 17, 2019
   5:servo.c       ****  * All Rights Reserved
   6:servo.c       ****  * UNPUBLISHED, LICENSED SOFTWARE.
   7:servo.c       ****  *
   8:servo.c       ****  * CONFIDENTIAL AND PROPRIETARY INFORMATION
   9:servo.c       ****  * WHICH IS THE PROPERTY OF Blayke, Misha, Nidhin.
  10:servo.c       ****  *
  11:servo.c       ****  * ========================================
  12:servo.c       **** */
  13:servo.c       **** 
  14:servo.c       **** // * PSOC LIBRARY * //
  15:servo.c       **** #include "project.h"
  16:servo.c       **** 
  17:servo.c       **** // * C LIBRARIES * // 
  18:servo.c       **** #include <stdio.h>
  19:servo.c       **** #include <math.h>
  20:servo.c       **** 
  21:servo.c       **** // * OUR LIBRARIES * //
  22:servo.c       **** #include "main.h"
  23:servo.c       **** #include "colour.h"
  24:servo.c       **** #include "ultrasonic.h" 
  25:servo.c       **** #include "dcmotor.h"
  26:servo.c       **** #include "servo.h"
  27:servo.c       **** #include "customMath.h"
  28:servo.c       **** 
  29:servo.c       **** 
  30:servo.c       **** //These are the values that correspond to open, closed, up and down positions of the 
ARM GAS  C:\Users\Misha\AppData\Local\Temp\ccG8QBYb.s 			page 2


  31:servo.c       **** //arm. These were found by experiment, so if need to recalibrate, you know where to go\
  32:servo.c       **** 
  33:servo.c       **** 
  34:servo.c       **** // Different positions of the arm:
  35:servo.c       ****     // Ground
  36:servo.c       ****     // 1 puck above
  37:servo.c       ****     // 2 pucks above
  38:servo.c       ****     // 3 pucks above
  39:servo.c       ****     // 4 pucks above
  40:servo.c       **** //  When the puck is dropped off at the construction zone, the claw will lift up to the
  41:servo.c       **** //      next puck level before it moves away 
  42:servo.c       **** 
  43:servo.c       **** // Notes:
  44:servo.c       ****     // values written to the rack are always divisible by 10, in order to comply with the code writ
  45:servo.c       ****     // E.g.: 100,1000,1500,2300, etc.
  46:servo.c       **** 
  47:servo.c       **** #define LOW_POS_ARM_CMP 2400 
  48:servo.c       **** #define HIGH_POS_ARM_CMP 1000
  49:servo.c       **** 
  50:servo.c       **** # define ARM_POS_GROUND 2400    // Arm positioned at the ground
  51:servo.c       **** # define ARM_POS_1 1700              // Arm positioned 1 pucks length above the ground (plus some t
  52:servo.c       **** # define ARM_POS_2 1250           // Arm positioned 2...
  53:servo.c       **** # define ARM_POS_3
  54:servo.c       **** 
  55:servo.c       **** #define GRIPPER_OPEN 1120 //1170
  56:servo.c       **** #define GRIPPER_CLOSED 1250
  57:servo.c       **** 
  58:servo.c       **** 
  59:servo.c       **** void armOpen(){
  28              		.loc 1 59 0
  29              		.cfi_startproc
  30              		@ args = 0, pretend = 0, frame = 0
  31              		@ frame_needed = 0, uses_anonymous_args = 0
  32 0000 08B5     		push	{r3, lr}
  33              		.cfi_def_cfa_offset 8
  34              		.cfi_offset 3, -8
  35              		.cfi_offset 14, -4
  60:servo.c       ****     Gripper_Servo_PWM_Wakeup();                    // Brings the servo back from sleep
  36              		.loc 1 60 0
  37 0002 FFF7FEFF 		bl	Gripper_Servo_PWM_Wakeup
  38              	.LVL0:
  61:servo.c       ****     Gripper_Servo_PWM_WriteCompare(GRIPPER_OPEN); //1170 turns out to be vibrationless open val
  39              		.loc 1 61 0
  40 0006 4FF48C60 		mov	r0, #1120
  41 000a FFF7FEFF 		bl	Gripper_Servo_PWM_WriteCompare
  42              	.LVL1:
  62:servo.c       ****     CyDelay(500);
  43              		.loc 1 62 0
  44 000e 4FF4FA70 		mov	r0, #500
  45 0012 FFF7FEFF 		bl	CyDelay
  46              	.LVL2:
  63:servo.c       ****     Gripper_Servo_PWM_Sleep();                    // Puts Servo back to sleep
  47              		.loc 1 63 0
  48 0016 FFF7FEFF 		bl	Gripper_Servo_PWM_Sleep
  49              	.LVL3:
  50 001a 08BD     		pop	{r3, pc}
  51              		.cfi_endproc
ARM GAS  C:\Users\Misha\AppData\Local\Temp\ccG8QBYb.s 			page 3


  52              	.LFE64:
  53              		.size	armOpen, .-armOpen
  54              		.section	.text.armClose,"ax",%progbits
  55              		.align	2
  56              		.global	armClose
  57              		.thumb
  58              		.thumb_func
  59              		.type	armClose, %function
  60              	armClose:
  61              	.LFB65:
  64:servo.c       **** }
  65:servo.c       **** void armClose(){
  62              		.loc 1 65 0
  63              		.cfi_startproc
  64              		@ args = 0, pretend = 0, frame = 0
  65              		@ frame_needed = 0, uses_anonymous_args = 0
  66 0000 08B5     		push	{r3, lr}
  67              		.cfi_def_cfa_offset 8
  68              		.cfi_offset 3, -8
  69              		.cfi_offset 14, -4
  66:servo.c       ****     Gripper_Servo_PWM_Wakeup();                    // Brings the servo back from sleep
  70              		.loc 1 66 0
  71 0002 FFF7FEFF 		bl	Gripper_Servo_PWM_Wakeup
  72              	.LVL4:
  67:servo.c       ****     Gripper_Servo_PWM_WriteCompare(GRIPPER_CLOSED); //1250 turns out to be a decent closed val
  73              		.loc 1 67 0
  74 0006 40F2E240 		movw	r0, #1250
  75 000a FFF7FEFF 		bl	Gripper_Servo_PWM_WriteCompare
  76              	.LVL5:
  68:servo.c       ****     CyDelay(500);
  77              		.loc 1 68 0
  78 000e 4FF4FA70 		mov	r0, #500
  79 0012 FFF7FEFF 		bl	CyDelay
  80              	.LVL6:
  69:servo.c       ****     Gripper_Servo_PWM_Sleep();                    // Puts Servo back to sleep
  81              		.loc 1 69 0
  82 0016 FFF7FEFF 		bl	Gripper_Servo_PWM_Sleep
  83              	.LVL7:
  84 001a 08BD     		pop	{r3, pc}
  85              		.cfi_endproc
  86              	.LFE65:
  87              		.size	armClose, .-armClose
  88              		.section	.text.armTranslate,"ax",%progbits
  89              		.align	2
  90              		.global	armTranslate
  91              		.thumb
  92              		.thumb_func
  93              		.type	armTranslate, %function
  94              	armTranslate:
  95              	.LFB66:
  70:servo.c       **** }
  71:servo.c       **** void armTranslate(int new_position){
  96              		.loc 1 71 0
  97              		.cfi_startproc
  98              		@ args = 0, pretend = 0, frame = 0
  99              		@ frame_needed = 0, uses_anonymous_args = 0
 100              	.LVL8:
ARM GAS  C:\Users\Misha\AppData\Local\Temp\ccG8QBYb.s 			page 4


  72:servo.c       ****     
  73:servo.c       ****     if (new_position > 2400 | new_position < 1000) {return;}    // if a value is inputed that is ba
 101              		.loc 1 73 0
 102 0000 A0F57A73 		sub	r3, r0, #1000
 103 0004 B3F5AF6F 		cmp	r3, #1400
 104 0008 21D8     		bhi	.L10
  71:servo.c       ****     
 105              		.loc 1 71 0
 106 000a 70B5     		push	{r4, r5, r6, lr}
 107              		.cfi_def_cfa_offset 16
 108              		.cfi_offset 4, -16
 109              		.cfi_offset 5, -12
 110              		.cfi_offset 6, -8
 111              		.cfi_offset 14, -4
 112 000c 0546     		mov	r5, r0
  74:servo.c       ****                                                                 // function won't run
  75:servo.c       ****     
  76:servo.c       ****     Rack_Servo_PWM_Wakeup();                    // Brings the servo back from sleep
 113              		.loc 1 76 0
 114 000e FFF7FEFF 		bl	Rack_Servo_PWM_Wakeup
 115              	.LVL9:
  77:servo.c       ****     
  78:servo.c       ****     int current_position = Rack_Servo_PWM_ReadCompare();       // Reads the current value that the 
 116              		.loc 1 78 0
 117 0012 FFF7FEFF 		bl	Rack_Servo_PWM_ReadCompare
 118              	.LVL10:
 119 0016 0446     		mov	r4, r0
 120              	.LVL11:
  79:servo.c       ****                                                 // Higher servo value means ground (~2400)
  80:servo.c       ****                                                 // lower servo value means higher (max ~1400)
  81:servo.c       ****     
  82:servo.c       ****     int difference = (new_position - current_position)/10;
 121              		.loc 1 82 0
 122 0018 281A     		subs	r0, r5, r0
 123              	.LVL12:
 124 001a 0D4E     		ldr	r6, .L11
 125 001c 86FB0036 		smull	r3, r6, r6, r0
 126 0020 C017     		asrs	r0, r0, #31
 127 0022 C0EBA606 		rsb	r6, r0, r6, asr #2
 128              	.LVL13:
  83:servo.c       ****                                             //Step in 1/10th the amount
  84:servo.c       ****             // if arm_position > current_position then a negative value will be given to current_po
  85:servo.c       ****             // if arm_position < current_position then a positive value will be given to current_po
  86:servo.c       ****     
  87:servo.c       ****     // The below code ensures that the servo moves smoothly, so as not to vibrate and unintentially
  88:servo.c       ****     // drop the puck from the arm 
  89:servo.c       ****     while (current_position != new_position){
 129              		.loc 1 89 0
 130 0026 06E0     		b	.L7
 131              	.L8:
  90:servo.c       ****         current_position += difference;         
 132              		.loc 1 90 0
 133 0028 3444     		add	r4, r4, r6
 134              	.LVL14:
  91:servo.c       ****         Rack_Servo_PWM_WriteCompare(current_position);
 135              		.loc 1 91 0
 136 002a A0B2     		uxth	r0, r4
ARM GAS  C:\Users\Misha\AppData\Local\Temp\ccG8QBYb.s 			page 5


 137 002c FFF7FEFF 		bl	Rack_Servo_PWM_WriteCompare
 138              	.LVL15:
  92:servo.c       ****         CyDelay(10);
 139              		.loc 1 92 0
 140 0030 0A20     		movs	r0, #10
 141 0032 FFF7FEFF 		bl	CyDelay
 142              	.LVL16:
 143              	.L7:
  89:servo.c       ****         current_position += difference;         
 144              		.loc 1 89 0
 145 0036 AC42     		cmp	r4, r5
 146 0038 F6D1     		bne	.L8
  93:servo.c       ****     }
  94:servo.c       ****     
  95:servo.c       ****     Rack_Servo_PWM_WriteCompare(new_position); // Reaches value set
 147              		.loc 1 95 0
 148 003a A8B2     		uxth	r0, r5
 149 003c FFF7FEFF 		bl	Rack_Servo_PWM_WriteCompare
 150              	.LVL17:
  96:servo.c       ****     
  97:servo.c       ****     CyDelay(500);                               // Holds for half a second? 
 151              		.loc 1 97 0
 152 0040 4FF4FA70 		mov	r0, #500
 153 0044 FFF7FEFF 		bl	CyDelay
 154              	.LVL18:
  98:servo.c       ****     
  99:servo.c       ****     Rack_Servo_PWM_Sleep();                    // Puts the servo back to sleep
 155              		.loc 1 99 0
 156 0048 FFF7FEFF 		bl	Rack_Servo_PWM_Sleep
 157              	.LVL19:
 158 004c 70BD     		pop	{r4, r5, r6, pc}
 159              	.LVL20:
 160              	.L10:
 161              		.cfi_def_cfa_offset 0
 162              		.cfi_restore 4
 163              		.cfi_restore 5
 164              		.cfi_restore 6
 165              		.cfi_restore 14
 166 004e 7047     		bx	lr
 167              	.L12:
 168              		.align	2
 169              	.L11:
 170 0050 67666666 		.word	1717986919
 171              		.cfi_endproc
 172              	.LFE66:
 173              		.size	armTranslate, .-armTranslate
 174              		.section	.text.changeHeightToPuck,"ax",%progbits
 175              		.align	2
 176              		.global	changeHeightToPuck
 177              		.thumb
 178              		.thumb_func
 179              		.type	changeHeightToPuck, %function
 180              	changeHeightToPuck:
 181              	.LFB67:
 100:servo.c       ****     
 101:servo.c       **** }
 102:servo.c       **** void changeHeightToPuck(int puckHeightIndex){
ARM GAS  C:\Users\Misha\AppData\Local\Temp\ccG8QBYb.s 			page 6


 182              		.loc 1 102 0
 183              		.cfi_startproc
 184              		@ args = 0, pretend = 0, frame = 0
 185              		@ frame_needed = 0, uses_anonymous_args = 0
 186              	.LVL21:
 187 0000 08B5     		push	{r3, lr}
 188              		.cfi_def_cfa_offset 8
 189              		.cfi_offset 3, -8
 190              		.cfi_offset 14, -4
 103:servo.c       ****     
 104:servo.c       ****     // open gripper
 105:servo.c       ****     // down
 106:servo.c       ****     // move forward
 107:servo.c       ****     // close gripper 
 108:servo.c       ****    
 109:servo.c       ****     // Different positions of the arm:
 110:servo.c       ****     // Ground                               
 111:servo.c       ****     // 1 puck above
 112:servo.c       ****     // 2 pucks above
 113:servo.c       ****     // 3 pucks above                        
 114:servo.c       **** //  When the puck is dropped off at the construction zone, the claw will lift up to the
 115:servo.c       **** //      next puck level before it moves away 
 116:servo.c       ****     
 117:servo.c       ****     switch(puckHeightIndex){
 191              		.loc 1 117 0
 192 0002 0328     		cmp	r0, #3
 193 0004 17D8     		bhi	.L14
 194 0006 DFE800F0 		tbb	[pc, r0]
 195              	.L16:
 196 000a 02       		.byte	(.L15-.L16)/2
 197 000b 07       		.byte	(.L17-.L16)/2
 198 000c 0C       		.byte	(.L18-.L16)/2
 199 000d 11       		.byte	(.L19-.L16)/2
 200              		.p2align 1
 201              	.L15:
 118:servo.c       ****         case 0:                     // Ground
 119:servo.c       ****         armTranslate(2400);    break;
 202              		.loc 1 119 0
 203 000e 4FF41660 		mov	r0, #2400
 204              	.LVL22:
 205 0012 FFF7FEFF 		bl	armTranslate
 206              	.LVL23:
 207 0016 08BD     		pop	{r3, pc}
 208              	.LVL24:
 209              	.L17:
 120:servo.c       ****         case 1:                     // 1 puck above the ground
 121:servo.c       ****         armTranslate(1700);    break;
 210              		.loc 1 121 0
 211 0018 40F2A460 		movw	r0, #1700
 212              	.LVL25:
 213 001c FFF7FEFF 		bl	armTranslate
 214              	.LVL26:
 215 0020 08BD     		pop	{r3, pc}
 216              	.LVL27:
 217              	.L18:
 122:servo.c       ****         case 2:                     // 2 pucks above the ground
 123:servo.c       ****         armTranslate(1250);    break;
ARM GAS  C:\Users\Misha\AppData\Local\Temp\ccG8QBYb.s 			page 7


 218              		.loc 1 123 0
 219 0022 40F2E240 		movw	r0, #1250
 220              	.LVL28:
 221 0026 FFF7FEFF 		bl	armTranslate
 222              	.LVL29:
 223 002a 08BD     		pop	{r3, pc}
 224              	.LVL30:
 225              	.L19:
 124:servo.c       ****         case 3:                     // 3 pucks above the ground
 125:servo.c       ****         armTranslate(1000);    break;
 226              		.loc 1 125 0
 227 002c 4FF47A70 		mov	r0, #1000
 228              	.LVL31:
 229 0030 FFF7FEFF 		bl	armTranslate
 230              	.LVL32:
 231 0034 08BD     		pop	{r3, pc}
 232              	.LVL33:
 233              	.L14:
 126:servo.c       ****                                     // also max height
 127:servo.c       ****                                     // also the position it will be in when driving (so that ultras
 128:servo.c       ****         default:                    // will be set to max height as default
 129:servo.c       ****         armTranslate(2400);    break;
 234              		.loc 1 129 0
 235 0036 4FF41660 		mov	r0, #2400
 236              	.LVL34:
 237 003a FFF7FEFF 		bl	armTranslate
 238              	.LVL35:
 239 003e 08BD     		pop	{r3, pc}
 240              		.cfi_endproc
 241              	.LFE67:
 242              		.size	changeHeightToPuck, .-changeHeightToPuck
 243              		.global	__aeabi_i2d
 244              		.global	__aeabi_dmul
 245              		.global	__aeabi_d2iz
 246              		.section	.text.armMoveUpDown,"ax",%progbits
 247              		.align	2
 248              		.global	armMoveUpDown
 249              		.thumb
 250              		.thumb_func
 251              		.type	armMoveUpDown, %function
 252              	armMoveUpDown:
 253              	.LFB68:
 130:servo.c       ****         break;
 131:servo.c       ****     }
 132:servo.c       **** }
 133:servo.c       **** 
 134:servo.c       **** 
 135:servo.c       **** // NEW CODE WRITTEN BY MISHA: 
 136:servo.c       **** 
 137:servo.c       **** // POSITIONS needed:
 138:servo.c       ****     // Driving position - gripper is above the ultrasonic
 139:servo.c       ****     // picking up position - down, and then up
 140:servo.c       ****             // different switch cases - stage 1 height, stage 2 height, stage 3 height 
 141:servo.c       **** 
 142:servo.c       **** 
 143:servo.c       **** 
 144:servo.c       **** // OLD CODE:
ARM GAS  C:\Users\Misha\AppData\Local\Temp\ccG8QBYb.s 			page 8


 145:servo.c       **** 
 146:servo.c       **** 
 147:servo.c       **** //This takes input in cm
 148:servo.c       **** void armMoveUpDown(int desiredPosition){
 254              		.loc 1 148 0
 255              		.cfi_startproc
 256              		@ args = 0, pretend = 0, frame = 0
 257              		@ frame_needed = 0, uses_anonymous_args = 0
 258              	.LVL36:
 259 0000 08B5     		push	{r3, lr}
 260              		.cfi_def_cfa_offset 8
 261              		.cfi_offset 3, -8
 262              		.cfi_offset 14, -4
 263              	.LVL37:
 149:servo.c       ****     //40 teeth on the gear
 150:servo.c       ****     //as the wheel rotates a certain angle, the arm moves up by r*theta. 
 151:servo.c       ****     //At angle = 0, we have arm at lowest position
 152:servo.c       ****     //At angle = 180, we have it at the highest
 153:servo.c       ****     //So theta= desiredheight/r . r = 20 mm approx. We'll work on it
 154:servo.c       ****     const int GEAR_RADIUS = 20;
 155:servo.c       ****     int theta = (desiredPosition*10)/GEAR_RADIUS;
 264              		.loc 1 155 0
 265 0002 00EB8000 		add	r0, r0, r0, lsl #2
 266              	.LVL38:
 267 0006 4300     		lsls	r3, r0, #1
 268 0008 0F48     		ldr	r0, .L24+8
 269 000a 80FB0320 		smull	r2, r0, r0, r3
 270 000e DB17     		asrs	r3, r3, #31
 271              	.LVL39:
 156:servo.c       ****     int compare_val = round(theta*5.5555);
 272              		.loc 1 156 0
 273 0010 C3EBE000 		rsb	r0, r3, r0, asr #3
 274              	.LVL40:
 275 0014 FFF7FEFF 		bl	__aeabi_i2d
 276              	.LVL41:
 277 0018 09A3     		adr	r3, .L24
 278 001a D3E90023 		ldrd	r2, [r3]
 279 001e FFF7FEFF 		bl	__aeabi_dmul
 280              	.LVL42:
 281 0022 FFF7FEFF 		bl	round
 282              	.LVL43:
 283 0026 FFF7FEFF 		bl	__aeabi_d2iz
 284              	.LVL44:
 157:servo.c       ****     Rack_Servo_PWM_WriteCompare(1000+compare_val); //This needs to be modified a lot
 285              		.loc 1 157 0
 286 002a 00F57A70 		add	r0, r0, #1000
 287              	.LVL45:
 288 002e 80B2     		uxth	r0, r0
 289              	.LVL46:
 290 0030 FFF7FEFF 		bl	Rack_Servo_PWM_WriteCompare
 291              	.LVL47:
 158:servo.c       ****     CyDelay(500);
 292              		.loc 1 158 0
 293 0034 4FF4FA70 		mov	r0, #500
 294 0038 FFF7FEFF 		bl	CyDelay
 295              	.LVL48:
 296 003c 08BD     		pop	{r3, pc}
ARM GAS  C:\Users\Misha\AppData\Local\Temp\ccG8QBYb.s 			page 9


 297              	.L25:
 298 003e 00BF     		.align	3
 299              	.L24:
 300 0040 46B6F3FD 		.word	-34359738
 301 0044 D4381640 		.word	1075198164
 302 0048 67666666 		.word	1717986919
 303              		.cfi_endproc
 304              	.LFE68:
 305              		.size	armMoveUpDown, .-armMoveUpDown
 306              		.comm	initialisation,4,4
 307              		.comm	output,32,4
 308              		.comm	turningRightFlag,2,2
 309              		.comm	turningLeftFlag,2,2
 310              		.comm	drivingBackwardFlag,2,2
 311              		.comm	drivingForwardFlag,2,2
 312              		.comm	puckPileLocation,4,4
 313              		.comm	block_edge_location,16,4
 314              		.comm	sweeping,4,4
 315              		.comm	puckRackOffsetsFromWest,20,4
 316              		.comm	puckRackColours,20,4
 317              		.comm	currentPuckRackScanningIndex,4,4
 318              		.comm	driveStraightEnable,4,4
 319              		.text
 320              	.Letext0:
 321              		.file 2 "c:\\program files (x86)\\cypress\\psoc creator\\4.2\\psoc creator\\import\\gnu\\arm\\5.4.
 322              		.file 3 "c:\\program files (x86)\\cypress\\psoc creator\\4.2\\psoc creator\\import\\gnu\\arm\\5.4.
 323              		.file 4 "Generated_Source\\PSoC5/core_cm3.h"
 324              		.file 5 "ultrasonic.h"
 325              		.file 6 "main.h"
 326              		.file 7 "dcmotor.h"
 327              		.file 8 "Generated_Source\\PSoC5/Gripper_Servo_PWM.h"
 328              		.file 9 "Generated_Source\\PSoC5/CyLib.h"
 329              		.file 10 "Generated_Source\\PSoC5/Rack_Servo_PWM.h"
 330              		.file 11 "c:\\program files (x86)\\cypress\\psoc creator\\4.2\\psoc creator\\import\\gnu\\arm\\5.4
 331              		.section	.debug_info,"",%progbits
 332              	.Ldebug_info0:
 333 0000 76040000 		.4byte	0x476
 334 0004 0400     		.2byte	0x4
 335 0006 00000000 		.4byte	.Ldebug_abbrev0
 336 000a 04       		.byte	0x4
 337 000b 01       		.uleb128 0x1
 338 000c F3000000 		.4byte	.LASF52
 339 0010 0C       		.byte	0xc
 340 0011 D0020000 		.4byte	.LASF53
 341 0015 29020000 		.4byte	.LASF54
 342 0019 00000000 		.4byte	.Ldebug_ranges0+0
 343 001d 00000000 		.4byte	0
 344 0021 00000000 		.4byte	.Ldebug_line0
 345 0025 02       		.uleb128 0x2
 346 0026 08       		.byte	0x8
 347 0027 07       		.byte	0x7
 348 0028 CE000000 		.4byte	.LASF0
 349 002c 02       		.uleb128 0x2
 350 002d 04       		.byte	0x4
 351 002e 07       		.byte	0x7
 352 002f C3020000 		.4byte	.LASF1
 353 0033 03       		.uleb128 0x3
ARM GAS  C:\Users\Misha\AppData\Local\Temp\ccG8QBYb.s 			page 10


 354 0034 04       		.byte	0x4
 355 0035 05       		.byte	0x5
 356 0036 696E7400 		.ascii	"int\000"
 357 003a 02       		.uleb128 0x2
 358 003b 01       		.byte	0x1
 359 003c 06       		.byte	0x6
 360 003d BC030000 		.4byte	.LASF2
 361 0041 02       		.uleb128 0x2
 362 0042 01       		.byte	0x1
 363 0043 08       		.byte	0x8
 364 0044 E5000000 		.4byte	.LASF3
 365 0048 02       		.uleb128 0x2
 366 0049 02       		.byte	0x2
 367 004a 05       		.byte	0x5
 368 004b 73030000 		.4byte	.LASF4
 369 004f 02       		.uleb128 0x2
 370 0050 02       		.byte	0x2
 371 0051 07       		.byte	0x7
 372 0052 2B030000 		.4byte	.LASF5
 373 0056 04       		.uleb128 0x4
 374 0057 2F000000 		.4byte	.LASF9
 375 005b 02       		.byte	0x2
 376 005c 3F       		.byte	0x3f
 377 005d 61000000 		.4byte	0x61
 378 0061 02       		.uleb128 0x2
 379 0062 04       		.byte	0x4
 380 0063 05       		.byte	0x5
 381 0064 A4030000 		.4byte	.LASF6
 382 0068 02       		.uleb128 0x2
 383 0069 04       		.byte	0x4
 384 006a 07       		.byte	0x7
 385 006b 92010000 		.4byte	.LASF7
 386 006f 02       		.uleb128 0x2
 387 0070 08       		.byte	0x8
 388 0071 05       		.byte	0x5
 389 0072 00000000 		.4byte	.LASF8
 390 0076 04       		.uleb128 0x4
 391 0077 8B000000 		.4byte	.LASF10
 392 007b 03       		.byte	0x3
 393 007c 2C       		.byte	0x2c
 394 007d 56000000 		.4byte	0x56
 395 0081 02       		.uleb128 0x2
 396 0082 04       		.byte	0x4
 397 0083 04       		.byte	0x4
 398 0084 AB000000 		.4byte	.LASF11
 399 0088 02       		.uleb128 0x2
 400 0089 08       		.byte	0x8
 401 008a 04       		.byte	0x4
 402 008b F8010000 		.4byte	.LASF12
 403 008f 02       		.uleb128 0x2
 404 0090 01       		.byte	0x1
 405 0091 08       		.byte	0x8
 406 0092 62030000 		.4byte	.LASF13
 407 0096 02       		.uleb128 0x2
 408 0097 08       		.byte	0x8
 409 0098 04       		.byte	0x4
 410 0099 FA020000 		.4byte	.LASF14
ARM GAS  C:\Users\Misha\AppData\Local\Temp\ccG8QBYb.s 			page 11


 411 009d 02       		.uleb128 0x2
 412 009e 04       		.byte	0x4
 413 009f 07       		.byte	0x7
 414 00a0 06030000 		.4byte	.LASF15
 415 00a4 05       		.uleb128 0x5
 416 00a5 27000000 		.4byte	.LASF16
 417 00a9 01       		.byte	0x1
 418 00aa 3B       		.byte	0x3b
 419 00ab 00000000 		.4byte	.LFB64
 420 00af 1C000000 		.4byte	.LFE64-.LFB64
 421 00b3 01       		.uleb128 0x1
 422 00b4 9C       		.byte	0x9c
 423 00b5 F6000000 		.4byte	0xf6
 424 00b9 06       		.uleb128 0x6
 425 00ba 06000000 		.4byte	.LVL0
 426 00be 15040000 		.4byte	0x415
 427 00c2 07       		.uleb128 0x7
 428 00c3 0E000000 		.4byte	.LVL1
 429 00c7 20040000 		.4byte	0x420
 430 00cb D7000000 		.4byte	0xd7
 431 00cf 08       		.uleb128 0x8
 432 00d0 01       		.uleb128 0x1
 433 00d1 50       		.byte	0x50
 434 00d2 03       		.uleb128 0x3
 435 00d3 0A       		.byte	0xa
 436 00d4 6004     		.2byte	0x460
 437 00d6 00       		.byte	0
 438 00d7 07       		.uleb128 0x7
 439 00d8 16000000 		.4byte	.LVL2
 440 00dc 2B040000 		.4byte	0x42b
 441 00e0 EC000000 		.4byte	0xec
 442 00e4 08       		.uleb128 0x8
 443 00e5 01       		.uleb128 0x1
 444 00e6 50       		.byte	0x50
 445 00e7 03       		.uleb128 0x3
 446 00e8 0A       		.byte	0xa
 447 00e9 F401     		.2byte	0x1f4
 448 00eb 00       		.byte	0
 449 00ec 06       		.uleb128 0x6
 450 00ed 1A000000 		.4byte	.LVL3
 451 00f1 36040000 		.4byte	0x436
 452 00f5 00       		.byte	0
 453 00f6 05       		.uleb128 0x5
 454 00f7 C8030000 		.4byte	.LASF17
 455 00fb 01       		.byte	0x1
 456 00fc 41       		.byte	0x41
 457 00fd 00000000 		.4byte	.LFB65
 458 0101 1C000000 		.4byte	.LFE65-.LFB65
 459 0105 01       		.uleb128 0x1
 460 0106 9C       		.byte	0x9c
 461 0107 48010000 		.4byte	0x148
 462 010b 06       		.uleb128 0x6
 463 010c 06000000 		.4byte	.LVL4
 464 0110 15040000 		.4byte	0x415
 465 0114 07       		.uleb128 0x7
 466 0115 0E000000 		.4byte	.LVL5
 467 0119 20040000 		.4byte	0x420
ARM GAS  C:\Users\Misha\AppData\Local\Temp\ccG8QBYb.s 			page 12


 468 011d 29010000 		.4byte	0x129
 469 0121 08       		.uleb128 0x8
 470 0122 01       		.uleb128 0x1
 471 0123 50       		.byte	0x50
 472 0124 03       		.uleb128 0x3
 473 0125 0A       		.byte	0xa
 474 0126 E204     		.2byte	0x4e2
 475 0128 00       		.byte	0
 476 0129 07       		.uleb128 0x7
 477 012a 16000000 		.4byte	.LVL6
 478 012e 2B040000 		.4byte	0x42b
 479 0132 3E010000 		.4byte	0x13e
 480 0136 08       		.uleb128 0x8
 481 0137 01       		.uleb128 0x1
 482 0138 50       		.byte	0x50
 483 0139 03       		.uleb128 0x3
 484 013a 0A       		.byte	0xa
 485 013b F401     		.2byte	0x1f4
 486 013d 00       		.byte	0
 487 013e 06       		.uleb128 0x6
 488 013f 1A000000 		.4byte	.LVL7
 489 0143 36040000 		.4byte	0x436
 490 0147 00       		.byte	0
 491 0148 05       		.uleb128 0x5
 492 0149 84030000 		.4byte	.LASF18
 493 014d 01       		.byte	0x1
 494 014e 47       		.byte	0x47
 495 014f 00000000 		.4byte	.LFB66
 496 0153 54000000 		.4byte	.LFE66-.LFB66
 497 0157 01       		.uleb128 0x1
 498 0158 9C       		.byte	0x9c
 499 0159 F6010000 		.4byte	0x1f6
 500 015d 09       		.uleb128 0x9
 501 015e 3F000000 		.4byte	.LASF22
 502 0162 01       		.byte	0x1
 503 0163 47       		.byte	0x47
 504 0164 33000000 		.4byte	0x33
 505 0168 00000000 		.4byte	.LLST0
 506 016c 0A       		.uleb128 0xa
 507 016d 81010000 		.4byte	.LASF19
 508 0171 01       		.byte	0x1
 509 0172 4E       		.byte	0x4e
 510 0173 33000000 		.4byte	0x33
 511 0177 29000000 		.4byte	.LLST1
 512 017b 0A       		.uleb128 0xa
 513 017c CF010000 		.4byte	.LASF20
 514 0180 01       		.byte	0x1
 515 0181 52       		.byte	0x52
 516 0182 33000000 		.4byte	0x33
 517 0186 47000000 		.4byte	.LLST2
 518 018a 06       		.uleb128 0x6
 519 018b 12000000 		.4byte	.LVL9
 520 018f 41040000 		.4byte	0x441
 521 0193 06       		.uleb128 0x6
 522 0194 16000000 		.4byte	.LVL10
 523 0198 4C040000 		.4byte	0x44c
 524 019c 07       		.uleb128 0x7
ARM GAS  C:\Users\Misha\AppData\Local\Temp\ccG8QBYb.s 			page 13


 525 019d 30000000 		.4byte	.LVL15
 526 01a1 57040000 		.4byte	0x457
 527 01a5 B0010000 		.4byte	0x1b0
 528 01a9 08       		.uleb128 0x8
 529 01aa 01       		.uleb128 0x1
 530 01ab 50       		.byte	0x50
 531 01ac 02       		.uleb128 0x2
 532 01ad 74       		.byte	0x74
 533 01ae 00       		.sleb128 0
 534 01af 00       		.byte	0
 535 01b0 07       		.uleb128 0x7
 536 01b1 36000000 		.4byte	.LVL16
 537 01b5 2B040000 		.4byte	0x42b
 538 01b9 C3010000 		.4byte	0x1c3
 539 01bd 08       		.uleb128 0x8
 540 01be 01       		.uleb128 0x1
 541 01bf 50       		.byte	0x50
 542 01c0 01       		.uleb128 0x1
 543 01c1 3A       		.byte	0x3a
 544 01c2 00       		.byte	0
 545 01c3 07       		.uleb128 0x7
 546 01c4 40000000 		.4byte	.LVL17
 547 01c8 57040000 		.4byte	0x457
 548 01cc D7010000 		.4byte	0x1d7
 549 01d0 08       		.uleb128 0x8
 550 01d1 01       		.uleb128 0x1
 551 01d2 50       		.byte	0x50
 552 01d3 02       		.uleb128 0x2
 553 01d4 75       		.byte	0x75
 554 01d5 00       		.sleb128 0
 555 01d6 00       		.byte	0
 556 01d7 07       		.uleb128 0x7
 557 01d8 48000000 		.4byte	.LVL18
 558 01dc 2B040000 		.4byte	0x42b
 559 01e0 EC010000 		.4byte	0x1ec
 560 01e4 08       		.uleb128 0x8
 561 01e5 01       		.uleb128 0x1
 562 01e6 50       		.byte	0x50
 563 01e7 03       		.uleb128 0x3
 564 01e8 0A       		.byte	0xa
 565 01e9 F401     		.2byte	0x1f4
 566 01eb 00       		.byte	0
 567 01ec 06       		.uleb128 0x6
 568 01ed 4C000000 		.4byte	.LVL19
 569 01f1 62040000 		.4byte	0x462
 570 01f5 00       		.byte	0
 571 01f6 05       		.uleb128 0x5
 572 01f7 91030000 		.4byte	.LASF21
 573 01fb 01       		.byte	0x1
 574 01fc 66       		.byte	0x66
 575 01fd 00000000 		.4byte	.LFB67
 576 0201 40000000 		.4byte	.LFE67-.LFB67
 577 0205 01       		.uleb128 0x1
 578 0206 9C       		.byte	0x9c
 579 0207 80020000 		.4byte	0x280
 580 020b 09       		.uleb128 0x9
 581 020c 52030000 		.4byte	.LASF23
ARM GAS  C:\Users\Misha\AppData\Local\Temp\ccG8QBYb.s 			page 14


 582 0210 01       		.byte	0x1
 583 0211 66       		.byte	0x66
 584 0212 33000000 		.4byte	0x33
 585 0216 5A000000 		.4byte	.LLST3
 586 021a 07       		.uleb128 0x7
 587 021b 16000000 		.4byte	.LVL23
 588 021f 48010000 		.4byte	0x148
 589 0223 2F020000 		.4byte	0x22f
 590 0227 08       		.uleb128 0x8
 591 0228 01       		.uleb128 0x1
 592 0229 50       		.byte	0x50
 593 022a 03       		.uleb128 0x3
 594 022b 0A       		.byte	0xa
 595 022c 6009     		.2byte	0x960
 596 022e 00       		.byte	0
 597 022f 07       		.uleb128 0x7
 598 0230 20000000 		.4byte	.LVL26
 599 0234 48010000 		.4byte	0x148
 600 0238 44020000 		.4byte	0x244
 601 023c 08       		.uleb128 0x8
 602 023d 01       		.uleb128 0x1
 603 023e 50       		.byte	0x50
 604 023f 03       		.uleb128 0x3
 605 0240 0A       		.byte	0xa
 606 0241 A406     		.2byte	0x6a4
 607 0243 00       		.byte	0
 608 0244 07       		.uleb128 0x7
 609 0245 2A000000 		.4byte	.LVL29
 610 0249 48010000 		.4byte	0x148
 611 024d 59020000 		.4byte	0x259
 612 0251 08       		.uleb128 0x8
 613 0252 01       		.uleb128 0x1
 614 0253 50       		.byte	0x50
 615 0254 03       		.uleb128 0x3
 616 0255 0A       		.byte	0xa
 617 0256 E204     		.2byte	0x4e2
 618 0258 00       		.byte	0
 619 0259 07       		.uleb128 0x7
 620 025a 34000000 		.4byte	.LVL32
 621 025e 48010000 		.4byte	0x148
 622 0262 6E020000 		.4byte	0x26e
 623 0266 08       		.uleb128 0x8
 624 0267 01       		.uleb128 0x1
 625 0268 50       		.byte	0x50
 626 0269 03       		.uleb128 0x3
 627 026a 0A       		.byte	0xa
 628 026b E803     		.2byte	0x3e8
 629 026d 00       		.byte	0
 630 026e 0B       		.uleb128 0xb
 631 026f 3E000000 		.4byte	.LVL35
 632 0273 48010000 		.4byte	0x148
 633 0277 08       		.uleb128 0x8
 634 0278 01       		.uleb128 0x1
 635 0279 50       		.byte	0x50
 636 027a 03       		.uleb128 0x3
 637 027b 0A       		.byte	0xa
 638 027c 6009     		.2byte	0x960
ARM GAS  C:\Users\Misha\AppData\Local\Temp\ccG8QBYb.s 			page 15


 639 027e 00       		.byte	0
 640 027f 00       		.byte	0
 641 0280 0C       		.uleb128 0xc
 642 0281 D8020000 		.4byte	.LASF24
 643 0285 01       		.byte	0x1
 644 0286 94       		.byte	0x94
 645 0287 00000000 		.4byte	.LFB68
 646 028b 4C000000 		.4byte	.LFE68-.LFB68
 647 028f 01       		.uleb128 0x1
 648 0290 9C       		.byte	0x9c
 649 0291 F2020000 		.4byte	0x2f2
 650 0295 09       		.uleb128 0x9
 651 0296 7B000000 		.4byte	.LASF25
 652 029a 01       		.byte	0x1
 653 029b 94       		.byte	0x94
 654 029c 33000000 		.4byte	0x33
 655 02a0 DF000000 		.4byte	.LLST4
 656 02a4 0D       		.uleb128 0xd
 657 02a5 F9030000 		.4byte	.LASF26
 658 02a9 01       		.byte	0x1
 659 02aa 9A       		.byte	0x9a
 660 02ab F2020000 		.4byte	0x2f2
 661 02af 14       		.byte	0x14
 662 02b0 0A       		.uleb128 0xa
 663 02b1 39000000 		.4byte	.LASF27
 664 02b5 01       		.byte	0x1
 665 02b6 9B       		.byte	0x9b
 666 02b7 33000000 		.4byte	0x33
 667 02bb 00010000 		.4byte	.LLST5
 668 02bf 0A       		.uleb128 0xa
 669 02c0 67030000 		.4byte	.LASF28
 670 02c4 01       		.byte	0x1
 671 02c5 9C       		.byte	0x9c
 672 02c6 33000000 		.4byte	0x33
 673 02ca 5E010000 		.4byte	.LLST6
 674 02ce 06       		.uleb128 0x6
 675 02cf 26000000 		.4byte	.LVL43
 676 02d3 6D040000 		.4byte	0x46d
 677 02d7 06       		.uleb128 0x6
 678 02d8 34000000 		.4byte	.LVL47
 679 02dc 57040000 		.4byte	0x457
 680 02e0 0B       		.uleb128 0xb
 681 02e1 3C000000 		.4byte	.LVL48
 682 02e5 2B040000 		.4byte	0x42b
 683 02e9 08       		.uleb128 0x8
 684 02ea 01       		.uleb128 0x1
 685 02eb 50       		.byte	0x50
 686 02ec 03       		.uleb128 0x3
 687 02ed 0A       		.byte	0xa
 688 02ee F401     		.2byte	0x1f4
 689 02f0 00       		.byte	0
 690 02f1 00       		.byte	0
 691 02f2 0E       		.uleb128 0xe
 692 02f3 33000000 		.4byte	0x33
 693 02f7 0F       		.uleb128 0xf
 694 02f8 DA010000 		.4byte	.LASF29
 695 02fc 04       		.byte	0x4
ARM GAS  C:\Users\Misha\AppData\Local\Temp\ccG8QBYb.s 			page 16


 696 02fd 1207     		.2byte	0x712
 697 02ff 03030000 		.4byte	0x303
 698 0303 10       		.uleb128 0x10
 699 0304 76000000 		.4byte	0x76
 700 0308 11       		.uleb128 0x11
 701 0309 3E030000 		.4byte	.LASF30
 702 030d 05       		.byte	0x5
 703 030e 1D       		.byte	0x1d
 704 030f 33000000 		.4byte	0x33
 705 0313 05       		.uleb128 0x5
 706 0314 03       		.byte	0x3
 707 0315 00000000 		.4byte	driveStraightEnable
 708 0319 11       		.uleb128 0x11
 709 031a B1000000 		.4byte	.LASF31
 710 031e 05       		.byte	0x5
 711 031f 1F       		.byte	0x1f
 712 0320 33000000 		.4byte	0x33
 713 0324 05       		.uleb128 0x5
 714 0325 03       		.byte	0x3
 715 0326 00000000 		.4byte	currentPuckRackScanningIndex
 716 032a 12       		.uleb128 0x12
 717 032b 33000000 		.4byte	0x33
 718 032f 3A030000 		.4byte	0x33a
 719 0333 13       		.uleb128 0x13
 720 0334 9D000000 		.4byte	0x9d
 721 0338 04       		.byte	0x4
 722 0339 00       		.byte	0
 723 033a 11       		.uleb128 0x11
 724 033b 4C000000 		.4byte	.LASF32
 725 033f 05       		.byte	0x5
 726 0340 20       		.byte	0x20
 727 0341 2A030000 		.4byte	0x32a
 728 0345 05       		.uleb128 0x5
 729 0346 03       		.byte	0x3
 730 0347 00000000 		.4byte	puckRackColours
 731 034b 11       		.uleb128 0x11
 732 034c 83020000 		.4byte	.LASF33
 733 0350 05       		.byte	0x5
 734 0351 21       		.byte	0x21
 735 0352 2A030000 		.4byte	0x32a
 736 0356 05       		.uleb128 0x5
 737 0357 03       		.byte	0x3
 738 0358 00000000 		.4byte	puckRackOffsetsFromWest
 739 035c 11       		.uleb128 0x11
 740 035d AD030000 		.4byte	.LASF34
 741 0361 05       		.byte	0x5
 742 0362 22       		.byte	0x22
 743 0363 33000000 		.4byte	0x33
 744 0367 05       		.uleb128 0x5
 745 0368 03       		.byte	0x3
 746 0369 00000000 		.4byte	sweeping
 747 036d 12       		.uleb128 0x12
 748 036e 81000000 		.4byte	0x81
 749 0372 7D030000 		.4byte	0x37d
 750 0376 13       		.uleb128 0x13
 751 0377 9D000000 		.4byte	0x9d
 752 037b 03       		.byte	0x3
ARM GAS  C:\Users\Misha\AppData\Local\Temp\ccG8QBYb.s 			page 17


 753 037c 00       		.byte	0
 754 037d 11       		.uleb128 0x11
 755 037e FF010000 		.4byte	.LASF35
 756 0382 05       		.byte	0x5
 757 0383 23       		.byte	0x23
 758 0384 6D030000 		.4byte	0x36d
 759 0388 05       		.uleb128 0x5
 760 0389 03       		.byte	0x3
 761 038a 00000000 		.4byte	block_edge_location
 762 038e 11       		.uleb128 0x11
 763 038f E7010000 		.4byte	.LASF36
 764 0393 06       		.byte	0x6
 765 0394 7A       		.byte	0x7a
 766 0395 81000000 		.4byte	0x81
 767 0399 05       		.uleb128 0x5
 768 039a 03       		.byte	0x3
 769 039b 00000000 		.4byte	puckPileLocation
 770 039f 11       		.uleb128 0x11
 771 03a0 9B020000 		.4byte	.LASF37
 772 03a4 07       		.byte	0x7
 773 03a5 3D       		.byte	0x3d
 774 03a6 48000000 		.4byte	0x48
 775 03aa 05       		.uleb128 0x5
 776 03ab 03       		.byte	0x3
 777 03ac 00000000 		.4byte	drivingForwardFlag
 778 03b0 11       		.uleb128 0x11
 779 03b1 E6020000 		.4byte	.LASF38
 780 03b5 07       		.byte	0x7
 781 03b6 3E       		.byte	0x3e
 782 03b7 48000000 		.4byte	0x48
 783 03bb 05       		.uleb128 0x5
 784 03bc 03       		.byte	0x3
 785 03bd 00000000 		.4byte	drivingBackwardFlag
 786 03c1 11       		.uleb128 0x11
 787 03c2 BF010000 		.4byte	.LASF39
 788 03c6 07       		.byte	0x7
 789 03c7 3F       		.byte	0x3f
 790 03c8 48000000 		.4byte	0x48
 791 03cc 05       		.uleb128 0x5
 792 03cd 03       		.byte	0x3
 793 03ce 00000000 		.4byte	turningLeftFlag
 794 03d2 11       		.uleb128 0x11
 795 03d3 E0030000 		.4byte	.LASF40
 796 03d7 07       		.byte	0x7
 797 03d8 40       		.byte	0x40
 798 03d9 48000000 		.4byte	0x48
 799 03dd 05       		.uleb128 0x5
 800 03de 03       		.byte	0x3
 801 03df 00000000 		.4byte	turningRightFlag
 802 03e3 11       		.uleb128 0x11
 803 03e4 D1030000 		.4byte	.LASF41
 804 03e8 05       		.byte	0x5
 805 03e9 2B       		.byte	0x2b
 806 03ea 33000000 		.4byte	0x33
 807 03ee 05       		.uleb128 0x5
 808 03ef 03       		.byte	0x3
 809 03f0 00000000 		.4byte	initialisation
ARM GAS  C:\Users\Misha\AppData\Local\Temp\ccG8QBYb.s 			page 18


 810 03f4 12       		.uleb128 0x12
 811 03f5 8F000000 		.4byte	0x8f
 812 03f9 04040000 		.4byte	0x404
 813 03fd 13       		.uleb128 0x13
 814 03fe 9D000000 		.4byte	0x9d
 815 0402 1F       		.byte	0x1f
 816 0403 00       		.byte	0
 817 0404 11       		.uleb128 0x11
 818 0405 7D030000 		.4byte	.LASF42
 819 0409 07       		.byte	0x7
 820 040a 48       		.byte	0x48
 821 040b F4030000 		.4byte	0x3f4
 822 040f 05       		.uleb128 0x5
 823 0410 03       		.byte	0x3
 824 0411 00000000 		.4byte	output
 825 0415 14       		.uleb128 0x14
 826 0416 0E000000 		.4byte	.LASF43
 827 041a 0E000000 		.4byte	.LASF43
 828 041e 08       		.byte	0x8
 829 041f DD       		.byte	0xdd
 830 0420 14       		.uleb128 0x14
 831 0421 5C000000 		.4byte	.LASF44
 832 0425 5C000000 		.4byte	.LASF44
 833 0429 08       		.byte	0x8
 834 042a C3       		.byte	0xc3
 835 042b 14       		.uleb128 0x14
 836 042c F1030000 		.4byte	.LASF45
 837 0430 F1030000 		.4byte	.LASF45
 838 0434 09       		.byte	0x9
 839 0435 76       		.byte	0x76
 840 0436 14       		.uleb128 0x14
 841 0437 93000000 		.4byte	.LASF46
 842 043b 93000000 		.4byte	.LASF46
 843 043f 08       		.byte	0x8
 844 0440 DC       		.byte	0xdc
 845 0441 14       		.uleb128 0x14
 846 0442 13020000 		.4byte	.LASF47
 847 0446 13020000 		.4byte	.LASF47
 848 044a 0A       		.byte	0xa
 849 044b DD       		.byte	0xdd
 850 044c 14       		.uleb128 0x14
 851 044d A4010000 		.4byte	.LASF48
 852 0451 A4010000 		.4byte	.LASF48
 853 0455 0A       		.byte	0xa
 854 0456 C5       		.byte	0xc5
 855 0457 14       		.uleb128 0x14
 856 0458 0F030000 		.4byte	.LASF49
 857 045c 0F030000 		.4byte	.LASF49
 858 0460 0A       		.byte	0xa
 859 0461 C3       		.byte	0xc3
 860 0462 14       		.uleb128 0x14
 861 0463 AE020000 		.4byte	.LASF50
 862 0467 AE020000 		.4byte	.LASF50
 863 046b 0A       		.byte	0xa
 864 046c DC       		.byte	0xdc
 865 046d 15       		.uleb128 0x15
 866 046e B6030000 		.4byte	.LASF51
ARM GAS  C:\Users\Misha\AppData\Local\Temp\ccG8QBYb.s 			page 19


 867 0472 B6030000 		.4byte	.LASF51
 868 0476 0B       		.byte	0xb
 869 0477 4B01     		.2byte	0x14b
 870 0479 00       		.byte	0
 871              		.section	.debug_abbrev,"",%progbits
 872              	.Ldebug_abbrev0:
 873 0000 01       		.uleb128 0x1
 874 0001 11       		.uleb128 0x11
 875 0002 01       		.byte	0x1
 876 0003 25       		.uleb128 0x25
 877 0004 0E       		.uleb128 0xe
 878 0005 13       		.uleb128 0x13
 879 0006 0B       		.uleb128 0xb
 880 0007 03       		.uleb128 0x3
 881 0008 0E       		.uleb128 0xe
 882 0009 1B       		.uleb128 0x1b
 883 000a 0E       		.uleb128 0xe
 884 000b 55       		.uleb128 0x55
 885 000c 17       		.uleb128 0x17
 886 000d 11       		.uleb128 0x11
 887 000e 01       		.uleb128 0x1
 888 000f 10       		.uleb128 0x10
 889 0010 17       		.uleb128 0x17
 890 0011 00       		.byte	0
 891 0012 00       		.byte	0
 892 0013 02       		.uleb128 0x2
 893 0014 24       		.uleb128 0x24
 894 0015 00       		.byte	0
 895 0016 0B       		.uleb128 0xb
 896 0017 0B       		.uleb128 0xb
 897 0018 3E       		.uleb128 0x3e
 898 0019 0B       		.uleb128 0xb
 899 001a 03       		.uleb128 0x3
 900 001b 0E       		.uleb128 0xe
 901 001c 00       		.byte	0
 902 001d 00       		.byte	0
 903 001e 03       		.uleb128 0x3
 904 001f 24       		.uleb128 0x24
 905 0020 00       		.byte	0
 906 0021 0B       		.uleb128 0xb
 907 0022 0B       		.uleb128 0xb
 908 0023 3E       		.uleb128 0x3e
 909 0024 0B       		.uleb128 0xb
 910 0025 03       		.uleb128 0x3
 911 0026 08       		.uleb128 0x8
 912 0027 00       		.byte	0
 913 0028 00       		.byte	0
 914 0029 04       		.uleb128 0x4
 915 002a 16       		.uleb128 0x16
 916 002b 00       		.byte	0
 917 002c 03       		.uleb128 0x3
 918 002d 0E       		.uleb128 0xe
 919 002e 3A       		.uleb128 0x3a
 920 002f 0B       		.uleb128 0xb
 921 0030 3B       		.uleb128 0x3b
 922 0031 0B       		.uleb128 0xb
 923 0032 49       		.uleb128 0x49
ARM GAS  C:\Users\Misha\AppData\Local\Temp\ccG8QBYb.s 			page 20


 924 0033 13       		.uleb128 0x13
 925 0034 00       		.byte	0
 926 0035 00       		.byte	0
 927 0036 05       		.uleb128 0x5
 928 0037 2E       		.uleb128 0x2e
 929 0038 01       		.byte	0x1
 930 0039 3F       		.uleb128 0x3f
 931 003a 19       		.uleb128 0x19
 932 003b 03       		.uleb128 0x3
 933 003c 0E       		.uleb128 0xe
 934 003d 3A       		.uleb128 0x3a
 935 003e 0B       		.uleb128 0xb
 936 003f 3B       		.uleb128 0x3b
 937 0040 0B       		.uleb128 0xb
 938 0041 27       		.uleb128 0x27
 939 0042 19       		.uleb128 0x19
 940 0043 11       		.uleb128 0x11
 941 0044 01       		.uleb128 0x1
 942 0045 12       		.uleb128 0x12
 943 0046 06       		.uleb128 0x6
 944 0047 40       		.uleb128 0x40
 945 0048 18       		.uleb128 0x18
 946 0049 9742     		.uleb128 0x2117
 947 004b 19       		.uleb128 0x19
 948 004c 01       		.uleb128 0x1
 949 004d 13       		.uleb128 0x13
 950 004e 00       		.byte	0
 951 004f 00       		.byte	0
 952 0050 06       		.uleb128 0x6
 953 0051 898201   		.uleb128 0x4109
 954 0054 00       		.byte	0
 955 0055 11       		.uleb128 0x11
 956 0056 01       		.uleb128 0x1
 957 0057 31       		.uleb128 0x31
 958 0058 13       		.uleb128 0x13
 959 0059 00       		.byte	0
 960 005a 00       		.byte	0
 961 005b 07       		.uleb128 0x7
 962 005c 898201   		.uleb128 0x4109
 963 005f 01       		.byte	0x1
 964 0060 11       		.uleb128 0x11
 965 0061 01       		.uleb128 0x1
 966 0062 31       		.uleb128 0x31
 967 0063 13       		.uleb128 0x13
 968 0064 01       		.uleb128 0x1
 969 0065 13       		.uleb128 0x13
 970 0066 00       		.byte	0
 971 0067 00       		.byte	0
 972 0068 08       		.uleb128 0x8
 973 0069 8A8201   		.uleb128 0x410a
 974 006c 00       		.byte	0
 975 006d 02       		.uleb128 0x2
 976 006e 18       		.uleb128 0x18
 977 006f 9142     		.uleb128 0x2111
 978 0071 18       		.uleb128 0x18
 979 0072 00       		.byte	0
 980 0073 00       		.byte	0
ARM GAS  C:\Users\Misha\AppData\Local\Temp\ccG8QBYb.s 			page 21


 981 0074 09       		.uleb128 0x9
 982 0075 05       		.uleb128 0x5
 983 0076 00       		.byte	0
 984 0077 03       		.uleb128 0x3
 985 0078 0E       		.uleb128 0xe
 986 0079 3A       		.uleb128 0x3a
 987 007a 0B       		.uleb128 0xb
 988 007b 3B       		.uleb128 0x3b
 989 007c 0B       		.uleb128 0xb
 990 007d 49       		.uleb128 0x49
 991 007e 13       		.uleb128 0x13
 992 007f 02       		.uleb128 0x2
 993 0080 17       		.uleb128 0x17
 994 0081 00       		.byte	0
 995 0082 00       		.byte	0
 996 0083 0A       		.uleb128 0xa
 997 0084 34       		.uleb128 0x34
 998 0085 00       		.byte	0
 999 0086 03       		.uleb128 0x3
 1000 0087 0E       		.uleb128 0xe
 1001 0088 3A       		.uleb128 0x3a
 1002 0089 0B       		.uleb128 0xb
 1003 008a 3B       		.uleb128 0x3b
 1004 008b 0B       		.uleb128 0xb
 1005 008c 49       		.uleb128 0x49
 1006 008d 13       		.uleb128 0x13
 1007 008e 02       		.uleb128 0x2
 1008 008f 17       		.uleb128 0x17
 1009 0090 00       		.byte	0
 1010 0091 00       		.byte	0
 1011 0092 0B       		.uleb128 0xb
 1012 0093 898201   		.uleb128 0x4109
 1013 0096 01       		.byte	0x1
 1014 0097 11       		.uleb128 0x11
 1015 0098 01       		.uleb128 0x1
 1016 0099 31       		.uleb128 0x31
 1017 009a 13       		.uleb128 0x13
 1018 009b 00       		.byte	0
 1019 009c 00       		.byte	0
 1020 009d 0C       		.uleb128 0xc
 1021 009e 2E       		.uleb128 0x2e
 1022 009f 01       		.byte	0x1
 1023 00a0 3F       		.uleb128 0x3f
 1024 00a1 19       		.uleb128 0x19
 1025 00a2 03       		.uleb128 0x3
 1026 00a3 0E       		.uleb128 0xe
 1027 00a4 3A       		.uleb128 0x3a
 1028 00a5 0B       		.uleb128 0xb
 1029 00a6 3B       		.uleb128 0x3b
 1030 00a7 0B       		.uleb128 0xb
 1031 00a8 27       		.uleb128 0x27
 1032 00a9 19       		.uleb128 0x19
 1033 00aa 11       		.uleb128 0x11
 1034 00ab 01       		.uleb128 0x1
 1035 00ac 12       		.uleb128 0x12
 1036 00ad 06       		.uleb128 0x6
 1037 00ae 40       		.uleb128 0x40
ARM GAS  C:\Users\Misha\AppData\Local\Temp\ccG8QBYb.s 			page 22


 1038 00af 18       		.uleb128 0x18
 1039 00b0 9642     		.uleb128 0x2116
 1040 00b2 19       		.uleb128 0x19
 1041 00b3 01       		.uleb128 0x1
 1042 00b4 13       		.uleb128 0x13
 1043 00b5 00       		.byte	0
 1044 00b6 00       		.byte	0
 1045 00b7 0D       		.uleb128 0xd
 1046 00b8 34       		.uleb128 0x34
 1047 00b9 00       		.byte	0
 1048 00ba 03       		.uleb128 0x3
 1049 00bb 0E       		.uleb128 0xe
 1050 00bc 3A       		.uleb128 0x3a
 1051 00bd 0B       		.uleb128 0xb
 1052 00be 3B       		.uleb128 0x3b
 1053 00bf 0B       		.uleb128 0xb
 1054 00c0 49       		.uleb128 0x49
 1055 00c1 13       		.uleb128 0x13
 1056 00c2 1C       		.uleb128 0x1c
 1057 00c3 0B       		.uleb128 0xb
 1058 00c4 00       		.byte	0
 1059 00c5 00       		.byte	0
 1060 00c6 0E       		.uleb128 0xe
 1061 00c7 26       		.uleb128 0x26
 1062 00c8 00       		.byte	0
 1063 00c9 49       		.uleb128 0x49
 1064 00ca 13       		.uleb128 0x13
 1065 00cb 00       		.byte	0
 1066 00cc 00       		.byte	0
 1067 00cd 0F       		.uleb128 0xf
 1068 00ce 34       		.uleb128 0x34
 1069 00cf 00       		.byte	0
 1070 00d0 03       		.uleb128 0x3
 1071 00d1 0E       		.uleb128 0xe
 1072 00d2 3A       		.uleb128 0x3a
 1073 00d3 0B       		.uleb128 0xb
 1074 00d4 3B       		.uleb128 0x3b
 1075 00d5 05       		.uleb128 0x5
 1076 00d6 49       		.uleb128 0x49
 1077 00d7 13       		.uleb128 0x13
 1078 00d8 3F       		.uleb128 0x3f
 1079 00d9 19       		.uleb128 0x19
 1080 00da 3C       		.uleb128 0x3c
 1081 00db 19       		.uleb128 0x19
 1082 00dc 00       		.byte	0
 1083 00dd 00       		.byte	0
 1084 00de 10       		.uleb128 0x10
 1085 00df 35       		.uleb128 0x35
 1086 00e0 00       		.byte	0
 1087 00e1 49       		.uleb128 0x49
 1088 00e2 13       		.uleb128 0x13
 1089 00e3 00       		.byte	0
 1090 00e4 00       		.byte	0
 1091 00e5 11       		.uleb128 0x11
 1092 00e6 34       		.uleb128 0x34
 1093 00e7 00       		.byte	0
 1094 00e8 03       		.uleb128 0x3
ARM GAS  C:\Users\Misha\AppData\Local\Temp\ccG8QBYb.s 			page 23


 1095 00e9 0E       		.uleb128 0xe
 1096 00ea 3A       		.uleb128 0x3a
 1097 00eb 0B       		.uleb128 0xb
 1098 00ec 3B       		.uleb128 0x3b
 1099 00ed 0B       		.uleb128 0xb
 1100 00ee 49       		.uleb128 0x49
 1101 00ef 13       		.uleb128 0x13
 1102 00f0 3F       		.uleb128 0x3f
 1103 00f1 19       		.uleb128 0x19
 1104 00f2 02       		.uleb128 0x2
 1105 00f3 18       		.uleb128 0x18
 1106 00f4 00       		.byte	0
 1107 00f5 00       		.byte	0
 1108 00f6 12       		.uleb128 0x12
 1109 00f7 01       		.uleb128 0x1
 1110 00f8 01       		.byte	0x1
 1111 00f9 49       		.uleb128 0x49
 1112 00fa 13       		.uleb128 0x13
 1113 00fb 01       		.uleb128 0x1
 1114 00fc 13       		.uleb128 0x13
 1115 00fd 00       		.byte	0
 1116 00fe 00       		.byte	0
 1117 00ff 13       		.uleb128 0x13
 1118 0100 21       		.uleb128 0x21
 1119 0101 00       		.byte	0
 1120 0102 49       		.uleb128 0x49
 1121 0103 13       		.uleb128 0x13
 1122 0104 2F       		.uleb128 0x2f
 1123 0105 0B       		.uleb128 0xb
 1124 0106 00       		.byte	0
 1125 0107 00       		.byte	0
 1126 0108 14       		.uleb128 0x14
 1127 0109 2E       		.uleb128 0x2e
 1128 010a 00       		.byte	0
 1129 010b 3F       		.uleb128 0x3f
 1130 010c 19       		.uleb128 0x19
 1131 010d 3C       		.uleb128 0x3c
 1132 010e 19       		.uleb128 0x19
 1133 010f 6E       		.uleb128 0x6e
 1134 0110 0E       		.uleb128 0xe
 1135 0111 03       		.uleb128 0x3
 1136 0112 0E       		.uleb128 0xe
 1137 0113 3A       		.uleb128 0x3a
 1138 0114 0B       		.uleb128 0xb
 1139 0115 3B       		.uleb128 0x3b
 1140 0116 0B       		.uleb128 0xb
 1141 0117 00       		.byte	0
 1142 0118 00       		.byte	0
 1143 0119 15       		.uleb128 0x15
 1144 011a 2E       		.uleb128 0x2e
 1145 011b 00       		.byte	0
 1146 011c 3F       		.uleb128 0x3f
 1147 011d 19       		.uleb128 0x19
 1148 011e 3C       		.uleb128 0x3c
 1149 011f 19       		.uleb128 0x19
 1150 0120 6E       		.uleb128 0x6e
 1151 0121 0E       		.uleb128 0xe
ARM GAS  C:\Users\Misha\AppData\Local\Temp\ccG8QBYb.s 			page 24


 1152 0122 03       		.uleb128 0x3
 1153 0123 0E       		.uleb128 0xe
 1154 0124 3A       		.uleb128 0x3a
 1155 0125 0B       		.uleb128 0xb
 1156 0126 3B       		.uleb128 0x3b
 1157 0127 05       		.uleb128 0x5
 1158 0128 00       		.byte	0
 1159 0129 00       		.byte	0
 1160 012a 00       		.byte	0
 1161              		.section	.debug_loc,"",%progbits
 1162              	.Ldebug_loc0:
 1163              	.LLST0:
 1164 0000 00000000 		.4byte	.LVL8
 1165 0004 11000000 		.4byte	.LVL9-1
 1166 0008 0100     		.2byte	0x1
 1167 000a 50       		.byte	0x50
 1168 000b 11000000 		.4byte	.LVL9-1
 1169 000f 4E000000 		.4byte	.LVL20
 1170 0013 0100     		.2byte	0x1
 1171 0015 55       		.byte	0x55
 1172 0016 4E000000 		.4byte	.LVL20
 1173 001a 54000000 		.4byte	.LFE66
 1174 001e 0100     		.2byte	0x1
 1175 0020 50       		.byte	0x50
 1176 0021 00000000 		.4byte	0
 1177 0025 00000000 		.4byte	0
 1178              	.LLST1:
 1179 0029 18000000 		.4byte	.LVL11
 1180 002d 1A000000 		.4byte	.LVL12
 1181 0031 0100     		.2byte	0x1
 1182 0033 50       		.byte	0x50
 1183 0034 1A000000 		.4byte	.LVL12
 1184 0038 4E000000 		.4byte	.LVL20
 1185 003c 0100     		.2byte	0x1
 1186 003e 54       		.byte	0x54
 1187 003f 00000000 		.4byte	0
 1188 0043 00000000 		.4byte	0
 1189              	.LLST2:
 1190 0047 26000000 		.4byte	.LVL13
 1191 004b 4E000000 		.4byte	.LVL20
 1192 004f 0100     		.2byte	0x1
 1193 0051 56       		.byte	0x56
 1194 0052 00000000 		.4byte	0
 1195 0056 00000000 		.4byte	0
 1196              	.LLST3:
 1197 005a 00000000 		.4byte	.LVL21
 1198 005e 12000000 		.4byte	.LVL22
 1199 0062 0100     		.2byte	0x1
 1200 0064 50       		.byte	0x50
 1201 0065 12000000 		.4byte	.LVL22
 1202 0069 18000000 		.4byte	.LVL24
 1203 006d 0400     		.2byte	0x4
 1204 006f F3       		.byte	0xf3
 1205 0070 01       		.uleb128 0x1
 1206 0071 50       		.byte	0x50
 1207 0072 9F       		.byte	0x9f
 1208 0073 18000000 		.4byte	.LVL24
ARM GAS  C:\Users\Misha\AppData\Local\Temp\ccG8QBYb.s 			page 25


 1209 0077 1C000000 		.4byte	.LVL25
 1210 007b 0100     		.2byte	0x1
 1211 007d 50       		.byte	0x50
 1212 007e 1C000000 		.4byte	.LVL25
 1213 0082 22000000 		.4byte	.LVL27
 1214 0086 0400     		.2byte	0x4
 1215 0088 F3       		.byte	0xf3
 1216 0089 01       		.uleb128 0x1
 1217 008a 50       		.byte	0x50
 1218 008b 9F       		.byte	0x9f
 1219 008c 22000000 		.4byte	.LVL27
 1220 0090 26000000 		.4byte	.LVL28
 1221 0094 0100     		.2byte	0x1
 1222 0096 50       		.byte	0x50
 1223 0097 26000000 		.4byte	.LVL28
 1224 009b 2C000000 		.4byte	.LVL30
 1225 009f 0400     		.2byte	0x4
 1226 00a1 F3       		.byte	0xf3
 1227 00a2 01       		.uleb128 0x1
 1228 00a3 50       		.byte	0x50
 1229 00a4 9F       		.byte	0x9f
 1230 00a5 2C000000 		.4byte	.LVL30
 1231 00a9 30000000 		.4byte	.LVL31
 1232 00ad 0100     		.2byte	0x1
 1233 00af 50       		.byte	0x50
 1234 00b0 30000000 		.4byte	.LVL31
 1235 00b4 36000000 		.4byte	.LVL33
 1236 00b8 0400     		.2byte	0x4
 1237 00ba F3       		.byte	0xf3
 1238 00bb 01       		.uleb128 0x1
 1239 00bc 50       		.byte	0x50
 1240 00bd 9F       		.byte	0x9f
 1241 00be 36000000 		.4byte	.LVL33
 1242 00c2 3A000000 		.4byte	.LVL34
 1243 00c6 0100     		.2byte	0x1
 1244 00c8 50       		.byte	0x50
 1245 00c9 3A000000 		.4byte	.LVL34
 1246 00cd 40000000 		.4byte	.LFE67
 1247 00d1 0400     		.2byte	0x4
 1248 00d3 F3       		.byte	0xf3
 1249 00d4 01       		.uleb128 0x1
 1250 00d5 50       		.byte	0x50
 1251 00d6 9F       		.byte	0x9f
 1252 00d7 00000000 		.4byte	0
 1253 00db 00000000 		.4byte	0
 1254              	.LLST4:
 1255 00df 00000000 		.4byte	.LVL36
 1256 00e3 06000000 		.4byte	.LVL38
 1257 00e7 0100     		.2byte	0x1
 1258 00e9 50       		.byte	0x50
 1259 00ea 06000000 		.4byte	.LVL38
 1260 00ee 4C000000 		.4byte	.LFE68
 1261 00f2 0400     		.2byte	0x4
 1262 00f4 F3       		.byte	0xf3
 1263 00f5 01       		.uleb128 0x1
 1264 00f6 50       		.byte	0x50
 1265 00f7 9F       		.byte	0x9f
ARM GAS  C:\Users\Misha\AppData\Local\Temp\ccG8QBYb.s 			page 26


 1266 00f8 00000000 		.4byte	0
 1267 00fc 00000000 		.4byte	0
 1268              	.LLST5:
 1269 0100 10000000 		.4byte	.LVL39
 1270 0104 14000000 		.4byte	.LVL40
 1271 0108 0800     		.2byte	0x8
 1272 010a 70       		.byte	0x70
 1273 010b 00       		.sleb128 0
 1274 010c 33       		.byte	0x33
 1275 010d 26       		.byte	0x26
 1276 010e 73       		.byte	0x73
 1277 010f 00       		.sleb128 0
 1278 0110 1C       		.byte	0x1c
 1279 0111 9F       		.byte	0x9f
 1280 0112 14000000 		.4byte	.LVL40
 1281 0116 17000000 		.4byte	.LVL41-1
 1282 011a 0100     		.2byte	0x1
 1283 011c 50       		.byte	0x50
 1284 011d 17000000 		.4byte	.LVL41-1
 1285 0121 4C000000 		.4byte	.LFE68
 1286 0125 2F00     		.2byte	0x2f
 1287 0127 F3       		.byte	0xf3
 1288 0128 01       		.uleb128 0x1
 1289 0129 50       		.byte	0x50
 1290 012a 32       		.byte	0x32
 1291 012b 24       		.byte	0x24
 1292 012c F3       		.byte	0xf3
 1293 012d 01       		.uleb128 0x1
 1294 012e 50       		.byte	0x50
 1295 012f 22       		.byte	0x22
 1296 0130 31       		.byte	0x31
 1297 0131 24       		.byte	0x24
 1298 0132 F7       		.byte	0xf7
 1299 0133 33       		.uleb128 0x33
 1300 0134 F7       		.byte	0xf7
 1301 0135 25       		.uleb128 0x25
 1302 0136 0C       		.byte	0xc
 1303 0137 67666666 		.4byte	0x66666667
 1304 013b F7       		.byte	0xf7
 1305 013c 25       		.uleb128 0x25
 1306 013d 1E       		.byte	0x1e
 1307 013e 08       		.byte	0x8
 1308 013f 20       		.byte	0x20
 1309 0140 F7       		.byte	0xf7
 1310 0141 25       		.uleb128 0x25
 1311 0142 25       		.byte	0x25
 1312 0143 F7       		.byte	0xf7
 1313 0144 2C       		.uleb128 0x2c
 1314 0145 33       		.byte	0x33
 1315 0146 26       		.byte	0x26
 1316 0147 F3       		.byte	0xf3
 1317 0148 01       		.uleb128 0x1
 1318 0149 50       		.byte	0x50
 1319 014a 32       		.byte	0x32
 1320 014b 24       		.byte	0x24
 1321 014c F3       		.byte	0xf3
 1322 014d 01       		.uleb128 0x1
ARM GAS  C:\Users\Misha\AppData\Local\Temp\ccG8QBYb.s 			page 27


 1323 014e 50       		.byte	0x50
 1324 014f 22       		.byte	0x22
 1325 0150 31       		.byte	0x31
 1326 0151 24       		.byte	0x24
 1327 0152 4F       		.byte	0x4f
 1328 0153 26       		.byte	0x26
 1329 0154 1C       		.byte	0x1c
 1330 0155 9F       		.byte	0x9f
 1331 0156 00000000 		.4byte	0
 1332 015a 00000000 		.4byte	0
 1333              	.LLST6:
 1334 015e 2A000000 		.4byte	.LVL44
 1335 0162 2E000000 		.4byte	.LVL45
 1336 0166 0100     		.2byte	0x1
 1337 0168 50       		.byte	0x50
 1338 0169 2E000000 		.4byte	.LVL45
 1339 016d 30000000 		.4byte	.LVL46
 1340 0171 0400     		.2byte	0x4
 1341 0173 70       		.byte	0x70
 1342 0174 9878     		.sleb128 -1000
 1343 0176 9F       		.byte	0x9f
 1344 0177 00000000 		.4byte	0
 1345 017b 00000000 		.4byte	0
 1346              		.section	.debug_aranges,"",%progbits
 1347 0000 3C000000 		.4byte	0x3c
 1348 0004 0200     		.2byte	0x2
 1349 0006 00000000 		.4byte	.Ldebug_info0
 1350 000a 04       		.byte	0x4
 1351 000b 00       		.byte	0
 1352 000c 0000     		.2byte	0
 1353 000e 0000     		.2byte	0
 1354 0010 00000000 		.4byte	.LFB64
 1355 0014 1C000000 		.4byte	.LFE64-.LFB64
 1356 0018 00000000 		.4byte	.LFB65
 1357 001c 1C000000 		.4byte	.LFE65-.LFB65
 1358 0020 00000000 		.4byte	.LFB66
 1359 0024 54000000 		.4byte	.LFE66-.LFB66
 1360 0028 00000000 		.4byte	.LFB67
 1361 002c 40000000 		.4byte	.LFE67-.LFB67
 1362 0030 00000000 		.4byte	.LFB68
 1363 0034 4C000000 		.4byte	.LFE68-.LFB68
 1364 0038 00000000 		.4byte	0
 1365 003c 00000000 		.4byte	0
 1366              		.section	.debug_ranges,"",%progbits
 1367              	.Ldebug_ranges0:
 1368 0000 00000000 		.4byte	.LFB64
 1369 0004 1C000000 		.4byte	.LFE64
 1370 0008 00000000 		.4byte	.LFB65
 1371 000c 1C000000 		.4byte	.LFE65
 1372 0010 00000000 		.4byte	.LFB66
 1373 0014 54000000 		.4byte	.LFE66
 1374 0018 00000000 		.4byte	.LFB67
 1375 001c 40000000 		.4byte	.LFE67
 1376 0020 00000000 		.4byte	.LFB68
 1377 0024 4C000000 		.4byte	.LFE68
 1378 0028 00000000 		.4byte	0
 1379 002c 00000000 		.4byte	0
ARM GAS  C:\Users\Misha\AppData\Local\Temp\ccG8QBYb.s 			page 28


 1380              		.section	.debug_line,"",%progbits
 1381              	.Ldebug_line0:
 1382 0000 85020000 		.section	.debug_str,"MS",%progbits,1
 1382      02000F02 
 1382      00000201 
 1382      FB0E0D00 
 1382      01010101 
 1383              	.LASF8:
 1384 0000 6C6F6E67 		.ascii	"long long int\000"
 1384      206C6F6E 
 1384      6720696E 
 1384      7400
 1385              	.LASF43:
 1386 000e 47726970 		.ascii	"Gripper_Servo_PWM_Wakeup\000"
 1386      7065725F 
 1386      53657276 
 1386      6F5F5057 
 1386      4D5F5761 
 1387              	.LASF16:
 1388 0027 61726D4F 		.ascii	"armOpen\000"
 1388      70656E00 
 1389              	.LASF9:
 1390 002f 5F5F696E 		.ascii	"__int32_t\000"
 1390      7433325F 
 1390      7400
 1391              	.LASF27:
 1392 0039 74686574 		.ascii	"theta\000"
 1392      6100
 1393              	.LASF22:
 1394 003f 6E65775F 		.ascii	"new_position\000"
 1394      706F7369 
 1394      74696F6E 
 1394      00
 1395              	.LASF32:
 1396 004c 7075636B 		.ascii	"puckRackColours\000"
 1396      5261636B 
 1396      436F6C6F 
 1396      75727300 
 1397              	.LASF44:
 1398 005c 47726970 		.ascii	"Gripper_Servo_PWM_WriteCompare\000"
 1398      7065725F 
 1398      53657276 
 1398      6F5F5057 
 1398      4D5F5772 
 1399              	.LASF25:
 1400 007b 64657369 		.ascii	"desiredPosition\000"
 1400      72656450 
 1400      6F736974 
 1400      696F6E00 
 1401              	.LASF10:
 1402 008b 696E7433 		.ascii	"int32_t\000"
 1402      325F7400 
 1403              	.LASF46:
 1404 0093 47726970 		.ascii	"Gripper_Servo_PWM_Sleep\000"
 1404      7065725F 
 1404      53657276 
 1404      6F5F5057 
ARM GAS  C:\Users\Misha\AppData\Local\Temp\ccG8QBYb.s 			page 29


 1404      4D5F536C 
 1405              	.LASF11:
 1406 00ab 666C6F61 		.ascii	"float\000"
 1406      7400
 1407              	.LASF31:
 1408 00b1 63757272 		.ascii	"currentPuckRackScanningIndex\000"
 1408      656E7450 
 1408      75636B52 
 1408      61636B53 
 1408      63616E6E 
 1409              	.LASF0:
 1410 00ce 6C6F6E67 		.ascii	"long long unsigned int\000"
 1410      206C6F6E 
 1410      6720756E 
 1410      7369676E 
 1410      65642069 
 1411              	.LASF3:
 1412 00e5 756E7369 		.ascii	"unsigned char\000"
 1412      676E6564 
 1412      20636861 
 1412      7200
 1413              	.LASF52:
 1414 00f3 474E5520 		.ascii	"GNU C11 5.4.1 20160609 (release) [ARM/embedded-5-br"
 1414      43313120 
 1414      352E342E 
 1414      31203230 
 1414      31363036 
 1415 0126 616E6368 		.ascii	"anch revision 237715] -mcpu=cortex-m3 -mthumb -g -O"
 1415      20726576 
 1415      6973696F 
 1415      6E203233 
 1415      37373135 
 1416 0159 67202D66 		.ascii	"g -ffunction-sections -ffat-lto-objects\000"
 1416      66756E63 
 1416      74696F6E 
 1416      2D736563 
 1416      74696F6E 
 1417              	.LASF19:
 1418 0181 63757272 		.ascii	"current_position\000"
 1418      656E745F 
 1418      706F7369 
 1418      74696F6E 
 1418      00
 1419              	.LASF7:
 1420 0192 6C6F6E67 		.ascii	"long unsigned int\000"
 1420      20756E73 
 1420      69676E65 
 1420      6420696E 
 1420      7400
 1421              	.LASF48:
 1422 01a4 5261636B 		.ascii	"Rack_Servo_PWM_ReadCompare\000"
 1422      5F536572 
 1422      766F5F50 
 1422      574D5F52 
 1422      65616443 
 1423              	.LASF39:
 1424 01bf 7475726E 		.ascii	"turningLeftFlag\000"
ARM GAS  C:\Users\Misha\AppData\Local\Temp\ccG8QBYb.s 			page 30


 1424      696E674C 
 1424      65667446 
 1424      6C616700 
 1425              	.LASF20:
 1426 01cf 64696666 		.ascii	"difference\000"
 1426      6572656E 
 1426      636500
 1427              	.LASF29:
 1428 01da 49544D5F 		.ascii	"ITM_RxBuffer\000"
 1428      52784275 
 1428      66666572 
 1428      00
 1429              	.LASF36:
 1430 01e7 7075636B 		.ascii	"puckPileLocation\000"
 1430      50696C65 
 1430      4C6F6361 
 1430      74696F6E 
 1430      00
 1431              	.LASF12:
 1432 01f8 646F7562 		.ascii	"double\000"
 1432      6C6500
 1433              	.LASF35:
 1434 01ff 626C6F63 		.ascii	"block_edge_location\000"
 1434      6B5F6564 
 1434      67655F6C 
 1434      6F636174 
 1434      696F6E00 
 1435              	.LASF47:
 1436 0213 5261636B 		.ascii	"Rack_Servo_PWM_Wakeup\000"
 1436      5F536572 
 1436      766F5F50 
 1436      574D5F57 
 1436      616B6575 
 1437              	.LASF54:
 1438 0229 433A5C55 		.ascii	"C:\\Users\\Misha\\Documents\\PSoC Creator\\ECE3091_"
 1438      73657273 
 1438      5C4D6973 
 1438      68615C44 
 1438      6F63756D 
 1439 0257 47726F75 		.ascii	"Group17\\Group17RobotReal\\Group17Robot.cydsn\000"
 1439      7031375C 
 1439      47726F75 
 1439      70313752 
 1439      6F626F74 
 1440              	.LASF33:
 1441 0283 7075636B 		.ascii	"puckRackOffsetsFromWest\000"
 1441      5261636B 
 1441      4F666673 
 1441      65747346 
 1441      726F6D57 
 1442              	.LASF37:
 1443 029b 64726976 		.ascii	"drivingForwardFlag\000"
 1443      696E6746 
 1443      6F727761 
 1443      7264466C 
 1443      616700
 1444              	.LASF50:
ARM GAS  C:\Users\Misha\AppData\Local\Temp\ccG8QBYb.s 			page 31


 1445 02ae 5261636B 		.ascii	"Rack_Servo_PWM_Sleep\000"
 1445      5F536572 
 1445      766F5F50 
 1445      574D5F53 
 1445      6C656570 
 1446              	.LASF1:
 1447 02c3 756E7369 		.ascii	"unsigned int\000"
 1447      676E6564 
 1447      20696E74 
 1447      00
 1448              	.LASF53:
 1449 02d0 73657276 		.ascii	"servo.c\000"
 1449      6F2E6300 
 1450              	.LASF24:
 1451 02d8 61726D4D 		.ascii	"armMoveUpDown\000"
 1451      6F766555 
 1451      70446F77 
 1451      6E00
 1452              	.LASF38:
 1453 02e6 64726976 		.ascii	"drivingBackwardFlag\000"
 1453      696E6742 
 1453      61636B77 
 1453      61726446 
 1453      6C616700 
 1454              	.LASF14:
 1455 02fa 6C6F6E67 		.ascii	"long double\000"
 1455      20646F75 
 1455      626C6500 
 1456              	.LASF15:
 1457 0306 73697A65 		.ascii	"sizetype\000"
 1457      74797065 
 1457      00
 1458              	.LASF49:
 1459 030f 5261636B 		.ascii	"Rack_Servo_PWM_WriteCompare\000"
 1459      5F536572 
 1459      766F5F50 
 1459      574D5F57 
 1459      72697465 
 1460              	.LASF5:
 1461 032b 73686F72 		.ascii	"short unsigned int\000"
 1461      7420756E 
 1461      7369676E 
 1461      65642069 
 1461      6E7400
 1462              	.LASF30:
 1463 033e 64726976 		.ascii	"driveStraightEnable\000"
 1463      65537472 
 1463      61696768 
 1463      74456E61 
 1463      626C6500 
 1464              	.LASF23:
 1465 0352 7075636B 		.ascii	"puckHeightIndex\000"
 1465      48656967 
 1465      6874496E 
 1465      64657800 
 1466              	.LASF13:
 1467 0362 63686172 		.ascii	"char\000"
ARM GAS  C:\Users\Misha\AppData\Local\Temp\ccG8QBYb.s 			page 32


 1467      00
 1468              	.LASF28:
 1469 0367 636F6D70 		.ascii	"compare_val\000"
 1469      6172655F 
 1469      76616C00 
 1470              	.LASF4:
 1471 0373 73686F72 		.ascii	"short int\000"
 1471      7420696E 
 1471      7400
 1472              	.LASF42:
 1473 037d 6F757470 		.ascii	"output\000"
 1473      757400
 1474              	.LASF18:
 1475 0384 61726D54 		.ascii	"armTranslate\000"
 1475      72616E73 
 1475      6C617465 
 1475      00
 1476              	.LASF21:
 1477 0391 6368616E 		.ascii	"changeHeightToPuck\000"
 1477      67654865 
 1477      69676874 
 1477      546F5075 
 1477      636B00
 1478              	.LASF6:
 1479 03a4 6C6F6E67 		.ascii	"long int\000"
 1479      20696E74 
 1479      00
 1480              	.LASF34:
 1481 03ad 73776565 		.ascii	"sweeping\000"
 1481      70696E67 
 1481      00
 1482              	.LASF51:
 1483 03b6 726F756E 		.ascii	"round\000"
 1483      6400
 1484              	.LASF2:
 1485 03bc 7369676E 		.ascii	"signed char\000"
 1485      65642063 
 1485      68617200 
 1486              	.LASF17:
 1487 03c8 61726D43 		.ascii	"armClose\000"
 1487      6C6F7365 
 1487      00
 1488              	.LASF41:
 1489 03d1 696E6974 		.ascii	"initialisation\000"
 1489      69616C69 
 1489      73617469 
 1489      6F6E00
 1490              	.LASF40:
 1491 03e0 7475726E 		.ascii	"turningRightFlag\000"
 1491      696E6752 
 1491      69676874 
 1491      466C6167 
 1491      00
 1492              	.LASF45:
 1493 03f1 43794465 		.ascii	"CyDelay\000"
 1493      6C617900 
 1494              	.LASF26:
ARM GAS  C:\Users\Misha\AppData\Local\Temp\ccG8QBYb.s 			page 33


 1495 03f9 47454152 		.ascii	"GEAR_RADIUS\000"
 1495      5F524144 
 1495      49555300 
 1496              		.ident	"GCC: (GNU Tools for ARM Embedded Processors) 5.4.1 20160609 (release) [ARM/embedded-5-bran
