ARM GAS  C:\Users\Misha\AppData\Local\Temp\ccq6zwHX.s 			page 1


   1              		.syntax unified
   2              		.cpu cortex-m3
   3              		.fpu softvfp
   4              		.eabi_attribute 20, 1
   5              		.eabi_attribute 21, 1
   6              		.eabi_attribute 23, 3
   7              		.eabi_attribute 24, 1
   8              		.eabi_attribute 25, 1
   9              		.eabi_attribute 26, 1
  10              		.eabi_attribute 30, 1
  11              		.eabi_attribute 34, 1
  12              		.eabi_attribute 18, 4
  13              		.thumb
  14              		.syntax unified
  15              		.file	"ultrasonic.c"
  16              		.text
  17              	.Ltext0:
  18              		.cfi_sections	.debug_frame
  19              		.global	__aeabi_i2d
  20              		.global	__aeabi_dmul
  21              		.global	__aeabi_d2iz
  22              		.section	.text.ultrasonicInterruptHandler,"ax",%progbits
  23              		.align	2
  24              		.global	ultrasonicInterruptHandler
  25              		.thumb
  26              		.thumb_func
  27              		.type	ultrasonicInterruptHandler, %function
  28              	ultrasonicInterruptHandler:
  29              	.LFB64:
  30              		.file 1 "ultrasonic.c"
   1:ultrasonic.c  **** /* ========================================
   2:ultrasonic.c  ****  *
   3:ultrasonic.c  ****  * Copyright Group 17, 2019
   4:ultrasonic.c  ****  * All Rights Reserved
   5:ultrasonic.c  ****  * UNPUBLISHED, LICENSED SOFTWARE.
   6:ultrasonic.c  ****  *
   7:ultrasonic.c  ****  * CONFIDENTIAL AND PROPRIETARY INFORMATION
   8:ultrasonic.c  ****  * WHICH IS THE PROPERTY OF Blayke, Misha, Nidhin.
   9:ultrasonic.c  ****  *
  10:ultrasonic.c  ****  * ========================================
  11:ultrasonic.c  **** */
  12:ultrasonic.c  **** 
  13:ultrasonic.c  **** // * PSOC LIBRARY * //
  14:ultrasonic.c  **** #include "project.h"
  15:ultrasonic.c  **** 
  16:ultrasonic.c  **** // * C LIBRARIES * // 
  17:ultrasonic.c  **** #include <stdlib.h>
  18:ultrasonic.c  **** #include <stdio.h>
  19:ultrasonic.c  **** #include <math.h>
  20:ultrasonic.c  **** 
  21:ultrasonic.c  **** // * OUR LIBRARIES * //
  22:ultrasonic.c  **** #include "main.h"
  23:ultrasonic.c  **** #include "colour.h"
  24:ultrasonic.c  **** #include "ultrasonic.h" 
  25:ultrasonic.c  **** #include "servo.h"
  26:ultrasonic.c  **** #include "motor.h"
  27:ultrasonic.c  **** #include "customMath.h"
ARM GAS  C:\Users\Misha\AppData\Local\Temp\ccq6zwHX.s 			page 2


  28:ultrasonic.c  **** #include "navigation.h"
  29:ultrasonic.c  **** #include "debugging.h"
  30:ultrasonic.c  **** 
  31:ultrasonic.c  **** /* Declare global variables */
  32:ultrasonic.c  **** 
  33:ultrasonic.c  **** int i = 0; //what is i and count used for? We might need to name them more descriptively
  34:ultrasonic.c  **** int count = 0;      
  35:ultrasonic.c  **** int distance_measured = 0; 
  36:ultrasonic.c  **** int sensor_distances[TOTAL_SONIC_SENSORS] = {0,0,0,0,0,0};
  37:ultrasonic.c  **** int ultrasonic_mux_control;       // THIS is a global variable that will be taken 
  38:ultrasonic.c  **** int block_start = 0;
  39:ultrasonic.c  **** int puck_start = 0;
  40:ultrasonic.c  **** int initialisation = 1;
  41:ultrasonic.c  **** 
  42:ultrasonic.c  **** 
  43:ultrasonic.c  **** 
  44:ultrasonic.c  **** 
  45:ultrasonic.c  **** void ultrasonicInterruptHandler(){
  31              		.loc 1 45 0
  32              		.cfi_startproc
  33              		@ args = 0, pretend = 0, frame = 0
  34              		@ frame_needed = 0, uses_anonymous_args = 0
  35 0000 38B5     		push	{r3, r4, r5, lr}
  36              		.cfi_def_cfa_offset 16
  37              		.cfi_offset 3, -16
  38              		.cfi_offset 4, -12
  39              		.cfi_offset 5, -8
  40              		.cfi_offset 14, -4
  46:ultrasonic.c  ****     //UART_1_PutString("Interrupt \n");
  47:ultrasonic.c  ****     Timer_1_ReadStatusRegister();   // CLEARS INTERRUPTS 
  41              		.loc 1 47 0
  42 0002 FFF7FEFF 		bl	Timer_1_ReadStatusRegister
  43              	.LVL0:
  48:ultrasonic.c  ****     count = Timer_1_ReadCounter();
  44              		.loc 1 48 0
  45 0006 FFF7FEFF 		bl	Timer_1_ReadCounter
  46              	.LVL1:
  47 000a 0D4C     		ldr	r4, .L3+8
  48 000c 2060     		str	r0, [r4]
  49:ultrasonic.c  ****     Timer_1_Stop();
  49              		.loc 1 49 0
  50 000e FFF7FEFF 		bl	Timer_1_Stop
  51              	.LVL2:
  50:ultrasonic.c  ****     
  51:ultrasonic.c  ****     // Calculate distances based off timer counts
  52:ultrasonic.c  ****     sensor_distances[ultrasonic_mux_control] = 0.172413*(65536-count);          // This is in mm
  52              		.loc 1 52 0
  53 0012 0C4B     		ldr	r3, .L3+12
  54 0014 1D68     		ldr	r5, [r3]
  55 0016 2068     		ldr	r0, [r4]
  56 0018 C0F58030 		rsb	r0, r0, #65536
  57 001c FFF7FEFF 		bl	__aeabi_i2d
  58              	.LVL3:
  59 0020 05A3     		adr	r3, .L3
  60 0022 D3E90023 		ldrd	r2, [r3]
  61 0026 FFF7FEFF 		bl	__aeabi_dmul
  62              	.LVL4:
ARM GAS  C:\Users\Misha\AppData\Local\Temp\ccq6zwHX.s 			page 3


  63 002a 04EB8504 		add	r4, r4, r5, lsl #2
  64 002e FFF7FEFF 		bl	__aeabi_d2iz
  65              	.LVL5:
  66 0032 6060     		str	r0, [r4, #4]
  67 0034 38BD     		pop	{r3, r4, r5, pc}
  68              	.L4:
  69 0036 00BF     		.align	3
  70              	.L3:
  71 0038 2BDF3312 		.word	305389355
  72 003c A111C63F 		.word	1069945249
  73 0040 00000000 		.word	.LANCHOR0
  74 0044 00000000 		.word	ultrasonic_mux_control
  75              		.cfi_endproc
  76              	.LFE64:
  77              		.size	ultrasonicInterruptHandler, .-ultrasonicInterruptHandler
  78              		.section	.text.distanceSensor,"ax",%progbits
  79              		.align	2
  80              		.global	distanceSensor
  81              		.thumb
  82              		.thumb_func
  83              		.type	distanceSensor, %function
  84              	distanceSensor:
  85              	.LFB65:
  53:ultrasonic.c  ****     
  54:ultrasonic.c  **** }
  55:ultrasonic.c  **** 
  56:ultrasonic.c  **** void distanceSensor(int current_sensor_index) {
  86              		.loc 1 56 0
  87              		.cfi_startproc
  88              		@ args = 0, pretend = 0, frame = 0
  89              		@ frame_needed = 0, uses_anonymous_args = 0
  90              	.LVL6:
  91 0000 10B5     		push	{r4, lr}
  92              		.cfi_def_cfa_offset 8
  93              		.cfi_offset 4, -8
  94              		.cfi_offset 14, -4
  95 0002 0446     		mov	r4, r0
  57:ultrasonic.c  ****     
  58:ultrasonic.c  ****     //ultrasonic_flag = TRUE;
  59:ultrasonic.c  ****     Ultrasonic_Mux_Control_Write(current_sensor_index);
  96              		.loc 1 59 0
  97 0004 C0B2     		uxtb	r0, r0
  98              	.LVL7:
  99 0006 FFF7FEFF 		bl	Ultrasonic_Mux_Control_Write
 100              	.LVL8:
  60:ultrasonic.c  ****     
  61:ultrasonic.c  ****     // I think i need to change ultrasonic_mux_control to the correct value 
  62:ultrasonic.c  ****     ultrasonic_mux_control = current_sensor_index;    // This will be used when the interrupt occur
 101              		.loc 1 62 0
 102 000a 254B     		ldr	r3, .L16
 103 000c 1C60     		str	r4, [r3]
  63:ultrasonic.c  ****     
  64:ultrasonic.c  ****     
  65:ultrasonic.c  ****     Timer_1_Start();            // starts the timer
 104              		.loc 1 65 0
 105 000e FFF7FEFF 		bl	Timer_1_Start
 106              	.LVL9:
ARM GAS  C:\Users\Misha\AppData\Local\Temp\ccq6zwHX.s 			page 4


  66:ultrasonic.c  ****             
  67:ultrasonic.c  ****     switch(current_sensor_index){
 107              		.loc 1 67 0
 108 0012 052C     		cmp	r4, #5
 109 0014 40D8     		bhi	.L6
 110 0016 DFE804F0 		tbb	[pc, r4]
 111              	.L8:
 112 001a 03       		.byte	(.L7-.L8)/2
 113 001b 0D       		.byte	(.L9-.L8)/2
 114 001c 17       		.byte	(.L10-.L8)/2
 115 001d 21       		.byte	(.L11-.L8)/2
 116 001e 2B       		.byte	(.L12-.L8)/2
 117 001f 35       		.byte	(.L13-.L8)/2
 118              		.p2align 1
 119              	.L7:
  68:ultrasonic.c  ****         
  69:ultrasonic.c  ****         case 0:
  70:ultrasonic.c  ****         
  71:ultrasonic.c  ****             //while (Echo_1_Read() == 0)
  72:ultrasonic.c  ****             {
  73:ultrasonic.c  ****                 
  74:ultrasonic.c  ****                 Trigger_1_Write(1);     
 120              		.loc 1 74 0
 121 0020 0120     		movs	r0, #1
 122 0022 FFF7FEFF 		bl	Trigger_1_Write
 123              	.LVL10:
  75:ultrasonic.c  ****                 CyDelayUs(10);          // 10microsecond pulse
 124              		.loc 1 75 0
 125 0026 0A20     		movs	r0, #10
 126 0028 FFF7FEFF 		bl	CyDelayUs
 127              	.LVL11:
  76:ultrasonic.c  ****                 Trigger_1_Write(0);     
 128              		.loc 1 76 0
 129 002c 0020     		movs	r0, #0
 130 002e FFF7FEFF 		bl	Trigger_1_Write
 131              	.LVL12:
  77:ultrasonic.c  ****             }
  78:ultrasonic.c  ****         
  79:ultrasonic.c  ****         break;
 132              		.loc 1 79 0
 133 0032 10BD     		pop	{r4, pc}
 134              	.LVL13:
 135              	.L9:
  80:ultrasonic.c  ****         
  81:ultrasonic.c  ****         case 1:
  82:ultrasonic.c  ****         
  83:ultrasonic.c  ****            //while (Echo_2_Read() == 0)
  84:ultrasonic.c  ****             {
  85:ultrasonic.c  ****                 Trigger_2_Write(1);
 136              		.loc 1 85 0
 137 0034 0120     		movs	r0, #1
 138 0036 FFF7FEFF 		bl	Trigger_2_Write
 139              	.LVL14:
  86:ultrasonic.c  ****                 CyDelayUs(10);          // 10microsecond pulse
 140              		.loc 1 86 0
 141 003a 0A20     		movs	r0, #10
 142 003c FFF7FEFF 		bl	CyDelayUs
ARM GAS  C:\Users\Misha\AppData\Local\Temp\ccq6zwHX.s 			page 5


 143              	.LVL15:
  87:ultrasonic.c  ****                 Trigger_2_Write(0);
 144              		.loc 1 87 0
 145 0040 0020     		movs	r0, #0
 146 0042 FFF7FEFF 		bl	Trigger_2_Write
 147              	.LVL16:
  88:ultrasonic.c  ****             }
  89:ultrasonic.c  ****         
  90:ultrasonic.c  ****         break;
 148              		.loc 1 90 0
 149 0046 10BD     		pop	{r4, pc}
 150              	.LVL17:
 151              	.L10:
  91:ultrasonic.c  ****         
  92:ultrasonic.c  ****         case 2:
  93:ultrasonic.c  ****         
  94:ultrasonic.c  ****             //while (Echo_3_Read() == 0)
  95:ultrasonic.c  ****             {
  96:ultrasonic.c  ****                 Trigger_3_Write(1);
 152              		.loc 1 96 0
 153 0048 0120     		movs	r0, #1
 154 004a FFF7FEFF 		bl	Trigger_3_Write
 155              	.LVL18:
  97:ultrasonic.c  ****                 CyDelayUs(10);          // 10microsecond pulse
 156              		.loc 1 97 0
 157 004e 0A20     		movs	r0, #10
 158 0050 FFF7FEFF 		bl	CyDelayUs
 159              	.LVL19:
  98:ultrasonic.c  ****                 Trigger_3_Write(0);
 160              		.loc 1 98 0
 161 0054 0020     		movs	r0, #0
 162 0056 FFF7FEFF 		bl	Trigger_3_Write
 163              	.LVL20:
  99:ultrasonic.c  ****             }
 100:ultrasonic.c  ****         
 101:ultrasonic.c  ****         break;
 164              		.loc 1 101 0
 165 005a 10BD     		pop	{r4, pc}
 166              	.LVL21:
 167              	.L11:
 102:ultrasonic.c  ****         
 103:ultrasonic.c  ****         case 3:
 104:ultrasonic.c  ****         
 105:ultrasonic.c  ****            //while (Echo_4_Read() == 0)
 106:ultrasonic.c  ****             {
 107:ultrasonic.c  ****                 Trigger_4_Write(1);
 168              		.loc 1 107 0
 169 005c 0120     		movs	r0, #1
 170 005e FFF7FEFF 		bl	Trigger_4_Write
 171              	.LVL22:
 108:ultrasonic.c  ****                 CyDelayUs(10);          // 10microsecond pulse
 172              		.loc 1 108 0
 173 0062 0A20     		movs	r0, #10
 174 0064 FFF7FEFF 		bl	CyDelayUs
 175              	.LVL23:
 109:ultrasonic.c  ****                 Trigger_4_Write(0);
 176              		.loc 1 109 0
ARM GAS  C:\Users\Misha\AppData\Local\Temp\ccq6zwHX.s 			page 6


 177 0068 0020     		movs	r0, #0
 178 006a FFF7FEFF 		bl	Trigger_4_Write
 179              	.LVL24:
 110:ultrasonic.c  ****             }
 111:ultrasonic.c  ****         
 112:ultrasonic.c  ****         break;
 180              		.loc 1 112 0
 181 006e 10BD     		pop	{r4, pc}
 182              	.LVL25:
 183              	.L12:
 113:ultrasonic.c  ****         
 114:ultrasonic.c  ****         case 4:
 115:ultrasonic.c  ****         
 116:ultrasonic.c  ****             //while (Echo_5_Read() == 0)
 117:ultrasonic.c  ****             {
 118:ultrasonic.c  ****                 Trigger_5_Write(1);
 184              		.loc 1 118 0
 185 0070 0120     		movs	r0, #1
 186 0072 FFF7FEFF 		bl	Trigger_5_Write
 187              	.LVL26:
 119:ultrasonic.c  ****                 CyDelayUs(10);          // 10microsecond pulse
 188              		.loc 1 119 0
 189 0076 0A20     		movs	r0, #10
 190 0078 FFF7FEFF 		bl	CyDelayUs
 191              	.LVL27:
 120:ultrasonic.c  ****                 Trigger_5_Write(0);
 192              		.loc 1 120 0
 193 007c 0020     		movs	r0, #0
 194 007e FFF7FEFF 		bl	Trigger_5_Write
 195              	.LVL28:
 121:ultrasonic.c  ****             }
 122:ultrasonic.c  ****         
 123:ultrasonic.c  ****         break;
 196              		.loc 1 123 0
 197 0082 10BD     		pop	{r4, pc}
 198              	.LVL29:
 199              	.L13:
 124:ultrasonic.c  ****             
 125:ultrasonic.c  ****         case 5:
 126:ultrasonic.c  ****         
 127:ultrasonic.c  ****             //while (Echo_5_Read() == 0)
 128:ultrasonic.c  ****             {
 129:ultrasonic.c  ****                 Trigger_6_Write(1);
 200              		.loc 1 129 0
 201 0084 0120     		movs	r0, #1
 202 0086 FFF7FEFF 		bl	Trigger_6_Write
 203              	.LVL30:
 130:ultrasonic.c  ****                 CyDelayUs(10);          // 10microsecond pulse
 204              		.loc 1 130 0
 205 008a 0A20     		movs	r0, #10
 206 008c FFF7FEFF 		bl	CyDelayUs
 207              	.LVL31:
 131:ultrasonic.c  ****                 Trigger_6_Write(0);
 208              		.loc 1 131 0
 209 0090 0020     		movs	r0, #0
 210 0092 FFF7FEFF 		bl	Trigger_6_Write
 211              	.LVL32:
ARM GAS  C:\Users\Misha\AppData\Local\Temp\ccq6zwHX.s 			page 7


 132:ultrasonic.c  ****             }
 133:ultrasonic.c  ****         
 134:ultrasonic.c  ****         break;   
 212              		.loc 1 134 0
 213 0096 10BD     		pop	{r4, pc}
 214              	.LVL33:
 215              	.L6:
 135:ultrasonic.c  **** 
 136:ultrasonic.c  ****         default:
 137:ultrasonic.c  ****             UART_1_PutString("sensor is faulty");
 216              		.loc 1 137 0
 217 0098 0248     		ldr	r0, .L16+4
 218 009a FFF7FEFF 		bl	UART_1_PutString
 219              	.LVL34:
 220 009e 10BD     		pop	{r4, pc}
 221              	.LVL35:
 222              	.L17:
 223              		.align	2
 224              	.L16:
 225 00a0 00000000 		.word	ultrasonic_mux_control
 226 00a4 00000000 		.word	.LC0
 227              		.cfi_endproc
 228              	.LFE65:
 229              		.size	distanceSensor, .-distanceSensor
 230              		.section	.text.distanceCheck,"ax",%progbits
 231              		.align	2
 232              		.global	distanceCheck
 233              		.thumb
 234              		.thumb_func
 235              		.type	distanceCheck, %function
 236              	distanceCheck:
 237              	.LFB66:
 138:ultrasonic.c  ****         break;
 139:ultrasonic.c  ****             
 140:ultrasonic.c  ****     }
 141:ultrasonic.c  ****     //while(ultrasonic_flag == TRUE) {}
 142:ultrasonic.c  **** }
 143:ultrasonic.c  **** 
 144:ultrasonic.c  **** void distanceCheck()
 145:ultrasonic.c  **** {
 238              		.loc 1 145 0
 239              		.cfi_startproc
 240              		@ args = 0, pretend = 0, frame = 0
 241              		@ frame_needed = 0, uses_anonymous_args = 0
 242 0000 08B5     		push	{r3, lr}
 243              		.cfi_def_cfa_offset 8
 244              		.cfi_offset 3, -8
 245              		.cfi_offset 14, -4
 146:ultrasonic.c  ****    
 147:ultrasonic.c  ****   for (ultrasonic_mux_control = 0; ultrasonic_mux_control < TOTAL_SONIC_SENSORS; ultrasonic_mux_con
 246              		.loc 1 147 0
 247 0002 0022     		movs	r2, #0
 248 0004 084B     		ldr	r3, .L22
 249 0006 1A60     		str	r2, [r3]
 250 0008 08E0     		b	.L19
 251              	.L20:
 148:ultrasonic.c  **** 
ARM GAS  C:\Users\Misha\AppData\Local\Temp\ccq6zwHX.s 			page 8


 149:ultrasonic.c  ****         distanceSensor(ultrasonic_mux_control);
 252              		.loc 1 149 0 discriminator 3
 253 000a FFF7FEFF 		bl	distanceSensor
 254              	.LVL36:
 150:ultrasonic.c  ****         CyDelay(SENSOR_PULSE_DELAY_MS);                // delay of 100 milliseconds or adequate bet
 255              		.loc 1 150 0 discriminator 3
 256 000e 3220     		movs	r0, #50
 257 0010 FFF7FEFF 		bl	CyDelay
 258              	.LVL37:
 147:ultrasonic.c  **** 
 259              		.loc 1 147 0 discriminator 3
 260 0014 044A     		ldr	r2, .L22
 261 0016 1368     		ldr	r3, [r2]
 262 0018 0133     		adds	r3, r3, #1
 263 001a 1360     		str	r3, [r2]
 264              	.L19:
 147:ultrasonic.c  **** 
 265              		.loc 1 147 0 is_stmt 0 discriminator 1
 266 001c 024B     		ldr	r3, .L22
 267 001e 1868     		ldr	r0, [r3]
 268 0020 0528     		cmp	r0, #5
 269 0022 F2DD     		ble	.L20
 151:ultrasonic.c  ****   
 152:ultrasonic.c  ****     }
 153:ultrasonic.c  **** }
 270              		.loc 1 153 0 is_stmt 1
 271 0024 08BD     		pop	{r3, pc}
 272              	.L23:
 273 0026 00BF     		.align	2
 274              	.L22:
 275 0028 00000000 		.word	ultrasonic_mux_control
 276              		.cfi_endproc
 277              	.LFE66:
 278              		.size	distanceCheck, .-distanceCheck
 279              		.section	.text.safetyDistanceCheck,"ax",%progbits
 280              		.align	2
 281              		.global	safetyDistanceCheck
 282              		.thumb
 283              		.thumb_func
 284              		.type	safetyDistanceCheck, %function
 285              	safetyDistanceCheck:
 286              	.LFB67:
 154:ultrasonic.c  **** 
 155:ultrasonic.c  **** void safetyDistanceCheck() {
 287              		.loc 1 155 0
 288              		.cfi_startproc
 289              		@ args = 0, pretend = 0, frame = 0
 290              		@ frame_needed = 0, uses_anonymous_args = 0
 291 0000 38B5     		push	{r3, r4, r5, lr}
 292              		.cfi_def_cfa_offset 16
 293              		.cfi_offset 3, -16
 294              		.cfi_offset 4, -12
 295              		.cfi_offset 5, -8
 296              		.cfi_offset 14, -4
 156:ultrasonic.c  ****     UART_1_PutString("Ultrasonic safety check: \n");
 297              		.loc 1 156 0
 298 0002 0F48     		ldr	r0, .L28
ARM GAS  C:\Users\Misha\AppData\Local\Temp\ccq6zwHX.s 			page 9


 299 0004 FFF7FEFF 		bl	UART_1_PutString
 300              	.LVL38:
 301              	.LBB2:
 157:ultrasonic.c  ****     for (int i = 0; i < 5; i++)
 302              		.loc 1 157 0
 303 0008 0024     		movs	r4, #0
 304 000a 12E0     		b	.L25
 305              	.LVL39:
 306              	.L26:
 158:ultrasonic.c  ****         {
 159:ultrasonic.c  ****             distanceSensor(i);
 307              		.loc 1 159 0 discriminator 3
 308 000c 2046     		mov	r0, r4
 309 000e FFF7FEFF 		bl	distanceSensor
 310              	.LVL40:
 160:ultrasonic.c  ****             CyDelay(60);
 311              		.loc 1 160 0 discriminator 3
 312 0012 3C20     		movs	r0, #60
 313 0014 FFF7FEFF 		bl	CyDelay
 314              	.LVL41:
 161:ultrasonic.c  ****             sprintf(output, "%d \t", sensor_distances[i]);
 315              		.loc 1 161 0 discriminator 3
 316 0018 0A4B     		ldr	r3, .L28+4
 317 001a 03EB8403 		add	r3, r3, r4, lsl #2
 318 001e 0A4D     		ldr	r5, .L28+8
 319 0020 5A68     		ldr	r2, [r3, #4]
 320 0022 0A49     		ldr	r1, .L28+12
 321 0024 2846     		mov	r0, r5
 322 0026 FFF7FEFF 		bl	sprintf
 323              	.LVL42:
 162:ultrasonic.c  ****             UART_1_PutString(output);
 324              		.loc 1 162 0 discriminator 3
 325 002a 2846     		mov	r0, r5
 326 002c FFF7FEFF 		bl	UART_1_PutString
 327              	.LVL43:
 157:ultrasonic.c  ****         {
 328              		.loc 1 157 0 discriminator 3
 329 0030 0134     		adds	r4, r4, #1
 330              	.LVL44:
 331              	.L25:
 157:ultrasonic.c  ****         {
 332              		.loc 1 157 0 is_stmt 0 discriminator 1
 333 0032 042C     		cmp	r4, #4
 334 0034 EADD     		ble	.L26
 335              	.LBE2:
 163:ultrasonic.c  ****         }
 164:ultrasonic.c  ****         UART_1_PutString("\n\n");
 336              		.loc 1 164 0 is_stmt 1
 337 0036 0648     		ldr	r0, .L28+16
 338 0038 FFF7FEFF 		bl	UART_1_PutString
 339              	.LVL45:
 340 003c 38BD     		pop	{r3, r4, r5, pc}
 341              	.LVL46:
 342              	.L29:
 343 003e 00BF     		.align	2
 344              	.L28:
 345 0040 14000000 		.word	.LC1
ARM GAS  C:\Users\Misha\AppData\Local\Temp\ccq6zwHX.s 			page 10


 346 0044 00000000 		.word	.LANCHOR0
 347 0048 00000000 		.word	output
 348 004c 30000000 		.word	.LC2
 349 0050 38000000 		.word	.LC3
 350              		.cfi_endproc
 351              	.LFE67:
 352              		.size	safetyDistanceCheck, .-safetyDistanceCheck
 353              		.global	puck_start
 354              		.global	block_start
 355              		.comm	ultrasonic_mux_control,4,4
 356              		.global	sensor_distances
 357              		.global	distance_measured
 358              		.global	count
 359              		.global	i
 360              		.comm	ultrasonic_flag,4,4
 361              		.global	initialisation
 362              		.comm	output,32,4
 363              		.comm	block_edge_location,16,4
 364              		.comm	puck_rack_west_offsets,20,4
 365              		.comm	puck_rack_scans,20,4
 366              		.comm	internal_orientation,4,4
 367              		.data
 368              		.align	2
 369              		.type	initialisation, %object
 370              		.size	initialisation, 4
 371              	initialisation:
 372 0000 01000000 		.word	1
 373              		.section	.rodata.str1.4,"aMS",%progbits,1
 374              		.align	2
 375              	.LC0:
 376 0000 73656E73 		.ascii	"sensor is faulty\000"
 376      6F722069 
 376      73206661 
 376      756C7479 
 376      00
 377 0011 000000   		.space	3
 378              	.LC1:
 379 0014 556C7472 		.ascii	"Ultrasonic safety check: \012\000"
 379      61736F6E 
 379      69632073 
 379      61666574 
 379      79206368 
 380 002f 00       		.space	1
 381              	.LC2:
 382 0030 25642009 		.ascii	"%d \011\000"
 382      00
 383 0035 000000   		.space	3
 384              	.LC3:
 385 0038 0A0A00   		.ascii	"\012\012\000"
 386              		.bss
 387              		.align	2
 388              		.set	.LANCHOR0,. + 0
 389              		.type	count, %object
 390              		.size	count, 4
 391              	count:
 392 0000 00000000 		.space	4
 393              		.type	sensor_distances, %object
ARM GAS  C:\Users\Misha\AppData\Local\Temp\ccq6zwHX.s 			page 11


 394              		.size	sensor_distances, 24
 395              	sensor_distances:
 396 0004 00000000 		.space	24
 396      00000000 
 396      00000000 
 396      00000000 
 396      00000000 
 397              		.type	puck_start, %object
 398              		.size	puck_start, 4
 399              	puck_start:
 400 001c 00000000 		.space	4
 401              		.type	block_start, %object
 402              		.size	block_start, 4
 403              	block_start:
 404 0020 00000000 		.space	4
 405              		.type	distance_measured, %object
 406              		.size	distance_measured, 4
 407              	distance_measured:
 408 0024 00000000 		.space	4
 409              		.type	i, %object
 410              		.size	i, 4
 411              	i:
 412 0028 00000000 		.space	4
 413              		.text
 414              	.Letext0:
 415              		.file 2 "c:\\program files (x86)\\cypress\\psoc creator\\4.2\\psoc creator\\import\\gnu\\arm\\5.4.
 416              		.file 3 "c:\\program files (x86)\\cypress\\psoc creator\\4.2\\psoc creator\\import\\gnu\\arm\\5.4.
 417              		.file 4 "Generated_Source\\PSoC5/core_cm3.h"
 418              		.file 5 "navigation.h"
 419              		.file 6 "ultrasonic.h"
 420              		.file 7 "Generated_Source\\PSoC5/Timer_1.h"
 421              		.file 8 "Generated_Source\\PSoC5/Ultrasonic_Mux_Control.h"
 422              		.file 9 "Generated_Source\\PSoC5/Trigger_1.h"
 423              		.file 10 "Generated_Source\\PSoC5/CyLib.h"
 424              		.file 11 "Generated_Source\\PSoC5/Trigger_2.h"
 425              		.file 12 "Generated_Source\\PSoC5/Trigger_3.h"
 426              		.file 13 "Generated_Source\\PSoC5/Trigger_4.h"
 427              		.file 14 "Generated_Source\\PSoC5/Trigger_5.h"
 428              		.file 15 "Generated_Source\\PSoC5/Trigger_6.h"
 429              		.file 16 "Generated_Source\\PSoC5/UART_1.h"
 430              		.file 17 "c:\\program files (x86)\\cypress\\psoc creator\\4.2\\psoc creator\\import\\gnu\\arm\\5.4
 431              		.section	.debug_info,"",%progbits
 432              	.Ldebug_info0:
 433 0000 3E050000 		.4byte	0x53e
 434 0004 0400     		.2byte	0x4
 435 0006 00000000 		.4byte	.Ldebug_abbrev0
 436 000a 04       		.byte	0x4
 437 000b 01       		.uleb128 0x1
 438 000c 7A000000 		.4byte	.LASF49
 439 0010 0C       		.byte	0xc
 440 0011 44000000 		.4byte	.LASF50
 441 0015 A5010000 		.4byte	.LASF51
 442 0019 00000000 		.4byte	.Ldebug_ranges0+0
 443 001d 00000000 		.4byte	0
 444 0021 00000000 		.4byte	.Ldebug_line0
 445 0025 02       		.uleb128 0x2
 446 0026 01       		.byte	0x1
ARM GAS  C:\Users\Misha\AppData\Local\Temp\ccq6zwHX.s 			page 12


 447 0027 06       		.byte	0x6
 448 0028 4E030000 		.4byte	.LASF0
 449 002c 02       		.uleb128 0x2
 450 002d 01       		.byte	0x1
 451 002e 08       		.byte	0x8
 452 002f 3A010000 		.4byte	.LASF1
 453 0033 02       		.uleb128 0x2
 454 0034 02       		.byte	0x2
 455 0035 05       		.byte	0x5
 456 0036 E0020000 		.4byte	.LASF2
 457 003a 02       		.uleb128 0x2
 458 003b 02       		.byte	0x2
 459 003c 07       		.byte	0x7
 460 003d 1A010000 		.4byte	.LASF3
 461 0041 03       		.uleb128 0x3
 462 0042 1A000000 		.4byte	.LASF9
 463 0046 02       		.byte	0x2
 464 0047 3F       		.byte	0x3f
 465 0048 4C000000 		.4byte	0x4c
 466 004c 02       		.uleb128 0x2
 467 004d 04       		.byte	0x4
 468 004e 05       		.byte	0x5
 469 004f 39030000 		.4byte	.LASF4
 470 0053 02       		.uleb128 0x2
 471 0054 04       		.byte	0x4
 472 0055 07       		.byte	0x7
 473 0056 08010000 		.4byte	.LASF5
 474 005a 02       		.uleb128 0x2
 475 005b 08       		.byte	0x8
 476 005c 05       		.byte	0x5
 477 005d A3020000 		.4byte	.LASF6
 478 0061 02       		.uleb128 0x2
 479 0062 08       		.byte	0x8
 480 0063 07       		.byte	0x7
 481 0064 2B020000 		.4byte	.LASF7
 482 0068 04       		.uleb128 0x4
 483 0069 04       		.byte	0x4
 484 006a 05       		.byte	0x5
 485 006b 696E7400 		.ascii	"int\000"
 486 006f 02       		.uleb128 0x2
 487 0070 04       		.byte	0x4
 488 0071 07       		.byte	0x7
 489 0072 0E020000 		.4byte	.LASF8
 490 0076 03       		.uleb128 0x3
 491 0077 92020000 		.4byte	.LASF10
 492 007b 03       		.byte	0x3
 493 007c 2C       		.byte	0x2c
 494 007d 41000000 		.4byte	0x41
 495 0081 02       		.uleb128 0x2
 496 0082 04       		.byte	0x4
 497 0083 04       		.byte	0x4
 498 0084 66000000 		.4byte	.LASF11
 499 0088 02       		.uleb128 0x2
 500 0089 08       		.byte	0x8
 501 008a 04       		.byte	0x4
 502 008b 5F010000 		.4byte	.LASF12
 503 008f 02       		.uleb128 0x2
ARM GAS  C:\Users\Misha\AppData\Local\Temp\ccq6zwHX.s 			page 13


 504 0090 01       		.byte	0x1
 505 0091 08       		.byte	0x8
 506 0092 B1020000 		.4byte	.LASF13
 507 0096 02       		.uleb128 0x2
 508 0097 08       		.byte	0x8
 509 0098 04       		.byte	0x4
 510 0099 42030000 		.4byte	.LASF14
 511 009d 02       		.uleb128 0x2
 512 009e 04       		.byte	0x4
 513 009f 07       		.byte	0x7
 514 00a0 9A020000 		.4byte	.LASF15
 515 00a4 05       		.uleb128 0x5
 516 00a5 C4030000 		.4byte	.LASF16
 517 00a9 01       		.byte	0x1
 518 00aa 2D       		.byte	0x2d
 519 00ab 00000000 		.4byte	.LFB64
 520 00af 48000000 		.4byte	.LFE64-.LFB64
 521 00b3 01       		.uleb128 0x1
 522 00b4 9C       		.byte	0x9c
 523 00b5 D5000000 		.4byte	0xd5
 524 00b9 06       		.uleb128 0x6
 525 00ba 06000000 		.4byte	.LVL0
 526 00be 9C040000 		.4byte	0x49c
 527 00c2 06       		.uleb128 0x6
 528 00c3 0A000000 		.4byte	.LVL1
 529 00c7 A7040000 		.4byte	0x4a7
 530 00cb 06       		.uleb128 0x6
 531 00cc 12000000 		.4byte	.LVL2
 532 00d0 B2040000 		.4byte	0x4b2
 533 00d4 00       		.byte	0
 534 00d5 07       		.uleb128 0x7
 535 00d6 78030000 		.4byte	.LASF17
 536 00da 01       		.byte	0x1
 537 00db 38       		.byte	0x38
 538 00dc 00000000 		.4byte	.LFB65
 539 00e0 A8000000 		.4byte	.LFE65-.LFB65
 540 00e4 01       		.uleb128 0x1
 541 00e5 9C       		.byte	0x9c
 542 00e6 80020000 		.4byte	0x280
 543 00ea 08       		.uleb128 0x8
 544 00eb 6D020000 		.4byte	.LASF52
 545 00ef 01       		.byte	0x1
 546 00f0 38       		.byte	0x38
 547 00f1 68000000 		.4byte	0x68
 548 00f5 00000000 		.4byte	.LLST0
 549 00f9 09       		.uleb128 0x9
 550 00fa 0A000000 		.4byte	.LVL8
 551 00fe BD040000 		.4byte	0x4bd
 552 0102 0D010000 		.4byte	0x10d
 553 0106 0A       		.uleb128 0xa
 554 0107 01       		.uleb128 0x1
 555 0108 50       		.byte	0x50
 556 0109 02       		.uleb128 0x2
 557 010a 74       		.byte	0x74
 558 010b 00       		.sleb128 0
 559 010c 00       		.byte	0
 560 010d 06       		.uleb128 0x6
ARM GAS  C:\Users\Misha\AppData\Local\Temp\ccq6zwHX.s 			page 14


 561 010e 12000000 		.4byte	.LVL9
 562 0112 C8040000 		.4byte	0x4c8
 563 0116 09       		.uleb128 0x9
 564 0117 26000000 		.4byte	.LVL10
 565 011b D3040000 		.4byte	0x4d3
 566 011f 29010000 		.4byte	0x129
 567 0123 0A       		.uleb128 0xa
 568 0124 01       		.uleb128 0x1
 569 0125 50       		.byte	0x50
 570 0126 01       		.uleb128 0x1
 571 0127 31       		.byte	0x31
 572 0128 00       		.byte	0
 573 0129 09       		.uleb128 0x9
 574 012a 2C000000 		.4byte	.LVL11
 575 012e DE040000 		.4byte	0x4de
 576 0132 3C010000 		.4byte	0x13c
 577 0136 0A       		.uleb128 0xa
 578 0137 01       		.uleb128 0x1
 579 0138 50       		.byte	0x50
 580 0139 01       		.uleb128 0x1
 581 013a 3A       		.byte	0x3a
 582 013b 00       		.byte	0
 583 013c 09       		.uleb128 0x9
 584 013d 32000000 		.4byte	.LVL12
 585 0141 D3040000 		.4byte	0x4d3
 586 0145 4F010000 		.4byte	0x14f
 587 0149 0A       		.uleb128 0xa
 588 014a 01       		.uleb128 0x1
 589 014b 50       		.byte	0x50
 590 014c 01       		.uleb128 0x1
 591 014d 30       		.byte	0x30
 592 014e 00       		.byte	0
 593 014f 09       		.uleb128 0x9
 594 0150 3A000000 		.4byte	.LVL14
 595 0154 E9040000 		.4byte	0x4e9
 596 0158 62010000 		.4byte	0x162
 597 015c 0A       		.uleb128 0xa
 598 015d 01       		.uleb128 0x1
 599 015e 50       		.byte	0x50
 600 015f 01       		.uleb128 0x1
 601 0160 31       		.byte	0x31
 602 0161 00       		.byte	0
 603 0162 09       		.uleb128 0x9
 604 0163 40000000 		.4byte	.LVL15
 605 0167 DE040000 		.4byte	0x4de
 606 016b 75010000 		.4byte	0x175
 607 016f 0A       		.uleb128 0xa
 608 0170 01       		.uleb128 0x1
 609 0171 50       		.byte	0x50
 610 0172 01       		.uleb128 0x1
 611 0173 3A       		.byte	0x3a
 612 0174 00       		.byte	0
 613 0175 09       		.uleb128 0x9
 614 0176 46000000 		.4byte	.LVL16
 615 017a E9040000 		.4byte	0x4e9
 616 017e 88010000 		.4byte	0x188
 617 0182 0A       		.uleb128 0xa
ARM GAS  C:\Users\Misha\AppData\Local\Temp\ccq6zwHX.s 			page 15


 618 0183 01       		.uleb128 0x1
 619 0184 50       		.byte	0x50
 620 0185 01       		.uleb128 0x1
 621 0186 30       		.byte	0x30
 622 0187 00       		.byte	0
 623 0188 09       		.uleb128 0x9
 624 0189 4E000000 		.4byte	.LVL18
 625 018d F4040000 		.4byte	0x4f4
 626 0191 9B010000 		.4byte	0x19b
 627 0195 0A       		.uleb128 0xa
 628 0196 01       		.uleb128 0x1
 629 0197 50       		.byte	0x50
 630 0198 01       		.uleb128 0x1
 631 0199 31       		.byte	0x31
 632 019a 00       		.byte	0
 633 019b 09       		.uleb128 0x9
 634 019c 54000000 		.4byte	.LVL19
 635 01a0 DE040000 		.4byte	0x4de
 636 01a4 AE010000 		.4byte	0x1ae
 637 01a8 0A       		.uleb128 0xa
 638 01a9 01       		.uleb128 0x1
 639 01aa 50       		.byte	0x50
 640 01ab 01       		.uleb128 0x1
 641 01ac 3A       		.byte	0x3a
 642 01ad 00       		.byte	0
 643 01ae 09       		.uleb128 0x9
 644 01af 5A000000 		.4byte	.LVL20
 645 01b3 F4040000 		.4byte	0x4f4
 646 01b7 C1010000 		.4byte	0x1c1
 647 01bb 0A       		.uleb128 0xa
 648 01bc 01       		.uleb128 0x1
 649 01bd 50       		.byte	0x50
 650 01be 01       		.uleb128 0x1
 651 01bf 30       		.byte	0x30
 652 01c0 00       		.byte	0
 653 01c1 09       		.uleb128 0x9
 654 01c2 62000000 		.4byte	.LVL22
 655 01c6 FF040000 		.4byte	0x4ff
 656 01ca D4010000 		.4byte	0x1d4
 657 01ce 0A       		.uleb128 0xa
 658 01cf 01       		.uleb128 0x1
 659 01d0 50       		.byte	0x50
 660 01d1 01       		.uleb128 0x1
 661 01d2 31       		.byte	0x31
 662 01d3 00       		.byte	0
 663 01d4 09       		.uleb128 0x9
 664 01d5 68000000 		.4byte	.LVL23
 665 01d9 DE040000 		.4byte	0x4de
 666 01dd E7010000 		.4byte	0x1e7
 667 01e1 0A       		.uleb128 0xa
 668 01e2 01       		.uleb128 0x1
 669 01e3 50       		.byte	0x50
 670 01e4 01       		.uleb128 0x1
 671 01e5 3A       		.byte	0x3a
 672 01e6 00       		.byte	0
 673 01e7 09       		.uleb128 0x9
 674 01e8 6E000000 		.4byte	.LVL24
ARM GAS  C:\Users\Misha\AppData\Local\Temp\ccq6zwHX.s 			page 16


 675 01ec FF040000 		.4byte	0x4ff
 676 01f0 FA010000 		.4byte	0x1fa
 677 01f4 0A       		.uleb128 0xa
 678 01f5 01       		.uleb128 0x1
 679 01f6 50       		.byte	0x50
 680 01f7 01       		.uleb128 0x1
 681 01f8 30       		.byte	0x30
 682 01f9 00       		.byte	0
 683 01fa 09       		.uleb128 0x9
 684 01fb 76000000 		.4byte	.LVL26
 685 01ff 0A050000 		.4byte	0x50a
 686 0203 0D020000 		.4byte	0x20d
 687 0207 0A       		.uleb128 0xa
 688 0208 01       		.uleb128 0x1
 689 0209 50       		.byte	0x50
 690 020a 01       		.uleb128 0x1
 691 020b 31       		.byte	0x31
 692 020c 00       		.byte	0
 693 020d 09       		.uleb128 0x9
 694 020e 7C000000 		.4byte	.LVL27
 695 0212 DE040000 		.4byte	0x4de
 696 0216 20020000 		.4byte	0x220
 697 021a 0A       		.uleb128 0xa
 698 021b 01       		.uleb128 0x1
 699 021c 50       		.byte	0x50
 700 021d 01       		.uleb128 0x1
 701 021e 3A       		.byte	0x3a
 702 021f 00       		.byte	0
 703 0220 09       		.uleb128 0x9
 704 0221 82000000 		.4byte	.LVL28
 705 0225 0A050000 		.4byte	0x50a
 706 0229 33020000 		.4byte	0x233
 707 022d 0A       		.uleb128 0xa
 708 022e 01       		.uleb128 0x1
 709 022f 50       		.byte	0x50
 710 0230 01       		.uleb128 0x1
 711 0231 30       		.byte	0x30
 712 0232 00       		.byte	0
 713 0233 09       		.uleb128 0x9
 714 0234 8A000000 		.4byte	.LVL30
 715 0238 15050000 		.4byte	0x515
 716 023c 46020000 		.4byte	0x246
 717 0240 0A       		.uleb128 0xa
 718 0241 01       		.uleb128 0x1
 719 0242 50       		.byte	0x50
 720 0243 01       		.uleb128 0x1
 721 0244 31       		.byte	0x31
 722 0245 00       		.byte	0
 723 0246 09       		.uleb128 0x9
 724 0247 90000000 		.4byte	.LVL31
 725 024b DE040000 		.4byte	0x4de
 726 024f 59020000 		.4byte	0x259
 727 0253 0A       		.uleb128 0xa
 728 0254 01       		.uleb128 0x1
 729 0255 50       		.byte	0x50
 730 0256 01       		.uleb128 0x1
 731 0257 3A       		.byte	0x3a
ARM GAS  C:\Users\Misha\AppData\Local\Temp\ccq6zwHX.s 			page 17


 732 0258 00       		.byte	0
 733 0259 09       		.uleb128 0x9
 734 025a 96000000 		.4byte	.LVL32
 735 025e 15050000 		.4byte	0x515
 736 0262 6C020000 		.4byte	0x26c
 737 0266 0A       		.uleb128 0xa
 738 0267 01       		.uleb128 0x1
 739 0268 50       		.byte	0x50
 740 0269 01       		.uleb128 0x1
 741 026a 30       		.byte	0x30
 742 026b 00       		.byte	0
 743 026c 0B       		.uleb128 0xb
 744 026d 9E000000 		.4byte	.LVL34
 745 0271 20050000 		.4byte	0x520
 746 0275 0A       		.uleb128 0xa
 747 0276 01       		.uleb128 0x1
 748 0277 50       		.byte	0x50
 749 0278 05       		.uleb128 0x5
 750 0279 03       		.byte	0x3
 751 027a 00000000 		.4byte	.LC0
 752 027e 00       		.byte	0
 753 027f 00       		.byte	0
 754 0280 0C       		.uleb128 0xc
 755 0281 6C000000 		.4byte	.LASF18
 756 0285 01       		.byte	0x1
 757 0286 90       		.byte	0x90
 758 0287 00000000 		.4byte	.LFB66
 759 028b 2C000000 		.4byte	.LFE66-.LFB66
 760 028f 01       		.uleb128 0x1
 761 0290 9C       		.byte	0x9c
 762 0291 AF020000 		.4byte	0x2af
 763 0295 06       		.uleb128 0x6
 764 0296 0E000000 		.4byte	.LVL36
 765 029a D5000000 		.4byte	0xd5
 766 029e 0B       		.uleb128 0xb
 767 029f 14000000 		.4byte	.LVL37
 768 02a3 2B050000 		.4byte	0x52b
 769 02a7 0A       		.uleb128 0xa
 770 02a8 01       		.uleb128 0x1
 771 02a9 50       		.byte	0x50
 772 02aa 02       		.uleb128 0x2
 773 02ab 08       		.byte	0x8
 774 02ac 32       		.byte	0x32
 775 02ad 00       		.byte	0
 776 02ae 00       		.byte	0
 777 02af 0C       		.uleb128 0xc
 778 02b0 59020000 		.4byte	.LASF19
 779 02b4 01       		.byte	0x1
 780 02b5 9B       		.byte	0x9b
 781 02b6 00000000 		.4byte	.LFB67
 782 02ba 54000000 		.4byte	.LFE67-.LFB67
 783 02be 01       		.uleb128 0x1
 784 02bf 9C       		.byte	0x9c
 785 02c0 5F030000 		.4byte	0x35f
 786 02c4 0D       		.uleb128 0xd
 787 02c5 08000000 		.4byte	.LBB2
 788 02c9 2E000000 		.4byte	.LBE2-.LBB2
ARM GAS  C:\Users\Misha\AppData\Local\Temp\ccq6zwHX.s 			page 18


 789 02cd 34030000 		.4byte	0x334
 790 02d1 0E       		.uleb128 0xe
 791 02d2 6900     		.ascii	"i\000"
 792 02d4 01       		.byte	0x1
 793 02d5 9D       		.byte	0x9d
 794 02d6 68000000 		.4byte	0x68
 795 02da 2C000000 		.4byte	.LLST1
 796 02de 09       		.uleb128 0x9
 797 02df 12000000 		.4byte	.LVL40
 798 02e3 D5000000 		.4byte	0xd5
 799 02e7 F2020000 		.4byte	0x2f2
 800 02eb 0A       		.uleb128 0xa
 801 02ec 01       		.uleb128 0x1
 802 02ed 50       		.byte	0x50
 803 02ee 02       		.uleb128 0x2
 804 02ef 74       		.byte	0x74
 805 02f0 00       		.sleb128 0
 806 02f1 00       		.byte	0
 807 02f2 09       		.uleb128 0x9
 808 02f3 18000000 		.4byte	.LVL41
 809 02f7 2B050000 		.4byte	0x52b
 810 02fb 06030000 		.4byte	0x306
 811 02ff 0A       		.uleb128 0xa
 812 0300 01       		.uleb128 0x1
 813 0301 50       		.byte	0x50
 814 0302 02       		.uleb128 0x2
 815 0303 08       		.byte	0x8
 816 0304 3C       		.byte	0x3c
 817 0305 00       		.byte	0
 818 0306 09       		.uleb128 0x9
 819 0307 2A000000 		.4byte	.LVL42
 820 030b 36050000 		.4byte	0x536
 821 030f 23030000 		.4byte	0x323
 822 0313 0A       		.uleb128 0xa
 823 0314 01       		.uleb128 0x1
 824 0315 50       		.byte	0x50
 825 0316 02       		.uleb128 0x2
 826 0317 75       		.byte	0x75
 827 0318 00       		.sleb128 0
 828 0319 0A       		.uleb128 0xa
 829 031a 01       		.uleb128 0x1
 830 031b 51       		.byte	0x51
 831 031c 05       		.uleb128 0x5
 832 031d 03       		.byte	0x3
 833 031e 30000000 		.4byte	.LC2
 834 0322 00       		.byte	0
 835 0323 0B       		.uleb128 0xb
 836 0324 30000000 		.4byte	.LVL43
 837 0328 20050000 		.4byte	0x520
 838 032c 0A       		.uleb128 0xa
 839 032d 01       		.uleb128 0x1
 840 032e 50       		.byte	0x50
 841 032f 02       		.uleb128 0x2
 842 0330 75       		.byte	0x75
 843 0331 00       		.sleb128 0
 844 0332 00       		.byte	0
 845 0333 00       		.byte	0
ARM GAS  C:\Users\Misha\AppData\Local\Temp\ccq6zwHX.s 			page 19


 846 0334 09       		.uleb128 0x9
 847 0335 08000000 		.4byte	.LVL38
 848 0339 20050000 		.4byte	0x520
 849 033d 4B030000 		.4byte	0x34b
 850 0341 0A       		.uleb128 0xa
 851 0342 01       		.uleb128 0x1
 852 0343 50       		.byte	0x50
 853 0344 05       		.uleb128 0x5
 854 0345 03       		.byte	0x3
 855 0346 14000000 		.4byte	.LC1
 856 034a 00       		.byte	0
 857 034b 0B       		.uleb128 0xb
 858 034c 3C000000 		.4byte	.LVL45
 859 0350 20050000 		.4byte	0x520
 860 0354 0A       		.uleb128 0xa
 861 0355 01       		.uleb128 0x1
 862 0356 50       		.byte	0x50
 863 0357 05       		.uleb128 0x5
 864 0358 03       		.byte	0x3
 865 0359 38000000 		.4byte	.LC3
 866 035d 00       		.byte	0
 867 035e 00       		.byte	0
 868 035f 0F       		.uleb128 0xf
 869 0360 2D010000 		.4byte	.LASF20
 870 0364 04       		.byte	0x4
 871 0365 1207     		.2byte	0x712
 872 0367 6B030000 		.4byte	0x36b
 873 036b 10       		.uleb128 0x10
 874 036c 76000000 		.4byte	0x76
 875 0370 11       		.uleb128 0x11
 876 0371 51000000 		.4byte	.LASF21
 877 0375 05       		.byte	0x5
 878 0376 22       		.byte	0x22
 879 0377 68000000 		.4byte	0x68
 880 037b 05       		.uleb128 0x5
 881 037c 03       		.byte	0x3
 882 037d 00000000 		.4byte	internal_orientation
 883 0381 12       		.uleb128 0x12
 884 0382 68000000 		.4byte	0x68
 885 0386 91030000 		.4byte	0x391
 886 038a 13       		.uleb128 0x13
 887 038b 9D000000 		.4byte	0x9d
 888 038f 04       		.byte	0x4
 889 0390 00       		.byte	0
 890 0391 11       		.uleb128 0x11
 891 0392 24000000 		.4byte	.LASF22
 892 0396 06       		.byte	0x6
 893 0397 1C       		.byte	0x1c
 894 0398 81030000 		.4byte	0x381
 895 039c 05       		.uleb128 0x5
 896 039d 03       		.byte	0x3
 897 039e 00000000 		.4byte	puck_rack_scans
 898 03a2 11       		.uleb128 0x11
 899 03a3 42020000 		.4byte	.LASF23
 900 03a7 06       		.byte	0x6
 901 03a8 1D       		.byte	0x1d
 902 03a9 81030000 		.4byte	0x381
ARM GAS  C:\Users\Misha\AppData\Local\Temp\ccq6zwHX.s 			page 20


 903 03ad 05       		.uleb128 0x5
 904 03ae 03       		.byte	0x3
 905 03af 00000000 		.4byte	puck_rack_west_offsets
 906 03b3 12       		.uleb128 0x12
 907 03b4 81000000 		.4byte	0x81
 908 03b8 C3030000 		.4byte	0x3c3
 909 03bc 13       		.uleb128 0x13
 910 03bd 9D000000 		.4byte	0x9d
 911 03c1 03       		.byte	0x3
 912 03c2 00       		.byte	0
 913 03c3 11       		.uleb128 0x11
 914 03c4 77010000 		.4byte	.LASF24
 915 03c8 06       		.byte	0x6
 916 03c9 1F       		.byte	0x1f
 917 03ca B3030000 		.4byte	0x3b3
 918 03ce 05       		.uleb128 0x5
 919 03cf 03       		.byte	0x3
 920 03d0 00000000 		.4byte	block_edge_location
 921 03d4 11       		.uleb128 0x11
 922 03d5 FF010000 		.4byte	.LASF25
 923 03d9 01       		.byte	0x1
 924 03da 28       		.byte	0x28
 925 03db 68000000 		.4byte	0x68
 926 03df 05       		.uleb128 0x5
 927 03e0 03       		.byte	0x3
 928 03e1 00000000 		.4byte	initialisation
 929 03e5 12       		.uleb128 0x12
 930 03e6 8F000000 		.4byte	0x8f
 931 03ea F5030000 		.4byte	0x3f5
 932 03ee 13       		.uleb128 0x13
 933 03ef 9D000000 		.4byte	0x9d
 934 03f3 1F       		.byte	0x1f
 935 03f4 00       		.byte	0
 936 03f5 11       		.uleb128 0x11
 937 03f6 EA020000 		.4byte	.LASF26
 938 03fa 06       		.byte	0x6
 939 03fb 21       		.byte	0x21
 940 03fc E5030000 		.4byte	0x3e5
 941 0400 05       		.uleb128 0x5
 942 0401 03       		.byte	0x3
 943 0402 00000000 		.4byte	output
 944 0406 12       		.uleb128 0x12
 945 0407 68000000 		.4byte	0x68
 946 040b 16040000 		.4byte	0x416
 947 040f 13       		.uleb128 0x13
 948 0410 9D000000 		.4byte	0x9d
 949 0414 05       		.byte	0x5
 950 0415 00       		.byte	0
 951 0416 11       		.uleb128 0x11
 952 0417 66010000 		.4byte	.LASF27
 953 041b 01       		.byte	0x1
 954 041c 24       		.byte	0x24
 955 041d 06040000 		.4byte	0x406
 956 0421 05       		.uleb128 0x5
 957 0422 03       		.byte	0x3
 958 0423 00000000 		.4byte	sensor_distances
 959 0427 11       		.uleb128 0x11
ARM GAS  C:\Users\Misha\AppData\Local\Temp\ccq6zwHX.s 			page 21


 960 0428 34000000 		.4byte	.LASF28
 961 042c 06       		.byte	0x6
 962 042d 25       		.byte	0x25
 963 042e 68000000 		.4byte	0x68
 964 0432 05       		.uleb128 0x5
 965 0433 03       		.byte	0x3
 966 0434 00000000 		.4byte	ultrasonic_flag
 967 0438 14       		.uleb128 0x14
 968 0439 6900     		.ascii	"i\000"
 969 043b 01       		.byte	0x1
 970 043c 21       		.byte	0x21
 971 043d 68000000 		.4byte	0x68
 972 0441 05       		.uleb128 0x5
 973 0442 03       		.byte	0x3
 974 0443 00000000 		.4byte	i
 975 0447 11       		.uleb128 0x11
 976 0448 DA020000 		.4byte	.LASF29
 977 044c 01       		.byte	0x1
 978 044d 22       		.byte	0x22
 979 044e 68000000 		.4byte	0x68
 980 0452 05       		.uleb128 0x5
 981 0453 03       		.byte	0x3
 982 0454 00000000 		.4byte	count
 983 0458 11       		.uleb128 0x11
 984 0459 F1020000 		.4byte	.LASF30
 985 045d 01       		.byte	0x1
 986 045e 23       		.byte	0x23
 987 045f 68000000 		.4byte	0x68
 988 0463 05       		.uleb128 0x5
 989 0464 03       		.byte	0x3
 990 0465 00000000 		.4byte	distance_measured
 991 0469 11       		.uleb128 0x11
 992 046a 48010000 		.4byte	.LASF31
 993 046e 01       		.byte	0x1
 994 046f 25       		.byte	0x25
 995 0470 68000000 		.4byte	0x68
 996 0474 05       		.uleb128 0x5
 997 0475 03       		.byte	0x3
 998 0476 00000000 		.4byte	ultrasonic_mux_control
 999 047a 11       		.uleb128 0x11
 1000 047b 0E000000 		.4byte	.LASF32
 1001 047f 01       		.byte	0x1
 1002 0480 26       		.byte	0x26
 1003 0481 68000000 		.4byte	0x68
 1004 0485 05       		.uleb128 0x5
 1005 0486 03       		.byte	0x3
 1006 0487 00000000 		.4byte	block_start
 1007 048b 11       		.uleb128 0x11
 1008 048c 03030000 		.4byte	.LASF33
 1009 0490 01       		.byte	0x1
 1010 0491 27       		.byte	0x27
 1011 0492 68000000 		.4byte	0x68
 1012 0496 05       		.uleb128 0x5
 1013 0497 03       		.byte	0x3
 1014 0498 00000000 		.4byte	puck_start
 1015 049c 15       		.uleb128 0x15
 1016 049d 0E030000 		.4byte	.LASF34
ARM GAS  C:\Users\Misha\AppData\Local\Temp\ccq6zwHX.s 			page 22


 1017 04a1 0E030000 		.4byte	.LASF34
 1018 04a5 07       		.byte	0x7
 1019 04a6 5E       		.byte	0x5e
 1020 04a7 15       		.uleb128 0x15
 1021 04a8 B6020000 		.4byte	.LASF35
 1022 04ac B6020000 		.4byte	.LASF35
 1023 04b0 07       		.byte	0x7
 1024 04b1 69       		.byte	0x69
 1025 04b2 15       		.uleb128 0x15
 1026 04b3 5A030000 		.4byte	.LASF36
 1027 04b7 5A030000 		.4byte	.LASF36
 1028 04bb 07       		.byte	0x7
 1029 04bc 5B       		.byte	0x5b
 1030 04bd 15       		.uleb128 0x15
 1031 04be A7030000 		.4byte	.LASF37
 1032 04c2 A7030000 		.4byte	.LASF37
 1033 04c6 08       		.byte	0x8
 1034 04c7 2F       		.byte	0x2f
 1035 04c8 15       		.uleb128 0x15
 1036 04c9 00000000 		.4byte	.LASF38
 1037 04cd 00000000 		.4byte	.LASF38
 1038 04d1 07       		.byte	0x7
 1039 04d2 5A       		.byte	0x5a
 1040 04d3 15       		.uleb128 0x15
 1041 04d4 8B010000 		.4byte	.LASF39
 1042 04d8 8B010000 		.4byte	.LASF39
 1043 04dc 09       		.byte	0x9
 1044 04dd 26       		.byte	0x26
 1045 04de 15       		.uleb128 0x15
 1046 04df 9B010000 		.4byte	.LASF40
 1047 04e3 9B010000 		.4byte	.LASF40
 1048 04e7 0A       		.byte	0xa
 1049 04e8 77       		.byte	0x77
 1050 04e9 15       		.uleb128 0x15
 1051 04ea 1B020000 		.4byte	.LASF41
 1052 04ee 1B020000 		.4byte	.LASF41
 1053 04f2 0B       		.byte	0xb
 1054 04f3 26       		.byte	0x26
 1055 04f4 15       		.uleb128 0x15
 1056 04f5 82020000 		.4byte	.LASF42
 1057 04f9 82020000 		.4byte	.LASF42
 1058 04fd 0C       		.byte	0xc
 1059 04fe 26       		.byte	0x26
 1060 04ff 15       		.uleb128 0x15
 1061 0500 CA020000 		.4byte	.LASF43
 1062 0504 CA020000 		.4byte	.LASF43
 1063 0508 0D       		.byte	0xd
 1064 0509 26       		.byte	0x26
 1065 050a 15       		.uleb128 0x15
 1066 050b 29030000 		.4byte	.LASF44
 1067 050f 29030000 		.4byte	.LASF44
 1068 0513 0E       		.byte	0xe
 1069 0514 26       		.byte	0x26
 1070 0515 15       		.uleb128 0x15
 1071 0516 87030000 		.4byte	.LASF45
 1072 051a 87030000 		.4byte	.LASF45
 1073 051e 0F       		.byte	0xf
ARM GAS  C:\Users\Misha\AppData\Local\Temp\ccq6zwHX.s 			page 23


 1074 051f 26       		.byte	0x26
 1075 0520 15       		.uleb128 0x15
 1076 0521 67030000 		.4byte	.LASF46
 1077 0525 67030000 		.4byte	.LASF46
 1078 0529 10       		.byte	0x10
 1079 052a 8B       		.byte	0x8b
 1080 052b 15       		.uleb128 0x15
 1081 052c 9F030000 		.4byte	.LASF47
 1082 0530 9F030000 		.4byte	.LASF47
 1083 0534 0A       		.byte	0xa
 1084 0535 76       		.byte	0x76
 1085 0536 15       		.uleb128 0x15
 1086 0537 97030000 		.4byte	.LASF48
 1087 053b 97030000 		.4byte	.LASF48
 1088 053f 11       		.byte	0x11
 1089 0540 E7       		.byte	0xe7
 1090 0541 00       		.byte	0
 1091              		.section	.debug_abbrev,"",%progbits
 1092              	.Ldebug_abbrev0:
 1093 0000 01       		.uleb128 0x1
 1094 0001 11       		.uleb128 0x11
 1095 0002 01       		.byte	0x1
 1096 0003 25       		.uleb128 0x25
 1097 0004 0E       		.uleb128 0xe
 1098 0005 13       		.uleb128 0x13
 1099 0006 0B       		.uleb128 0xb
 1100 0007 03       		.uleb128 0x3
 1101 0008 0E       		.uleb128 0xe
 1102 0009 1B       		.uleb128 0x1b
 1103 000a 0E       		.uleb128 0xe
 1104 000b 55       		.uleb128 0x55
 1105 000c 17       		.uleb128 0x17
 1106 000d 11       		.uleb128 0x11
 1107 000e 01       		.uleb128 0x1
 1108 000f 10       		.uleb128 0x10
 1109 0010 17       		.uleb128 0x17
 1110 0011 00       		.byte	0
 1111 0012 00       		.byte	0
 1112 0013 02       		.uleb128 0x2
 1113 0014 24       		.uleb128 0x24
 1114 0015 00       		.byte	0
 1115 0016 0B       		.uleb128 0xb
 1116 0017 0B       		.uleb128 0xb
 1117 0018 3E       		.uleb128 0x3e
 1118 0019 0B       		.uleb128 0xb
 1119 001a 03       		.uleb128 0x3
 1120 001b 0E       		.uleb128 0xe
 1121 001c 00       		.byte	0
 1122 001d 00       		.byte	0
 1123 001e 03       		.uleb128 0x3
 1124 001f 16       		.uleb128 0x16
 1125 0020 00       		.byte	0
 1126 0021 03       		.uleb128 0x3
 1127 0022 0E       		.uleb128 0xe
 1128 0023 3A       		.uleb128 0x3a
 1129 0024 0B       		.uleb128 0xb
 1130 0025 3B       		.uleb128 0x3b
ARM GAS  C:\Users\Misha\AppData\Local\Temp\ccq6zwHX.s 			page 24


 1131 0026 0B       		.uleb128 0xb
 1132 0027 49       		.uleb128 0x49
 1133 0028 13       		.uleb128 0x13
 1134 0029 00       		.byte	0
 1135 002a 00       		.byte	0
 1136 002b 04       		.uleb128 0x4
 1137 002c 24       		.uleb128 0x24
 1138 002d 00       		.byte	0
 1139 002e 0B       		.uleb128 0xb
 1140 002f 0B       		.uleb128 0xb
 1141 0030 3E       		.uleb128 0x3e
 1142 0031 0B       		.uleb128 0xb
 1143 0032 03       		.uleb128 0x3
 1144 0033 08       		.uleb128 0x8
 1145 0034 00       		.byte	0
 1146 0035 00       		.byte	0
 1147 0036 05       		.uleb128 0x5
 1148 0037 2E       		.uleb128 0x2e
 1149 0038 01       		.byte	0x1
 1150 0039 3F       		.uleb128 0x3f
 1151 003a 19       		.uleb128 0x19
 1152 003b 03       		.uleb128 0x3
 1153 003c 0E       		.uleb128 0xe
 1154 003d 3A       		.uleb128 0x3a
 1155 003e 0B       		.uleb128 0xb
 1156 003f 3B       		.uleb128 0x3b
 1157 0040 0B       		.uleb128 0xb
 1158 0041 27       		.uleb128 0x27
 1159 0042 19       		.uleb128 0x19
 1160 0043 11       		.uleb128 0x11
 1161 0044 01       		.uleb128 0x1
 1162 0045 12       		.uleb128 0x12
 1163 0046 06       		.uleb128 0x6
 1164 0047 40       		.uleb128 0x40
 1165 0048 18       		.uleb128 0x18
 1166 0049 9642     		.uleb128 0x2116
 1167 004b 19       		.uleb128 0x19
 1168 004c 01       		.uleb128 0x1
 1169 004d 13       		.uleb128 0x13
 1170 004e 00       		.byte	0
 1171 004f 00       		.byte	0
 1172 0050 06       		.uleb128 0x6
 1173 0051 898201   		.uleb128 0x4109
 1174 0054 00       		.byte	0
 1175 0055 11       		.uleb128 0x11
 1176 0056 01       		.uleb128 0x1
 1177 0057 31       		.uleb128 0x31
 1178 0058 13       		.uleb128 0x13
 1179 0059 00       		.byte	0
 1180 005a 00       		.byte	0
 1181 005b 07       		.uleb128 0x7
 1182 005c 2E       		.uleb128 0x2e
 1183 005d 01       		.byte	0x1
 1184 005e 3F       		.uleb128 0x3f
 1185 005f 19       		.uleb128 0x19
 1186 0060 03       		.uleb128 0x3
 1187 0061 0E       		.uleb128 0xe
ARM GAS  C:\Users\Misha\AppData\Local\Temp\ccq6zwHX.s 			page 25


 1188 0062 3A       		.uleb128 0x3a
 1189 0063 0B       		.uleb128 0xb
 1190 0064 3B       		.uleb128 0x3b
 1191 0065 0B       		.uleb128 0xb
 1192 0066 27       		.uleb128 0x27
 1193 0067 19       		.uleb128 0x19
 1194 0068 11       		.uleb128 0x11
 1195 0069 01       		.uleb128 0x1
 1196 006a 12       		.uleb128 0x12
 1197 006b 06       		.uleb128 0x6
 1198 006c 40       		.uleb128 0x40
 1199 006d 18       		.uleb128 0x18
 1200 006e 9742     		.uleb128 0x2117
 1201 0070 19       		.uleb128 0x19
 1202 0071 01       		.uleb128 0x1
 1203 0072 13       		.uleb128 0x13
 1204 0073 00       		.byte	0
 1205 0074 00       		.byte	0
 1206 0075 08       		.uleb128 0x8
 1207 0076 05       		.uleb128 0x5
 1208 0077 00       		.byte	0
 1209 0078 03       		.uleb128 0x3
 1210 0079 0E       		.uleb128 0xe
 1211 007a 3A       		.uleb128 0x3a
 1212 007b 0B       		.uleb128 0xb
 1213 007c 3B       		.uleb128 0x3b
 1214 007d 0B       		.uleb128 0xb
 1215 007e 49       		.uleb128 0x49
 1216 007f 13       		.uleb128 0x13
 1217 0080 02       		.uleb128 0x2
 1218 0081 17       		.uleb128 0x17
 1219 0082 00       		.byte	0
 1220 0083 00       		.byte	0
 1221 0084 09       		.uleb128 0x9
 1222 0085 898201   		.uleb128 0x4109
 1223 0088 01       		.byte	0x1
 1224 0089 11       		.uleb128 0x11
 1225 008a 01       		.uleb128 0x1
 1226 008b 31       		.uleb128 0x31
 1227 008c 13       		.uleb128 0x13
 1228 008d 01       		.uleb128 0x1
 1229 008e 13       		.uleb128 0x13
 1230 008f 00       		.byte	0
 1231 0090 00       		.byte	0
 1232 0091 0A       		.uleb128 0xa
 1233 0092 8A8201   		.uleb128 0x410a
 1234 0095 00       		.byte	0
 1235 0096 02       		.uleb128 0x2
 1236 0097 18       		.uleb128 0x18
 1237 0098 9142     		.uleb128 0x2111
 1238 009a 18       		.uleb128 0x18
 1239 009b 00       		.byte	0
 1240 009c 00       		.byte	0
 1241 009d 0B       		.uleb128 0xb
 1242 009e 898201   		.uleb128 0x4109
 1243 00a1 01       		.byte	0x1
 1244 00a2 11       		.uleb128 0x11
ARM GAS  C:\Users\Misha\AppData\Local\Temp\ccq6zwHX.s 			page 26


 1245 00a3 01       		.uleb128 0x1
 1246 00a4 31       		.uleb128 0x31
 1247 00a5 13       		.uleb128 0x13
 1248 00a6 00       		.byte	0
 1249 00a7 00       		.byte	0
 1250 00a8 0C       		.uleb128 0xc
 1251 00a9 2E       		.uleb128 0x2e
 1252 00aa 01       		.byte	0x1
 1253 00ab 3F       		.uleb128 0x3f
 1254 00ac 19       		.uleb128 0x19
 1255 00ad 03       		.uleb128 0x3
 1256 00ae 0E       		.uleb128 0xe
 1257 00af 3A       		.uleb128 0x3a
 1258 00b0 0B       		.uleb128 0xb
 1259 00b1 3B       		.uleb128 0x3b
 1260 00b2 0B       		.uleb128 0xb
 1261 00b3 11       		.uleb128 0x11
 1262 00b4 01       		.uleb128 0x1
 1263 00b5 12       		.uleb128 0x12
 1264 00b6 06       		.uleb128 0x6
 1265 00b7 40       		.uleb128 0x40
 1266 00b8 18       		.uleb128 0x18
 1267 00b9 9742     		.uleb128 0x2117
 1268 00bb 19       		.uleb128 0x19
 1269 00bc 01       		.uleb128 0x1
 1270 00bd 13       		.uleb128 0x13
 1271 00be 00       		.byte	0
 1272 00bf 00       		.byte	0
 1273 00c0 0D       		.uleb128 0xd
 1274 00c1 0B       		.uleb128 0xb
 1275 00c2 01       		.byte	0x1
 1276 00c3 11       		.uleb128 0x11
 1277 00c4 01       		.uleb128 0x1
 1278 00c5 12       		.uleb128 0x12
 1279 00c6 06       		.uleb128 0x6
 1280 00c7 01       		.uleb128 0x1
 1281 00c8 13       		.uleb128 0x13
 1282 00c9 00       		.byte	0
 1283 00ca 00       		.byte	0
 1284 00cb 0E       		.uleb128 0xe
 1285 00cc 34       		.uleb128 0x34
 1286 00cd 00       		.byte	0
 1287 00ce 03       		.uleb128 0x3
 1288 00cf 08       		.uleb128 0x8
 1289 00d0 3A       		.uleb128 0x3a
 1290 00d1 0B       		.uleb128 0xb
 1291 00d2 3B       		.uleb128 0x3b
 1292 00d3 0B       		.uleb128 0xb
 1293 00d4 49       		.uleb128 0x49
 1294 00d5 13       		.uleb128 0x13
 1295 00d6 02       		.uleb128 0x2
 1296 00d7 17       		.uleb128 0x17
 1297 00d8 00       		.byte	0
 1298 00d9 00       		.byte	0
 1299 00da 0F       		.uleb128 0xf
 1300 00db 34       		.uleb128 0x34
 1301 00dc 00       		.byte	0
ARM GAS  C:\Users\Misha\AppData\Local\Temp\ccq6zwHX.s 			page 27


 1302 00dd 03       		.uleb128 0x3
 1303 00de 0E       		.uleb128 0xe
 1304 00df 3A       		.uleb128 0x3a
 1305 00e0 0B       		.uleb128 0xb
 1306 00e1 3B       		.uleb128 0x3b
 1307 00e2 05       		.uleb128 0x5
 1308 00e3 49       		.uleb128 0x49
 1309 00e4 13       		.uleb128 0x13
 1310 00e5 3F       		.uleb128 0x3f
 1311 00e6 19       		.uleb128 0x19
 1312 00e7 3C       		.uleb128 0x3c
 1313 00e8 19       		.uleb128 0x19
 1314 00e9 00       		.byte	0
 1315 00ea 00       		.byte	0
 1316 00eb 10       		.uleb128 0x10
 1317 00ec 35       		.uleb128 0x35
 1318 00ed 00       		.byte	0
 1319 00ee 49       		.uleb128 0x49
 1320 00ef 13       		.uleb128 0x13
 1321 00f0 00       		.byte	0
 1322 00f1 00       		.byte	0
 1323 00f2 11       		.uleb128 0x11
 1324 00f3 34       		.uleb128 0x34
 1325 00f4 00       		.byte	0
 1326 00f5 03       		.uleb128 0x3
 1327 00f6 0E       		.uleb128 0xe
 1328 00f7 3A       		.uleb128 0x3a
 1329 00f8 0B       		.uleb128 0xb
 1330 00f9 3B       		.uleb128 0x3b
 1331 00fa 0B       		.uleb128 0xb
 1332 00fb 49       		.uleb128 0x49
 1333 00fc 13       		.uleb128 0x13
 1334 00fd 3F       		.uleb128 0x3f
 1335 00fe 19       		.uleb128 0x19
 1336 00ff 02       		.uleb128 0x2
 1337 0100 18       		.uleb128 0x18
 1338 0101 00       		.byte	0
 1339 0102 00       		.byte	0
 1340 0103 12       		.uleb128 0x12
 1341 0104 01       		.uleb128 0x1
 1342 0105 01       		.byte	0x1
 1343 0106 49       		.uleb128 0x49
 1344 0107 13       		.uleb128 0x13
 1345 0108 01       		.uleb128 0x1
 1346 0109 13       		.uleb128 0x13
 1347 010a 00       		.byte	0
 1348 010b 00       		.byte	0
 1349 010c 13       		.uleb128 0x13
 1350 010d 21       		.uleb128 0x21
 1351 010e 00       		.byte	0
 1352 010f 49       		.uleb128 0x49
 1353 0110 13       		.uleb128 0x13
 1354 0111 2F       		.uleb128 0x2f
 1355 0112 0B       		.uleb128 0xb
 1356 0113 00       		.byte	0
 1357 0114 00       		.byte	0
 1358 0115 14       		.uleb128 0x14
ARM GAS  C:\Users\Misha\AppData\Local\Temp\ccq6zwHX.s 			page 28


 1359 0116 34       		.uleb128 0x34
 1360 0117 00       		.byte	0
 1361 0118 03       		.uleb128 0x3
 1362 0119 08       		.uleb128 0x8
 1363 011a 3A       		.uleb128 0x3a
 1364 011b 0B       		.uleb128 0xb
 1365 011c 3B       		.uleb128 0x3b
 1366 011d 0B       		.uleb128 0xb
 1367 011e 49       		.uleb128 0x49
 1368 011f 13       		.uleb128 0x13
 1369 0120 3F       		.uleb128 0x3f
 1370 0121 19       		.uleb128 0x19
 1371 0122 02       		.uleb128 0x2
 1372 0123 18       		.uleb128 0x18
 1373 0124 00       		.byte	0
 1374 0125 00       		.byte	0
 1375 0126 15       		.uleb128 0x15
 1376 0127 2E       		.uleb128 0x2e
 1377 0128 00       		.byte	0
 1378 0129 3F       		.uleb128 0x3f
 1379 012a 19       		.uleb128 0x19
 1380 012b 3C       		.uleb128 0x3c
 1381 012c 19       		.uleb128 0x19
 1382 012d 6E       		.uleb128 0x6e
 1383 012e 0E       		.uleb128 0xe
 1384 012f 03       		.uleb128 0x3
 1385 0130 0E       		.uleb128 0xe
 1386 0131 3A       		.uleb128 0x3a
 1387 0132 0B       		.uleb128 0xb
 1388 0133 3B       		.uleb128 0x3b
 1389 0134 0B       		.uleb128 0xb
 1390 0135 00       		.byte	0
 1391 0136 00       		.byte	0
 1392 0137 00       		.byte	0
 1393              		.section	.debug_loc,"",%progbits
 1394              	.Ldebug_loc0:
 1395              	.LLST0:
 1396 0000 00000000 		.4byte	.LVL6
 1397 0004 06000000 		.4byte	.LVL7
 1398 0008 0100     		.2byte	0x1
 1399 000a 50       		.byte	0x50
 1400 000b 06000000 		.4byte	.LVL7
 1401 000f A0000000 		.4byte	.LVL35
 1402 0013 0100     		.2byte	0x1
 1403 0015 54       		.byte	0x54
 1404 0016 A0000000 		.4byte	.LVL35
 1405 001a A8000000 		.4byte	.LFE65
 1406 001e 0400     		.2byte	0x4
 1407 0020 F3       		.byte	0xf3
 1408 0021 01       		.uleb128 0x1
 1409 0022 50       		.byte	0x50
 1410 0023 9F       		.byte	0x9f
 1411 0024 00000000 		.4byte	0
 1412 0028 00000000 		.4byte	0
 1413              	.LLST1:
 1414 002c 08000000 		.4byte	.LVL38
 1415 0030 0C000000 		.4byte	.LVL39
ARM GAS  C:\Users\Misha\AppData\Local\Temp\ccq6zwHX.s 			page 29


 1416 0034 0200     		.2byte	0x2
 1417 0036 30       		.byte	0x30
 1418 0037 9F       		.byte	0x9f
 1419 0038 0C000000 		.4byte	.LVL39
 1420 003c 3E000000 		.4byte	.LVL46
 1421 0040 0100     		.2byte	0x1
 1422 0042 54       		.byte	0x54
 1423 0043 00000000 		.4byte	0
 1424 0047 00000000 		.4byte	0
 1425              		.section	.debug_aranges,"",%progbits
 1426 0000 34000000 		.4byte	0x34
 1427 0004 0200     		.2byte	0x2
 1428 0006 00000000 		.4byte	.Ldebug_info0
 1429 000a 04       		.byte	0x4
 1430 000b 00       		.byte	0
 1431 000c 0000     		.2byte	0
 1432 000e 0000     		.2byte	0
 1433 0010 00000000 		.4byte	.LFB64
 1434 0014 48000000 		.4byte	.LFE64-.LFB64
 1435 0018 00000000 		.4byte	.LFB65
 1436 001c A8000000 		.4byte	.LFE65-.LFB65
 1437 0020 00000000 		.4byte	.LFB66
 1438 0024 2C000000 		.4byte	.LFE66-.LFB66
 1439 0028 00000000 		.4byte	.LFB67
 1440 002c 54000000 		.4byte	.LFE67-.LFB67
 1441 0030 00000000 		.4byte	0
 1442 0034 00000000 		.4byte	0
 1443              		.section	.debug_ranges,"",%progbits
 1444              	.Ldebug_ranges0:
 1445 0000 00000000 		.4byte	.LFB64
 1446 0004 48000000 		.4byte	.LFE64
 1447 0008 00000000 		.4byte	.LFB65
 1448 000c A8000000 		.4byte	.LFE65
 1449 0010 00000000 		.4byte	.LFB66
 1450 0014 2C000000 		.4byte	.LFE66
 1451 0018 00000000 		.4byte	.LFB67
 1452 001c 54000000 		.4byte	.LFE67
 1453 0020 00000000 		.4byte	0
 1454 0024 00000000 		.4byte	0
 1455              		.section	.debug_line,"",%progbits
 1456              	.Ldebug_line0:
 1457 0000 12030000 		.section	.debug_str,"MS",%progbits,1
 1457      02007202 
 1457      00000201 
 1457      FB0E0D00 
 1457      01010101 
 1458              	.LASF38:
 1459 0000 54696D65 		.ascii	"Timer_1_Start\000"
 1459      725F315F 
 1459      53746172 
 1459      7400
 1460              	.LASF32:
 1461 000e 626C6F63 		.ascii	"block_start\000"
 1461      6B5F7374 
 1461      61727400 
 1462              	.LASF9:
 1463 001a 5F5F696E 		.ascii	"__int32_t\000"
ARM GAS  C:\Users\Misha\AppData\Local\Temp\ccq6zwHX.s 			page 30


 1463      7433325F 
 1463      7400
 1464              	.LASF22:
 1465 0024 7075636B 		.ascii	"puck_rack_scans\000"
 1465      5F726163 
 1465      6B5F7363 
 1465      616E7300 
 1466              	.LASF28:
 1467 0034 756C7472 		.ascii	"ultrasonic_flag\000"
 1467      61736F6E 
 1467      69635F66 
 1467      6C616700 
 1468              	.LASF50:
 1469 0044 756C7472 		.ascii	"ultrasonic.c\000"
 1469      61736F6E 
 1469      69632E63 
 1469      00
 1470              	.LASF21:
 1471 0051 696E7465 		.ascii	"internal_orientation\000"
 1471      726E616C 
 1471      5F6F7269 
 1471      656E7461 
 1471      74696F6E 
 1472              	.LASF11:
 1473 0066 666C6F61 		.ascii	"float\000"
 1473      7400
 1474              	.LASF18:
 1475 006c 64697374 		.ascii	"distanceCheck\000"
 1475      616E6365 
 1475      43686563 
 1475      6B00
 1476              	.LASF49:
 1477 007a 474E5520 		.ascii	"GNU C11 5.4.1 20160609 (release) [ARM/embedded-5-br"
 1477      43313120 
 1477      352E342E 
 1477      31203230 
 1477      31363036 
 1478 00ad 616E6368 		.ascii	"anch revision 237715] -mcpu=cortex-m3 -mthumb -g -O"
 1478      20726576 
 1478      6973696F 
 1478      6E203233 
 1478      37373135 
 1479 00e0 67202D66 		.ascii	"g -ffunction-sections -ffat-lto-objects\000"
 1479      66756E63 
 1479      74696F6E 
 1479      2D736563 
 1479      74696F6E 
 1480              	.LASF5:
 1481 0108 6C6F6E67 		.ascii	"long unsigned int\000"
 1481      20756E73 
 1481      69676E65 
 1481      6420696E 
 1481      7400
 1482              	.LASF3:
 1483 011a 73686F72 		.ascii	"short unsigned int\000"
 1483      7420756E 
 1483      7369676E 
ARM GAS  C:\Users\Misha\AppData\Local\Temp\ccq6zwHX.s 			page 31


 1483      65642069 
 1483      6E7400
 1484              	.LASF20:
 1485 012d 49544D5F 		.ascii	"ITM_RxBuffer\000"
 1485      52784275 
 1485      66666572 
 1485      00
 1486              	.LASF1:
 1487 013a 756E7369 		.ascii	"unsigned char\000"
 1487      676E6564 
 1487      20636861 
 1487      7200
 1488              	.LASF31:
 1489 0148 756C7472 		.ascii	"ultrasonic_mux_control\000"
 1489      61736F6E 
 1489      69635F6D 
 1489      75785F63 
 1489      6F6E7472 
 1490              	.LASF12:
 1491 015f 646F7562 		.ascii	"double\000"
 1491      6C6500
 1492              	.LASF27:
 1493 0166 73656E73 		.ascii	"sensor_distances\000"
 1493      6F725F64 
 1493      69737461 
 1493      6E636573 
 1493      00
 1494              	.LASF24:
 1495 0177 626C6F63 		.ascii	"block_edge_location\000"
 1495      6B5F6564 
 1495      67655F6C 
 1495      6F636174 
 1495      696F6E00 
 1496              	.LASF39:
 1497 018b 54726967 		.ascii	"Trigger_1_Write\000"
 1497      6765725F 
 1497      315F5772 
 1497      69746500 
 1498              	.LASF40:
 1499 019b 43794465 		.ascii	"CyDelayUs\000"
 1499      6C617955 
 1499      7300
 1500              	.LASF51:
 1501 01a5 433A5C55 		.ascii	"C:\\Users\\Misha\\Documents\\PSoC Creator\\ECE3091_"
 1501      73657273 
 1501      5C4D6973 
 1501      68615C44 
 1501      6F63756D 
 1502 01d3 47726F75 		.ascii	"Group17\\Group17RobotReal\\Group17Robot.cydsn\000"
 1502      7031375C 
 1502      47726F75 
 1502      70313752 
 1502      6F626F74 
 1503              	.LASF25:
 1504 01ff 696E6974 		.ascii	"initialisation\000"
 1504      69616C69 
 1504      73617469 
ARM GAS  C:\Users\Misha\AppData\Local\Temp\ccq6zwHX.s 			page 32


 1504      6F6E00
 1505              	.LASF8:
 1506 020e 756E7369 		.ascii	"unsigned int\000"
 1506      676E6564 
 1506      20696E74 
 1506      00
 1507              	.LASF41:
 1508 021b 54726967 		.ascii	"Trigger_2_Write\000"
 1508      6765725F 
 1508      325F5772 
 1508      69746500 
 1509              	.LASF7:
 1510 022b 6C6F6E67 		.ascii	"long long unsigned int\000"
 1510      206C6F6E 
 1510      6720756E 
 1510      7369676E 
 1510      65642069 
 1511              	.LASF23:
 1512 0242 7075636B 		.ascii	"puck_rack_west_offsets\000"
 1512      5F726163 
 1512      6B5F7765 
 1512      73745F6F 
 1512      66667365 
 1513              	.LASF19:
 1514 0259 73616665 		.ascii	"safetyDistanceCheck\000"
 1514      74794469 
 1514      7374616E 
 1514      63654368 
 1514      65636B00 
 1515              	.LASF52:
 1516 026d 63757272 		.ascii	"current_sensor_index\000"
 1516      656E745F 
 1516      73656E73 
 1516      6F725F69 
 1516      6E646578 
 1517              	.LASF42:
 1518 0282 54726967 		.ascii	"Trigger_3_Write\000"
 1518      6765725F 
 1518      335F5772 
 1518      69746500 
 1519              	.LASF10:
 1520 0292 696E7433 		.ascii	"int32_t\000"
 1520      325F7400 
 1521              	.LASF15:
 1522 029a 73697A65 		.ascii	"sizetype\000"
 1522      74797065 
 1522      00
 1523              	.LASF6:
 1524 02a3 6C6F6E67 		.ascii	"long long int\000"
 1524      206C6F6E 
 1524      6720696E 
 1524      7400
 1525              	.LASF13:
 1526 02b1 63686172 		.ascii	"char\000"
 1526      00
 1527              	.LASF35:
 1528 02b6 54696D65 		.ascii	"Timer_1_ReadCounter\000"
ARM GAS  C:\Users\Misha\AppData\Local\Temp\ccq6zwHX.s 			page 33


 1528      725F315F 
 1528      52656164 
 1528      436F756E 
 1528      74657200 
 1529              	.LASF43:
 1530 02ca 54726967 		.ascii	"Trigger_4_Write\000"
 1530      6765725F 
 1530      345F5772 
 1530      69746500 
 1531              	.LASF29:
 1532 02da 636F756E 		.ascii	"count\000"
 1532      7400
 1533              	.LASF2:
 1534 02e0 73686F72 		.ascii	"short int\000"
 1534      7420696E 
 1534      7400
 1535              	.LASF26:
 1536 02ea 6F757470 		.ascii	"output\000"
 1536      757400
 1537              	.LASF30:
 1538 02f1 64697374 		.ascii	"distance_measured\000"
 1538      616E6365 
 1538      5F6D6561 
 1538      73757265 
 1538      6400
 1539              	.LASF33:
 1540 0303 7075636B 		.ascii	"puck_start\000"
 1540      5F737461 
 1540      727400
 1541              	.LASF34:
 1542 030e 54696D65 		.ascii	"Timer_1_ReadStatusRegister\000"
 1542      725F315F 
 1542      52656164 
 1542      53746174 
 1542      75735265 
 1543              	.LASF44:
 1544 0329 54726967 		.ascii	"Trigger_5_Write\000"
 1544      6765725F 
 1544      355F5772 
 1544      69746500 
 1545              	.LASF4:
 1546 0339 6C6F6E67 		.ascii	"long int\000"
 1546      20696E74 
 1546      00
 1547              	.LASF14:
 1548 0342 6C6F6E67 		.ascii	"long double\000"
 1548      20646F75 
 1548      626C6500 
 1549              	.LASF0:
 1550 034e 7369676E 		.ascii	"signed char\000"
 1550      65642063 
 1550      68617200 
 1551              	.LASF36:
 1552 035a 54696D65 		.ascii	"Timer_1_Stop\000"
 1552      725F315F 
 1552      53746F70 
 1552      00
ARM GAS  C:\Users\Misha\AppData\Local\Temp\ccq6zwHX.s 			page 34


 1553              	.LASF46:
 1554 0367 55415254 		.ascii	"UART_1_PutString\000"
 1554      5F315F50 
 1554      75745374 
 1554      72696E67 
 1554      00
 1555              	.LASF17:
 1556 0378 64697374 		.ascii	"distanceSensor\000"
 1556      616E6365 
 1556      53656E73 
 1556      6F7200
 1557              	.LASF45:
 1558 0387 54726967 		.ascii	"Trigger_6_Write\000"
 1558      6765725F 
 1558      365F5772 
 1558      69746500 
 1559              	.LASF48:
 1560 0397 73707269 		.ascii	"sprintf\000"
 1560      6E746600 
 1561              	.LASF47:
 1562 039f 43794465 		.ascii	"CyDelay\000"
 1562      6C617900 
 1563              	.LASF37:
 1564 03a7 556C7472 		.ascii	"Ultrasonic_Mux_Control_Write\000"
 1564      61736F6E 
 1564      69635F4D 
 1564      75785F43 
 1564      6F6E7472 
 1565              	.LASF16:
 1566 03c4 756C7472 		.ascii	"ultrasonicInterruptHandler\000"
 1566      61736F6E 
 1566      6963496E 
 1566      74657272 
 1566      75707448 
 1567              		.ident	"GCC: (GNU Tools for ARM Embedded Processors) 5.4.1 20160609 (release) [ARM/embedded-5-bran
