--------------- Clean Started: 10/21/2019 09:46:40 Project: Group17Robot, Configuration: ARM GCC 5.4-2016-q2-update Debug ---------------
Deleting file ".\CortexM3\ARM_GCC_541\Debug\main.o"
Deleting file ".\CortexM3\ARM_GCC_541\Debug\colour.o"
Deleting file ".\CortexM3\ARM_GCC_541\Debug\ultrasonic.o"
Deleting file ".\CortexM3\ARM_GCC_541\Debug\servo.o"
Deleting file ".\CortexM3\ARM_GCC_541\Debug\customMath.o"
Deleting file ".\CortexM3\ARM_GCC_541\Debug\navigation.o"
Deleting file ".\CortexM3\ARM_GCC_541\Debug\motor.o"
Deleting file ".\CortexM3\ARM_GCC_541\Debug\debugging.o"
Deleting file ".\CortexM3\ARM_GCC_541\Debug\cyfitter_cfg.o"
Deleting file ".\CortexM3\ARM_GCC_541\Debug\cymetadata.o"
Deleting file ".\CortexM3\ARM_GCC_541\Debug\TIA_1.o"
Deleting file ".\CortexM3\ARM_GCC_541\Debug\TIA_1_PM.o"
Deleting file ".\CortexM3\ARM_GCC_541\Debug\Cm3Start.o"
Deleting file ".\CortexM3\ARM_GCC_541\Debug\CyBootAsmGnu.o"
Deleting file ".\CortexM3\ARM_GCC_541\Debug\CyDmac.o"
Deleting file ".\CortexM3\ARM_GCC_541\Debug\CyFlash.o"
Deleting file ".\CortexM3\ARM_GCC_541\Debug\CyLib.o"
Deleting file ".\CortexM3\ARM_GCC_541\Debug\cyPm.o"
Deleting file ".\CortexM3\ARM_GCC_541\Debug\CySpc.o"
Deleting file ".\CortexM3\ARM_GCC_541\Debug\cyutils.o"
Deleting file ".\CortexM3\ARM_GCC_541\Debug\cy_em_eeprom.o"
Deleting file ".\CortexM3\ARM_GCC_541\Debug\UART_1.o"
Deleting file ".\CortexM3\ARM_GCC_541\Debug\UART_1_PM.o"
Deleting file ".\CortexM3\ARM_GCC_541\Debug\UART_1_INT.o"
Deleting file ".\CortexM3\ARM_GCC_541\Debug\UART_1_BOOT.o"
Deleting file ".\CortexM3\ARM_GCC_541\Debug\UART_1_IntClock.o"
Deleting file ".\CortexM3\ARM_GCC_541\Debug\ADC.o"
Deleting file ".\CortexM3\ARM_GCC_541\Debug\ADC_PM.o"
Deleting file ".\CortexM3\ARM_GCC_541\Debug\ADC_INT.o"
Deleting file ".\CortexM3\ARM_GCC_541\Debug\ADC_Ext_CP_Clk.o"
Deleting file ".\CortexM3\ARM_GCC_541\Debug\ADC_IRQ.o"
Deleting file ".\CortexM3\ARM_GCC_541\Debug\ADC_theACLK.o"
Deleting file ".\CortexM3\ARM_GCC_541\Debug\IDAC8_1.o"
Deleting file ".\CortexM3\ARM_GCC_541\Debug\IDAC8_1_PM.o"
Deleting file ".\CortexM3\ARM_GCC_541\Debug\LED_Blue.o"
Deleting file ".\CortexM3\ARM_GCC_541\Debug\LED_Red.o"
Deleting file ".\CortexM3\ARM_GCC_541\Debug\LED_Green.o"
Deleting file ".\CortexM3\ARM_GCC_541\Debug\RGB_Green.o"
Deleting file ".\CortexM3\ARM_GCC_541\Debug\RGB_Red.o"
Deleting file ".\CortexM3\ARM_GCC_541\Debug\RGB_Blue.o"
Deleting file ".\CortexM3\ARM_GCC_541\Debug\Photo_Diode_1.o"
Deleting file ".\CortexM3\ARM_GCC_541\Debug\Photo_Diode_2.o"
Deleting file ".\CortexM3\ARM_GCC_541\Debug\timer_clock.o"
Deleting file ".\CortexM3\ARM_GCC_541\Debug\Timer_1.o"
Deleting file ".\CortexM3\ARM_GCC_541\Debug\Timer_1_PM.o"
Deleting file ".\CortexM3\ARM_GCC_541\Debug\Trigger_1.o"
Deleting file ".\CortexM3\ARM_GCC_541\Debug\Echo_1.o"
Deleting file ".\CortexM3\ARM_GCC_541\Debug\Trigger_2.o"
Deleting file ".\CortexM3\ARM_GCC_541\Debug\Trigger_3.o"
Deleting file ".\CortexM3\ARM_GCC_541\Debug\Trigger_4.o"
Deleting file ".\CortexM3\ARM_GCC_541\Debug\Trigger_5.o"
Deleting file ".\CortexM3\ARM_GCC_541\Debug\Echo_2.o"
Deleting file ".\CortexM3\ARM_GCC_541\Debug\Echo_3.o"
Deleting file ".\CortexM3\ARM_GCC_541\Debug\Echo_4.o"
Deleting file ".\CortexM3\ARM_GCC_541\Debug\Echo_5.o"
Deleting file ".\CortexM3\ARM_GCC_541\Debug\Ultrasonic_Mux_Control.o"
Deleting file ".\CortexM3\ARM_GCC_541\Debug\Ultrasonic_Mux_Control_PM.o"
Deleting file ".\CortexM3\ARM_GCC_541\Debug\Gripper_Servo_PWM.o"
Deleting file ".\CortexM3\ARM_GCC_541\Debug\Gripper_Servo_PWM_PM.o"
Deleting file ".\CortexM3\ARM_GCC_541\Debug\Rack_Servo_PWM.o"
Deleting file ".\CortexM3\ARM_GCC_541\Debug\Rack_Servo_PWM_PM.o"
Deleting file ".\CortexM3\ARM_GCC_541\Debug\Gripper_Servo.o"
Deleting file ".\CortexM3\ARM_GCC_541\Debug\Rack_Servo.o"
Deleting file ".\CortexM3\ARM_GCC_541\Debug\Pin_Start.o"
Deleting file ".\CortexM3\ARM_GCC_541\Debug\control_led.o"
Deleting file ".\CortexM3\ARM_GCC_541\Debug\control_led_PM.o"
Deleting file ".\CortexM3\ARM_GCC_541\Debug\control_photodiode.o"
Deleting file ".\CortexM3\ARM_GCC_541\Debug\control_photodiode_PM.o"
Deleting file ".\CortexM3\ARM_GCC_541\Debug\Start.o"
Deleting file ".\CortexM3\ARM_GCC_541\Debug\Sonic.o"
Deleting file ".\CortexM3\ARM_GCC_541\Debug\Motor_Left_Decoder.o"
Deleting file ".\CortexM3\ARM_GCC_541\Debug\Motor_Left_Decoder_PM.o"
Deleting file ".\CortexM3\ARM_GCC_541\Debug\Motor_Right_Decoder.o"
Deleting file ".\CortexM3\ARM_GCC_541\Debug\Motor_Right_Decoder_PM.o"
Deleting file ".\CortexM3\ARM_GCC_541\Debug\Motor_Left_Phase_A.o"
Deleting file ".\CortexM3\ARM_GCC_541\Debug\Motor_Left_Phase_B.o"
Deleting file ".\CortexM3\ARM_GCC_541\Debug\Motor_Right_Phase_A.o"
Deleting file ".\CortexM3\ARM_GCC_541\Debug\Motor_Right_Phase_B.o"
Deleting file ".\CortexM3\ARM_GCC_541\Debug\Clock_5.o"
Deleting file ".\CortexM3\ARM_GCC_541\Debug\Motor_Left_Driver.o"
Deleting file ".\CortexM3\ARM_GCC_541\Debug\Motor_Left_Driver_PM.o"
Deleting file ".\CortexM3\ARM_GCC_541\Debug\Motor_Right_Driver.o"
Deleting file ".\CortexM3\ARM_GCC_541\Debug\Motor_Right_Driver_PM.o"
Deleting file ".\CortexM3\ARM_GCC_541\Debug\Motor_Left_Forward.o"
Deleting file ".\CortexM3\ARM_GCC_541\Debug\Motor_Left_Backward.o"
Deleting file ".\CortexM3\ARM_GCC_541\Debug\Motor_Right_Backward.o"
Deleting file ".\CortexM3\ARM_GCC_541\Debug\Motor_Right_Forward.o"
Deleting file ".\CortexM3\ARM_GCC_541\Debug\Clock_6.o"
Deleting file ".\CortexM3\ARM_GCC_541\Debug\Motor_Left_Control.o"
Deleting file ".\CortexM3\ARM_GCC_541\Debug\Motor_Left_Control_PM.o"
Deleting file ".\CortexM3\ARM_GCC_541\Debug\Motor_Right_Control.o"
Deleting file ".\CortexM3\ARM_GCC_541\Debug\Motor_Right_Control_PM.o"
Deleting file ".\CortexM3\ARM_GCC_541\Debug\Motor_Left_Decoder_Cnt16.o"
Deleting file ".\CortexM3\ARM_GCC_541\Debug\Motor_Left_Decoder_Cnt16_PM.o"
Deleting file ".\CortexM3\ARM_GCC_541\Debug\Motor_Right_Decoder_Cnt16.o"
Deleting file ".\CortexM3\ARM_GCC_541\Debug\Motor_Right_Decoder_Cnt16_PM.o"
Deleting file ".\CortexM3\ARM_GCC_541\Debug\Echo_6.o"
Deleting file ".\CortexM3\ARM_GCC_541\Debug\Trigger_6.o"
Deleting file ".\CortexM3\ARM_GCC_541\Debug\Group17Robot.hex"
Deleting file ".\CortexM3\ARM_GCC_541\Debug\Group17Robot.elf"
Deleting file ".\CortexM3\ARM_GCC_541\Debug\Group17Robot.map"
Deleting file ".\Group17Robot.cycdx"
Deleting file ".\Group17Robot.svd"
Deleting file ".\Group17Robot.rpt"
Deleting file ".\Group17Robot_timing.html"
Deleting file ".\CortexM3\ARM_GCC_541\Debug\.deps\SOURCE_C__ARM_GCC_GENERIC.P"
Deleting file ".\CortexM3\ARM_GCC_541\Debug\.deps\SOURCE_ASM__ARM_GCC_GENERIC.P"
--------------- Clean Succeeded: 10/21/2019 09:46:41 ---------------
